#-----------------------------------------------------------
# Vivado v2019.2 (64-bit)
# SW Build 2708876 on Wed Nov  6 21:40:23 MST 2019
# IP Build 2700528 on Thu Nov  7 00:09:20 MST 2019
# Start of session at: Mon Jun  3 12:34:43 2024
# Process ID: 13208
# Current directory: C:/Users/Half Blood Prince/Desktop/Multi-Cycle-MIPS-Basic-IO2
# Command line: vivado.exe -gui_launcher_event rodinguilauncherevent22072 C:\Users\Half Blood Prince\Desktop\Multi-Cycle-MIPS-Basic-IO2\Multi-Cycle-MIPS-Basic-IO.xpr
# Log file: C:/Users/Half Blood Prince/Desktop/Multi-Cycle-MIPS-Basic-IO2/vivado.log
# Journal file: C:/Users/Half Blood Prince/Desktop/Multi-Cycle-MIPS-Basic-IO2\vivado.jou
#-----------------------------------------------------------
start_gui
open_project {C:/Users/Half Blood Prince/Desktop/Multi-Cycle-MIPS-Basic-IO2/Multi-Cycle-MIPS-Basic-IO.xpr}
Scanning sources...
Finished scanning sources
INFO: [IP_Flow 19-234] Refreshing IP repositories
INFO: [IP_Flow 19-1704] No user IP repositories specified
INFO: [IP_Flow 19-2313] Loaded Vivado IP repository 'D:/Applications/Xilinx/Vivado/2019.2/data/ip'.
open_project: Time (s): cpu = 00:00:14 ; elapsed = 00:00:09 . Memory (MB): peak = 656.902 ; gain = 27.047
update_compile_order -fileset sources_1
set_property STEPS.SYNTH_DESIGN.TCL.PRE {} [get_runs synth_1]
set_property STEPS.INIT_DESIGN.TCL.PRE {} [get_runs impl_1]
set_property STEPS.INIT_DESIGN.TCL.POST {} [get_runs impl_1]
reset_run synth_1
launch_runs impl_1 -to_step write_bitstream -jobs 4
[Mon Jun  3 12:38:23 2024] Launched synth_1...
Run output will be captured here: C:/Users/Half Blood Prince/Desktop/Multi-Cycle-MIPS-Basic-IO2/Multi-Cycle-MIPS-Basic-IO.runs/synth_1/runme.log
[Mon Jun  3 12:38:23 2024] Launched impl_1...
Run output will be captured here: C:/Users/Half Blood Prince/Desktop/Multi-Cycle-MIPS-Basic-IO2/Multi-Cycle-MIPS-Basic-IO.runs/impl_1/runme.log
set_property {STEPS.SYNTH_DESIGN.ARGS.MORE OPTIONS} {} [get_runs synth_1]
reset_run synth_1
launch_runs impl_1 -to_step write_bitstream -jobs 4
[Mon Jun  3 12:40:26 2024] Launched synth_1...
Run output will be captured here: C:/Users/Half Blood Prince/Desktop/Multi-Cycle-MIPS-Basic-IO2/Multi-Cycle-MIPS-Basic-IO.runs/synth_1/runme.log
[Mon Jun  3 12:40:27 2024] Launched impl_1...
Run output will be captured here: C:/Users/Half Blood Prince/Desktop/Multi-Cycle-MIPS-Basic-IO2/Multi-Cycle-MIPS-Basic-IO.runs/impl_1/runme.log
WARNING: [filemgmt 56-199] Attempt to get parsing info during refresh. "On-the-fly" syntax checking information may be incorrect. [C:\Users\Half Blood Prince\Desktop\Multi-Cycle-MIPS-Basic-IO2\Multi-Cycle-MIPS-Basic-IO.srcs\sources_1\new\Top_IO_NEXYS_A7_100T.sv:]
WARNING: [filemgmt 56-199] Attempt to get parsing info during refresh. "On-the-fly" syntax checking information may be incorrect. [C:\Users\Half Blood Prince\Desktop\Multi-Cycle-MIPS-Basic-IO2\Multi-Cycle-MIPS-Basic-IO.srcs\sources_1\new\MemoryDecoder.sv:]
WARNING: [filemgmt 56-199] Attempt to get parsing info during refresh. "On-the-fly" syntax checking information may be incorrect. [C:\Users\Half Blood Prince\Desktop\Multi-Cycle-MIPS-Basic-IO2\Multi-Cycle-MIPS-Basic-IO.srcs\sources_1\new\MemoryDecoder_NEXYS_A7_100T.sv:]
WARNING: [filemgmt 56-199] Attempt to get parsing info during refresh. "On-the-fly" syntax checking information may be incorrect. [C:\Users\Half Blood Prince\Desktop\Multi-Cycle-MIPS-Basic-IO2\Multi-Cycle-MIPS-Basic-IO.srcs\sources_1\new\Top_IO.sv:]
WARNING: [filemgmt 56-199] Attempt to get parsing info during refresh. "On-the-fly" syntax checking information may be incorrect. [C:\Users\Half Blood Prince\Desktop\Multi-Cycle-MIPS-Basic-IO2\Multi-Cycle-MIPS-Basic-IO.srcs\sources_1\imports\Multi Cycle MIPS Processor.srcs\sources_1\new\MIPS.sv:]
WARNING: [filemgmt 56-199] Attempt to get parsing info during refresh. "On-the-fly" syntax checking information may be incorrect. [C:\Users\Half Blood Prince\Desktop\Multi-Cycle-MIPS-Basic-IO2\Multi-Cycle-MIPS-Basic-IO.srcs\sources_1\new\Top_IO_NEXYS_A7_100T.sv:]
WARNING: [filemgmt 56-199] Attempt to get parsing info during refresh. "On-the-fly" syntax checking information may be incorrect. [C:\Users\Half Blood Prince\Desktop\Multi-Cycle-MIPS-Basic-IO2\Multi-Cycle-MIPS-Basic-IO.srcs\sources_1\new\MemoryDecoder.sv:]
WARNING: [filemgmt 56-199] Attempt to get parsing info during refresh. "On-the-fly" syntax checking information may be incorrect. [C:\Users\Half Blood Prince\Desktop\Multi-Cycle-MIPS-Basic-IO2\Multi-Cycle-MIPS-Basic-IO.srcs\sources_1\new\MemoryDecoder_NEXYS_A7_100T.sv:]
WARNING: [filemgmt 56-199] Attempt to get parsing info during refresh. "On-the-fly" syntax checking information may be incorrect. [C:\Users\Half Blood Prince\Desktop\Multi-Cycle-MIPS-Basic-IO2\Multi-Cycle-MIPS-Basic-IO.srcs\sources_1\new\Top_IO.sv:]
WARNING: [filemgmt 56-199] Attempt to get parsing info during refresh. "On-the-fly" syntax checking information may be incorrect. [C:\Users\Half Blood Prince\Desktop\Multi-Cycle-MIPS-Basic-IO2\Multi-Cycle-MIPS-Basic-IO.srcs\sources_1\imports\Multi Cycle MIPS Processor.srcs\sources_1\new\MIPS.sv:]
WARNING: [filemgmt 56-199] Attempt to get parsing info during refresh. "On-the-fly" syntax checking information may be incorrect. [C:\Users\Half Blood Prince\Desktop\Multi-Cycle-MIPS-Basic-IO2\Multi-Cycle-MIPS-Basic-IO.srcs\sources_1\new\Top_IO_NEXYS_A7_100T.sv:]
WARNING: [filemgmt 56-199] Attempt to get parsing info during refresh. "On-the-fly" syntax checking information may be incorrect. [C:\Users\Half Blood Prince\Desktop\Multi-Cycle-MIPS-Basic-IO2\Multi-Cycle-MIPS-Basic-IO.srcs\sources_1\new\MemoryDecoder.sv:]
WARNING: [filemgmt 56-199] Attempt to get parsing info during refresh. "On-the-fly" syntax checking information may be incorrect. [C:\Users\Half Blood Prince\Desktop\Multi-Cycle-MIPS-Basic-IO2\Multi-Cycle-MIPS-Basic-IO.srcs\sources_1\new\MemoryDecoder_NEXYS_A7_100T.sv:]
WARNING: [filemgmt 56-199] Attempt to get parsing info during refresh. "On-the-fly" syntax checking information may be incorrect. [C:\Users\Half Blood Prince\Desktop\Multi-Cycle-MIPS-Basic-IO2\Multi-Cycle-MIPS-Basic-IO.srcs\sources_1\new\Top_IO.sv:]
WARNING: [filemgmt 56-199] Attempt to get parsing info during refresh. "On-the-fly" syntax checking information may be incorrect. [C:\Users\Half Blood Prince\Desktop\Multi-Cycle-MIPS-Basic-IO2\Multi-Cycle-MIPS-Basic-IO.srcs\sources_1\imports\Multi Cycle MIPS Processor.srcs\sources_1\new\MIPS.sv:]
WARNING: [filemgmt 56-199] Attempt to get parsing info during refresh. "On-the-fly" syntax checking information may be incorrect. [C:\Users\Half Blood Prince\Desktop\Multi-Cycle-MIPS-Basic-IO2\Multi-Cycle-MIPS-Basic-IO.srcs\sources_1\new\Top_IO_NEXYS_A7_100T.sv:]
WARNING: [filemgmt 56-199] Attempt to get parsing info during refresh. "On-the-fly" syntax checking information may be incorrect. [C:\Users\Half Blood Prince\Desktop\Multi-Cycle-MIPS-Basic-IO2\Multi-Cycle-MIPS-Basic-IO.srcs\sources_1\new\MemoryDecoder.sv:]
WARNING: [filemgmt 56-199] Attempt to get parsing info during refresh. "On-the-fly" syntax checking information may be incorrect. [C:\Users\Half Blood Prince\Desktop\Multi-Cycle-MIPS-Basic-IO2\Multi-Cycle-MIPS-Basic-IO.srcs\sources_1\new\MemoryDecoder_NEXYS_A7_100T.sv:]
WARNING: [filemgmt 56-199] Attempt to get parsing info during refresh. "On-the-fly" syntax checking information may be incorrect. [C:\Users\Half Blood Prince\Desktop\Multi-Cycle-MIPS-Basic-IO2\Multi-Cycle-MIPS-Basic-IO.srcs\sources_1\new\Top_IO.sv:]
WARNING: [filemgmt 56-199] Attempt to get parsing info during refresh. "On-the-fly" syntax checking information may be incorrect. [C:\Users\Half Blood Prince\Desktop\Multi-Cycle-MIPS-Basic-IO2\Multi-Cycle-MIPS-Basic-IO.srcs\sources_1\imports\Multi Cycle MIPS Processor.srcs\sources_1\new\MIPS.sv:]
ERROR: [Common 17-180] Spawn failed: No error
set_property {STEPS.WRITE_BITSTREAM.ARGS.MORE OPTIONS} {} [get_runs impl_1]
reset_run impl_1 -prev_step 
launch_runs impl_1 -to_step write_bitstream -jobs 4
[Mon Jun  3 12:44:11 2024] Launched impl_1...
Run output will be captured here: C:/Users/Half Blood Prince/Desktop/Multi-Cycle-MIPS-Basic-IO2/Multi-Cycle-MIPS-Basic-IO.runs/impl_1/runme.log
open_hw_manager
connect_hw_server -allow_non_jtag
INFO: [Labtools 27-2285] Connecting to hw_server url TCP:localhost:3121
INFO: [Labtools 27-2222] Launching hw_server...
INFO: [Labtools 27-2221] Launch Output:

****** Xilinx hw_server v2019.2
  **** Build date : Nov  6 2019 at 22:12:23
    ** Copyright 1986-2019 Xilinx, Inc. All Rights Reserved.


INFO: [Labtools 27-3415] Connecting to cs_server url TCP:localhost:3042
INFO: [Labtools 27-3417] Launching cs_server...
INFO: [Labtools 27-2221] Launch Output:


****** Xilinx cs_server v2019.2.0
  **** Build date : Nov 07 2019-13:28:22
    ** Copyright 2017-2019 Xilinx, Inc. All Rights Reserved.



connect_hw_server: Time (s): cpu = 00:00:00 ; elapsed = 00:00:09 . Memory (MB): peak = 3507.762 ; gain = 0.000
open_hw_target
INFO: [Labtoolstcl 44-466] Opening hw_target localhost:3121/xilinx_tcf/Digilent/210292ABF435A
open_hw_target: Time (s): cpu = 00:00:06 ; elapsed = 00:00:07 . Memory (MB): peak = 4341.637 ; gain = 833.875
set_property PROGRAM.FILE {C:/Users/Half Blood Prince/Desktop/Multi-Cycle-MIPS-Basic-IO2/Multi-Cycle-MIPS-Basic-IO.runs/impl_1/Top_IO_NEXYS_A7_100T.bit} [get_hw_devices xc7a100t_0]
current_hw_device [get_hw_devices xc7a100t_0]
refresh_hw_device -update_hw_probes false [lindex [get_hw_devices xc7a100t_0] 0]
INFO: [Labtools 27-1434] Device xc7a100t (JTAG device index = 0) is programmed with a design that has no supported debug core(s) in it.
set_property PROBES.FILE {} [get_hw_devices xc7a100t_0]
set_property FULL_PROBES.FILE {} [get_hw_devices xc7a100t_0]
set_property PROGRAM.FILE {C:/Users/Half Blood Prince/Desktop/Multi-Cycle-MIPS-Basic-IO2/Multi-Cycle-MIPS-Basic-IO.runs/impl_1/Top_IO_NEXYS_A7_100T.bit} [get_hw_devices xc7a100t_0]
program_hw_devices [get_hw_devices xc7a100t_0]
INFO: [Labtools 27-3164] End of startup status: HIGH
refresh_hw_device [lindex [get_hw_devices xc7a100t_0] 0]
INFO: [Labtools 27-1434] Device xc7a100t (JTAG device index = 0) is programmed with a design that has no supported debug core(s) in it.
ERROR: [Labtoolstcl 44-513] HW Target shutdown. Closing target: localhost:3121/xilinx_tcf/Digilent/210292ABF435A
exit
INFO: [Common 17-206] Exiting Vivado at Mon Jun  3 13:13:56 2024...
