#-----------------------------------------------------------
# Vivado v2019.2 (64-bit)
# SW Build 2708876 on Wed Nov  6 21:40:23 MST 2019
# IP Build 2700528 on Thu Nov  7 00:09:20 MST 2019
# Start of session at: Mon Jun  3 19:18:40 2024
# Process ID: 22348
# Current directory: C:/Users/Half Blood Prince/Desktop/Multi-Cycle-MIPS-Basic-IO2
# Command line: vivado.exe -gui_launcher_event rodinguilauncherevent10896 C:\Users\Half Blood Prince\Desktop\Multi-Cycle-MIPS-Basic-IO2\Multi-Cycle-MIPS-Basic-IO.xpr
# Log file: C:/Users/Half Blood Prince/Desktop/Multi-Cycle-MIPS-Basic-IO2/vivado.log
# Journal file: C:/Users/Half Blood Prince/Desktop/Multi-Cycle-MIPS-Basic-IO2\vivado.jou
#-----------------------------------------------------------
start_gui
open_project {C:/Users/Half Blood Prince/Desktop/Multi-Cycle-MIPS-Basic-IO2/Multi-Cycle-MIPS-Basic-IO.xpr}
Scanning sources...
Finished scanning sources
INFO: [IP_Flow 19-234] Refreshing IP repositories
INFO: [IP_Flow 19-1704] No user IP repositories specified
INFO: [IP_Flow 19-2313] Loaded Vivado IP repository 'D:/Applications/Xilinx/Vivado/2019.2/data/ip'.
open_project: Time (s): cpu = 00:00:07 ; elapsed = 00:00:05 . Memory (MB): peak = 754.816 ; gain = 126.855
update_compile_order -fileset sources_1
set_property top TestBench [get_filesets sim_1]
set_property top_lib xil_defaultlib [get_filesets sim_1]
update_compile_order -fileset sim_1
launch_simulation
Command: launch_simulation 
INFO: [Vivado 12-5682] Launching behavioral simulation in 'C:/Users/Half Blood Prince/Desktop/Multi-Cycle-MIPS-Basic-IO2/Multi-Cycle-MIPS-Basic-IO.sim/sim_1/behav/xsim'
INFO: [SIM-utils-51] Simulation object is 'sim_1'
INFO: [SIM-utils-54] Inspecting design source files for 'TestBench' in fileset 'sim_1'...
INFO: [SIM-utils-43] Exported 'C:/Users/Half Blood Prince/Desktop/Multi-Cycle-MIPS-Basic-IO2/Multi-Cycle-MIPS-Basic-IO.sim/sim_1/behav/xsim/TestIO.dat'
INFO: [SIM-utils-43] Exported 'C:/Users/Half Blood Prince/Desktop/Multi-Cycle-MIPS-Basic-IO2/Multi-Cycle-MIPS-Basic-IO.sim/sim_1/behav/xsim/TestIO_00.dat'
INFO: [SIM-utils-43] Exported 'C:/Users/Half Blood Prince/Desktop/Multi-Cycle-MIPS-Basic-IO2/Multi-Cycle-MIPS-Basic-IO.sim/sim_1/behav/xsim/ProgramFile1.dat'
INFO: [SIM-utils-43] Exported 'C:/Users/Half Blood Prince/Desktop/Multi-Cycle-MIPS-Basic-IO2/Multi-Cycle-MIPS-Basic-IO.sim/sim_1/behav/xsim/ProgramFile2.dat'
INFO: [SIM-utils-43] Exported 'C:/Users/Half Blood Prince/Desktop/Multi-Cycle-MIPS-Basic-IO2/Multi-Cycle-MIPS-Basic-IO.sim/sim_1/behav/xsim/ProgramFile1.dat'
INFO: [SIM-utils-43] Exported 'C:/Users/Half Blood Prince/Desktop/Multi-Cycle-MIPS-Basic-IO2/Multi-Cycle-MIPS-Basic-IO.sim/sim_1/behav/xsim/ProgramFile2.dat'
INFO: [USF-XSim-97] Finding global include files...
INFO: [USF-XSim-98] Fetching design files from 'sim_1'...
INFO: [USF-XSim-2] XSim::Compile design
INFO: [USF-XSim-61] Executing 'COMPILE and ANALYZE' step in 'C:/Users/Half Blood Prince/Desktop/Multi-Cycle-MIPS-Basic-IO2/Multi-Cycle-MIPS-Basic-IO.sim/sim_1/behav/xsim'
"xvlog --incr --relax -prj TestBench_vlog.prj"
INFO: [VRFC 10-2263] Analyzing SystemVerilog file "C:/Users/Half Blood Prince/Desktop/Multi-Cycle-MIPS-Basic-IO2/Multi-Cycle-MIPS-Basic-IO.srcs/sources_1/imports/Multi Cycle MIPS Processor.srcs/sources_1/new/ALU.sv" into library xil_defaultlib
INFO: [VRFC 10-311] analyzing module ALU
INFO: [VRFC 10-2458] undeclared symbol Add_Overflow, assumed default net type wire [C:/Users/Half Blood Prince/Desktop/Multi-Cycle-MIPS-Basic-IO2/Multi-Cycle-MIPS-Basic-IO.srcs/sources_1/imports/Multi Cycle MIPS Processor.srcs/sources_1/new/ALU.sv:13]
INFO: [VRFC 10-2458] undeclared symbol Add_Sign, assumed default net type wire [C:/Users/Half Blood Prince/Desktop/Multi-Cycle-MIPS-Basic-IO2/Multi-Cycle-MIPS-Basic-IO.srcs/sources_1/imports/Multi Cycle MIPS Processor.srcs/sources_1/new/ALU.sv:13]
INFO: [VRFC 10-2458] undeclared symbol Add_Carry, assumed default net type wire [C:/Users/Half Blood Prince/Desktop/Multi-Cycle-MIPS-Basic-IO2/Multi-Cycle-MIPS-Basic-IO.srcs/sources_1/imports/Multi Cycle MIPS Processor.srcs/sources_1/new/ALU.sv:13]
INFO: [VRFC 10-2263] Analyzing SystemVerilog file "C:/Users/Half Blood Prince/Desktop/Multi-Cycle-MIPS-Basic-IO2/Multi-Cycle-MIPS-Basic-IO.srcs/sources_1/imports/Multi Cycle MIPS Processor.srcs/sources_1/new/ALUcontrol.sv" into library xil_defaultlib
INFO: [VRFC 10-311] analyzing module ALUcontrol
INFO: [VRFC 10-2263] Analyzing SystemVerilog file "C:/Users/Half Blood Prince/Desktop/Multi-Cycle-MIPS-Basic-IO2/Multi-Cycle-MIPS-Basic-IO.srcs/sources_1/imports/new/CLA32.sv" into library xil_defaultlib
INFO: [VRFC 10-311] analyzing module CLA32
INFO: [VRFC 10-2263] Analyzing SystemVerilog file "C:/Users/Half Blood Prince/Desktop/Multi-Cycle-MIPS-Basic-IO2/Multi-Cycle-MIPS-Basic-IO.srcs/sources_1/imports/new/CLA4.sv" into library xil_defaultlib
INFO: [VRFC 10-311] analyzing module CLA4
INFO: [VRFC 10-2263] Analyzing SystemVerilog file "C:/Users/Half Blood Prince/Desktop/Multi-Cycle-MIPS-Basic-IO2/Multi-Cycle-MIPS-Basic-IO.srcs/sources_1/imports/new/CLA4_Marked.sv" into library xil_defaultlib
INFO: [VRFC 10-311] analyzing module CLA4_Marked
INFO: [VRFC 10-2263] Analyzing SystemVerilog file "C:/Users/Half Blood Prince/Desktop/Multi-Cycle-MIPS-Basic-IO2/Multi-Cycle-MIPS-Basic-IO.srcs/sources_1/imports/Multi Cycle MIPS Processor.srcs/sources_1/new/DataPath.sv" into library xil_defaultlib
INFO: [VRFC 10-311] analyzing module DataPath
INFO: [VRFC 10-2263] Analyzing SystemVerilog file "C:/Users/Half Blood Prince/Desktop/Multi-Cycle-MIPS-Basic-IO2/Multi-Cycle-MIPS-Basic-IO.srcs/sources_1/imports/Multi Cycle MIPS Processor.srcs/sources_1/new/DataRegister.sv" into library xil_defaultlib
INFO: [VRFC 10-311] analyzing module DataRegister
INFO: [VRFC 10-2263] Analyzing SystemVerilog file "C:/Users/Half Blood Prince/Desktop/Multi-Cycle-MIPS-Basic-IO2/Multi-Cycle-MIPS-Basic-IO.srcs/sources_1/imports/Multi Cycle MIPS Processor.srcs/sources_1/new/Decoder.sv" into library xil_defaultlib
INFO: [VRFC 10-311] analyzing module Decoder
INFO: [VRFC 10-2263] Analyzing SystemVerilog file "C:/Users/Half Blood Prince/Desktop/Multi-Cycle-MIPS-Basic-IO2/Multi-Cycle-MIPS-Basic-IO.srcs/sources_1/imports/Multi Cycle MIPS Processor.srcs/sources_1/new/Extender.sv" into library xil_defaultlib
INFO: [VRFC 10-311] analyzing module Extender
INFO: [VRFC 10-2263] Analyzing SystemVerilog file "C:/Users/Half Blood Prince/Desktop/Multi-Cycle-MIPS-Basic-IO2/Multi-Cycle-MIPS-Basic-IO.srcs/sources_1/imports/Multi Cycle MIPS Processor.srcs/sources_1/new/InstructionRegister.sv" into library xil_defaultlib
INFO: [VRFC 10-311] analyzing module InstructionRegister
INFO: [VRFC 10-2263] Analyzing SystemVerilog file "C:/Users/Half Blood Prince/Desktop/Multi-Cycle-MIPS-Basic-IO2/Multi-Cycle-MIPS-Basic-IO.srcs/sources_1/imports/Multi Cycle MIPS Processor.srcs/sources_1/new/MIPS.sv" into library xil_defaultlib
INFO: [VRFC 10-311] analyzing module MIPS
INFO: [VRFC 10-2263] Analyzing SystemVerilog file "C:/Users/Half Blood Prince/Desktop/Multi-Cycle-MIPS-Basic-IO2/Multi-Cycle-MIPS-Basic-IO.srcs/sources_1/imports/Multi Cycle MIPS Processor.srcs/sources_1/new/MUX2X1.sv" into library xil_defaultlib
INFO: [VRFC 10-311] analyzing module MUX2X1
INFO: [VRFC 10-2263] Analyzing SystemVerilog file "C:/Users/Half Blood Prince/Desktop/Multi-Cycle-MIPS-Basic-IO2/Multi-Cycle-MIPS-Basic-IO.srcs/sources_1/imports/Multi Cycle MIPS Processor.srcs/sources_1/new/MUX2X32.sv" into library xil_defaultlib
INFO: [VRFC 10-311] analyzing module MUX2X32
INFO: [VRFC 10-2263] Analyzing SystemVerilog file "C:/Users/Half Blood Prince/Desktop/Multi-Cycle-MIPS-Basic-IO2/Multi-Cycle-MIPS-Basic-IO.srcs/sources_1/imports/Multi Cycle MIPS Processor.srcs/sources_1/new/MUX2X5.sv" into library xil_defaultlib
INFO: [VRFC 10-311] analyzing module MUX2X5
INFO: [VRFC 10-2263] Analyzing SystemVerilog file "C:/Users/Half Blood Prince/Desktop/Multi-Cycle-MIPS-Basic-IO2/Multi-Cycle-MIPS-Basic-IO.srcs/sources_1/imports/Multi Cycle MIPS Processor.srcs/sources_1/new/MUX2X6.sv" into library xil_defaultlib
INFO: [VRFC 10-311] analyzing module MUX2X6
INFO: [VRFC 10-2263] Analyzing SystemVerilog file "C:/Users/Half Blood Prince/Desktop/Multi-Cycle-MIPS-Basic-IO2/Multi-Cycle-MIPS-Basic-IO.srcs/sources_1/new/MUX3X32_Data.sv" into library xil_defaultlib
INFO: [VRFC 10-311] analyzing module MUX3X32_Data
INFO: [VRFC 10-2263] Analyzing SystemVerilog file "C:/Users/Half Blood Prince/Desktop/Multi-Cycle-MIPS-Basic-IO2/Multi-Cycle-MIPS-Basic-IO.srcs/sources_1/new/MUX4X32_Data.sv" into library xil_defaultlib
INFO: [VRFC 10-311] analyzing module MUX4X32_Data
INFO: [VRFC 10-2263] Analyzing SystemVerilog file "C:/Users/Half Blood Prince/Desktop/Multi-Cycle-MIPS-Basic-IO2/Multi-Cycle-MIPS-Basic-IO.srcs/sources_1/new/MUX4X32_PC.sv" into library xil_defaultlib
INFO: [VRFC 10-311] analyzing module MUX4X32_PC
INFO: [VRFC 10-2263] Analyzing SystemVerilog file "C:/Users/Half Blood Prince/Desktop/Multi-Cycle-MIPS-Basic-IO2/Multi-Cycle-MIPS-Basic-IO.srcs/sources_1/imports/Multi Cycle MIPS Processor.srcs/sources_1/new/MUX6X32.sv" into library xil_defaultlib
INFO: [VRFC 10-311] analyzing module MUX6X32
INFO: [VRFC 10-2263] Analyzing SystemVerilog file "C:/Users/Half Blood Prince/Desktop/Multi-Cycle-MIPS-Basic-IO2/Multi-Cycle-MIPS-Basic-IO.srcs/sources_1/imports/Multi Cycle MIPS Processor.srcs/sources_1/new/Memory.sv" into library xil_defaultlib
INFO: [VRFC 10-311] analyzing module Memory
INFO: [VRFC 10-2263] Analyzing SystemVerilog file "C:/Users/Half Blood Prince/Desktop/Multi-Cycle-MIPS-Basic-IO2/Multi-Cycle-MIPS-Basic-IO.srcs/sources_1/imports/Multi Cycle MIPS Processor.srcs/sources_1/new/ProgramCounter.sv" into library xil_defaultlib
INFO: [VRFC 10-311] analyzing module ProgramCounter
INFO: [VRFC 10-2263] Analyzing SystemVerilog file "C:/Users/Half Blood Prince/Desktop/Multi-Cycle-MIPS-Basic-IO2/Multi-Cycle-MIPS-Basic-IO.srcs/sources_1/imports/Multi Cycle MIPS Processor.srcs/sources_1/new/RegisterFile.sv" into library xil_defaultlib
INFO: [VRFC 10-311] analyzing module RegisterFile
INFO: [VRFC 10-2263] Analyzing SystemVerilog file "C:/Users/Half Blood Prince/Desktop/Multi-Cycle-MIPS-Basic-IO2/Multi-Cycle-MIPS-Basic-IO.srcs/sources_1/imports/Multi Cycle MIPS Processor.srcs/sources_1/new/Shifter.sv" into library xil_defaultlib
INFO: [VRFC 10-311] analyzing module Shifter
INFO: [VRFC 10-2263] Analyzing SystemVerilog file "C:/Users/Half Blood Prince/Desktop/Multi-Cycle-MIPS-Basic-IO2/Multi-Cycle-MIPS-Basic-IO.srcs/sources_1/imports/Multi Cycle MIPS Processor.srcs/sources_1/new/Top.sv" into library xil_defaultlib
INFO: [VRFC 10-311] analyzing module Top
INFO: [VRFC 10-2263] Analyzing SystemVerilog file "C:/Users/Half Blood Prince/Desktop/Multi-Cycle-MIPS-Basic-IO2/Multi-Cycle-MIPS-Basic-IO.srcs/sim_1/new/TestBench.sv" into library xil_defaultlib
INFO: [VRFC 10-311] analyzing module TestBench
INFO: [USF-XSim-69] 'compile' step finished in '4' seconds
INFO: [USF-XSim-3] XSim::Elaborate design
INFO: [USF-XSim-61] Executing 'ELABORATE' step in 'C:/Users/Half Blood Prince/Desktop/Multi-Cycle-MIPS-Basic-IO2/Multi-Cycle-MIPS-Basic-IO.sim/sim_1/behav/xsim'
"xelab -wto caae246dfcdc4a1daf81e3e04cb1552d --incr --debug typical --relax --mt 2 -L xil_defaultlib -L unisims_ver -L unimacro_ver -L secureip --snapshot TestBench_behav xil_defaultlib.TestBench xil_defaultlib.glbl -log elaborate.log"
Vivado Simulator 2019.2
Copyright 1986-1999, 2001-2019 Xilinx, Inc. All Rights Reserved.
Running: D:/Applications/Xilinx/Vivado/2019.2/bin/unwrapped/win64.o/xelab.exe -wto caae246dfcdc4a1daf81e3e04cb1552d --incr --debug typical --relax --mt 2 -L xil_defaultlib -L unisims_ver -L unimacro_ver -L secureip --snapshot TestBench_behav xil_defaultlib.TestBench xil_defaultlib.glbl -log elaborate.log 
Using 2 slave threads.
Starting static elaboration
Pass Through NonSizing Optimizer
Completed static elaboration
Starting simulation data flow analysis
Completed simulation data flow analysis
Time Resolution for simulation is 1ps
Compiling module xil_defaultlib.MUX2X6
Compiling module xil_defaultlib.Decoder
Compiling module xil_defaultlib.InstructionRegister
Compiling module xil_defaultlib.DataRegister
Compiling module xil_defaultlib.MUX2X32
Compiling module xil_defaultlib.Extender
Compiling module xil_defaultlib.ProgramCounter
Compiling module xil_defaultlib.MUX4X32_PC
Compiling module xil_defaultlib.MUX2X5
Compiling module xil_defaultlib.RegisterFile
Compiling module xil_defaultlib.MUX3X32_Data
Compiling module xil_defaultlib.MUX4X32_Data
Compiling module xil_defaultlib.ALUcontrol
Compiling module xil_defaultlib.CLA4
Compiling module xil_defaultlib.CLA4_Marked
Compiling module xil_defaultlib.CLA32
Compiling module xil_defaultlib.MUX2X1
Compiling module xil_defaultlib.Shifter
Compiling module xil_defaultlib.MUX6X32
Compiling module xil_defaultlib.ALU
Compiling module xil_defaultlib.DataPath
Compiling module xil_defaultlib.MIPS
Compiling module xil_defaultlib.Memory
Compiling module xil_defaultlib.Top
Compiling module xil_defaultlib.TestBench
Compiling module xil_defaultlib.glbl
Built simulation snapshot TestBench_behav
INFO: [USF-XSim-69] 'elaborate' step finished in '2' seconds
INFO: [USF-XSim-4] XSim::Simulate design
INFO: [USF-XSim-61] Executing 'SIMULATE' step in 'C:/Users/Half Blood Prince/Desktop/Multi-Cycle-MIPS-Basic-IO2/Multi-Cycle-MIPS-Basic-IO.sim/sim_1/behav/xsim'
INFO: [USF-XSim-98] *** Running xsim
   with args "TestBench_behav -key {Behavioral:sim_1:Functional:TestBench} -tclbatch {TestBench.tcl} -log {simulate.log}"
INFO: [USF-XSim-8] Loading simulator feature
Vivado Simulator 2019.2
Time resolution is 1 ps
source TestBench.tcl
# set curr_wave [current_wave_config]
# if { [string length $curr_wave] == 0 } {
#   if { [llength [get_objects]] > 0} {
#     add_wave /
#     set_property needs_save false [current_wave_config]
#   } else {
#      send_msg_id Add_Wave-1 WARNING "No top level signals found. Simulator will start without a wave window. If you want to open a wave window go to 'File->New Waveform Configuration' or type 'create_wave_config' in the TCL console."
#   }
# }
# run 100000ns
Simulation succeeded
$stop called at time : 935 ns : File "C:/Users/Half Blood Prince/Desktop/Multi-Cycle-MIPS-Basic-IO2/Multi-Cycle-MIPS-Basic-IO.srcs/sim_1/new/TestBench.sv" Line 25
INFO: [USF-XSim-96] XSim completed. Design snapshot 'TestBench_behav' loaded.
INFO: [USF-XSim-97] XSim simulation ran for 100000ns
launch_simulation: Time (s): cpu = 00:00:04 ; elapsed = 00:00:10 . Memory (MB): peak = 830.754 ; gain = 0.000
export_ip_user_files -of_objects  [get_files {{C:/Users/Half Blood Prince/Desktop/Multi-Cycle-MIPS-Basic-IO2/Multi-Cycle-MIPS-Basic-IO.srcs/sources_1/new/MIPS_IO.sv}}] -no_script -reset -force -quiet
remove_files  {{C:/Users/Half Blood Prince/Desktop/Multi-Cycle-MIPS-Basic-IO2/Multi-Cycle-MIPS-Basic-IO.srcs/sources_1/new/MIPS_IO.sv}}
file delete -force {C:/Users/Half Blood Prince/Desktop/Multi-Cycle-MIPS-Basic-IO2/Multi-Cycle-MIPS-Basic-IO.srcs/sources_1/new/MIPS_IO.sv}
update_compile_order -fileset sources_1
export_ip_user_files -of_objects  [get_files {{C:/Users/Half Blood Prince/Desktop/Multi-Cycle-MIPS-Basic-IO2/Multi-Cycle-MIPS-Basic-IO.srcs/sources_1/new/MIPS_NEXYS_A7_100T.sv}}] -no_script -reset -force -quiet
remove_files  {{C:/Users/Half Blood Prince/Desktop/Multi-Cycle-MIPS-Basic-IO2/Multi-Cycle-MIPS-Basic-IO.srcs/sources_1/new/MIPS_NEXYS_A7_100T.sv}}
file delete -force {C:/Users/Half Blood Prince/Desktop/Multi-Cycle-MIPS-Basic-IO2/Multi-Cycle-MIPS-Basic-IO.srcs/sources_1/new/MIPS_NEXYS_A7_100T.sv}
export_ip_user_files -of_objects  [get_files {{C:/Users/Half Blood Prince/Desktop/Multi-Cycle-MIPS-Basic-IO2/Multi-Cycle-MIPS-Basic-IO.srcs/sources_1/new/DataPath_NEXYS_A7_100T.sv}}] -no_script -reset -force -quiet
remove_files  {{C:/Users/Half Blood Prince/Desktop/Multi-Cycle-MIPS-Basic-IO2/Multi-Cycle-MIPS-Basic-IO.srcs/sources_1/new/DataPath_NEXYS_A7_100T.sv}}
file delete -force {C:/Users/Half Blood Prince/Desktop/Multi-Cycle-MIPS-Basic-IO2/Multi-Cycle-MIPS-Basic-IO.srcs/sources_1/new/DataPath_NEXYS_A7_100T.sv}
export_ip_user_files -of_objects  [get_files {{C:/Users/Half Blood Prince/Desktop/Multi-Cycle-MIPS-Basic-IO2/Multi-Cycle-MIPS-Basic-IO.srcs/sources_1/new/Decoder_NEXYS_A7_100T.sv}}] -no_script -reset -force -quiet
remove_files  {{C:/Users/Half Blood Prince/Desktop/Multi-Cycle-MIPS-Basic-IO2/Multi-Cycle-MIPS-Basic-IO.srcs/sources_1/new/Decoder_NEXYS_A7_100T.sv}}
file delete -force {C:/Users/Half Blood Prince/Desktop/Multi-Cycle-MIPS-Basic-IO2/Multi-Cycle-MIPS-Basic-IO.srcs/sources_1/new/Decoder_NEXYS_A7_100T.sv}
export_ip_user_files -of_objects  [get_files {{C:/Users/Half Blood Prince/Desktop/Multi-Cycle-MIPS-Basic-IO2/Multi-Cycle-MIPS-Basic-IO.srcs/sources_1/imports/Desktop/TestIO_00.dat}}] -no_script -reset -force -quiet
remove_files  {{C:/Users/Half Blood Prince/Desktop/Multi-Cycle-MIPS-Basic-IO2/Multi-Cycle-MIPS-Basic-IO.srcs/sources_1/imports/Desktop/TestIO_00.dat}}
file delete -force {C:/Users/Half Blood Prince/Desktop/Multi-Cycle-MIPS-Basic-IO2/Multi-Cycle-MIPS-Basic-IO.srcs/sources_1/imports/Desktop/TestIO_00.dat}
export_ip_user_files -of_objects  [get_files {{C:/Users/Half Blood Prince/Desktop/Multi-Cycle-MIPS-Basic-IO2/Multi-Cycle-MIPS-Basic-IO.srcs/sources_1/new/ProgramCounter_NEXYS_A7_100T.sv}}] -no_script -reset -force -quiet
remove_files  {{C:/Users/Half Blood Prince/Desktop/Multi-Cycle-MIPS-Basic-IO2/Multi-Cycle-MIPS-Basic-IO.srcs/sources_1/new/ProgramCounter_NEXYS_A7_100T.sv}}
file delete -force {C:/Users/Half Blood Prince/Desktop/Multi-Cycle-MIPS-Basic-IO2/Multi-Cycle-MIPS-Basic-IO.srcs/sources_1/new/ProgramCounter_NEXYS_A7_100T.sv}
update_compile_order -fileset sources_1
export_ip_user_files -of_objects  [get_files {{C:/Users/Half Blood Prince/Desktop/Multi-Cycle-MIPS-Basic-IO2/Multi-Cycle-MIPS-Basic-IO.srcs/sources_1/new/Memory_NEXYS_A7_100T.sv}}] -no_script -reset -force -quiet
remove_files  {{C:/Users/Half Blood Prince/Desktop/Multi-Cycle-MIPS-Basic-IO2/Multi-Cycle-MIPS-Basic-IO.srcs/sources_1/new/Memory_NEXYS_A7_100T.sv}}
file delete -force {C:/Users/Half Blood Prince/Desktop/Multi-Cycle-MIPS-Basic-IO2/Multi-Cycle-MIPS-Basic-IO.srcs/sources_1/new/Memory_NEXYS_A7_100T.sv}
set_property top TestBench_IO [get_filesets sim_1]
set_property top_lib xil_defaultlib [get_filesets sim_1]
close_sim
INFO: [Simtcl 6-16] Simulation closed
update_compile_order -fileset sim_1
launch_simulation
Command: launch_simulation 
INFO: [Vivado 12-5682] Launching behavioral simulation in 'C:/Users/Half Blood Prince/Desktop/Multi-Cycle-MIPS-Basic-IO2/Multi-Cycle-MIPS-Basic-IO.sim/sim_1/behav/xsim'
INFO: [SIM-utils-51] Simulation object is 'sim_1'
INFO: [SIM-utils-54] Inspecting design source files for 'TestBench_IO' in fileset 'sim_1'...
INFO: [SIM-utils-43] Exported 'C:/Users/Half Blood Prince/Desktop/Multi-Cycle-MIPS-Basic-IO2/Multi-Cycle-MIPS-Basic-IO.sim/sim_1/behav/xsim/TestIO.dat'
INFO: [SIM-utils-43] Exported 'C:/Users/Half Blood Prince/Desktop/Multi-Cycle-MIPS-Basic-IO2/Multi-Cycle-MIPS-Basic-IO.sim/sim_1/behav/xsim/ProgramFile1.dat'
INFO: [SIM-utils-43] Exported 'C:/Users/Half Blood Prince/Desktop/Multi-Cycle-MIPS-Basic-IO2/Multi-Cycle-MIPS-Basic-IO.sim/sim_1/behav/xsim/ProgramFile2.dat'
INFO: [SIM-utils-43] Exported 'C:/Users/Half Blood Prince/Desktop/Multi-Cycle-MIPS-Basic-IO2/Multi-Cycle-MIPS-Basic-IO.sim/sim_1/behav/xsim/ProgramFile1.dat'
INFO: [SIM-utils-43] Exported 'C:/Users/Half Blood Prince/Desktop/Multi-Cycle-MIPS-Basic-IO2/Multi-Cycle-MIPS-Basic-IO.sim/sim_1/behav/xsim/ProgramFile2.dat'
INFO: [USF-XSim-97] Finding global include files...
INFO: [USF-XSim-98] Fetching design files from 'sim_1'...
INFO: [USF-XSim-2] XSim::Compile design
INFO: [USF-XSim-61] Executing 'COMPILE and ANALYZE' step in 'C:/Users/Half Blood Prince/Desktop/Multi-Cycle-MIPS-Basic-IO2/Multi-Cycle-MIPS-Basic-IO.sim/sim_1/behav/xsim'
"xvlog --incr --relax -prj TestBench_IO_vlog.prj"
INFO: [VRFC 10-2263] Analyzing SystemVerilog file "C:/Users/Half Blood Prince/Desktop/Multi-Cycle-MIPS-Basic-IO2/Multi-Cycle-MIPS-Basic-IO.srcs/sources_1/imports/Multi Cycle MIPS Processor.srcs/sources_1/new/ALU.sv" into library xil_defaultlib
INFO: [VRFC 10-311] analyzing module ALU
INFO: [VRFC 10-2458] undeclared symbol Add_Overflow, assumed default net type wire [C:/Users/Half Blood Prince/Desktop/Multi-Cycle-MIPS-Basic-IO2/Multi-Cycle-MIPS-Basic-IO.srcs/sources_1/imports/Multi Cycle MIPS Processor.srcs/sources_1/new/ALU.sv:13]
INFO: [VRFC 10-2458] undeclared symbol Add_Sign, assumed default net type wire [C:/Users/Half Blood Prince/Desktop/Multi-Cycle-MIPS-Basic-IO2/Multi-Cycle-MIPS-Basic-IO.srcs/sources_1/imports/Multi Cycle MIPS Processor.srcs/sources_1/new/ALU.sv:13]
INFO: [VRFC 10-2458] undeclared symbol Add_Carry, assumed default net type wire [C:/Users/Half Blood Prince/Desktop/Multi-Cycle-MIPS-Basic-IO2/Multi-Cycle-MIPS-Basic-IO.srcs/sources_1/imports/Multi Cycle MIPS Processor.srcs/sources_1/new/ALU.sv:13]
INFO: [VRFC 10-2263] Analyzing SystemVerilog file "C:/Users/Half Blood Prince/Desktop/Multi-Cycle-MIPS-Basic-IO2/Multi-Cycle-MIPS-Basic-IO.srcs/sources_1/imports/Multi Cycle MIPS Processor.srcs/sources_1/new/ALUcontrol.sv" into library xil_defaultlib
INFO: [VRFC 10-311] analyzing module ALUcontrol
INFO: [VRFC 10-2263] Analyzing SystemVerilog file "C:/Users/Half Blood Prince/Desktop/Multi-Cycle-MIPS-Basic-IO2/Multi-Cycle-MIPS-Basic-IO.srcs/sources_1/imports/new/CLA32.sv" into library xil_defaultlib
INFO: [VRFC 10-311] analyzing module CLA32
INFO: [VRFC 10-2263] Analyzing SystemVerilog file "C:/Users/Half Blood Prince/Desktop/Multi-Cycle-MIPS-Basic-IO2/Multi-Cycle-MIPS-Basic-IO.srcs/sources_1/imports/new/CLA4.sv" into library xil_defaultlib
INFO: [VRFC 10-311] analyzing module CLA4
INFO: [VRFC 10-2263] Analyzing SystemVerilog file "C:/Users/Half Blood Prince/Desktop/Multi-Cycle-MIPS-Basic-IO2/Multi-Cycle-MIPS-Basic-IO.srcs/sources_1/imports/new/CLA4_Marked.sv" into library xil_defaultlib
INFO: [VRFC 10-311] analyzing module CLA4_Marked
INFO: [VRFC 10-2263] Analyzing SystemVerilog file "C:/Users/Half Blood Prince/Desktop/Multi-Cycle-MIPS-Basic-IO2/Multi-Cycle-MIPS-Basic-IO.srcs/sources_1/imports/Multi Cycle MIPS Processor.srcs/sources_1/new/DataPath.sv" into library xil_defaultlib
INFO: [VRFC 10-311] analyzing module DataPath
INFO: [VRFC 10-2263] Analyzing SystemVerilog file "C:/Users/Half Blood Prince/Desktop/Multi-Cycle-MIPS-Basic-IO2/Multi-Cycle-MIPS-Basic-IO.srcs/sources_1/imports/Multi Cycle MIPS Processor.srcs/sources_1/new/DataRegister.sv" into library xil_defaultlib
INFO: [VRFC 10-311] analyzing module DataRegister
INFO: [VRFC 10-2263] Analyzing SystemVerilog file "C:/Users/Half Blood Prince/Desktop/Multi-Cycle-MIPS-Basic-IO2/Multi-Cycle-MIPS-Basic-IO.srcs/sources_1/imports/Multi Cycle MIPS Processor.srcs/sources_1/new/Decoder.sv" into library xil_defaultlib
INFO: [VRFC 10-311] analyzing module Decoder
INFO: [VRFC 10-2263] Analyzing SystemVerilog file "C:/Users/Half Blood Prince/Desktop/Multi-Cycle-MIPS-Basic-IO2/Multi-Cycle-MIPS-Basic-IO.srcs/sources_1/imports/Multi Cycle MIPS Processor.srcs/sources_1/new/Extender.sv" into library xil_defaultlib
INFO: [VRFC 10-311] analyzing module Extender
INFO: [VRFC 10-2263] Analyzing SystemVerilog file "C:/Users/Half Blood Prince/Desktop/Multi-Cycle-MIPS-Basic-IO2/Multi-Cycle-MIPS-Basic-IO.srcs/sources_1/imports/sources_1/imports/new/IO.sv" into library xil_defaultlib
INFO: [VRFC 10-311] analyzing module IO
INFO: [VRFC 10-2263] Analyzing SystemVerilog file "C:/Users/Half Blood Prince/Desktop/Multi-Cycle-MIPS-Basic-IO2/Multi-Cycle-MIPS-Basic-IO.srcs/sources_1/imports/Multi Cycle MIPS Processor.srcs/sources_1/new/InstructionRegister.sv" into library xil_defaultlib
INFO: [VRFC 10-311] analyzing module InstructionRegister
INFO: [VRFC 10-2263] Analyzing SystemVerilog file "C:/Users/Half Blood Prince/Desktop/Multi-Cycle-MIPS-Basic-IO2/Multi-Cycle-MIPS-Basic-IO.srcs/sources_1/imports/Multi Cycle MIPS Processor.srcs/sources_1/new/MIPS.sv" into library xil_defaultlib
INFO: [VRFC 10-311] analyzing module MIPS
INFO: [VRFC 10-2263] Analyzing SystemVerilog file "C:/Users/Half Blood Prince/Desktop/Multi-Cycle-MIPS-Basic-IO2/Multi-Cycle-MIPS-Basic-IO.srcs/sources_1/imports/Multi Cycle MIPS Processor.srcs/sources_1/new/MUX2X1.sv" into library xil_defaultlib
INFO: [VRFC 10-311] analyzing module MUX2X1
INFO: [VRFC 10-2263] Analyzing SystemVerilog file "C:/Users/Half Blood Prince/Desktop/Multi-Cycle-MIPS-Basic-IO2/Multi-Cycle-MIPS-Basic-IO.srcs/sources_1/imports/Multi Cycle MIPS Processor.srcs/sources_1/new/MUX2X32.sv" into library xil_defaultlib
INFO: [VRFC 10-311] analyzing module MUX2X32
INFO: [VRFC 10-2263] Analyzing SystemVerilog file "C:/Users/Half Blood Prince/Desktop/Multi-Cycle-MIPS-Basic-IO2/Multi-Cycle-MIPS-Basic-IO.srcs/sources_1/imports/Multi Cycle MIPS Processor.srcs/sources_1/new/MUX2X5.sv" into library xil_defaultlib
INFO: [VRFC 10-311] analyzing module MUX2X5
INFO: [VRFC 10-2263] Analyzing SystemVerilog file "C:/Users/Half Blood Prince/Desktop/Multi-Cycle-MIPS-Basic-IO2/Multi-Cycle-MIPS-Basic-IO.srcs/sources_1/imports/Multi Cycle MIPS Processor.srcs/sources_1/new/MUX2X6.sv" into library xil_defaultlib
INFO: [VRFC 10-311] analyzing module MUX2X6
INFO: [VRFC 10-2263] Analyzing SystemVerilog file "C:/Users/Half Blood Prince/Desktop/Multi-Cycle-MIPS-Basic-IO2/Multi-Cycle-MIPS-Basic-IO.srcs/sources_1/new/MUX3X32_Data.sv" into library xil_defaultlib
INFO: [VRFC 10-311] analyzing module MUX3X32_Data
INFO: [VRFC 10-2263] Analyzing SystemVerilog file "C:/Users/Half Blood Prince/Desktop/Multi-Cycle-MIPS-Basic-IO2/Multi-Cycle-MIPS-Basic-IO.srcs/sources_1/new/MUX4X32_Data.sv" into library xil_defaultlib
INFO: [VRFC 10-311] analyzing module MUX4X32_Data
INFO: [VRFC 10-2263] Analyzing SystemVerilog file "C:/Users/Half Blood Prince/Desktop/Multi-Cycle-MIPS-Basic-IO2/Multi-Cycle-MIPS-Basic-IO.srcs/sources_1/new/MUX4X32_PC.sv" into library xil_defaultlib
INFO: [VRFC 10-311] analyzing module MUX4X32_PC
INFO: [VRFC 10-2263] Analyzing SystemVerilog file "C:/Users/Half Blood Prince/Desktop/Multi-Cycle-MIPS-Basic-IO2/Multi-Cycle-MIPS-Basic-IO.srcs/sources_1/imports/Multi Cycle MIPS Processor.srcs/sources_1/new/MUX6X32.sv" into library xil_defaultlib
INFO: [VRFC 10-311] analyzing module MUX6X32
INFO: [VRFC 10-2263] Analyzing SystemVerilog file "C:/Users/Half Blood Prince/Desktop/Multi-Cycle-MIPS-Basic-IO2/Multi-Cycle-MIPS-Basic-IO.srcs/sources_1/imports/sources_1/imports/new/MUX7SEG.sv" into library xil_defaultlib
INFO: [VRFC 10-311] analyzing module MUX7SEG
INFO: [VRFC 10-2263] Analyzing SystemVerilog file "C:/Users/Half Blood Prince/Desktop/Multi-Cycle-MIPS-Basic-IO2/Multi-Cycle-MIPS-Basic-IO.srcs/sources_1/new/MemoryDecoder.sv" into library xil_defaultlib
INFO: [VRFC 10-311] analyzing module MemoryDecoder
INFO: [VRFC 10-2263] Analyzing SystemVerilog file "C:/Users/Half Blood Prince/Desktop/Multi-Cycle-MIPS-Basic-IO2/Multi-Cycle-MIPS-Basic-IO.srcs/sources_1/new/Memory_IO.sv" into library xil_defaultlib
INFO: [VRFC 10-311] analyzing module Memory_IO
INFO: [VRFC 10-2263] Analyzing SystemVerilog file "C:/Users/Half Blood Prince/Desktop/Multi-Cycle-MIPS-Basic-IO2/Multi-Cycle-MIPS-Basic-IO.srcs/sources_1/imports/Multi Cycle MIPS Processor.srcs/sources_1/new/ProgramCounter.sv" into library xil_defaultlib
INFO: [VRFC 10-311] analyzing module ProgramCounter
INFO: [VRFC 10-2263] Analyzing SystemVerilog file "C:/Users/Half Blood Prince/Desktop/Multi-Cycle-MIPS-Basic-IO2/Multi-Cycle-MIPS-Basic-IO.srcs/sources_1/imports/Multi Cycle MIPS Processor.srcs/sources_1/new/RegisterFile.sv" into library xil_defaultlib
INFO: [VRFC 10-311] analyzing module RegisterFile
INFO: [VRFC 10-2263] Analyzing SystemVerilog file "C:/Users/Half Blood Prince/Desktop/Multi-Cycle-MIPS-Basic-IO2/Multi-Cycle-MIPS-Basic-IO.srcs/sources_1/imports/Multi Cycle MIPS Processor.srcs/sources_1/new/Shifter.sv" into library xil_defaultlib
INFO: [VRFC 10-311] analyzing module Shifter
INFO: [VRFC 10-2263] Analyzing SystemVerilog file "C:/Users/Half Blood Prince/Desktop/Multi-Cycle-MIPS-Basic-IO2/Multi-Cycle-MIPS-Basic-IO.srcs/sources_1/new/Top_IO.sv" into library xil_defaultlib
INFO: [VRFC 10-311] analyzing module Top_IO
INFO: [VRFC 10-2263] Analyzing SystemVerilog file "C:/Users/Half Blood Prince/Desktop/Multi-Cycle-MIPS-Basic-IO2/Multi-Cycle-MIPS-Basic-IO.srcs/sim_1/new/TestBench_IO.sv" into library xil_defaultlib
INFO: [VRFC 10-311] analyzing module TestBench_IO
run_program: Time (s): cpu = 00:00:00 ; elapsed = 00:00:05 . Memory (MB): peak = 830.754 ; gain = 0.000
INFO: [USF-XSim-69] 'compile' step finished in '5' seconds
INFO: [USF-XSim-3] XSim::Elaborate design
INFO: [USF-XSim-61] Executing 'ELABORATE' step in 'C:/Users/Half Blood Prince/Desktop/Multi-Cycle-MIPS-Basic-IO2/Multi-Cycle-MIPS-Basic-IO.sim/sim_1/behav/xsim'
"xelab -wto caae246dfcdc4a1daf81e3e04cb1552d --incr --debug typical --relax --mt 2 -L xil_defaultlib -L unisims_ver -L unimacro_ver -L secureip --snapshot TestBench_IO_behav xil_defaultlib.TestBench_IO xil_defaultlib.glbl -log elaborate.log"
Vivado Simulator 2019.2
Copyright 1986-1999, 2001-2019 Xilinx, Inc. All Rights Reserved.
Running: D:/Applications/Xilinx/Vivado/2019.2/bin/unwrapped/win64.o/xelab.exe -wto caae246dfcdc4a1daf81e3e04cb1552d --incr --debug typical --relax --mt 2 -L xil_defaultlib -L unisims_ver -L unimacro_ver -L secureip --snapshot TestBench_IO_behav xil_defaultlib.TestBench_IO xil_defaultlib.glbl -log elaborate.log 
Using 2 slave threads.
Starting static elaboration
Pass Through NonSizing Optimizer
Completed static elaboration
Starting simulation data flow analysis
Completed simulation data flow analysis
Time Resolution for simulation is 1ps
Compiling package xil_defaultlib.$unit_ALU_sv
Compiling module xil_defaultlib.MUX2X6
Compiling module xil_defaultlib.Decoder
Compiling module xil_defaultlib.InstructionRegister
Compiling module xil_defaultlib.DataRegister
Compiling module xil_defaultlib.MUX2X32
Compiling module xil_defaultlib.Extender
Compiling module xil_defaultlib.ProgramCounter
Compiling module xil_defaultlib.MUX4X32_PC
Compiling module xil_defaultlib.MUX2X5
Compiling module xil_defaultlib.RegisterFile
Compiling module xil_defaultlib.MUX3X32_Data
Compiling module xil_defaultlib.MUX4X32_Data
Compiling module xil_defaultlib.ALUcontrol
Compiling module xil_defaultlib.CLA4
Compiling module xil_defaultlib.CLA4_Marked
Compiling module xil_defaultlib.CLA32
Compiling module xil_defaultlib.MUX2X1
Compiling module xil_defaultlib.Shifter
Compiling module xil_defaultlib.MUX6X32
Compiling module xil_defaultlib.ALU
Compiling module xil_defaultlib.DataPath
Compiling module xil_defaultlib.MIPS
Compiling module xil_defaultlib.Memory_IO
Compiling module xil_defaultlib.IO
Compiling module xil_defaultlib.MUX7SEG
Compiling module xil_defaultlib.MemoryDecoder
Compiling module xil_defaultlib.Top_IO
Compiling module xil_defaultlib.TestBench_IO
Compiling module xil_defaultlib.glbl
Built simulation snapshot TestBench_IO_behav
INFO: [USF-XSim-69] 'elaborate' step finished in '2' seconds
INFO: [USF-XSim-4] XSim::Simulate design
INFO: [USF-XSim-61] Executing 'SIMULATE' step in 'C:/Users/Half Blood Prince/Desktop/Multi-Cycle-MIPS-Basic-IO2/Multi-Cycle-MIPS-Basic-IO.sim/sim_1/behav/xsim'
INFO: [USF-XSim-98] *** Running xsim
   with args "TestBench_IO_behav -key {Behavioral:sim_1:Functional:TestBench_IO} -tclbatch {TestBench_IO.tcl} -log {simulate.log}"
INFO: [USF-XSim-8] Loading simulator feature
Vivado Simulator 2019.2
Time resolution is 1 ps
source TestBench_IO.tcl
# set curr_wave [current_wave_config]
# if { [string length $curr_wave] == 0 } {
#   if { [llength [get_objects]] > 0} {
#     add_wave /
#     set_property needs_save false [current_wave_config]
#   } else {
#      send_msg_id Add_Wave-1 WARNING "No top level signals found. Simulator will start without a wave window. If you want to open a wave window go to 'File->New Waveform Configuration' or type 'create_wave_config' in the TCL console."
#   }
# }
# run 100000ns
INFO: [USF-XSim-96] XSim completed. Design snapshot 'TestBench_IO_behav' loaded.
INFO: [USF-XSim-97] XSim simulation ran for 100000ns
launch_simulation: Time (s): cpu = 00:00:02 ; elapsed = 00:00:11 . Memory (MB): peak = 830.754 ; gain = 0.000
close_sim
INFO: [Simtcl 6-16] Simulation closed
set_property top TestBench_IO_NEXYS_A7_100T [get_filesets sim_1]
set_property top_lib xil_defaultlib [get_filesets sim_1]
update_compile_order -fileset sim_1
launch_simulation
Command: launch_simulation 
INFO: [Vivado 12-5682] Launching behavioral simulation in 'C:/Users/Half Blood Prince/Desktop/Multi-Cycle-MIPS-Basic-IO2/Multi-Cycle-MIPS-Basic-IO.sim/sim_1/behav/xsim'
INFO: [SIM-utils-51] Simulation object is 'sim_1'
INFO: [SIM-utils-54] Inspecting design source files for 'TestBench_IO_NEXYS_A7_100T' in fileset 'sim_1'...
INFO: [SIM-utils-43] Exported 'C:/Users/Half Blood Prince/Desktop/Multi-Cycle-MIPS-Basic-IO2/Multi-Cycle-MIPS-Basic-IO.sim/sim_1/behav/xsim/TestIO.dat'
INFO: [SIM-utils-43] Exported 'C:/Users/Half Blood Prince/Desktop/Multi-Cycle-MIPS-Basic-IO2/Multi-Cycle-MIPS-Basic-IO.sim/sim_1/behav/xsim/ProgramFile1.dat'
INFO: [SIM-utils-43] Exported 'C:/Users/Half Blood Prince/Desktop/Multi-Cycle-MIPS-Basic-IO2/Multi-Cycle-MIPS-Basic-IO.sim/sim_1/behav/xsim/ProgramFile2.dat'
INFO: [SIM-utils-43] Exported 'C:/Users/Half Blood Prince/Desktop/Multi-Cycle-MIPS-Basic-IO2/Multi-Cycle-MIPS-Basic-IO.sim/sim_1/behav/xsim/ProgramFile1.dat'
INFO: [SIM-utils-43] Exported 'C:/Users/Half Blood Prince/Desktop/Multi-Cycle-MIPS-Basic-IO2/Multi-Cycle-MIPS-Basic-IO.sim/sim_1/behav/xsim/ProgramFile2.dat'
INFO: [USF-XSim-97] Finding global include files...
INFO: [USF-XSim-98] Fetching design files from 'sim_1'...
INFO: [USF-XSim-2] XSim::Compile design
INFO: [USF-XSim-61] Executing 'COMPILE and ANALYZE' step in 'C:/Users/Half Blood Prince/Desktop/Multi-Cycle-MIPS-Basic-IO2/Multi-Cycle-MIPS-Basic-IO.sim/sim_1/behav/xsim'
"xvlog --incr --relax -prj TestBench_IO_NEXYS_A7_100T_vlog.prj"
INFO: [VRFC 10-2263] Analyzing SystemVerilog file "C:/Users/Half Blood Prince/Desktop/Multi-Cycle-MIPS-Basic-IO2/Multi-Cycle-MIPS-Basic-IO.srcs/sources_1/imports/Multi Cycle MIPS Processor.srcs/sources_1/new/ALU.sv" into library xil_defaultlib
INFO: [VRFC 10-311] analyzing module ALU
INFO: [VRFC 10-2458] undeclared symbol Add_Overflow, assumed default net type wire [C:/Users/Half Blood Prince/Desktop/Multi-Cycle-MIPS-Basic-IO2/Multi-Cycle-MIPS-Basic-IO.srcs/sources_1/imports/Multi Cycle MIPS Processor.srcs/sources_1/new/ALU.sv:13]
INFO: [VRFC 10-2458] undeclared symbol Add_Sign, assumed default net type wire [C:/Users/Half Blood Prince/Desktop/Multi-Cycle-MIPS-Basic-IO2/Multi-Cycle-MIPS-Basic-IO.srcs/sources_1/imports/Multi Cycle MIPS Processor.srcs/sources_1/new/ALU.sv:13]
INFO: [VRFC 10-2458] undeclared symbol Add_Carry, assumed default net type wire [C:/Users/Half Blood Prince/Desktop/Multi-Cycle-MIPS-Basic-IO2/Multi-Cycle-MIPS-Basic-IO.srcs/sources_1/imports/Multi Cycle MIPS Processor.srcs/sources_1/new/ALU.sv:13]
INFO: [VRFC 10-2263] Analyzing SystemVerilog file "C:/Users/Half Blood Prince/Desktop/Multi-Cycle-MIPS-Basic-IO2/Multi-Cycle-MIPS-Basic-IO.srcs/sources_1/imports/Multi Cycle MIPS Processor.srcs/sources_1/new/ALUcontrol.sv" into library xil_defaultlib
INFO: [VRFC 10-311] analyzing module ALUcontrol
INFO: [VRFC 10-2263] Analyzing SystemVerilog file "C:/Users/Half Blood Prince/Desktop/Multi-Cycle-MIPS-Basic-IO2/Multi-Cycle-MIPS-Basic-IO.srcs/sources_1/imports/new/CLA32.sv" into library xil_defaultlib
INFO: [VRFC 10-311] analyzing module CLA32
INFO: [VRFC 10-2263] Analyzing SystemVerilog file "C:/Users/Half Blood Prince/Desktop/Multi-Cycle-MIPS-Basic-IO2/Multi-Cycle-MIPS-Basic-IO.srcs/sources_1/imports/new/CLA4.sv" into library xil_defaultlib
INFO: [VRFC 10-311] analyzing module CLA4
INFO: [VRFC 10-2263] Analyzing SystemVerilog file "C:/Users/Half Blood Prince/Desktop/Multi-Cycle-MIPS-Basic-IO2/Multi-Cycle-MIPS-Basic-IO.srcs/sources_1/imports/new/CLA4_Marked.sv" into library xil_defaultlib
INFO: [VRFC 10-311] analyzing module CLA4_Marked
INFO: [VRFC 10-2263] Analyzing SystemVerilog file "C:/Users/Half Blood Prince/Desktop/Multi-Cycle-MIPS-Basic-IO2/Multi-Cycle-MIPS-Basic-IO.srcs/sources_1/imports/sources_1/new/CLK_DIV.sv" into library xil_defaultlib
INFO: [VRFC 10-311] analyzing module CLK_div
INFO: [VRFC 10-2263] Analyzing SystemVerilog file "C:/Users/Half Blood Prince/Desktop/Multi-Cycle-MIPS-Basic-IO2/Multi-Cycle-MIPS-Basic-IO.srcs/sources_1/imports/Multi Cycle MIPS Processor.srcs/sources_1/new/DataPath.sv" into library xil_defaultlib
INFO: [VRFC 10-311] analyzing module DataPath
INFO: [VRFC 10-2263] Analyzing SystemVerilog file "C:/Users/Half Blood Prince/Desktop/Multi-Cycle-MIPS-Basic-IO2/Multi-Cycle-MIPS-Basic-IO.srcs/sources_1/imports/Multi Cycle MIPS Processor.srcs/sources_1/new/DataRegister.sv" into library xil_defaultlib
INFO: [VRFC 10-311] analyzing module DataRegister
INFO: [VRFC 10-2263] Analyzing SystemVerilog file "C:/Users/Half Blood Prince/Desktop/Multi-Cycle-MIPS-Basic-IO2/Multi-Cycle-MIPS-Basic-IO.srcs/sources_1/imports/Multi Cycle MIPS Processor.srcs/sources_1/new/Decoder.sv" into library xil_defaultlib
INFO: [VRFC 10-311] analyzing module Decoder
INFO: [VRFC 10-2263] Analyzing SystemVerilog file "C:/Users/Half Blood Prince/Desktop/Multi-Cycle-MIPS-Basic-IO2/Multi-Cycle-MIPS-Basic-IO.srcs/sources_1/imports/Multi Cycle MIPS Processor.srcs/sources_1/new/Extender.sv" into library xil_defaultlib
INFO: [VRFC 10-311] analyzing module Extender
INFO: [VRFC 10-2263] Analyzing SystemVerilog file "C:/Users/Half Blood Prince/Desktop/Multi-Cycle-MIPS-Basic-IO2/Multi-Cycle-MIPS-Basic-IO.srcs/sources_1/imports/sources_1/imports/new/IO.sv" into library xil_defaultlib
INFO: [VRFC 10-311] analyzing module IO
INFO: [VRFC 10-2263] Analyzing SystemVerilog file "C:/Users/Half Blood Prince/Desktop/Multi-Cycle-MIPS-Basic-IO2/Multi-Cycle-MIPS-Basic-IO.srcs/sources_1/imports/Multi Cycle MIPS Processor.srcs/sources_1/new/InstructionRegister.sv" into library xil_defaultlib
INFO: [VRFC 10-311] analyzing module InstructionRegister
INFO: [VRFC 10-2263] Analyzing SystemVerilog file "C:/Users/Half Blood Prince/Desktop/Multi-Cycle-MIPS-Basic-IO2/Multi-Cycle-MIPS-Basic-IO.srcs/sources_1/imports/Multi Cycle MIPS Processor.srcs/sources_1/new/MIPS.sv" into library xil_defaultlib
INFO: [VRFC 10-311] analyzing module MIPS
INFO: [VRFC 10-2263] Analyzing SystemVerilog file "C:/Users/Half Blood Prince/Desktop/Multi-Cycle-MIPS-Basic-IO2/Multi-Cycle-MIPS-Basic-IO.srcs/sources_1/imports/Multi Cycle MIPS Processor.srcs/sources_1/new/MUX2X1.sv" into library xil_defaultlib
INFO: [VRFC 10-311] analyzing module MUX2X1
INFO: [VRFC 10-2263] Analyzing SystemVerilog file "C:/Users/Half Blood Prince/Desktop/Multi-Cycle-MIPS-Basic-IO2/Multi-Cycle-MIPS-Basic-IO.srcs/sources_1/imports/Multi Cycle MIPS Processor.srcs/sources_1/new/MUX2X32.sv" into library xil_defaultlib
INFO: [VRFC 10-311] analyzing module MUX2X32
INFO: [VRFC 10-2263] Analyzing SystemVerilog file "C:/Users/Half Blood Prince/Desktop/Multi-Cycle-MIPS-Basic-IO2/Multi-Cycle-MIPS-Basic-IO.srcs/sources_1/imports/Multi Cycle MIPS Processor.srcs/sources_1/new/MUX2X5.sv" into library xil_defaultlib
INFO: [VRFC 10-311] analyzing module MUX2X5
INFO: [VRFC 10-2263] Analyzing SystemVerilog file "C:/Users/Half Blood Prince/Desktop/Multi-Cycle-MIPS-Basic-IO2/Multi-Cycle-MIPS-Basic-IO.srcs/sources_1/imports/Multi Cycle MIPS Processor.srcs/sources_1/new/MUX2X6.sv" into library xil_defaultlib
INFO: [VRFC 10-311] analyzing module MUX2X6
INFO: [VRFC 10-2263] Analyzing SystemVerilog file "C:/Users/Half Blood Prince/Desktop/Multi-Cycle-MIPS-Basic-IO2/Multi-Cycle-MIPS-Basic-IO.srcs/sources_1/new/MUX3X32_Data.sv" into library xil_defaultlib
INFO: [VRFC 10-311] analyzing module MUX3X32_Data
INFO: [VRFC 10-2263] Analyzing SystemVerilog file "C:/Users/Half Blood Prince/Desktop/Multi-Cycle-MIPS-Basic-IO2/Multi-Cycle-MIPS-Basic-IO.srcs/sources_1/new/MUX4X32_Data.sv" into library xil_defaultlib
INFO: [VRFC 10-311] analyzing module MUX4X32_Data
INFO: [VRFC 10-2263] Analyzing SystemVerilog file "C:/Users/Half Blood Prince/Desktop/Multi-Cycle-MIPS-Basic-IO2/Multi-Cycle-MIPS-Basic-IO.srcs/sources_1/new/MUX4X32_PC.sv" into library xil_defaultlib
INFO: [VRFC 10-311] analyzing module MUX4X32_PC
INFO: [VRFC 10-2263] Analyzing SystemVerilog file "C:/Users/Half Blood Prince/Desktop/Multi-Cycle-MIPS-Basic-IO2/Multi-Cycle-MIPS-Basic-IO.srcs/sources_1/imports/Multi Cycle MIPS Processor.srcs/sources_1/new/MUX6X32.sv" into library xil_defaultlib
INFO: [VRFC 10-311] analyzing module MUX6X32
INFO: [VRFC 10-2263] Analyzing SystemVerilog file "C:/Users/Half Blood Prince/Desktop/Multi-Cycle-MIPS-Basic-IO2/Multi-Cycle-MIPS-Basic-IO.srcs/sources_1/imports/sources_1/imports/new/MUX7SEG.sv" into library xil_defaultlib
INFO: [VRFC 10-311] analyzing module MUX7SEG
INFO: [VRFC 10-2263] Analyzing SystemVerilog file "C:/Users/Half Blood Prince/Desktop/Multi-Cycle-MIPS-Basic-IO2/Multi-Cycle-MIPS-Basic-IO.srcs/sources_1/new/MemoryDecoder_NEXYS_A7_100T.sv" into library xil_defaultlib
INFO: [VRFC 10-311] analyzing module MemoryDecoder_NEXYS_A7_100T
INFO: [VRFC 10-2263] Analyzing SystemVerilog file "C:/Users/Half Blood Prince/Desktop/Multi-Cycle-MIPS-Basic-IO2/Multi-Cycle-MIPS-Basic-IO.srcs/sources_1/new/Memory_IO.sv" into library xil_defaultlib
INFO: [VRFC 10-311] analyzing module Memory_IO
INFO: [VRFC 10-2263] Analyzing SystemVerilog file "C:/Users/Half Blood Prince/Desktop/Multi-Cycle-MIPS-Basic-IO2/Multi-Cycle-MIPS-Basic-IO.srcs/sources_1/imports/Multi Cycle MIPS Processor.srcs/sources_1/new/ProgramCounter.sv" into library xil_defaultlib
INFO: [VRFC 10-311] analyzing module ProgramCounter
INFO: [VRFC 10-2263] Analyzing SystemVerilog file "C:/Users/Half Blood Prince/Desktop/Multi-Cycle-MIPS-Basic-IO2/Multi-Cycle-MIPS-Basic-IO.srcs/sources_1/imports/Multi Cycle MIPS Processor.srcs/sources_1/new/RegisterFile.sv" into library xil_defaultlib
INFO: [VRFC 10-311] analyzing module RegisterFile
INFO: [VRFC 10-2263] Analyzing SystemVerilog file "C:/Users/Half Blood Prince/Desktop/Multi-Cycle-MIPS-Basic-IO2/Multi-Cycle-MIPS-Basic-IO.srcs/sources_1/imports/Multi Cycle MIPS Processor.srcs/sources_1/new/Shifter.sv" into library xil_defaultlib
INFO: [VRFC 10-311] analyzing module Shifter
INFO: [VRFC 10-2263] Analyzing SystemVerilog file "C:/Users/Half Blood Prince/Desktop/Multi-Cycle-MIPS-Basic-IO2/Multi-Cycle-MIPS-Basic-IO.srcs/sources_1/new/Top_IO_NEXYS_A7_100T.sv" into library xil_defaultlib
INFO: [VRFC 10-311] analyzing module Top_IO_NEXYS_A7_100T
INFO: [VRFC 10-2263] Analyzing SystemVerilog file "C:/Users/Half Blood Prince/Desktop/Multi-Cycle-MIPS-Basic-IO2/Multi-Cycle-MIPS-Basic-IO.srcs/sim_1/new/TestBench_IO_NEXYS_A7_100T.sv" into library xil_defaultlib
INFO: [VRFC 10-311] analyzing module TestBench_IO_NEXYS_A7_100T
run_program: Time (s): cpu = 00:00:01 ; elapsed = 00:00:05 . Memory (MB): peak = 910.773 ; gain = 0.000
INFO: [USF-XSim-69] 'compile' step finished in '5' seconds
INFO: [USF-XSim-3] XSim::Elaborate design
INFO: [USF-XSim-61] Executing 'ELABORATE' step in 'C:/Users/Half Blood Prince/Desktop/Multi-Cycle-MIPS-Basic-IO2/Multi-Cycle-MIPS-Basic-IO.sim/sim_1/behav/xsim'
"xelab -wto caae246dfcdc4a1daf81e3e04cb1552d --incr --debug typical --relax --mt 2 -L xil_defaultlib -L unisims_ver -L unimacro_ver -L secureip --snapshot TestBench_IO_NEXYS_A7_100T_behav xil_defaultlib.TestBench_IO_NEXYS_A7_100T xil_defaultlib.glbl -log elaborate.log"
Vivado Simulator 2019.2
Copyright 1986-1999, 2001-2019 Xilinx, Inc. All Rights Reserved.
Running: D:/Applications/Xilinx/Vivado/2019.2/bin/unwrapped/win64.o/xelab.exe -wto caae246dfcdc4a1daf81e3e04cb1552d --incr --debug typical --relax --mt 2 -L xil_defaultlib -L unisims_ver -L unimacro_ver -L secureip --snapshot TestBench_IO_NEXYS_A7_100T_behav xil_defaultlib.TestBench_IO_NEXYS_A7_100T xil_defaultlib.glbl -log elaborate.log 
Using 2 slave threads.
Starting static elaboration
Pass Through NonSizing Optimizer
WARNING: [VRFC 10-3091] actual bit length 6 differs from formal bit length 32 for port 'MemAddr' [C:/Users/Half Blood Prince/Desktop/Multi-Cycle-MIPS-Basic-IO2/Multi-Cycle-MIPS-Basic-IO.srcs/sources_1/new/MemoryDecoder_NEXYS_A7_100T.sv:30]
Completed static elaboration
Starting simulation data flow analysis
Completed simulation data flow analysis
Time Resolution for simulation is 1ps
Compiling package xil_defaultlib.$unit_ALU_sv
Compiling module xil_defaultlib.MUX2X6
Compiling module xil_defaultlib.Decoder
Compiling module xil_defaultlib.InstructionRegister
Compiling module xil_defaultlib.DataRegister
Compiling module xil_defaultlib.MUX2X32
Compiling module xil_defaultlib.Extender
Compiling module xil_defaultlib.ProgramCounter
Compiling module xil_defaultlib.MUX4X32_PC
Compiling module xil_defaultlib.MUX2X5
Compiling module xil_defaultlib.RegisterFile
Compiling module xil_defaultlib.MUX3X32_Data
Compiling module xil_defaultlib.MUX4X32_Data
Compiling module xil_defaultlib.ALUcontrol
Compiling module xil_defaultlib.CLA4
Compiling module xil_defaultlib.CLA4_Marked
Compiling module xil_defaultlib.CLA32
Compiling module xil_defaultlib.MUX2X1
Compiling module xil_defaultlib.Shifter
Compiling module xil_defaultlib.MUX6X32
Compiling module xil_defaultlib.ALU
Compiling module xil_defaultlib.DataPath
Compiling module xil_defaultlib.MIPS
Compiling module xil_defaultlib.Memory_IO
Compiling module xil_defaultlib.IO
Compiling module xil_defaultlib.CLK_div(N=500)
Compiling module xil_defaultlib.MUX7SEG
Compiling module xil_defaultlib.MemoryDecoder_NEXYS_A7_100T
Compiling module xil_defaultlib.Top_IO_NEXYS_A7_100T
Compiling module xil_defaultlib.TestBench_IO_NEXYS_A7_100T
Compiling module xil_defaultlib.glbl
Built simulation snapshot TestBench_IO_NEXYS_A7_100T_behav
INFO: [USF-XSim-69] 'elaborate' step finished in '2' seconds
INFO: [USF-XSim-4] XSim::Simulate design
INFO: [USF-XSim-61] Executing 'SIMULATE' step in 'C:/Users/Half Blood Prince/Desktop/Multi-Cycle-MIPS-Basic-IO2/Multi-Cycle-MIPS-Basic-IO.sim/sim_1/behav/xsim'
INFO: [USF-XSim-98] *** Running xsim
   with args "TestBench_IO_NEXYS_A7_100T_behav -key {Behavioral:sim_1:Functional:TestBench_IO_NEXYS_A7_100T} -tclbatch {TestBench_IO_NEXYS_A7_100T.tcl} -log {simulate.log}"
INFO: [USF-XSim-8] Loading simulator feature
Vivado Simulator 2019.2
Time resolution is 1 ps
source TestBench_IO_NEXYS_A7_100T.tcl
# set curr_wave [current_wave_config]
# if { [string length $curr_wave] == 0 } {
#   if { [llength [get_objects]] > 0} {
#     add_wave /
#     set_property needs_save false [current_wave_config]
#   } else {
#      send_msg_id Add_Wave-1 WARNING "No top level signals found. Simulator will start without a wave window. If you want to open a wave window go to 'File->New Waveform Configuration' or type 'create_wave_config' in the TCL console."
#   }
# }
# run 100000ns
INFO: [USF-XSim-96] XSim completed. Design snapshot 'TestBench_IO_NEXYS_A7_100T_behav' loaded.
INFO: [USF-XSim-97] XSim simulation ran for 100000ns
launch_simulation: Time (s): cpu = 00:00:02 ; elapsed = 00:00:10 . Memory (MB): peak = 910.773 ; gain = 0.000
close_sim
INFO: [Simtcl 6-16] Simulation closed
reset_run synth_1
launch_runs impl_1 -to_step write_bitstream -jobs 4
[Mon Jun  3 19:33:04 2024] Launched synth_1...
Run output will be captured here: C:/Users/Half Blood Prince/Desktop/Multi-Cycle-MIPS-Basic-IO2/Multi-Cycle-MIPS-Basic-IO.runs/synth_1/runme.log
[Mon Jun  3 19:33:04 2024] Launched impl_1...
Run output will be captured here: C:/Users/Half Blood Prince/Desktop/Multi-Cycle-MIPS-Basic-IO2/Multi-Cycle-MIPS-Basic-IO.runs/impl_1/runme.log
open_hw_manager
connect_hw_server -allow_non_jtag
INFO: [Labtools 27-2285] Connecting to hw_server url TCP:localhost:3121
INFO: [Labtools 27-2222] Launching hw_server...
INFO: [Labtools 27-2221] Launch Output:

****** Xilinx hw_server v2019.2
  **** Build date : Nov  6 2019 at 22:12:23
    ** Copyright 1986-2019 Xilinx, Inc. All Rights Reserved.


INFO: [Labtools 27-3415] Connecting to cs_server url TCP:localhost:3042
INFO: [Labtools 27-3417] Launching cs_server...
INFO: [Labtools 27-2221] Launch Output:


****** Xilinx cs_server v2019.2.0
  **** Build date : Nov 07 2019-13:28:22
    ** Copyright 2017-2019 Xilinx, Inc. All Rights Reserved.



connect_hw_server: Time (s): cpu = 00:00:00 ; elapsed = 00:00:08 . Memory (MB): peak = 910.773 ; gain = 0.000
open_hw_target
INFO: [Labtoolstcl 44-466] Opening hw_target localhost:3121/xilinx_tcf/Digilent/210292ABF435A
set_property PROGRAM.FILE {C:/Users/Half Blood Prince/Desktop/Multi-Cycle-MIPS-Basic-IO2/Multi-Cycle-MIPS-Basic-IO.runs/impl_1/Top_IO_NEXYS_A7_100T.bit} [get_hw_devices xc7a100t_0]
current_hw_device [get_hw_devices xc7a100t_0]
refresh_hw_device -update_hw_probes false [lindex [get_hw_devices xc7a100t_0] 0]
INFO: [Labtools 27-1434] Device xc7a100t (JTAG device index = 0) is programmed with a design that has no supported debug core(s) in it.
set_property PROBES.FILE {} [get_hw_devices xc7a100t_0]
set_property FULL_PROBES.FILE {} [get_hw_devices xc7a100t_0]
set_property PROGRAM.FILE {C:/Users/Half Blood Prince/Desktop/Multi-Cycle-MIPS-Basic-IO2/Multi-Cycle-MIPS-Basic-IO.runs/impl_1/Top_IO_NEXYS_A7_100T.bit} [get_hw_devices xc7a100t_0]
program_hw_devices [get_hw_devices xc7a100t_0]
INFO: [Labtools 27-3164] End of startup status: HIGH
refresh_hw_device [lindex [get_hw_devices xc7a100t_0] 0]
INFO: [Labtools 27-1434] Device xc7a100t (JTAG device index = 0) is programmed with a design that has no supported debug core(s) in it.
ERROR: [Labtoolstcl 44-513] HW Target shutdown. Closing target: localhost:3121/xilinx_tcf/Digilent/210292ABF435A
reset_run synth_1
launch_runs impl_1 -to_step write_bitstream -jobs 4
[Mon Jun  3 19:42:45 2024] Launched synth_1...
Run output will be captured here: C:/Users/Half Blood Prince/Desktop/Multi-Cycle-MIPS-Basic-IO2/Multi-Cycle-MIPS-Basic-IO.runs/synth_1/runme.log
[Mon Jun  3 19:42:45 2024] Launched impl_1...
Run output will be captured here: C:/Users/Half Blood Prince/Desktop/Multi-Cycle-MIPS-Basic-IO2/Multi-Cycle-MIPS-Basic-IO.runs/impl_1/runme.log
reset_run synth_1
WARNING: [Vivado 12-1017] Problems encountered:
1. Process appears to be on host 'DESKTOP-SEVERUS' and cannot be killed from host 'DESKTOP-Severus-Snape'

launch_runs impl_1 -to_step write_bitstream -jobs 4
[Mon Jun  3 19:43:38 2024] Launched synth_1...
Run output will be captured here: C:/Users/Half Blood Prince/Desktop/Multi-Cycle-MIPS-Basic-IO2/Multi-Cycle-MIPS-Basic-IO.runs/synth_1/runme.log
[Mon Jun  3 19:43:38 2024] Launched impl_1...
Run output will be captured here: C:/Users/Half Blood Prince/Desktop/Multi-Cycle-MIPS-Basic-IO2/Multi-Cycle-MIPS-Basic-IO.runs/impl_1/runme.log
close_hw_manager
open_hw_manager
connect_hw_server -allow_non_jtag
INFO: [Labtools 27-2285] Connecting to hw_server url TCP:localhost:3121
INFO: [Labtools 27-2222] Launching hw_server...
INFO: [Labtools 27-2221] Launch Output:

****** Xilinx hw_server v2019.2
  **** Build date : Nov  6 2019 at 22:12:23
    ** Copyright 1986-2019 Xilinx, Inc. All Rights Reserved.


INFO: [Labtools 27-3415] Connecting to cs_server url TCP:localhost:3042
INFO: [Labtools 27-3417] Launching cs_server...
INFO: [Labtools 27-2221] Launch Output:


****** Xilinx cs_server v2019.2.0
  **** Build date : Nov 07 2019-13:28:22
    ** Copyright 2017-2019 Xilinx, Inc. All Rights Reserved.



connect_hw_server: Time (s): cpu = 00:00:00 ; elapsed = 00:00:08 . Memory (MB): peak = 2251.418 ; gain = 0.000
open_hw_target
INFO: [Labtoolstcl 44-466] Opening hw_target localhost:3121/xilinx_tcf/Digilent/210292ABF435A
set_property PROGRAM.FILE {C:/Users/Half Blood Prince/Desktop/Multi-Cycle-MIPS-Basic-IO2/Multi-Cycle-MIPS-Basic-IO.runs/impl_1/Top_IO_NEXYS_A7_100T.bit} [get_hw_devices xc7a100t_0]
current_hw_device [get_hw_devices xc7a100t_0]
refresh_hw_device -update_hw_probes false [lindex [get_hw_devices xc7a100t_0] 0]
INFO: [Labtools 27-1434] Device xc7a100t (JTAG device index = 0) is programmed with a design that has no supported debug core(s) in it.
set_property PROBES.FILE {} [get_hw_devices xc7a100t_0]
set_property FULL_PROBES.FILE {} [get_hw_devices xc7a100t_0]
set_property PROGRAM.FILE {C:/Users/Half Blood Prince/Desktop/Multi-Cycle-MIPS-Basic-IO2/Multi-Cycle-MIPS-Basic-IO.runs/impl_1/Top_IO_NEXYS_A7_100T.bit} [get_hw_devices xc7a100t_0]
program_hw_devices [get_hw_devices xc7a100t_0]
INFO: [Labtools 27-3164] End of startup status: HIGH
refresh_hw_device [lindex [get_hw_devices xc7a100t_0] 0]
INFO: [Labtools 27-1434] Device xc7a100t (JTAG device index = 0) is programmed with a design that has no supported debug core(s) in it.
refresh_hw_device [lindex [get_hw_devices xc7a100t_0] 0]
INFO: [Labtools 27-1434] Device xc7a100t (JTAG device index = 0) is programmed with a design that has no supported debug core(s) in it.
reset_run synth_1
launch_runs impl_1 -to_step write_bitstream -jobs 4
[Mon Jun  3 19:48:27 2024] Launched synth_1...
Run output will be captured here: C:/Users/Half Blood Prince/Desktop/Multi-Cycle-MIPS-Basic-IO2/Multi-Cycle-MIPS-Basic-IO.runs/synth_1/runme.log
[Mon Jun  3 19:48:27 2024] Launched impl_1...
Run output will be captured here: C:/Users/Half Blood Prince/Desktop/Multi-Cycle-MIPS-Basic-IO2/Multi-Cycle-MIPS-Basic-IO.runs/impl_1/runme.log
ERROR: [Labtoolstcl 44-513] HW Target shutdown. Closing target: localhost:3121/xilinx_tcf/Digilent/210292ABF435A
close_hw_manager
open_hw_manager
connect_hw_server -allow_non_jtag
INFO: [Labtools 27-2285] Connecting to hw_server url TCP:localhost:3121
INFO: [Labtools 27-2222] Launching hw_server...
INFO: [Labtools 27-2221] Launch Output:

****** Xilinx hw_server v2019.2
  **** Build date : Nov  6 2019 at 22:12:23
    ** Copyright 1986-2019 Xilinx, Inc. All Rights Reserved.


INFO: [Labtools 27-3415] Connecting to cs_server url TCP:localhost:3042
INFO: [Labtools 27-3417] Launching cs_server...
INFO: [Labtools 27-2221] Launch Output:


****** Xilinx cs_server v2019.2.0
  **** Build date : Nov 07 2019-13:28:22
    ** Copyright 2017-2019 Xilinx, Inc. All Rights Reserved.



connect_hw_server: Time (s): cpu = 00:00:00 ; elapsed = 00:00:08 . Memory (MB): peak = 2259.363 ; gain = 0.000
open_hw_target
INFO: [Labtoolstcl 44-466] Opening hw_target localhost:3121/xilinx_tcf/Digilent/210292ABF435A
set_property PROGRAM.FILE {C:/Users/Half Blood Prince/Desktop/Multi-Cycle-MIPS-Basic-IO2/Multi-Cycle-MIPS-Basic-IO.runs/impl_1/Top_IO_NEXYS_A7_100T.bit} [get_hw_devices xc7a100t_0]
current_hw_device [get_hw_devices xc7a100t_0]
refresh_hw_device -update_hw_probes false [lindex [get_hw_devices xc7a100t_0] 0]
INFO: [Labtools 27-1434] Device xc7a100t (JTAG device index = 0) is programmed with a design that has no supported debug core(s) in it.
set_property PROBES.FILE {} [get_hw_devices xc7a100t_0]
set_property FULL_PROBES.FILE {} [get_hw_devices xc7a100t_0]
set_property PROGRAM.FILE {C:/Users/Half Blood Prince/Desktop/Multi-Cycle-MIPS-Basic-IO2/Multi-Cycle-MIPS-Basic-IO.runs/impl_1/Top_IO_NEXYS_A7_100T.bit} [get_hw_devices xc7a100t_0]
program_hw_devices [get_hw_devices xc7a100t_0]
INFO: [Labtools 27-3164] End of startup status: HIGH
refresh_hw_device [lindex [get_hw_devices xc7a100t_0] 0]
INFO: [Labtools 27-1434] Device xc7a100t (JTAG device index = 0) is programmed with a design that has no supported debug core(s) in it.
close_hw_manager
set_property top TestBench_IO [get_filesets sim_1]
set_property top_lib xil_defaultlib [get_filesets sim_1]
update_compile_order -fileset sim_1
launch_simulation
Command: launch_simulation 
INFO: [Vivado 12-5682] Launching behavioral simulation in 'C:/Users/Half Blood Prince/Desktop/Multi-Cycle-MIPS-Basic-IO2/Multi-Cycle-MIPS-Basic-IO.sim/sim_1/behav/xsim'
INFO: [SIM-utils-51] Simulation object is 'sim_1'
INFO: [SIM-utils-54] Inspecting design source files for 'TestBench_IO' in fileset 'sim_1'...
INFO: [SIM-utils-43] Exported 'C:/Users/Half Blood Prince/Desktop/Multi-Cycle-MIPS-Basic-IO2/Multi-Cycle-MIPS-Basic-IO.sim/sim_1/behav/xsim/TestIO.dat'
INFO: [SIM-utils-43] Exported 'C:/Users/Half Blood Prince/Desktop/Multi-Cycle-MIPS-Basic-IO2/Multi-Cycle-MIPS-Basic-IO.sim/sim_1/behav/xsim/ProgramFile1.dat'
INFO: [SIM-utils-43] Exported 'C:/Users/Half Blood Prince/Desktop/Multi-Cycle-MIPS-Basic-IO2/Multi-Cycle-MIPS-Basic-IO.sim/sim_1/behav/xsim/ProgramFile2.dat'
INFO: [SIM-utils-43] Exported 'C:/Users/Half Blood Prince/Desktop/Multi-Cycle-MIPS-Basic-IO2/Multi-Cycle-MIPS-Basic-IO.sim/sim_1/behav/xsim/ProgramFile1.dat'
INFO: [SIM-utils-43] Exported 'C:/Users/Half Blood Prince/Desktop/Multi-Cycle-MIPS-Basic-IO2/Multi-Cycle-MIPS-Basic-IO.sim/sim_1/behav/xsim/ProgramFile2.dat'
INFO: [USF-XSim-97] Finding global include files...
INFO: [USF-XSim-98] Fetching design files from 'sim_1'...
INFO: [USF-XSim-2] XSim::Compile design
INFO: [USF-XSim-61] Executing 'COMPILE and ANALYZE' step in 'C:/Users/Half Blood Prince/Desktop/Multi-Cycle-MIPS-Basic-IO2/Multi-Cycle-MIPS-Basic-IO.sim/sim_1/behav/xsim'
"xvlog --incr --relax -prj TestBench_IO_vlog.prj"
INFO: [VRFC 10-2263] Analyzing SystemVerilog file "C:/Users/Half Blood Prince/Desktop/Multi-Cycle-MIPS-Basic-IO2/Multi-Cycle-MIPS-Basic-IO.srcs/sources_1/imports/Multi Cycle MIPS Processor.srcs/sources_1/new/ALU.sv" into library xil_defaultlib
INFO: [VRFC 10-311] analyzing module ALU
INFO: [VRFC 10-2458] undeclared symbol Add_Overflow, assumed default net type wire [C:/Users/Half Blood Prince/Desktop/Multi-Cycle-MIPS-Basic-IO2/Multi-Cycle-MIPS-Basic-IO.srcs/sources_1/imports/Multi Cycle MIPS Processor.srcs/sources_1/new/ALU.sv:13]
INFO: [VRFC 10-2458] undeclared symbol Add_Sign, assumed default net type wire [C:/Users/Half Blood Prince/Desktop/Multi-Cycle-MIPS-Basic-IO2/Multi-Cycle-MIPS-Basic-IO.srcs/sources_1/imports/Multi Cycle MIPS Processor.srcs/sources_1/new/ALU.sv:13]
INFO: [VRFC 10-2458] undeclared symbol Add_Carry, assumed default net type wire [C:/Users/Half Blood Prince/Desktop/Multi-Cycle-MIPS-Basic-IO2/Multi-Cycle-MIPS-Basic-IO.srcs/sources_1/imports/Multi Cycle MIPS Processor.srcs/sources_1/new/ALU.sv:13]
INFO: [VRFC 10-2263] Analyzing SystemVerilog file "C:/Users/Half Blood Prince/Desktop/Multi-Cycle-MIPS-Basic-IO2/Multi-Cycle-MIPS-Basic-IO.srcs/sources_1/imports/Multi Cycle MIPS Processor.srcs/sources_1/new/ALUcontrol.sv" into library xil_defaultlib
INFO: [VRFC 10-311] analyzing module ALUcontrol
INFO: [VRFC 10-2263] Analyzing SystemVerilog file "C:/Users/Half Blood Prince/Desktop/Multi-Cycle-MIPS-Basic-IO2/Multi-Cycle-MIPS-Basic-IO.srcs/sources_1/imports/new/CLA32.sv" into library xil_defaultlib
INFO: [VRFC 10-311] analyzing module CLA32
INFO: [VRFC 10-2263] Analyzing SystemVerilog file "C:/Users/Half Blood Prince/Desktop/Multi-Cycle-MIPS-Basic-IO2/Multi-Cycle-MIPS-Basic-IO.srcs/sources_1/imports/new/CLA4.sv" into library xil_defaultlib
INFO: [VRFC 10-311] analyzing module CLA4
INFO: [VRFC 10-2263] Analyzing SystemVerilog file "C:/Users/Half Blood Prince/Desktop/Multi-Cycle-MIPS-Basic-IO2/Multi-Cycle-MIPS-Basic-IO.srcs/sources_1/imports/new/CLA4_Marked.sv" into library xil_defaultlib
INFO: [VRFC 10-311] analyzing module CLA4_Marked
INFO: [VRFC 10-2263] Analyzing SystemVerilog file "C:/Users/Half Blood Prince/Desktop/Multi-Cycle-MIPS-Basic-IO2/Multi-Cycle-MIPS-Basic-IO.srcs/sources_1/imports/Multi Cycle MIPS Processor.srcs/sources_1/new/DataPath.sv" into library xil_defaultlib
INFO: [VRFC 10-311] analyzing module DataPath
INFO: [VRFC 10-2263] Analyzing SystemVerilog file "C:/Users/Half Blood Prince/Desktop/Multi-Cycle-MIPS-Basic-IO2/Multi-Cycle-MIPS-Basic-IO.srcs/sources_1/imports/Multi Cycle MIPS Processor.srcs/sources_1/new/DataRegister.sv" into library xil_defaultlib
INFO: [VRFC 10-311] analyzing module DataRegister
INFO: [VRFC 10-2263] Analyzing SystemVerilog file "C:/Users/Half Blood Prince/Desktop/Multi-Cycle-MIPS-Basic-IO2/Multi-Cycle-MIPS-Basic-IO.srcs/sources_1/imports/Multi Cycle MIPS Processor.srcs/sources_1/new/Decoder.sv" into library xil_defaultlib
INFO: [VRFC 10-311] analyzing module Decoder
INFO: [VRFC 10-2263] Analyzing SystemVerilog file "C:/Users/Half Blood Prince/Desktop/Multi-Cycle-MIPS-Basic-IO2/Multi-Cycle-MIPS-Basic-IO.srcs/sources_1/imports/Multi Cycle MIPS Processor.srcs/sources_1/new/Extender.sv" into library xil_defaultlib
INFO: [VRFC 10-311] analyzing module Extender
INFO: [VRFC 10-2263] Analyzing SystemVerilog file "C:/Users/Half Blood Prince/Desktop/Multi-Cycle-MIPS-Basic-IO2/Multi-Cycle-MIPS-Basic-IO.srcs/sources_1/imports/sources_1/imports/new/IO.sv" into library xil_defaultlib
INFO: [VRFC 10-311] analyzing module IO
INFO: [VRFC 10-2263] Analyzing SystemVerilog file "C:/Users/Half Blood Prince/Desktop/Multi-Cycle-MIPS-Basic-IO2/Multi-Cycle-MIPS-Basic-IO.srcs/sources_1/imports/Multi Cycle MIPS Processor.srcs/sources_1/new/InstructionRegister.sv" into library xil_defaultlib
INFO: [VRFC 10-311] analyzing module InstructionRegister
INFO: [VRFC 10-2263] Analyzing SystemVerilog file "C:/Users/Half Blood Prince/Desktop/Multi-Cycle-MIPS-Basic-IO2/Multi-Cycle-MIPS-Basic-IO.srcs/sources_1/imports/Multi Cycle MIPS Processor.srcs/sources_1/new/MIPS.sv" into library xil_defaultlib
INFO: [VRFC 10-311] analyzing module MIPS
INFO: [VRFC 10-2263] Analyzing SystemVerilog file "C:/Users/Half Blood Prince/Desktop/Multi-Cycle-MIPS-Basic-IO2/Multi-Cycle-MIPS-Basic-IO.srcs/sources_1/imports/Multi Cycle MIPS Processor.srcs/sources_1/new/MUX2X1.sv" into library xil_defaultlib
INFO: [VRFC 10-311] analyzing module MUX2X1
INFO: [VRFC 10-2263] Analyzing SystemVerilog file "C:/Users/Half Blood Prince/Desktop/Multi-Cycle-MIPS-Basic-IO2/Multi-Cycle-MIPS-Basic-IO.srcs/sources_1/imports/Multi Cycle MIPS Processor.srcs/sources_1/new/MUX2X32.sv" into library xil_defaultlib
INFO: [VRFC 10-311] analyzing module MUX2X32
INFO: [VRFC 10-2263] Analyzing SystemVerilog file "C:/Users/Half Blood Prince/Desktop/Multi-Cycle-MIPS-Basic-IO2/Multi-Cycle-MIPS-Basic-IO.srcs/sources_1/imports/Multi Cycle MIPS Processor.srcs/sources_1/new/MUX2X5.sv" into library xil_defaultlib
INFO: [VRFC 10-311] analyzing module MUX2X5
INFO: [VRFC 10-2263] Analyzing SystemVerilog file "C:/Users/Half Blood Prince/Desktop/Multi-Cycle-MIPS-Basic-IO2/Multi-Cycle-MIPS-Basic-IO.srcs/sources_1/imports/Multi Cycle MIPS Processor.srcs/sources_1/new/MUX2X6.sv" into library xil_defaultlib
INFO: [VRFC 10-311] analyzing module MUX2X6
INFO: [VRFC 10-2263] Analyzing SystemVerilog file "C:/Users/Half Blood Prince/Desktop/Multi-Cycle-MIPS-Basic-IO2/Multi-Cycle-MIPS-Basic-IO.srcs/sources_1/new/MUX3X32_Data.sv" into library xil_defaultlib
INFO: [VRFC 10-311] analyzing module MUX3X32_Data
INFO: [VRFC 10-2263] Analyzing SystemVerilog file "C:/Users/Half Blood Prince/Desktop/Multi-Cycle-MIPS-Basic-IO2/Multi-Cycle-MIPS-Basic-IO.srcs/sources_1/new/MUX4X32_Data.sv" into library xil_defaultlib
INFO: [VRFC 10-311] analyzing module MUX4X32_Data
INFO: [VRFC 10-2263] Analyzing SystemVerilog file "C:/Users/Half Blood Prince/Desktop/Multi-Cycle-MIPS-Basic-IO2/Multi-Cycle-MIPS-Basic-IO.srcs/sources_1/new/MUX4X32_PC.sv" into library xil_defaultlib
INFO: [VRFC 10-311] analyzing module MUX4X32_PC
INFO: [VRFC 10-2263] Analyzing SystemVerilog file "C:/Users/Half Blood Prince/Desktop/Multi-Cycle-MIPS-Basic-IO2/Multi-Cycle-MIPS-Basic-IO.srcs/sources_1/imports/Multi Cycle MIPS Processor.srcs/sources_1/new/MUX6X32.sv" into library xil_defaultlib
INFO: [VRFC 10-311] analyzing module MUX6X32
INFO: [VRFC 10-2263] Analyzing SystemVerilog file "C:/Users/Half Blood Prince/Desktop/Multi-Cycle-MIPS-Basic-IO2/Multi-Cycle-MIPS-Basic-IO.srcs/sources_1/imports/sources_1/imports/new/MUX7SEG.sv" into library xil_defaultlib
INFO: [VRFC 10-311] analyzing module MUX7SEG
INFO: [VRFC 10-2263] Analyzing SystemVerilog file "C:/Users/Half Blood Prince/Desktop/Multi-Cycle-MIPS-Basic-IO2/Multi-Cycle-MIPS-Basic-IO.srcs/sources_1/new/MemoryDecoder.sv" into library xil_defaultlib
INFO: [VRFC 10-311] analyzing module MemoryDecoder
INFO: [VRFC 10-2263] Analyzing SystemVerilog file "C:/Users/Half Blood Prince/Desktop/Multi-Cycle-MIPS-Basic-IO2/Multi-Cycle-MIPS-Basic-IO.srcs/sources_1/new/Memory_IO.sv" into library xil_defaultlib
INFO: [VRFC 10-311] analyzing module Memory_IO
INFO: [VRFC 10-2263] Analyzing SystemVerilog file "C:/Users/Half Blood Prince/Desktop/Multi-Cycle-MIPS-Basic-IO2/Multi-Cycle-MIPS-Basic-IO.srcs/sources_1/imports/Multi Cycle MIPS Processor.srcs/sources_1/new/ProgramCounter.sv" into library xil_defaultlib
INFO: [VRFC 10-311] analyzing module ProgramCounter
INFO: [VRFC 10-2263] Analyzing SystemVerilog file "C:/Users/Half Blood Prince/Desktop/Multi-Cycle-MIPS-Basic-IO2/Multi-Cycle-MIPS-Basic-IO.srcs/sources_1/imports/Multi Cycle MIPS Processor.srcs/sources_1/new/RegisterFile.sv" into library xil_defaultlib
INFO: [VRFC 10-311] analyzing module RegisterFile
INFO: [VRFC 10-2263] Analyzing SystemVerilog file "C:/Users/Half Blood Prince/Desktop/Multi-Cycle-MIPS-Basic-IO2/Multi-Cycle-MIPS-Basic-IO.srcs/sources_1/imports/Multi Cycle MIPS Processor.srcs/sources_1/new/Shifter.sv" into library xil_defaultlib
INFO: [VRFC 10-311] analyzing module Shifter
INFO: [VRFC 10-2263] Analyzing SystemVerilog file "C:/Users/Half Blood Prince/Desktop/Multi-Cycle-MIPS-Basic-IO2/Multi-Cycle-MIPS-Basic-IO.srcs/sources_1/new/Top_IO.sv" into library xil_defaultlib
INFO: [VRFC 10-311] analyzing module Top_IO
INFO: [VRFC 10-2263] Analyzing SystemVerilog file "C:/Users/Half Blood Prince/Desktop/Multi-Cycle-MIPS-Basic-IO2/Multi-Cycle-MIPS-Basic-IO.srcs/sim_1/new/TestBench_IO.sv" into library xil_defaultlib
INFO: [VRFC 10-311] analyzing module TestBench_IO
run_program: Time (s): cpu = 00:00:00 ; elapsed = 00:00:05 . Memory (MB): peak = 2260.754 ; gain = 0.000
INFO: [USF-XSim-69] 'compile' step finished in '5' seconds
INFO: [USF-XSim-3] XSim::Elaborate design
INFO: [USF-XSim-61] Executing 'ELABORATE' step in 'C:/Users/Half Blood Prince/Desktop/Multi-Cycle-MIPS-Basic-IO2/Multi-Cycle-MIPS-Basic-IO.sim/sim_1/behav/xsim'
"xelab -wto caae246dfcdc4a1daf81e3e04cb1552d --incr --debug typical --relax --mt 2 -L xil_defaultlib -L unisims_ver -L unimacro_ver -L secureip --snapshot TestBench_IO_behav xil_defaultlib.TestBench_IO xil_defaultlib.glbl -log elaborate.log"
Vivado Simulator 2019.2
Copyright 1986-1999, 2001-2019 Xilinx, Inc. All Rights Reserved.
Running: D:/Applications/Xilinx/Vivado/2019.2/bin/unwrapped/win64.o/xelab.exe -wto caae246dfcdc4a1daf81e3e04cb1552d --incr --debug typical --relax --mt 2 -L xil_defaultlib -L unisims_ver -L unimacro_ver -L secureip --snapshot TestBench_IO_behav xil_defaultlib.TestBench_IO xil_defaultlib.glbl -log elaborate.log 
Using 2 slave threads.
Starting static elaboration
Pass Through NonSizing Optimizer
Completed static elaboration
Starting simulation data flow analysis
Completed simulation data flow analysis
Time Resolution for simulation is 1ps
Compiling package xil_defaultlib.$unit_ALU_sv
Compiling module xil_defaultlib.MUX2X6
Compiling module xil_defaultlib.Decoder
Compiling module xil_defaultlib.InstructionRegister
Compiling module xil_defaultlib.DataRegister
Compiling module xil_defaultlib.MUX2X32
Compiling module xil_defaultlib.Extender
Compiling module xil_defaultlib.ProgramCounter
Compiling module xil_defaultlib.MUX4X32_PC
Compiling module xil_defaultlib.MUX2X5
Compiling module xil_defaultlib.RegisterFile
Compiling module xil_defaultlib.MUX3X32_Data
Compiling module xil_defaultlib.MUX4X32_Data
Compiling module xil_defaultlib.ALUcontrol
Compiling module xil_defaultlib.CLA4
Compiling module xil_defaultlib.CLA4_Marked
Compiling module xil_defaultlib.CLA32
Compiling module xil_defaultlib.MUX2X1
Compiling module xil_defaultlib.Shifter
Compiling module xil_defaultlib.MUX6X32
Compiling module xil_defaultlib.ALU
Compiling module xil_defaultlib.DataPath
Compiling module xil_defaultlib.MIPS
Compiling module xil_defaultlib.Memory_IO
Compiling module xil_defaultlib.IO
Compiling module xil_defaultlib.MUX7SEG
Compiling module xil_defaultlib.MemoryDecoder
Compiling module xil_defaultlib.Top_IO
Compiling module xil_defaultlib.TestBench_IO
Compiling module xil_defaultlib.glbl
Built simulation snapshot TestBench_IO_behav
INFO: [USF-XSim-69] 'elaborate' step finished in '2' seconds
INFO: [USF-XSim-4] XSim::Simulate design
INFO: [USF-XSim-61] Executing 'SIMULATE' step in 'C:/Users/Half Blood Prince/Desktop/Multi-Cycle-MIPS-Basic-IO2/Multi-Cycle-MIPS-Basic-IO.sim/sim_1/behav/xsim'
INFO: [USF-XSim-98] *** Running xsim
   with args "TestBench_IO_behav -key {Behavioral:sim_1:Functional:TestBench_IO} -tclbatch {TestBench_IO.tcl} -log {simulate.log}"
INFO: [USF-XSim-8] Loading simulator feature
Vivado Simulator 2019.2
Time resolution is 1 ps
source TestBench_IO.tcl
# set curr_wave [current_wave_config]
# if { [string length $curr_wave] == 0 } {
#   if { [llength [get_objects]] > 0} {
#     add_wave /
#     set_property needs_save false [current_wave_config]
#   } else {
#      send_msg_id Add_Wave-1 WARNING "No top level signals found. Simulator will start without a wave window. If you want to open a wave window go to 'File->New Waveform Configuration' or type 'create_wave_config' in the TCL console."
#   }
# }
# run 100000ns
INFO: [USF-XSim-96] XSim completed. Design snapshot 'TestBench_IO_behav' loaded.
INFO: [USF-XSim-97] XSim simulation ran for 100000ns
launch_simulation: Time (s): cpu = 00:00:01 ; elapsed = 00:00:11 . Memory (MB): peak = 2260.754 ; gain = 0.000
current_wave_config {Untitled 4}
Untitled 4
add_wave {{/TestBench_IO/top_IO/mips/DP/PC}} 
current_wave_config {Untitled 4}
Untitled 4
add_wave {{/TestBench_IO/top_IO/MemoryDecoder/mux7seg/current_digit}} 
current_wave_config {Untitled 4}
Untitled 4
add_wave {{/TestBench_IO/top_IO/MemoryDecoder/mux7seg/refresh_counter}} 
current_wave_config {Untitled 4}
Untitled 4
add_wave {{/TestBench_IO/top_IO/MemoryDecoder/mux7seg/digit}} 
relaunch_sim
Command: launch_simulation -simset sim_1 -mode behavioral
INFO: [Vivado 12-5682] Launching behavioral simulation in 'C:/Users/Half Blood Prince/Desktop/Multi-Cycle-MIPS-Basic-IO2/Multi-Cycle-MIPS-Basic-IO.sim/sim_1/behav/xsim'
INFO: [SIM-utils-51] Simulation object is 'sim_1'
INFO: [SIM-utils-54] Inspecting design source files for 'TestBench_IO' in fileset 'sim_1'...
INFO: [SIM-utils-43] Exported 'C:/Users/Half Blood Prince/Desktop/Multi-Cycle-MIPS-Basic-IO2/Multi-Cycle-MIPS-Basic-IO.sim/sim_1/behav/xsim/TestIO.dat'
INFO: [SIM-utils-43] Exported 'C:/Users/Half Blood Prince/Desktop/Multi-Cycle-MIPS-Basic-IO2/Multi-Cycle-MIPS-Basic-IO.sim/sim_1/behav/xsim/ProgramFile1.dat'
INFO: [SIM-utils-43] Exported 'C:/Users/Half Blood Prince/Desktop/Multi-Cycle-MIPS-Basic-IO2/Multi-Cycle-MIPS-Basic-IO.sim/sim_1/behav/xsim/ProgramFile2.dat'
INFO: [SIM-utils-43] Exported 'C:/Users/Half Blood Prince/Desktop/Multi-Cycle-MIPS-Basic-IO2/Multi-Cycle-MIPS-Basic-IO.sim/sim_1/behav/xsim/ProgramFile1.dat'
INFO: [SIM-utils-43] Exported 'C:/Users/Half Blood Prince/Desktop/Multi-Cycle-MIPS-Basic-IO2/Multi-Cycle-MIPS-Basic-IO.sim/sim_1/behav/xsim/ProgramFile2.dat'
INFO: [USF-XSim-97] Finding global include files...
INFO: [USF-XSim-98] Fetching design files from 'sim_1'...
INFO: [USF-XSim-2] XSim::Compile design
INFO: [USF-XSim-61] Executing 'COMPILE and ANALYZE' step in 'C:/Users/Half Blood Prince/Desktop/Multi-Cycle-MIPS-Basic-IO2/Multi-Cycle-MIPS-Basic-IO.sim/sim_1/behav/xsim'
"xvlog --incr --relax -prj TestBench_IO_vlog.prj"
INFO: [USF-XSim-69] 'compile' step finished in '2' seconds
Command: launch_simulation -simset sim_1 -mode behavioral
INFO: [Vivado 12-5682] Launching behavioral simulation in 'C:/Users/Half Blood Prince/Desktop/Multi-Cycle-MIPS-Basic-IO2/Multi-Cycle-MIPS-Basic-IO.sim/sim_1/behav/xsim'
INFO: [USF-XSim-3] XSim::Elaborate design
INFO: [USF-XSim-61] Executing 'ELABORATE' step in 'C:/Users/Half Blood Prince/Desktop/Multi-Cycle-MIPS-Basic-IO2/Multi-Cycle-MIPS-Basic-IO.sim/sim_1/behav/xsim'
"xelab -wto caae246dfcdc4a1daf81e3e04cb1552d --incr --debug typical --relax --mt 2 -L xil_defaultlib -L unisims_ver -L unimacro_ver -L secureip --snapshot TestBench_IO_behav xil_defaultlib.TestBench_IO xil_defaultlib.glbl -log elaborate.log"
Vivado Simulator 2019.2
Copyright 1986-1999, 2001-2019 Xilinx, Inc. All Rights Reserved.
Running: D:/Applications/Xilinx/Vivado/2019.2/bin/unwrapped/win64.o/xelab.exe -wto caae246dfcdc4a1daf81e3e04cb1552d --incr --debug typical --relax --mt 2 -L xil_defaultlib -L unisims_ver -L unimacro_ver -L secureip --snapshot TestBench_IO_behav xil_defaultlib.TestBench_IO xil_defaultlib.glbl -log elaborate.log 
Using 2 slave threads.
Starting static elaboration
Pass Through NonSizing Optimizer
Completed static elaboration
INFO: [XSIM 43-4323] No Change in HDL. Linking previously generated obj files to create kernel
INFO: [USF-XSim-69] 'elaborate' step finished in '2' seconds
Vivado Simulator 2019.2
Time resolution is 1 ps
relaunch_sim: Time (s): cpu = 00:00:01 ; elapsed = 00:00:08 . Memory (MB): peak = 2260.754 ; gain = 0.000
set_property -name {xsim.simulate.runtime} -value {1000ns} -objects [get_filesets sim_1]
relaunch_sim
Command: launch_simulation -simset sim_1 -mode behavioral
INFO: [Vivado 12-5682] Launching behavioral simulation in 'C:/Users/Half Blood Prince/Desktop/Multi-Cycle-MIPS-Basic-IO2/Multi-Cycle-MIPS-Basic-IO.sim/sim_1/behav/xsim'
INFO: [SIM-utils-51] Simulation object is 'sim_1'
INFO: [SIM-utils-54] Inspecting design source files for 'TestBench_IO' in fileset 'sim_1'...
INFO: [SIM-utils-43] Exported 'C:/Users/Half Blood Prince/Desktop/Multi-Cycle-MIPS-Basic-IO2/Multi-Cycle-MIPS-Basic-IO.sim/sim_1/behav/xsim/TestIO.dat'
INFO: [SIM-utils-43] Exported 'C:/Users/Half Blood Prince/Desktop/Multi-Cycle-MIPS-Basic-IO2/Multi-Cycle-MIPS-Basic-IO.sim/sim_1/behav/xsim/ProgramFile1.dat'
INFO: [SIM-utils-43] Exported 'C:/Users/Half Blood Prince/Desktop/Multi-Cycle-MIPS-Basic-IO2/Multi-Cycle-MIPS-Basic-IO.sim/sim_1/behav/xsim/ProgramFile2.dat'
INFO: [SIM-utils-43] Exported 'C:/Users/Half Blood Prince/Desktop/Multi-Cycle-MIPS-Basic-IO2/Multi-Cycle-MIPS-Basic-IO.sim/sim_1/behav/xsim/ProgramFile1.dat'
INFO: [SIM-utils-43] Exported 'C:/Users/Half Blood Prince/Desktop/Multi-Cycle-MIPS-Basic-IO2/Multi-Cycle-MIPS-Basic-IO.sim/sim_1/behav/xsim/ProgramFile2.dat'
INFO: [USF-XSim-97] Finding global include files...
INFO: [USF-XSim-98] Fetching design files from 'sim_1'...
INFO: [USF-XSim-2] XSim::Compile design
INFO: [USF-XSim-61] Executing 'COMPILE and ANALYZE' step in 'C:/Users/Half Blood Prince/Desktop/Multi-Cycle-MIPS-Basic-IO2/Multi-Cycle-MIPS-Basic-IO.sim/sim_1/behav/xsim'
"xvlog --incr --relax -prj TestBench_IO_vlog.prj"
INFO: [USF-XSim-69] 'compile' step finished in '1' seconds
Command: launch_simulation -simset sim_1 -mode behavioral
INFO: [Vivado 12-5682] Launching behavioral simulation in 'C:/Users/Half Blood Prince/Desktop/Multi-Cycle-MIPS-Basic-IO2/Multi-Cycle-MIPS-Basic-IO.sim/sim_1/behav/xsim'
INFO: [USF-XSim-3] XSim::Elaborate design
INFO: [USF-XSim-61] Executing 'ELABORATE' step in 'C:/Users/Half Blood Prince/Desktop/Multi-Cycle-MIPS-Basic-IO2/Multi-Cycle-MIPS-Basic-IO.sim/sim_1/behav/xsim'
"xelab -wto caae246dfcdc4a1daf81e3e04cb1552d --incr --debug typical --relax --mt 2 -L xil_defaultlib -L unisims_ver -L unimacro_ver -L secureip --snapshot TestBench_IO_behav xil_defaultlib.TestBench_IO xil_defaultlib.glbl -log elaborate.log"
Vivado Simulator 2019.2
Copyright 1986-1999, 2001-2019 Xilinx, Inc. All Rights Reserved.
Running: D:/Applications/Xilinx/Vivado/2019.2/bin/unwrapped/win64.o/xelab.exe -wto caae246dfcdc4a1daf81e3e04cb1552d --incr --debug typical --relax --mt 2 -L xil_defaultlib -L unisims_ver -L unimacro_ver -L secureip --snapshot TestBench_IO_behav xil_defaultlib.TestBench_IO xil_defaultlib.glbl -log elaborate.log 
Using 2 slave threads.
Starting static elaboration
Pass Through NonSizing Optimizer
Completed static elaboration
INFO: [XSIM 43-4323] No Change in HDL. Linking previously generated obj files to create kernel
INFO: [USF-XSim-69] 'elaborate' step finished in '2' seconds
Vivado Simulator 2019.2
Time resolution is 1 ps
relaunch_sim: Time (s): cpu = 00:00:02 ; elapsed = 00:00:07 . Memory (MB): peak = 2280.688 ; gain = 0.000
current_wave_config {Untitled 5}
Untitled 5
add_wave {{/TestBench_IO/top_IO/MemoryDecoder/mux7seg/current_digit}} 
current_wave_config {Untitled 5}
Untitled 5
add_wave {{/TestBench_IO/top_IO/MemoryDecoder/mux7seg/refresh_counter}} 
current_wave_config {Untitled 5}
Untitled 5
add_wave {{/TestBench_IO/top_IO/MemoryDecoder/mux7seg/digit}} 
current_wave_config {Untitled 5}
Untitled 5
add_wave {{/TestBench_IO/top_IO/mips/DP/PC}} 
relaunch_sim
Command: launch_simulation -simset sim_1 -mode behavioral
INFO: [Vivado 12-5682] Launching behavioral simulation in 'C:/Users/Half Blood Prince/Desktop/Multi-Cycle-MIPS-Basic-IO2/Multi-Cycle-MIPS-Basic-IO.sim/sim_1/behav/xsim'
INFO: [SIM-utils-51] Simulation object is 'sim_1'
INFO: [SIM-utils-54] Inspecting design source files for 'TestBench_IO' in fileset 'sim_1'...
INFO: [SIM-utils-43] Exported 'C:/Users/Half Blood Prince/Desktop/Multi-Cycle-MIPS-Basic-IO2/Multi-Cycle-MIPS-Basic-IO.sim/sim_1/behav/xsim/TestIO.dat'
INFO: [SIM-utils-43] Exported 'C:/Users/Half Blood Prince/Desktop/Multi-Cycle-MIPS-Basic-IO2/Multi-Cycle-MIPS-Basic-IO.sim/sim_1/behav/xsim/ProgramFile1.dat'
INFO: [SIM-utils-43] Exported 'C:/Users/Half Blood Prince/Desktop/Multi-Cycle-MIPS-Basic-IO2/Multi-Cycle-MIPS-Basic-IO.sim/sim_1/behav/xsim/ProgramFile2.dat'
INFO: [SIM-utils-43] Exported 'C:/Users/Half Blood Prince/Desktop/Multi-Cycle-MIPS-Basic-IO2/Multi-Cycle-MIPS-Basic-IO.sim/sim_1/behav/xsim/ProgramFile1.dat'
INFO: [SIM-utils-43] Exported 'C:/Users/Half Blood Prince/Desktop/Multi-Cycle-MIPS-Basic-IO2/Multi-Cycle-MIPS-Basic-IO.sim/sim_1/behav/xsim/ProgramFile2.dat'
INFO: [USF-XSim-97] Finding global include files...
INFO: [USF-XSim-98] Fetching design files from 'sim_1'...
INFO: [USF-XSim-2] XSim::Compile design
INFO: [USF-XSim-61] Executing 'COMPILE and ANALYZE' step in 'C:/Users/Half Blood Prince/Desktop/Multi-Cycle-MIPS-Basic-IO2/Multi-Cycle-MIPS-Basic-IO.sim/sim_1/behav/xsim'
"xvlog --incr --relax -prj TestBench_IO_vlog.prj"
INFO: [USF-XSim-69] 'compile' step finished in '1' seconds
Command: launch_simulation -simset sim_1 -mode behavioral
INFO: [Vivado 12-5682] Launching behavioral simulation in 'C:/Users/Half Blood Prince/Desktop/Multi-Cycle-MIPS-Basic-IO2/Multi-Cycle-MIPS-Basic-IO.sim/sim_1/behav/xsim'
INFO: [USF-XSim-3] XSim::Elaborate design
INFO: [USF-XSim-61] Executing 'ELABORATE' step in 'C:/Users/Half Blood Prince/Desktop/Multi-Cycle-MIPS-Basic-IO2/Multi-Cycle-MIPS-Basic-IO.sim/sim_1/behav/xsim'
"xelab -wto caae246dfcdc4a1daf81e3e04cb1552d --incr --debug typical --relax --mt 2 -L xil_defaultlib -L unisims_ver -L unimacro_ver -L secureip --snapshot TestBench_IO_behav xil_defaultlib.TestBench_IO xil_defaultlib.glbl -log elaborate.log"
Vivado Simulator 2019.2
Copyright 1986-1999, 2001-2019 Xilinx, Inc. All Rights Reserved.
Running: D:/Applications/Xilinx/Vivado/2019.2/bin/unwrapped/win64.o/xelab.exe -wto caae246dfcdc4a1daf81e3e04cb1552d --incr --debug typical --relax --mt 2 -L xil_defaultlib -L unisims_ver -L unimacro_ver -L secureip --snapshot TestBench_IO_behav xil_defaultlib.TestBench_IO xil_defaultlib.glbl -log elaborate.log 
Using 2 slave threads.
Starting static elaboration
Pass Through NonSizing Optimizer
Completed static elaboration
INFO: [XSIM 43-4323] No Change in HDL. Linking previously generated obj files to create kernel
INFO: [USF-XSim-69] 'elaborate' step finished in '2' seconds
Vivado Simulator 2019.2
Time resolution is 1 ps
relaunch_sim: Time (s): cpu = 00:00:01 ; elapsed = 00:00:07 . Memory (MB): peak = 2280.688 ; gain = 0.000
save_wave_config {C:/Users/Half Blood Prince/Desktop/Multi-Cycle-MIPS-Basic-IO2/TestBench_IO_behav.wcfg}
add_files -fileset sim_1 -norecurse {{C:/Users/Half Blood Prince/Desktop/Multi-Cycle-MIPS-Basic-IO2/TestBench_IO_behav.wcfg}}
set_property xsim.view {{C:/Users/Half Blood Prince/Desktop/Multi-Cycle-MIPS-Basic-IO2/TestBench_IO_behav.wcfg} {C:/Users/Half Blood Prince/Desktop/Multi-Cycle-MIPS-Basic-IO2/TestBench_IO_behav.wcfg} {C:/Users/Half Blood Prince/Desktop/Multi-Cycle-MIPS-Basic-IO2/TestBench_IO_behav.wcfg}} [get_filesets sim_1]
close_sim
INFO: [Simtcl 6-16] Simulation closed
launch_simulation
Command: launch_simulation 
INFO: [Vivado 12-5682] Launching behavioral simulation in 'C:/Users/Half Blood Prince/Desktop/Multi-Cycle-MIPS-Basic-IO2/Multi-Cycle-MIPS-Basic-IO.sim/sim_1/behav/xsim'
INFO: [SIM-utils-51] Simulation object is 'sim_1'
INFO: [SIM-utils-54] Inspecting design source files for 'TestBench_IO' in fileset 'sim_1'...
INFO: [SIM-utils-43] Exported 'C:/Users/Half Blood Prince/Desktop/Multi-Cycle-MIPS-Basic-IO2/Multi-Cycle-MIPS-Basic-IO.sim/sim_1/behav/xsim/TestIO.dat'
INFO: [SIM-utils-43] Exported 'C:/Users/Half Blood Prince/Desktop/Multi-Cycle-MIPS-Basic-IO2/Multi-Cycle-MIPS-Basic-IO.sim/sim_1/behav/xsim/ProgramFile1.dat'
INFO: [SIM-utils-43] Exported 'C:/Users/Half Blood Prince/Desktop/Multi-Cycle-MIPS-Basic-IO2/Multi-Cycle-MIPS-Basic-IO.sim/sim_1/behav/xsim/ProgramFile2.dat'
INFO: [SIM-utils-43] Exported 'C:/Users/Half Blood Prince/Desktop/Multi-Cycle-MIPS-Basic-IO2/Multi-Cycle-MIPS-Basic-IO.sim/sim_1/behav/xsim/ProgramFile1.dat'
INFO: [SIM-utils-43] Exported 'C:/Users/Half Blood Prince/Desktop/Multi-Cycle-MIPS-Basic-IO2/Multi-Cycle-MIPS-Basic-IO.sim/sim_1/behav/xsim/ProgramFile2.dat'
INFO: [USF-XSim-97] Finding global include files...
INFO: [USF-XSim-98] Fetching design files from 'sim_1'...
INFO: [USF-XSim-2] XSim::Compile design
INFO: [USF-XSim-61] Executing 'COMPILE and ANALYZE' step in 'C:/Users/Half Blood Prince/Desktop/Multi-Cycle-MIPS-Basic-IO2/Multi-Cycle-MIPS-Basic-IO.sim/sim_1/behav/xsim'
"xvlog --incr --relax -prj TestBench_IO_vlog.prj"
INFO: [USF-XSim-69] 'compile' step finished in '1' seconds
INFO: [USF-XSim-3] XSim::Elaborate design
INFO: [USF-XSim-61] Executing 'ELABORATE' step in 'C:/Users/Half Blood Prince/Desktop/Multi-Cycle-MIPS-Basic-IO2/Multi-Cycle-MIPS-Basic-IO.sim/sim_1/behav/xsim'
"xelab -wto caae246dfcdc4a1daf81e3e04cb1552d --incr --debug typical --relax --mt 2 -L xil_defaultlib -L unisims_ver -L unimacro_ver -L secureip --snapshot TestBench_IO_behav xil_defaultlib.TestBench_IO xil_defaultlib.glbl -log elaborate.log"
Vivado Simulator 2019.2
Copyright 1986-1999, 2001-2019 Xilinx, Inc. All Rights Reserved.
Running: D:/Applications/Xilinx/Vivado/2019.2/bin/unwrapped/win64.o/xelab.exe -wto caae246dfcdc4a1daf81e3e04cb1552d --incr --debug typical --relax --mt 2 -L xil_defaultlib -L unisims_ver -L unimacro_ver -L secureip --snapshot TestBench_IO_behav xil_defaultlib.TestBench_IO xil_defaultlib.glbl -log elaborate.log 
Using 2 slave threads.
Starting static elaboration
Pass Through NonSizing Optimizer
Completed static elaboration
INFO: [XSIM 43-4323] No Change in HDL. Linking previously generated obj files to create kernel
INFO: [USF-XSim-69] 'elaborate' step finished in '2' seconds
INFO: [USF-XSim-4] XSim::Simulate design
INFO: [USF-XSim-61] Executing 'SIMULATE' step in 'C:/Users/Half Blood Prince/Desktop/Multi-Cycle-MIPS-Basic-IO2/Multi-Cycle-MIPS-Basic-IO.sim/sim_1/behav/xsim'
INFO: [USF-XSim-98] *** Running xsim
   with args "TestBench_IO_behav -key {Behavioral:sim_1:Functional:TestBench_IO} -tclbatch {TestBench_IO.tcl} -view {{C:/Users/Half Blood Prince/Desktop/Multi-Cycle-MIPS-Basic-IO2/TestBench_IO_behav.wcfg}} -log {simulate.log}"
INFO: [USF-XSim-8] Loading simulator feature
Vivado Simulator 2019.2
Time resolution is 1 ps
open_wave_config {C:/Users/Half Blood Prince/Desktop/Multi-Cycle-MIPS-Basic-IO2/TestBench_IO_behav.wcfg}
source TestBench_IO.tcl
# set curr_wave [current_wave_config]
# if { [string length $curr_wave] == 0 } {
#   if { [llength [get_objects]] > 0} {
#     add_wave /
#     set_property needs_save false [current_wave_config]
#   } else {
#      send_msg_id Add_Wave-1 WARNING "No top level signals found. Simulator will start without a wave window. If you want to open a wave window go to 'File->New Waveform Configuration' or type 'create_wave_config' in the TCL console."
#   }
# }
# run 1000ns
INFO: [USF-XSim-96] XSim completed. Design snapshot 'TestBench_IO_behav' loaded.
INFO: [USF-XSim-97] XSim simulation ran for 1000ns
launch_simulation: Time (s): cpu = 00:00:02 ; elapsed = 00:00:08 . Memory (MB): peak = 2280.688 ; gain = 0.000
close_sim
INFO: [Simtcl 6-16] Simulation closed
set_property needs_refresh false [get_runs synth_1]
set_property needs_refresh false [get_runs impl_1]
exit
INFO: [Common 17-206] Exiting Vivado at Mon Jun  3 20:22:08 2024...
