#-----------------------------------------------------------
# Vivado v2019.2 (64-bit)
# SW Build 2708876 on Wed Nov  6 21:40:23 MST 2019
# IP Build 2700528 on Thu Nov  7 00:09:20 MST 2019
# Start of session at: Mon Jun  3 20:27:04 2024
# Process ID: 5164
# Current directory: C:/Users/Half Blood Prince/Desktop/21307140051_雍崔扬_工程文件
# Command line: vivado.exe -gui_launcher_event rodinguilauncherevent24112 C:\Users\Half Blood Prince\Desktop\21307140051_雍崔扬_工程文件\Multi-Cycle-MIPS-Basic-IO.xpr
# Log file: C:/Users/Half Blood Prince/Desktop/21307140051_雍崔扬_工程文件/vivado.log
# Journal file: C:/Users/Half Blood Prince/Desktop/21307140051_雍崔扬_工程文件\vivado.jou
#-----------------------------------------------------------
start_gui
open_project {C:/Users/Half Blood Prince/Desktop/21307140051_雍崔扬_工程文件/Multi-Cycle-MIPS-Basic-IO.xpr}
INFO: [Project 1-313] Project file moved from 'C:/Users/Half Blood Prince/Desktop/Multi-Cycle-MIPS-Basic-IO2' since last save.
Scanning sources...
Finished scanning sources
INFO: [IP_Flow 19-234] Refreshing IP repositories
INFO: [IP_Flow 19-1704] No user IP repositories specified
INFO: [IP_Flow 19-2313] Loaded Vivado IP repository 'D:/Applications/Xilinx/Vivado/2019.2/data/ip'.
open_project: Time (s): cpu = 00:00:08 ; elapsed = 00:00:06 . Memory (MB): peak = 730.152 ; gain = 95.387
update_compile_order -fileset sources_1
exit
INFO: [Common 17-206] Exiting Vivado at Mon Jun  3 20:28:32 2024...
