#-----------------------------------------------------------
# Vivado v2019.2 (64-bit)
# SW Build 2708876 on Wed Nov  6 21:40:23 MST 2019
# IP Build 2700528 on Thu Nov  7 00:09:20 MST 2019
# Start of session at: Mon Jun  3 19:51:08 2024
# Process ID: 4396
# Current directory: C:/Users/Half Blood Prince/Desktop/MIPS_BasicIO
# Command line: vivado.exe -gui_launcher_event rodinguilauncherevent11528 C:\Users\Half Blood Prince\Desktop\MIPS_BasicIO\MIPS_BasicIO.xpr
# Log file: C:/Users/Half Blood Prince/Desktop/MIPS_BasicIO/vivado.log
# Journal file: C:/Users/Half Blood Prince/Desktop/MIPS_BasicIO\vivado.jou
#-----------------------------------------------------------
start_gui
open_project {C:/Users/Half Blood Prince/Desktop/MIPS_BasicIO/MIPS_BasicIO.xpr}
Scanning sources...
Finished scanning sources
INFO: [IP_Flow 19-234] Refreshing IP repositories
INFO: [IP_Flow 19-1704] No user IP repositories specified
INFO: [IP_Flow 19-2313] Loaded Vivado IP repository 'D:/Applications/Xilinx/Vivado/2019.2/data/ip'.
open_project: Time (s): cpu = 00:00:11 ; elapsed = 00:00:06 . Memory (MB): peak = 739.820 ; gain = 100.066
update_compile_order -fileset sources_1
exit
INFO: [Common 17-206] Exiting Vivado at Mon Jun  3 19:52:00 2024...
