#
# A fatal error has been detected by the Java Runtime Environment:
#
#  EXCEPTION_ACCESS_VIOLATION (0xc0000005) at pc=0x00007ffc6900ed95, pid=596, tid=20680
#
# JRE version: Java(TM) SE Runtime Environment (9.0+11) (build 9.0.4+11)
# Java VM: Java HotSpot(TM) 64-Bit Server VM (9.0.4+11, mixed mode, tiered, compressed oops, g1 gc, windows-amd64)
# Problematic frame:
# C  [librdi_common.dll+0x17ed95]
#
# No core dump will be written. Minidumps are not enabled by default on client versions of Windows
#
# If you would like to submit a bug report, please visit:
#   http://bugreport.java.com/bugreport/crash.jsp
# The crash happened outside the Java Virtual Machine in native code.
# See problematic frame for where to report the bug.
#

---------------  S U M M A R Y ------------

Command Line: -Dsun.java2d.pmoffscreen=false -Dsun.java2d.xrender=false -Dsun.java2d.d3d=false -Dsun.awt.nopixfmt=true -Dsun.java2d.dpiaware=true -Dsun.java2d.uiScale.enabled=false -Xverify:none -Dswing.aatext=true -XX:-UsePerfData -Djdk.map.althashing.threshold=512 -XX:StringTableSize=4072 --add-opens=java.base/java.nio=ALL-UNNAMED --add-opens=java.desktop/sun.swing=ALL-UNNAMED --add-opens=java.desktop/javax.swing=ALL-UNNAMED --add-opens=java.desktop/javax.swing.tree=ALL-UNNAMED --add-opens=java.desktop/javax.swing.plaf.basic=ALL-UNNAMED --add-opens=java.desktop/javax.swing.plaf.synth=ALL-UNNAMED --add-opens=java.desktop/com.sun.awt=ALL-UNNAMED -XX:NewSize=60m -XX:MaxNewSize=60m -Xms128m -Xmx3072m -Xss5m 

Host: Intel(R) Core(TM) i5-10210U CPU @ 1.60GHz, 8 cores, 7G,  Windows 10 , 64 bit Build 22621 (10.0.22621.3527)
Time: Sun Jun 02 14:20:47 2024 ?D1¨²¡À¨º¡Á?¨º¡À?? elapsed time: 39 seconds (0d 0h 0m 39s)

---------------  T H R E A D  ---------------

Current thread (0x0000018535ca4800):  JavaThread "AWT-EventQueue-1" [_thread_in_native, id=20680, stack(0x0000002d1d500000,0x0000002d1da00000)]

Stack: [0x0000002d1d500000,0x0000002d1da00000],  sp=0x0000002d1d9faad0,  free space=5098k
Native frames: (J=compiled Java code, j=interpreted, Vv=VM code, C=native code)
C  [librdi_common.dll+0x17ed95]
C  [librdi_common.dll+0x173b75]
C  [librdi_common.dll+0x13cd4a]
C  [librdi_wavedata.dll+0x1e21df]
C  [librdi_wavedata.dll+0x2621ef]
C  [librdi_wavedata.dll+0x269f09]
C  [librdi_wavedata.dll+0x23a6cb]
C  [librdi_wavedata.dll+0x276e97]
C  0x000001851eed921c

Java frames: (J=compiled Java code, j=interpreted, Vv=VM code)
j  ui.views.waveform.waveformi.WVExecutive_getTooltipTextDelayed(J)Ljava/lang/String;+0
j  ui.views.waveform.executive.a.gZU()Ljava/lang/String;+4
j  ui.views.waveform.b.a.bJ(Ljava/awt/event/MouseEvent;)V+85
j  ui.views.waveform.b.a.bI(Ljava/awt/event/MouseEvent;)V+24
j  ui.views.waveform.b.a.mouseMoved(Ljava/awt/event/MouseEvent;)V+28
J 14154 c1 java.awt.AWTEventMulticaster.mouseMoved(Ljava/awt/event/MouseEvent;)V java.desktop@9.0.4 (27 bytes) @ 0x000001851f57fd44 [0x000001851f57f980+0x00000000000003c4]
J 14154 c1 java.awt.AWTEventMulticaster.mouseMoved(Ljava/awt/event/MouseEvent;)V java.desktop@9.0.4 (27 bytes) @ 0x000001851f57fb8c [0x000001851f57f980+0x000000000000020c]
J 14454 c1 java.awt.Component.processMouseMotionEvent(Ljava/awt/event/MouseEvent;)V java.desktop@9.0.4 (58 bytes) @ 0x00000185206fe204 [0x00000185206fdf60+0x00000000000002a4]
J 14453 c1 javax.swing.JComponent.processMouseMotionEvent(Ljava/awt/event/MouseEvent;)V java.desktop@9.0.4 (46 bytes) @ 0x00000185207e8fec [0x00000185207e8a40+0x00000000000005ac]
j  ui.frmwork.c.i.processMouseMotionEvent(Ljava/awt/event/MouseEvent;)V+109
J 13225 c2 java.awt.Container.processEvent(Ljava/awt/AWTEvent;)V java.desktop@9.0.4 (22 bytes) @ 0x000001852746ac18 [0x000001852746aaa0+0x0000000000000178]
J 14371 c1 java.awt.Component.dispatchEventImpl(Ljava/awt/AWTEvent;)V java.desktop@9.0.4 (739 bytes) @ 0x000001852157360c [0x000001852156f9a0+0x0000000000003c6c]
J 13105 c2 java.awt.Container.dispatchEventImpl(Ljava/awt/AWTEvent;)V java.desktop@9.0.4 (129 bytes) @ 0x0000018527440bd8 [0x0000018527440b80+0x0000000000000058]
J 12427 c1 java.awt.LightweightDispatcher.retargetMouseEvent(Ljava/awt/Component;ILjava/awt/event/MouseEvent;)V java.desktop@9.0.4 (350 bytes) @ 0x000001851ffaee74 [0x000001851ffac9c0+0x00000000000024b4]
J 12874 c1 java.awt.LightweightDispatcher.processMouseEvent(Ljava/awt/event/MouseEvent;)Z java.desktop@9.0.4 (265 bytes) @ 0x0000018521189fcc [0x00000185211890c0+0x0000000000000f0c]
J 13105 c2 java.awt.Container.dispatchEventImpl(Ljava/awt/AWTEvent;)V java.desktop@9.0.4 (129 bytes) @ 0x0000018527440ed0 [0x0000018527440b80+0x0000000000000350]
J 12197 c1 java.awt.Window.dispatchEventImpl(Ljava/awt/AWTEvent;)V java.desktop@9.0.4 (23 bytes) @ 0x0000018521069e74 [0x00000185210698a0+0x00000000000005d4]
J 15329 c2 java.awt.EventQueue$3.run()Ljava/lang/Object; java.desktop@9.0.4 (5 bytes) @ 0x00000185276a78bc [0x00000185276a7700+0x00000000000001bc]
v  ~StubRoutines::call_stub
J 3781  java.security.AccessController.doPrivileged(Ljava/security/PrivilegedAction;Ljava/security/AccessControlContext;)Ljava/lang/Object; java.base@9.0.4 (0 bytes) @ 0x0000018526bb30c6 [0x0000018526bb3060+0x0000000000000066]
J 10873 c1 java.awt.EventQueue$4.run()Ljava/lang/Object; java.desktop@9.0.4 (5 bytes) @ 0x000001851fd7a854 [0x000001851fd7a460+0x00000000000003f4]
v  ~StubRoutines::call_stub
J 3781  java.security.AccessController.doPrivileged(Ljava/security/PrivilegedAction;Ljava/security/AccessControlContext;)Ljava/lang/Object; java.base@9.0.4 (0 bytes) @ 0x0000018526bb30c6 [0x0000018526bb3060+0x0000000000000066]
J 15243 c2 ui.frmwork.b.d.dispatchEvent(Ljava/awt/AWTEvent;)V (34 bytes) @ 0x0000018527674ca8 [0x0000018527674880+0x0000000000000428]
J 15263 c2 java.awt.EventDispatchThread.pumpOneEventForFilters(I)V java.desktop@9.0.4 (218 bytes) @ 0x0000018527691060 [0x00000185276904c0+0x0000000000000ba0]
j  java.awt.EventDispatchThread.pumpEventsForFilter(ILjava/awt/Conditional;Ljava/awt/EventFilter;)V+35 java.desktop@9.0.4
j  java.awt.EventDispatchThread.pumpEventsForHierarchy(ILjava/awt/Conditional;Ljava/awt/Component;)V+11 java.desktop@9.0.4
j  java.awt.EventDispatchThread.pumpEvents(ILjava/awt/Conditional;)V+4 java.desktop@9.0.4
j  java.awt.EventDispatchThread.pumpEvents(Ljava/awt/Conditional;)V+3 java.desktop@9.0.4
j  java.awt.EventDispatchThread.run()V+9 java.desktop@9.0.4
v  ~StubRoutines::call_stub

siginfo: EXCEPTION_ACCESS_VIOLATION (0xc0000005), reading address 0xffffffffffffffff


Register to memory mapping:

RIP=0x00007ffc6900ed95 librdi_common.dll
RAX=0x000001850a0c5501 is an unknown value
RBX=0x90016f005f9ee6f9 is an unknown value
RCX=0x000001850a0c55d0 is an unknown value
RDX=0x90016f005f9ee6f9 is an unknown value
RSP=0x0000002d1d9faad0 is pointing into the stack for thread: 0x0000018535ca4800
RBP=0x0000002d1d9fac00 is pointing into the stack for thread: 0x0000018535ca4800
RSI=0x000001853aaeec70 is an unknown value
RDI=0x0000002d1d9face8 is pointing into the stack for thread: 0x0000018535ca4800
R8 =0x0000002d1d9face8 is pointing into the stack for thread: 0x0000018535ca4800
R9 =0x0000000000000000 is an unknown value
R10=0x00007ffca9550000 VCRUNTIME140.dll
R11=0x12fc2210ffb8a43c is an unknown value
R12=0x0000002d1d9face8 is pointing into the stack for thread: 0x0000018535ca4800
R13=0x0000000000000000 is an unknown value
R14=0x000001850a545840 is an unknown value
R15=0x90016f005f9ee6f9 is an unknown value


Registers:
RAX=0x000001850a0c5501, RBX=0x90016f005f9ee6f9, RCX=0x000001850a0c55d0, RDX=0x90016f005f9ee6f9
RSP=0x0000002d1d9faad0, RBP=0x0000002d1d9fac00, RSI=0x000001853aaeec70, RDI=0x0000002d1d9face8
R8 =0x0000002d1d9face8, R9 =0x0000000000000000, R10=0x00007ffca9550000, R11=0x12fc2210ffb8a43c
R12=0x0000002d1d9face8, R13=0x0000000000000000, R14=0x000001850a545840, R15=0x90016f005f9ee6f9
RIP=0x00007ffc6900ed95, EFLAGS=0x0000000000010202

Top of Stack: (sp=0x0000002d1d9faad0)
0x0000002d1d9faad0:   fffffffffffffffe 000001853d31e820
0x0000002d1d9faae0:   00000000000050c8 90016f005f9ee6f9
0x0000002d1d9faaf0:   90016f005f9ee6f9 00007ffc69003b75
0x0000002d1d9fab00:   000001853d31e7b8 00007ffca8af2648
0x0000002d1d9fab10:   000001853d31e7b8 0000000000000019
0x0000002d1d9fab20:   00008921f220b5c6 000001853d31e7b8
0x0000002d1d9fab30:   0000000000000002 00007ffc6906c825
0x0000002d1d9fab40:   000001853abd1600 000001853d31e7d8
0x0000002d1d9fab50:   0000002d1d9fae80 00007ffc69d1dbc0
0x0000002d1d9fab60:   fffffffffffffffe 00007ffc69628aad
0x0000002d1d9fab70:   fffffffffffffffe 00007ffc69d1dbc0
0x0000002d1d9fab80:   000001853d31e790 000001850a543728
0x0000002d1d9fab90:   0000002d1d9face8 00007ffc6906bb16
0x0000002d1d9faba0:   000001853d31e790 0000002d1d9face8
0x0000002d1d9fabb0:   0000018500000002 0000000000000000
0x0000002d1d9fabc0:   fffffffffffffffe 000000000000000f 

Instructions: (pc=0x00007ffc6900ed95)
0x00007ffc6900ed75:   20 48 8b d9 e8 22 c4 04 00 48 8b c8 48 8b d3 e8
0x00007ffc6900ed85:   27 0d 05 00 84 c0 75 08 33 c0 48 83 c4 20 5b c3
0x00007ffc6900ed95:   48 8b 4b 50 48 85 c9 74 0a 48 83 c4 20 5b e9 68
0x00007ffc6900eda5:   e2 04 00 48 8b d3 48 8d 0d 66 ce 78 00 e8 59 b7 



---------------  P R O C E S S  ---------------

Java Threads: ( => current thread )
  0x000001853cd81800 JavaThread "Relaunch Simulation Thread" [_thread_blocked, id=16576, stack(0x0000002d20a00000,0x0000002d20f00000)]
  0x000001853cd87800 JavaThread "Image Fetcher 1" daemon [_thread_blocked, id=17568, stack(0x0000002d1da00000,0x0000002d1df00000)]
  0x000001853cd85800 JavaThread "Image Fetcher 0" daemon [_thread_blocked, id=4492, stack(0x0000002d1c600000,0x0000002d1cb00000)]
  0x000001853cd7f800 JavaThread "SyntheticaAnimation 50" daemon [_thread_blocked, id=19628, stack(0x0000002d21700000,0x0000002d21c00000)]
  0x000001853cd81000 JavaThread "Update Runs Swing Worker Thread" [_thread_blocked, id=5136, stack(0x0000002d20f00000,0x0000002d21400000)]
  0x000001853cd80000 JavaThread "hw_ila_monitor" [_thread_blocked, id=21848, stack(0x0000002d20500000,0x0000002d20a00000)]
  0x000001850ffed800 JavaThread "Refresh Filesets Swing Worker Thread" [_thread_blocked, id=18168, stack(0x0000002d20000000,0x0000002d20500000)]
  0x000001850ffec800 JavaThread "SyntheticaAnimation 70" daemon [_thread_blocked, id=19328, stack(0x0000002d1fb00000,0x0000002d20000000)]
  0x000001850ffeb000 JavaThread "SyntheticaAnimation 25" daemon [_thread_blocked, id=21100, stack(0x0000002d1f100000,0x0000002d1f600000)]
  0x000001850ffe9800 JavaThread "SyntheticaAnimation 50" daemon [_thread_blocked, id=21396, stack(0x0000002d1ec00000,0x0000002d1f100000)]
  0x000001850ffe9000 JavaThread "Monitor HEventQueue Thread" [_thread_blocked, id=10740, stack(0x0000002d1e700000,0x0000002d1ec00000)]
  0x000001850ffe8000 JavaThread "SyntheticaCleanerThread" daemon [_thread_blocked, id=12972, stack(0x0000002d1df00000,0x0000002d1e400000)]
  0x000001850ffef000 JavaThread "Batik CleanerThread" daemon [_thread_blocked, id=9552, stack(0x0000002d1cb00000,0x0000002d1d000000)]
=>0x0000018535ca4800 JavaThread "AWT-EventQueue-1" [_thread_in_native, id=20680, stack(0x0000002d1d500000,0x0000002d1da00000)]
  0x0000018518059000 JavaThread "Process Messages Thread" [_thread_blocked, id=14724, stack(0x0000002d1d000000,0x0000002d1d500000)]
  0x0000018517e93000 JavaThread "Thread-1" [_thread_in_native, id=15108, stack(0x0000002d15e00000,0x0000002d17200000)]
  0x0000018517fac800 JavaThread "TimerQueue" daemon [_thread_blocked, id=15584, stack(0x0000002d1c100000,0x0000002d1c600000)]
  0x0000018517b2b000 JavaThread "AWT-Windows" daemon [_thread_in_native, id=21776, stack(0x0000002d1bc00000,0x0000002d1c100000)]
  0x000001851754d000 JavaThread "AWT-Shutdown" [_thread_blocked, id=10552, stack(0x0000002d1b700000,0x0000002d1bc00000)]
  0x0000018517b64000 JavaThread "Java2D Disposer" daemon [_thread_blocked, id=15140, stack(0x0000002d1b200000,0x0000002d1b700000)]
  0x00000185175b4800 JavaThread "Service Thread" daemon [_thread_blocked, id=14780, stack(0x0000002d1ac00000,0x0000002d1b100000)]
  0x0000018510011800 JavaThread "Common-Cleaner" daemon [_thread_blocked, id=10108, stack(0x0000002d1a700000,0x0000002d1ac00000)]
  0x000001850ffee000 JavaThread "Sweeper thread" daemon [_thread_blocked, id=16680, stack(0x0000002d1a200000,0x0000002d1a700000)]
  0x000001850ffbe800 JavaThread "C1 CompilerThread3" daemon [_thread_blocked, id=19360, stack(0x0000002d1a100000,0x0000002d1a200000)]
  0x000001850ffbd800 JavaThread "C2 CompilerThread2" daemon [_thread_blocked, id=21580, stack(0x0000002d1a000000,0x0000002d1a100000)]
  0x000001850ffbc000 JavaThread "C2 CompilerThread1" daemon [_thread_blocked, id=13624, stack(0x0000002d19f00000,0x0000002d1a000000)]
  0x000001850ffbb800 JavaThread "C2 CompilerThread0" daemon [_thread_blocked, id=17852, stack(0x0000002d19e00000,0x0000002d19f00000)]
  0x000001850ffba800 JavaThread "Attach Listener" daemon [_thread_blocked, id=15716, stack(0x0000002d19900000,0x0000002d19e00000)]
  0x00000185112c1800 JavaThread "Signal Dispatcher" daemon [_thread_blocked, id=18716, stack(0x0000002d19400000,0x0000002d19900000)]
  0x0000018516b42800 JavaThread "Finalizer" daemon [_thread_blocked, id=17652, stack(0x0000002d18f00000,0x0000002d19400000)]
  0x0000018516b40800 JavaThread "Reference Handler" daemon [_thread_blocked, id=11724, stack(0x0000002d18a00000,0x0000002d18f00000)]
  0x0000018517255000 JavaThread "main" [_thread_blocked, id=19008, stack(0x0000002d15d00000,0x0000002d15e00000)]

Other Threads:
  0x0000018510d13800 VMThread "VM Thread" [stack: 0x0000002d18900000,0x0000002d18a00000] [id=19260]
  0x00000185175b5000 WatcherThread [stack: 0x0000002d1b100000,0x0000002d1b200000] [id=10280]
  0x000001851690e000 GCTaskThread "GC Thread#0" [stack: 0x0000002d17500000,0x0000002d17600000] [id=12872]
  0x000001851690a000 GCTaskThread "GC Thread#1" [stack: 0x0000002d17600000,0x0000002d17700000] [id=21052]
  0x0000018516907800 GCTaskThread "GC Thread#2" [stack: 0x0000002d17700000,0x0000002d17800000] [id=14784]
  0x0000018516908000 GCTaskThread "GC Thread#3" [stack: 0x0000002d17800000,0x0000002d17900000] [id=11960]
  0x000001851690c800 GCTaskThread "GC Thread#4" [stack: 0x0000002d17900000,0x0000002d17a00000] [id=1992]
  0x000001851690d000 GCTaskThread "GC Thread#5" [stack: 0x0000002d17a00000,0x0000002d17b00000] [id=6344]
  0x000001851690b800 GCTaskThread "GC Thread#6" [stack: 0x0000002d17b00000,0x0000002d17c00000] [id=7504]
  0x000001851690d800 GCTaskThread "GC Thread#7" [stack: 0x0000002d17c00000,0x0000002d17d00000] [id=12948]
  0x000001850d31b800 ConcurrentGCThread "G1 Main Marker" [stack: 0x0000002d18600000,0x0000002d18700000] [id=20176]
  0x0000018516908800 ConcurrentGCThread "G1 Marker#0" [stack: 0x0000002d18700000,0x0000002d18800000] [id=12504]
  0x0000018516909000 ConcurrentGCThread "G1 Marker#1" [stack: 0x0000002d18800000,0x0000002d18900000] [id=8724]
  0x0000018516913800 ConcurrentGCThread "G1 Refine#0" [stack: 0x0000002d18400000,0x0000002d18500000] [id=16624]
  0x000001850d79d000 ConcurrentGCThread "G1 Refine#1" [stack: 0x0000002d18300000,0x0000002d18400000] [id=5976]
  0x0000018516f2e800 ConcurrentGCThread "G1 Refine#2" [stack: 0x0000002d18200000,0x0000002d18300000] [id=16172]
  0x0000018516f2e000 ConcurrentGCThread "G1 Refine#3" [stack: 0x0000002d18100000,0x0000002d18200000] [id=16164]
  0x0000018516f2d800 ConcurrentGCThread "G1 Refine#4" [stack: 0x0000002d18000000,0x0000002d18100000] [id=21180]
  0x0000018516e83800 ConcurrentGCThread "G1 Refine#5" [stack: 0x0000002d17f00000,0x0000002d18000000] [id=12516]
  0x0000018516684800 ConcurrentGCThread "G1 Refine#6" [stack: 0x0000002d17e00000,0x0000002d17f00000] [id=19892]
  0x0000018517175800 ConcurrentGCThread "G1 Refine#7" [stack: 0x0000002d17d00000,0x0000002d17e00000] [id=17260]
  0x0000018516914000 ConcurrentGCThread "G1 Young RemSet Sampling" [stack: 0x0000002d18500000,0x0000002d18600000] [id=22308]

Threads with active compile tasks:

VM state:not at safepoint (normal execution)

VM Mutex/Monitor currently owned by a thread: None

Heap address: 0x0000000700000000, size: 3072 MB, Compressed Oops mode: Zero based, Oop shift amount: 3
Narrow klass base: 0x0000000000000000, Narrow klass shift: 3
Compressed class space size: 1073741824 Address: 0x00000007c0000000

Heap:
 garbage-first heap   total 193536K, used 108159K [0x0000000700000000, 0x00000007001005e8, 0x00000007c0000000)
  region size 1024K, 43 young (44032K), 1 survivors (1024K)
 Metaspace       used 76792K, capacity 82365K, committed 82640K, reserved 1120256K
  class space    used 10742K, capacity 11721K, committed 11772K, reserved 1048576K
Heap Regions: E=young(eden), S=young(survivor), O=old, HS=humongous(starts), HC=humongous(continues), CS=collection set, F=free, A=archive, TS=gc time stamp, AC=allocation context, TAMS=top-at-mark-start (previous, next)
|   0|0x0000000700000000, 0x00000007000e5800, 0x0000000700100000| 89%| O|  |TS  0|AC  0|TAMS 0x0000000700000000, 0x0000000700000000|
|   1|0x0000000700100000, 0x00000007001ffbd0, 0x0000000700200000| 99%| O|  |TS  0|AC  0|TAMS 0x0000000700100000, 0x0000000700100000|
|   2|0x0000000700200000, 0x00000007002d8830, 0x0000000700300000| 84%| O|  |TS  0|AC  0|TAMS 0x0000000700200000, 0x0000000700200000|
|   3|0x0000000700300000, 0x00000007003fb3d0, 0x0000000700400000| 98%| O|  |TS  0|AC  0|TAMS 0x0000000700300000, 0x0000000700300000|
|   4|0x0000000700400000, 0x0000000700500000, 0x0000000700500000|100%|HS|  |TS  0|AC  0|TAMS 0x0000000700400000, 0x0000000700400000|
|   5|0x0000000700500000, 0x0000000700600000, 0x0000000700600000|100%|HC|  |TS  0|AC  0|TAMS 0x0000000700500000, 0x0000000700500000|
|   6|0x0000000700600000, 0x0000000700700000, 0x0000000700700000|100%|HS|  |TS  0|AC  0|TAMS 0x0000000700600000, 0x0000000700600000|
|   7|0x0000000700700000, 0x00000007007f3fa0, 0x0000000700800000| 95%| O|  |TS  0|AC  0|TAMS 0x0000000700700000, 0x0000000700700000|
|   8|0x0000000700800000, 0x00000007008dcf28, 0x0000000700900000| 86%| O|  |TS  0|AC  0|TAMS 0x0000000700800000, 0x0000000700800000|
|   9|0x0000000700900000, 0x00000007009ea5c0, 0x0000000700a00000| 91%| O|  |TS  0|AC  0|TAMS 0x0000000700900000, 0x0000000700900000|
|  10|0x0000000700a00000, 0x0000000700affff8, 0x0000000700b00000| 99%| O|  |TS  0|AC  0|TAMS 0x0000000700a00000, 0x0000000700a00000|
|  11|0x0000000700b00000, 0x0000000700bf7440, 0x0000000700c00000| 96%| O|  |TS  0|AC  0|TAMS 0x0000000700b00000, 0x0000000700b00000|
|  12|0x0000000700c00000, 0x0000000700cfffe0, 0x0000000700d00000| 99%| O|  |TS  0|AC  0|TAMS 0x0000000700c00000, 0x0000000700c00000|
|  13|0x0000000700d00000, 0x0000000700dfcb10, 0x0000000700e00000| 98%| O|  |TS  0|AC  0|TAMS 0x0000000700d00000, 0x0000000700d00000|
|  14|0x0000000700e00000, 0x0000000700effff0, 0x0000000700f00000| 99%| O|  |TS  0|AC  0|TAMS 0x0000000700e00000, 0x0000000700e00000|
|  15|0x0000000700f00000, 0x0000000700fc1e20, 0x0000000701000000| 75%| O|  |TS  0|AC  0|TAMS 0x0000000700f00000, 0x0000000700f00000|
|  16|0x0000000701000000, 0x00000007010ffff0, 0x0000000701100000| 99%| O|  |TS  0|AC  0|TAMS 0x0000000701000000, 0x0000000701000000|
|  17|0x0000000701100000, 0x00000007011ffb58, 0x0000000701200000| 99%| O|  |TS  0|AC  0|TAMS 0x0000000701100000, 0x0000000701100000|
|  18|0x0000000701200000, 0x00000007012fff20, 0x0000000701300000| 99%| O|  |TS  0|AC  0|TAMS 0x0000000701200000, 0x0000000701200000|
|  19|0x0000000701300000, 0x0000000701400000, 0x0000000701400000|100%| O|  |TS  0|AC  0|TAMS 0x0000000701300000, 0x0000000701300000|
|  20|0x0000000701400000, 0x00000007014ffee8, 0x0000000701500000| 99%| O|  |TS  0|AC  0|TAMS 0x0000000701400000, 0x0000000701400000|
|  21|0x0000000701500000, 0x0000000701600000, 0x0000000701600000|100%|HS|  |TS  0|AC  0|TAMS 0x0000000701500000, 0x0000000701500000|
|  22|0x0000000701600000, 0x0000000701700000, 0x0000000701700000|100%|HC|  |TS  0|AC  0|TAMS 0x0000000701600000, 0x0000000701600000|
|  23|0x0000000701700000, 0x00000007017ffff0, 0x0000000701800000| 99%| O|  |TS  0|AC  0|TAMS 0x0000000701700000, 0x0000000701700000|
|  24|0x0000000701800000, 0x00000007018fffb8, 0x0000000701900000| 99%| O|  |TS  0|AC  0|TAMS 0x0000000701800000, 0x0000000701800000|
|  25|0x0000000701900000, 0x0000000701a00000, 0x0000000701a00000|100%| O|  |TS  0|AC  0|TAMS 0x0000000701900000, 0x0000000701900000|
|  26|0x0000000701a00000, 0x0000000701b00000, 0x0000000701b00000|100%| O|  |TS  0|AC  0|TAMS 0x0000000701a00000, 0x0000000701a00000|
|  27|0x0000000701b00000, 0x0000000701bfff10, 0x0000000701c00000| 99%| O|  |TS  0|AC  0|TAMS 0x0000000701b00000, 0x0000000701b00000|
|  28|0x0000000701c00000, 0x0000000701cff270, 0x0000000701d00000| 99%| O|  |TS  0|AC  0|TAMS 0x0000000701c00000, 0x0000000701c00000|
|  29|0x0000000701d00000, 0x0000000701dfffe8, 0x0000000701e00000| 99%| O|  |TS  0|AC  0|TAMS 0x0000000701d00000, 0x0000000701d00000|
|  30|0x0000000701e00000, 0x0000000701eff808, 0x0000000701f00000| 99%| O|  |TS  0|AC  0|TAMS 0x0000000701e00000, 0x0000000701e00000|
|  31|0x0000000701f00000, 0x0000000701fffff0, 0x0000000702000000| 99%| O|  |TS  0|AC  0|TAMS 0x0000000701f00000, 0x0000000701f00000|
|  32|0x0000000702000000, 0x0000000702100000, 0x0000000702100000|100%| O|  |TS  0|AC  0|TAMS 0x0000000702000000, 0x0000000702000000|
|  33|0x0000000702100000, 0x00000007021ffff8, 0x0000000702200000| 99%| O|  |TS  0|AC  0|TAMS 0x0000000702100000, 0x0000000702100000|
|  34|0x0000000702200000, 0x0000000702300000, 0x0000000702300000|100%| O|  |TS  0|AC  0|TAMS 0x0000000702200000, 0x0000000702200000|
|  35|0x0000000702300000, 0x00000007023ffff8, 0x0000000702400000| 99%| O|  |TS  0|AC  0|TAMS 0x0000000702300000, 0x0000000702300000|
|  36|0x0000000702400000, 0x00000007024fffe8, 0x0000000702500000| 99%| O|  |TS  0|AC  0|TAMS 0x0000000702400000, 0x0000000702400000|
|  37|0x0000000702500000, 0x00000007025fb000, 0x0000000702600000| 98%| O|  |TS  0|AC  0|TAMS 0x0000000702500000, 0x0000000702500000|
|  38|0x0000000702600000, 0x00000007026ffff0, 0x0000000702700000| 99%| O|  |TS  0|AC  0|TAMS 0x0000000702600000, 0x0000000702600000|
|  39|0x0000000702700000, 0x00000007027ffff8, 0x0000000702800000| 99%| O|  |TS  0|AC  0|TAMS 0x0000000702700000, 0x0000000702700000|
|  40|0x0000000702800000, 0x0000000702900000, 0x0000000702900000|100%| O|  |TS  0|AC  0|TAMS 0x0000000702800000, 0x0000000702800000|
|  41|0x0000000702900000, 0x0000000702a00000, 0x0000000702a00000|100%| O|  |TS  0|AC  0|TAMS 0x0000000702900000, 0x0000000702900000|
|  42|0x0000000702a00000, 0x0000000702affff8, 0x0000000702b00000| 99%| O|  |TS  0|AC  0|TAMS 0x0000000702a00000, 0x0000000702a00000|
|  43|0x0000000702b00000, 0x0000000702bfffc0, 0x0000000702c00000| 99%| O|  |TS  0|AC  0|TAMS 0x0000000702b00000, 0x0000000702b00000|
|  44|0x0000000702c00000, 0x0000000702cffff8, 0x0000000702d00000| 99%| O|  |TS  0|AC  0|TAMS 0x0000000702c00000, 0x0000000702c00000|
|  45|0x0000000702d00000, 0x0000000702dfffc8, 0x0000000702e00000| 99%| O|  |TS  0|AC  0|TAMS 0x0000000702d00000, 0x0000000702d00000|
|  46|0x0000000702e00000, 0x0000000702effff8, 0x0000000702f00000| 99%| O|  |TS  0|AC  0|TAMS 0x0000000702e00000, 0x0000000702e00000|
|  47|0x0000000702f00000, 0x0000000702fffff8, 0x0000000703000000| 99%| O|  |TS  0|AC  0|TAMS 0x0000000702f00000, 0x0000000702f00000|
|  48|0x0000000703000000, 0x00000007030ffff8, 0x0000000703100000| 99%| O|  |TS  0|AC  0|TAMS 0x0000000703000000, 0x0000000703000000|
|  49|0x0000000703100000, 0x00000007031ffff0, 0x0000000703200000| 99%| O|  |TS  0|AC  0|TAMS 0x0000000703100000, 0x0000000703100000|
|  50|0x0000000703200000, 0x0000000703300000, 0x0000000703300000|100%|HS|  |TS  0|AC  0|TAMS 0x0000000703200000, 0x0000000703200000|
|  51|0x0000000703300000, 0x0000000703400000, 0x0000000703400000|100%|HC|  |TS  0|AC  0|TAMS 0x0000000703300000, 0x0000000703300000|
|  52|0x0000000703400000, 0x0000000703500000, 0x0000000703500000|100%|HC|  |TS  0|AC  0|TAMS 0x0000000703400000, 0x0000000703400000|
|  53|0x0000000703500000, 0x0000000703600000, 0x0000000703600000|100%|HC|  |TS  0|AC  0|TAMS 0x0000000703500000, 0x0000000703500000|
|  54|0x0000000703600000, 0x0000000703700000, 0x0000000703700000|100%|HC|  |TS  0|AC  0|TAMS 0x0000000703600000, 0x0000000703600000|
|  55|0x0000000703700000, 0x0000000703800000, 0x0000000703800000|100%|HC|  |TS  0|AC  0|TAMS 0x0000000703700000, 0x0000000703700000|
|  56|0x0000000703800000, 0x0000000703900000, 0x0000000703900000|100%|HC|  |TS  0|AC  0|TAMS 0x0000000703800000, 0x0000000703800000|
|  57|0x0000000703900000, 0x00000007039fffe8, 0x0000000703a00000| 99%| O|  |TS  0|AC  0|TAMS 0x0000000703900000, 0x0000000703900000|
|  58|0x0000000703a00000, 0x0000000703afffd8, 0x0000000703b00000| 99%| O|  |TS  0|AC  0|TAMS 0x0000000703a00000, 0x0000000703a00000|
|  59|0x0000000703b00000, 0x0000000703c00000, 0x0000000703c00000|100%|HS|  |TS  0|AC  0|TAMS 0x0000000703b00000, 0x0000000703b00000|
|  60|0x0000000703c00000, 0x0000000703d00000, 0x0000000703d00000|100%|HS|  |TS  0|AC  0|TAMS 0x0000000703c00000, 0x0000000703c00000|
|  61|0x0000000703d00000, 0x0000000703dffff0, 0x0000000703e00000| 99%| O|  |TS  0|AC  0|TAMS 0x0000000703d00000, 0x0000000703d00000|
|  62|0x0000000703e00000, 0x0000000703f00000, 0x0000000703f00000|100%|HS|  |TS  0|AC  0|TAMS 0x0000000703e00000, 0x0000000703e00000|
|  63|0x0000000703f00000, 0x0000000703f90618, 0x0000000704000000| 56%| O|  |TS  0|AC  0|TAMS 0x0000000703f00000, 0x0000000703f00000|
|  64|0x0000000704000000, 0x0000000704000000, 0x0000000704100000|  0%| F|  |TS  0|AC  0|TAMS 0x0000000704000000, 0x0000000704000000|
|  65|0x0000000704100000, 0x0000000704100000, 0x0000000704200000|  0%| F|  |TS  0|AC  0|TAMS 0x0000000704100000, 0x0000000704100000|
|  66|0x0000000704200000, 0x0000000704200000, 0x0000000704300000|  0%| F|  |TS  0|AC  0|TAMS 0x0000000704200000, 0x0000000704200000|
|  67|0x0000000704300000, 0x0000000704400000, 0x0000000704400000|100%|HS|  |TS  0|AC  0|TAMS 0x0000000704300000, 0x0000000704300000|
|  68|0x0000000704400000, 0x0000000704400000, 0x0000000704500000|  0%| F|  |TS  0|AC  0|TAMS 0x0000000704400000, 0x0000000704400000|
|  69|0x0000000704500000, 0x0000000704500000, 0x0000000704600000|  0%| F|  |TS  0|AC  0|TAMS 0x0000000704500000, 0x0000000704500000|
|  70|0x0000000704600000, 0x0000000704600000, 0x0000000704700000|  0%| F|  |TS  0|AC  0|TAMS 0x0000000704600000, 0x0000000704600000|
|  71|0x0000000704700000, 0x0000000704700000, 0x0000000704800000|  0%| F|  |TS  0|AC  0|TAMS 0x0000000704700000, 0x0000000704700000|
|  72|0x0000000704800000, 0x0000000704800000, 0x0000000704900000|  0%| F|  |TS  0|AC  0|TAMS 0x0000000704800000, 0x0000000704800000|
|  73|0x0000000704900000, 0x0000000704900000, 0x0000000704a00000|  0%| F|  |TS  0|AC  0|TAMS 0x0000000704900000, 0x0000000704900000|
|  74|0x0000000704a00000, 0x0000000704a00000, 0x0000000704b00000|  0%| F|  |TS  0|AC  0|TAMS 0x0000000704a00000, 0x0000000704a00000|
|  75|0x0000000704b00000, 0x0000000704b00000, 0x0000000704c00000|  0%| F|  |TS  0|AC  0|TAMS 0x0000000704b00000, 0x0000000704b00000|
|  76|0x0000000704c00000, 0x0000000704c00000, 0x0000000704d00000|  0%| F|  |TS  0|AC  0|TAMS 0x0000000704c00000, 0x0000000704c00000|
|  77|0x0000000704d00000, 0x0000000704d00000, 0x0000000704e00000|  0%| F|  |TS  0|AC  0|TAMS 0x0000000704d00000, 0x0000000704d00000|
|  78|0x0000000704e00000, 0x0000000704e00000, 0x0000000704f00000|  0%| F|  |TS  0|AC  0|TAMS 0x0000000704e00000, 0x0000000704e00000|
|  79|0x0000000704f00000, 0x0000000704f00000, 0x0000000705000000|  0%| F|  |TS  0|AC  0|TAMS 0x0000000704f00000, 0x0000000704f00000|
|  80|0x0000000705000000, 0x0000000705000000, 0x0000000705100000|  0%| F|  |TS  0|AC  0|TAMS 0x0000000705000000, 0x0000000705000000|
|  81|0x0000000705100000, 0x0000000705100000, 0x0000000705200000|  0%| F|  |TS  0|AC  0|TAMS 0x0000000705100000, 0x0000000705100000|
|  82|0x0000000705200000, 0x0000000705200000, 0x0000000705300000|  0%| F|  |TS  0|AC  0|TAMS 0x0000000705200000, 0x0000000705200000|
|  83|0x0000000705300000, 0x0000000705300000, 0x0000000705400000|  0%| F|  |TS  0|AC  0|TAMS 0x0000000705300000, 0x0000000705300000|
|  84|0x0000000705400000, 0x0000000705400000, 0x0000000705500000|  0%| F|  |TS  0|AC  0|TAMS 0x0000000705400000, 0x0000000705400000|
|  85|0x0000000705500000, 0x0000000705500000, 0x0000000705600000|  0%| F|  |TS  0|AC  0|TAMS 0x0000000705500000, 0x0000000705500000|
|  86|0x0000000705600000, 0x0000000705600000, 0x0000000705700000|  0%| F|  |TS  0|AC  0|TAMS 0x0000000705600000, 0x0000000705600000|
|  87|0x0000000705700000, 0x0000000705700000, 0x0000000705800000|  0%| F|  |TS  0|AC  0|TAMS 0x0000000705700000, 0x0000000705700000|
|  88|0x0000000705800000, 0x0000000705800000, 0x0000000705900000|  0%| F|  |TS  0|AC  0|TAMS 0x0000000705800000, 0x0000000705800000|
|  89|0x0000000705900000, 0x0000000705900000, 0x0000000705a00000|  0%| F|  |TS  0|AC  0|TAMS 0x0000000705900000, 0x0000000705900000|
|  90|0x0000000705a00000, 0x0000000705a00000, 0x0000000705b00000|  0%| F|  |TS  0|AC  0|TAMS 0x0000000705a00000, 0x0000000705a00000|
|  91|0x0000000705b00000, 0x0000000705b00000, 0x0000000705c00000|  0%| F|  |TS  0|AC  0|TAMS 0x0000000705b00000, 0x0000000705b00000|
|  92|0x0000000705c00000, 0x0000000705c00000, 0x0000000705d00000|  0%| F|  |TS  0|AC  0|TAMS 0x0000000705c00000, 0x0000000705c00000|
|  93|0x0000000705d00000, 0x0000000705d00000, 0x0000000705e00000|  0%| F|  |TS  0|AC  0|TAMS 0x0000000705d00000, 0x0000000705d00000|
|  94|0x0000000705e00000, 0x0000000705e00000, 0x0000000705f00000|  0%| F|  |TS  0|AC  0|TAMS 0x0000000705e00000, 0x0000000705e00000|
|  95|0x0000000705f00000, 0x0000000705f00000, 0x0000000706000000|  0%| F|  |TS  0|AC  0|TAMS 0x0000000705f00000, 0x0000000705f00000|
|  96|0x0000000706000000, 0x0000000706000000, 0x0000000706100000|  0%| F|  |TS  0|AC  0|TAMS 0x0000000706000000, 0x0000000706000000|
|  97|0x0000000706100000, 0x0000000706100000, 0x0000000706200000|  0%| F|  |TS  0|AC  0|TAMS 0x0000000706100000, 0x0000000706100000|
|  98|0x0000000706200000, 0x0000000706200000, 0x0000000706300000|  0%| F|  |TS  0|AC  0|TAMS 0x0000000706200000, 0x0000000706200000|
|  99|0x0000000706300000, 0x0000000706300000, 0x0000000706400000|  0%| F|  |TS  0|AC  0|TAMS 0x0000000706300000, 0x0000000706300000|
| 100|0x0000000706400000, 0x0000000706400000, 0x0000000706500000|  0%| F|  |TS  0|AC  0|TAMS 0x0000000706400000, 0x0000000706400000|
| 101|0x0000000706500000, 0x0000000706500000, 0x0000000706600000|  0%| F|  |TS  0|AC  0|TAMS 0x0000000706500000, 0x0000000706500000|
| 102|0x0000000706600000, 0x0000000706600000, 0x0000000706700000|  0%| F|  |TS  0|AC  0|TAMS 0x0000000706600000, 0x0000000706600000|
| 103|0x0000000706700000, 0x0000000706700000, 0x0000000706800000|  0%| F|  |TS  0|AC  0|TAMS 0x0000000706700000, 0x0000000706700000|
| 104|0x0000000706800000, 0x0000000706800000, 0x0000000706900000|  0%| F|  |TS  0|AC  0|TAMS 0x0000000706800000, 0x0000000706800000|
| 105|0x0000000706900000, 0x0000000706900000, 0x0000000706a00000|  0%| F|  |TS  0|AC  0|TAMS 0x0000000706900000, 0x0000000706900000|
| 106|0x0000000706a00000, 0x0000000706a00000, 0x0000000706b00000|  0%| F|  |TS  0|AC  0|TAMS 0x0000000706a00000, 0x0000000706a00000|
| 107|0x0000000706b00000, 0x0000000706b00000, 0x0000000706c00000|  0%| F|  |TS  0|AC  0|TAMS 0x0000000706b00000, 0x0000000706b00000|
| 108|0x0000000706c00000, 0x0000000706c00000, 0x0000000706d00000|  0%| F|  |TS  0|AC  0|TAMS 0x0000000706c00000, 0x0000000706c00000|
| 109|0x0000000706d00000, 0x0000000706d00000, 0x0000000706e00000|  0%| F|  |TS  0|AC  0|TAMS 0x0000000706d00000, 0x0000000706d00000|
| 110|0x0000000706e00000, 0x0000000706e00000, 0x0000000706f00000|  0%| F|  |TS  0|AC  0|TAMS 0x0000000706e00000, 0x0000000706e00000|
| 111|0x0000000706f00000, 0x0000000706f00000, 0x0000000707000000|  0%| F|  |TS  0|AC  0|TAMS 0x0000000706f00000, 0x0000000706f00000|
| 112|0x0000000707000000, 0x0000000707000000, 0x0000000707100000|  0%| F|  |TS  0|AC  0|TAMS 0x0000000707000000, 0x0000000707000000|
| 113|0x0000000707100000, 0x0000000707100000, 0x0000000707200000|  0%| F|  |TS  0|AC  0|TAMS 0x0000000707100000, 0x0000000707100000|
| 114|0x0000000707200000, 0x0000000707200000, 0x0000000707300000|  0%| F|  |TS  0|AC  0|TAMS 0x0000000707200000, 0x0000000707200000|
| 115|0x0000000707300000, 0x0000000707300000, 0x0000000707400000|  0%| F|  |TS  0|AC  0|TAMS 0x0000000707300000, 0x0000000707300000|
| 116|0x0000000707400000, 0x0000000707400000, 0x0000000707500000|  0%| F|  |TS  0|AC  0|TAMS 0x0000000707400000, 0x0000000707400000|
| 117|0x0000000707500000, 0x0000000707500000, 0x0000000707600000|  0%| F|  |TS  0|AC  0|TAMS 0x0000000707500000, 0x0000000707500000|
| 118|0x0000000707600000, 0x0000000707600000, 0x0000000707700000|  0%| F|  |TS  0|AC  0|TAMS 0x0000000707600000, 0x0000000707600000|
| 119|0x0000000707700000, 0x0000000707700000, 0x0000000707800000|  0%| F|  |TS  0|AC  0|TAMS 0x0000000707700000, 0x0000000707700000|
| 120|0x0000000707800000, 0x0000000707800000, 0x0000000707900000|  0%| F|  |TS  0|AC  0|TAMS 0x0000000707800000, 0x0000000707800000|
| 121|0x0000000707900000, 0x0000000707900000, 0x0000000707a00000|  0%| F|  |TS  0|AC  0|TAMS 0x0000000707900000, 0x0000000707900000|
| 122|0x0000000707a00000, 0x0000000707a00000, 0x0000000707b00000|  0%| F|  |TS  0|AC  0|TAMS 0x0000000707a00000, 0x0000000707a00000|
| 123|0x0000000707b00000, 0x0000000707b00000, 0x0000000707c00000|  0%| F|  |TS  0|AC  0|TAMS 0x0000000707b00000, 0x0000000707b00000|
| 124|0x0000000707c00000, 0x0000000707c00000, 0x0000000707d00000|  0%| F|  |TS  0|AC  0|TAMS 0x0000000707c00000, 0x0000000707c00000|
| 125|0x0000000707d00000, 0x0000000707d00000, 0x0000000707e00000|  0%| F|  |TS  0|AC  0|TAMS 0x0000000707d00000, 0x0000000707d00000|
| 126|0x0000000707e00000, 0x0000000707e00000, 0x0000000707f00000|  0%| F|  |TS  0|AC  0|TAMS 0x0000000707e00000, 0x0000000707e00000|
| 127|0x0000000707f00000, 0x0000000707f00000, 0x0000000708000000|  0%| F|  |TS  0|AC  0|TAMS 0x0000000707f00000, 0x0000000707f00000|
| 128|0x0000000708000000, 0x00000007080ec360, 0x0000000708100000| 92%| S|CS|TS  9|AC  0|TAMS 0x0000000708000000, 0x0000000708000000|
| 129|0x0000000708100000, 0x0000000708100000, 0x0000000708200000|  0%| F|  |TS  9|AC  0|TAMS 0x0000000708100000, 0x0000000708100000|
| 130|0x0000000708200000, 0x0000000708200000, 0x0000000708300000|  0%| F|  |TS  9|AC  0|TAMS 0x0000000708200000, 0x0000000708200000|
| 131|0x0000000708300000, 0x0000000708300000, 0x0000000708400000|  0%| F|  |TS  9|AC  0|TAMS 0x0000000708300000, 0x0000000708300000|
| 132|0x0000000708400000, 0x0000000708400000, 0x0000000708500000|  0%| F|  |TS  9|AC  0|TAMS 0x0000000708400000, 0x0000000708400000|
| 133|0x0000000708500000, 0x0000000708500000, 0x0000000708600000|  0%| F|  |TS  9|AC  0|TAMS 0x0000000708500000, 0x0000000708500000|
| 134|0x0000000708600000, 0x0000000708600000, 0x0000000708700000|  0%| F|  |TS  9|AC  0|TAMS 0x0000000708600000, 0x0000000708600000|
| 135|0x0000000708700000, 0x0000000708700000, 0x0000000708800000|  0%| F|  |TS  9|AC  0|TAMS 0x0000000708700000, 0x0000000708700000|
| 136|0x0000000708800000, 0x0000000708800000, 0x0000000708900000|  0%| F|  |TS  9|AC  0|TAMS 0x0000000708800000, 0x0000000708800000|
| 137|0x0000000708900000, 0x0000000708900000, 0x0000000708a00000|  0%| F|  |TS  9|AC  0|TAMS 0x0000000708900000, 0x0000000708900000|
| 138|0x0000000708a00000, 0x0000000708a00000, 0x0000000708b00000|  0%| F|  |TS  9|AC  0|TAMS 0x0000000708a00000, 0x0000000708a00000|
| 139|0x0000000708b00000, 0x0000000708b00000, 0x0000000708c00000|  0%| F|  |TS  9|AC  0|TAMS 0x0000000708b00000, 0x0000000708b00000|
| 140|0x0000000708c00000, 0x0000000708c00000, 0x0000000708d00000|  0%| F|  |TS  9|AC  0|TAMS 0x0000000708c00000, 0x0000000708c00000|
| 141|0x0000000708d00000, 0x0000000708d00000, 0x0000000708e00000|  0%| F|  |TS  9|AC  0|TAMS 0x0000000708d00000, 0x0000000708d00000|
| 142|0x0000000708e00000, 0x0000000708e00000, 0x0000000708f00000|  0%| F|  |TS  9|AC  0|TAMS 0x0000000708e00000, 0x0000000708e00000|
| 143|0x0000000708f00000, 0x0000000708f00000, 0x0000000709000000|  0%| F|  |TS  9|AC  0|TAMS 0x0000000708f00000, 0x0000000708f00000|
| 144|0x0000000709000000, 0x0000000709000000, 0x0000000709100000|  0%| F|  |TS  9|AC  0|TAMS 0x0000000709000000, 0x0000000709000000|
| 145|0x0000000709100000, 0x0000000709100000, 0x0000000709200000|  0%| F|  |TS  9|AC  0|TAMS 0x0000000709100000, 0x0000000709100000|
| 146|0x0000000709200000, 0x0000000709200000, 0x0000000709300000|  0%| F|  |TS  9|AC  0|TAMS 0x0000000709200000, 0x0000000709200000|
| 147|0x0000000709300000, 0x0000000709398a78, 0x0000000709400000| 59%| E|  |TS  9|AC  0|TAMS 0x0000000709300000, 0x0000000709300000|
| 148|0x0000000709400000, 0x0000000709500000, 0x0000000709500000|100%| E|CS|TS  9|AC  0|TAMS 0x0000000709400000, 0x0000000709400000|
| 149|0x0000000709500000, 0x0000000709600000, 0x0000000709600000|100%| E|CS|TS  9|AC  0|TAMS 0x0000000709500000, 0x0000000709500000|
| 150|0x0000000709600000, 0x0000000709700000, 0x0000000709700000|100%| E|CS|TS  9|AC  0|TAMS 0x0000000709600000, 0x0000000709600000|
| 151|0x0000000709700000, 0x0000000709800000, 0x0000000709800000|100%| E|CS|TS  9|AC  0|TAMS 0x0000000709700000, 0x0000000709700000|
| 152|0x0000000709800000, 0x0000000709900000, 0x0000000709900000|100%| E|CS|TS  9|AC  0|TAMS 0x0000000709800000, 0x0000000709800000|
| 153|0x0000000709900000, 0x0000000709a00000, 0x0000000709a00000|100%| E|CS|TS  9|AC  0|TAMS 0x0000000709900000, 0x0000000709900000|
| 154|0x0000000709a00000, 0x0000000709b00000, 0x0000000709b00000|100%| E|CS|TS  9|AC  0|TAMS 0x0000000709a00000, 0x0000000709a00000|
| 155|0x0000000709b00000, 0x0000000709c00000, 0x0000000709c00000|100%| E|CS|TS  9|AC  0|TAMS 0x0000000709b00000, 0x0000000709b00000|
| 156|0x0000000709c00000, 0x0000000709d00000, 0x0000000709d00000|100%| E|CS|TS  9|AC  0|TAMS 0x0000000709c00000, 0x0000000709c00000|
| 157|0x0000000709d00000, 0x0000000709e00000, 0x0000000709e00000|100%| E|CS|TS  9|AC  0|TAMS 0x0000000709d00000, 0x0000000709d00000|
| 158|0x0000000709e00000, 0x0000000709f00000, 0x0000000709f00000|100%| E|CS|TS  9|AC  0|TAMS 0x0000000709e00000, 0x0000000709e00000|
| 159|0x0000000709f00000, 0x000000070a000000, 0x000000070a000000|100%| E|CS|TS  9|AC  0|TAMS 0x0000000709f00000, 0x0000000709f00000|
| 160|0x000000070a000000, 0x000000070a100000, 0x000000070a100000|100%| E|CS|TS  9|AC  0|TAMS 0x000000070a000000, 0x000000070a000000|
| 161|0x000000070a100000, 0x000000070a200000, 0x000000070a200000|100%| E|CS|TS  9|AC  0|TAMS 0x000000070a100000, 0x000000070a100000|
| 162|0x000000070a200000, 0x000000070a300000, 0x000000070a300000|100%| E|CS|TS  9|AC  0|TAMS 0x000000070a200000, 0x000000070a200000|
| 163|0x000000070a300000, 0x000000070a400000, 0x000000070a400000|100%| E|CS|TS  9|AC  0|TAMS 0x000000070a300000, 0x000000070a300000|
| 164|0x000000070a400000, 0x000000070a500000, 0x000000070a500000|100%| E|CS|TS  9|AC  0|TAMS 0x000000070a400000, 0x000000070a400000|
| 165|0x000000070a500000, 0x000000070a600000, 0x000000070a600000|100%| E|CS|TS  9|AC  0|TAMS 0x000000070a500000, 0x000000070a500000|
| 166|0x000000070a600000, 0x000000070a700000, 0x000000070a700000|100%| E|CS|TS  9|AC  0|TAMS 0x000000070a600000, 0x000000070a600000|
| 167|0x000000070a700000, 0x000000070a800000, 0x000000070a800000|100%| E|CS|TS  9|AC  0|TAMS 0x000000070a700000, 0x000000070a700000|
| 168|0x000000070a800000, 0x000000070a900000, 0x000000070a900000|100%| E|CS|TS  9|AC  0|TAMS 0x000000070a800000, 0x000000070a800000|
| 169|0x000000070a900000, 0x000000070aa00000, 0x000000070aa00000|100%| E|CS|TS  9|AC  0|TAMS 0x000000070a900000, 0x000000070a900000|
| 170|0x000000070aa00000, 0x000000070ab00000, 0x000000070ab00000|100%| E|CS|TS  9|AC  0|TAMS 0x000000070aa00000, 0x000000070aa00000|
| 171|0x000000070ab00000, 0x000000070ac00000, 0x000000070ac00000|100%| E|CS|TS  9|AC  0|TAMS 0x000000070ab00000, 0x000000070ab00000|
| 172|0x000000070ac00000, 0x000000070ad00000, 0x000000070ad00000|100%| E|CS|TS  9|AC  0|TAMS 0x000000070ac00000, 0x000000070ac00000|
| 173|0x000000070ad00000, 0x000000070ae00000, 0x000000070ae00000|100%| E|CS|TS  9|AC  0|TAMS 0x000000070ad00000, 0x000000070ad00000|
| 174|0x000000070ae00000, 0x000000070af00000, 0x000000070af00000|100%| E|CS|TS  9|AC  0|TAMS 0x000000070ae00000, 0x000000070ae00000|
| 175|0x000000070af00000, 0x000000070b000000, 0x000000070b000000|100%| E|CS|TS  9|AC  0|TAMS 0x000000070af00000, 0x000000070af00000|
| 176|0x000000070b000000, 0x000000070b100000, 0x000000070b100000|100%| E|CS|TS  9|AC  0|TAMS 0x000000070b000000, 0x000000070b000000|
| 177|0x000000070b100000, 0x000000070b200000, 0x000000070b200000|100%| E|CS|TS  9|AC  0|TAMS 0x000000070b100000, 0x000000070b100000|
| 178|0x000000070b200000, 0x000000070b300000, 0x000000070b300000|100%| E|CS|TS  9|AC  0|TAMS 0x000000070b200000, 0x000000070b200000|
| 179|0x000000070b300000, 0x000000070b400000, 0x000000070b400000|100%| E|CS|TS  9|AC  0|TAMS 0x000000070b300000, 0x000000070b300000|
| 180|0x000000070b400000, 0x000000070b500000, 0x000000070b500000|100%| E|CS|TS  9|AC  0|TAMS 0x000000070b400000, 0x000000070b400000|
| 181|0x000000070b500000, 0x000000070b600000, 0x000000070b600000|100%| E|CS|TS  9|AC  0|TAMS 0x000000070b500000, 0x000000070b500000|
| 182|0x000000070b600000, 0x000000070b700000, 0x000000070b700000|100%| E|CS|TS  9|AC  0|TAMS 0x000000070b600000, 0x000000070b600000|
| 183|0x000000070b700000, 0x000000070b800000, 0x000000070b800000|100%| E|CS|TS  9|AC  0|TAMS 0x000000070b700000, 0x000000070b700000|
| 184|0x000000070b800000, 0x000000070b900000, 0x000000070b900000|100%| E|CS|TS  9|AC  0|TAMS 0x000000070b800000, 0x000000070b800000|
| 185|0x000000070b900000, 0x000000070ba00000, 0x000000070ba00000|100%| E|CS|TS  9|AC  0|TAMS 0x000000070b900000, 0x000000070b900000|
| 186|0x000000070ba00000, 0x000000070bb00000, 0x000000070bb00000|100%| E|CS|TS  9|AC  0|TAMS 0x000000070ba00000, 0x000000070ba00000|
| 187|0x000000070bb00000, 0x000000070bc00000, 0x000000070bc00000|100%| E|CS|TS  9|AC  0|TAMS 0x000000070bb00000, 0x000000070bb00000|
| 188|0x000000070bc00000, 0x000000070bd00000, 0x000000070bd00000|100%| E|CS|TS  9|AC  0|TAMS 0x000000070bc00000, 0x000000070bc00000|

Card table byte_map: [0x0000018512700000,0x0000018512d00000] byte_map_base: 0x000001850ef00000

Marking Bits (Prev, Next): (CMBitMap*) 0x000001850d31ad78, (CMBitMap*) 0x000001850d31ad40
 Prev Bits: [0x000001852dec0000, 0x0000018530ec0000)
 Next Bits: [0x0000018513300000, 0x0000018516300000)

Polling page: 0x000001850a020000

CodeHeap 'non-profiled nmethods': size=120000Kb used=13509Kb max_used=13509Kb free=106491Kb
 bounds [0x0000018526990000, 0x00000185276d0000, 0x000001852dec0000]
CodeHeap 'profiled nmethods': size=120000Kb used=36618Kb max_used=36618Kb free=83381Kb
 bounds [0x000001851f460000, 0x0000018521840000, 0x0000018526990000]
CodeHeap 'non-nmethods': size=5760Kb used=1753Kb max_used=1860Kb free=4006Kb
 bounds [0x000001851eec0000, 0x000001851f130000, 0x000001851f460000]
 total_blobs=21744 nmethods=13946 adapters=1072
 compilation: enabled

Compilation events (10 events):
Event: 39.169 Thread 0x000001850ffbe800 nmethod 15402 0x000001852182bc90 code [0x000001852182be60, 0x000001852182c060]
Event: 39.169 Thread 0x000001850ffbe800 15403       3       sun.awt.geom.AreaOp::resolveLinks (520 bytes)
Event: 39.172 Thread 0x000001850ffbe800 nmethod 15403 0x000001852182c110 code [0x000001852182c660, 0x0000018521830c90]
Event: 39.172 Thread 0x000001850ffbe800 15404       3       javax.swing.plaf.basic.BasicMenuItemUI::uninstallDefaults (75 bytes)
Event: 39.173 Thread 0x000001850ffbe800 nmethod 15404 0x0000018521832210 code [0x0000018521832480, 0x0000018521833350]
Event: 39.173 Thread 0x000001850ffbe800 15405       3       sun.swing.MenuItemLayoutHelper::getMenuItemParent (36 bytes)
Event: 39.173 Thread 0x000001850ffbe800 nmethod 15405 0x0000018521833610 code [0x0000018521833800, 0x0000018521833ff0]
Event: 39.174 Thread 0x000001850ffbc000 nmethod 15392 0x00000185276bb510 code [0x00000185276bb8e0, 0x00000185276bec68]
Event: 39.191 Thread 0x000001850ffbe800 15406       1       java.util.Collections$UnmodifiableMap::get (11 bytes)
Event: 39.192 Thread 0x000001850ffbe800 nmethod 15406 0x00000185276c1090 code [0x00000185276c1240, 0x00000185276c1390]

GC Heap History (10 events):
Event: 27.590 GC heap before
{Heap before GC invocations=37 (full 2):
 garbage-first heap   total 193536K, used 126670K [0x0000000700000000, 0x00000007001005e8, 0x00000007c0000000)
  region size 1024K, 60 young (61440K), 0 survivors (0K)
 Metaspace       used 75867K, capacity 81093K, committed 81232K, reserved 1118208K
  class space    used 10657K, capacity 11599K, committed 11644K, reserved 1048576K
}
Event: 27.592 GC heap after
{Heap after GC invocations=38 (full 2):
 garbage-first heap   total 193536K, used 65700K [0x0000000700000000, 0x00000007001005e8, 0x00000007c0000000)
  region size 1024K, 1 young (1024K), 1 survivors (1024K)
 Metaspace       used 75867K, capacity 81093K, committed 81232K, reserved 1118208K
  class space    used 10657K, capacity 11599K, committed 11644K, reserved 1048576K
}
Event: 35.256 GC heap before
{Heap before GC invocations=38 (full 2):
 garbage-first heap   total 193536K, used 126116K [0x0000000700000000, 0x00000007001005e8, 0x00000007c0000000)
  region size 1024K, 60 young (61440K), 1 survivors (1024K)
 Metaspace       used 76546K, capacity 82109K, committed 82384K, reserved 1120256K
  class space    used 10734K, capacity 11721K, committed 11772K, reserved 1048576K
}
Event: 35.259 GC heap after
{Heap after GC invocations=39 (full 2):
 garbage-first heap   total 193536K, used 66160K [0x0000000700000000, 0x00000007001005e8, 0x00000007c0000000)
  region size 1024K, 1 young (1024K), 1 survivors (1024K)
 Metaspace       used 76546K, capacity 82109K, committed 82384K, reserved 1120256K
  class space    used 10734K, capacity 11721K, committed 11772K, reserved 1048576K
}
Event: 35.780 GC heap before
{Heap before GC invocations=39 (full 2):
 garbage-first heap   total 193536K, used 126576K [0x0000000700000000, 0x00000007001005e8, 0x00000007c0000000)
  region size 1024K, 60 young (61440K), 1 survivors (1024K)
 Metaspace       used 76586K, capacity 82173K, committed 82384K, reserved 1120256K
  class space    used 10734K, capacity 11721K, committed 11772K, reserved 1048576K
}
Event: 35.782 GC heap after
{Heap after GC invocations=40 (full 2):
 garbage-first heap   total 193536K, used 65988K [0x0000000700000000, 0x00000007001005e8, 0x00000007c0000000)
  region size 1024K, 1 young (1024K), 1 survivors (1024K)
 Metaspace       used 76586K, capacity 82173K, committed 82384K, reserved 1120256K
  class space    used 10734K, capacity 11721K, committed 11772K, reserved 1048576K
}
Event: 37.105 GC heap before
{Heap before GC invocations=40 (full 2):
 garbage-first heap   total 193536K, used 126404K [0x0000000700000000, 0x00000007001005e8, 0x00000007c0000000)
  region size 1024K, 60 young (61440K), 1 survivors (1024K)
 Metaspace       used 76682K, capacity 82237K, committed 82384K, reserved 1120256K
  class space    used 10734K, capacity 11721K, committed 11772K, reserved 1048576K
}
Event: 37.107 GC heap after
{Heap after GC invocations=41 (full 2):
 garbage-first heap   total 193536K, used 66086K [0x0000000700000000, 0x00000007001005e8, 0x00000007c0000000)
  region size 1024K, 1 young (1024K), 1 survivors (1024K)
 Metaspace       used 76682K, capacity 82237K, committed 82384K, reserved 1120256K
  class space    used 10734K, capacity 11721K, committed 11772K, reserved 1048576K
}
Event: 38.960 GC heap before
{Heap before GC invocations=41 (full 2):
 garbage-first heap   total 193536K, used 126502K [0x0000000700000000, 0x00000007001005e8, 0x00000007c0000000)
  region size 1024K, 60 young (61440K), 1 survivors (1024K)
 Metaspace       used 76748K, capacity 82301K, committed 82384K, reserved 1120256K
  class space    used 10742K, capacity 11721K, committed 11772K, reserved 1048576K
}
Event: 38.962 GC heap after
{Heap after GC invocations=42 (full 2):
 garbage-first heap   total 193536K, used 66175K [0x0000000700000000, 0x00000007001005e8, 0x00000007c0000000)
  region size 1024K, 1 young (1024K), 1 survivors (1024K)
 Metaspace       used 76748K, capacity 82301K, committed 82384K, reserved 1120256K
  class space    used 10742K, capacity 11721K, committed 11772K, reserved 1048576K
}

Deoptimization events (10 events):
Event: 38.036 Thread 0x0000018535ca4800 Uncommon trap: reason=class_check action=maybe_recompile pc=0x0000018527126930 method=java.awt.Component.addNotify()V @ 200 c2
Event: 38.037 Thread 0x0000018535ca4800 Uncommon trap: reason=speculate_class_check action=maybe_recompile pc=0x0000018527115ecc method=java.awt.Component.reshape(IIII)V @ 222 c2
Event: 38.038 Thread 0x0000018535ca4800 Uncommon trap: reason=speculate_class_check action=maybe_recompile pc=0x0000018527115ecc method=java.awt.Component.reshape(IIII)V @ 222 c2
Event: 38.051 Thread 0x0000018535ca4800 Uncommon trap: reason=bimorphic_or_optimized_type_check action=maybe_recompile pc=0x00000185273b4f58 method=java.awt.DefaultKeyboardFocusManager.dispatchEvent(Ljava/awt/AWTEvent;)Z @ 1467 c2
Event: 38.051 Thread 0x0000018535ca4800 Uncommon trap: reason=unstable_if action=reinterpret pc=0x00000185274a3cb0 method=java.awt.ContainerOrderFocusTraversalPolicy.accept(Ljava/awt/Component;)Z @ 13 c2
Event: 38.051 Thread 0x0000018535ca4800 Uncommon trap: reason=unstable_if action=reinterpret pc=0x00000185274a42e4 method=java.awt.DefaultFocusTraversalPolicy.accept(Ljava/awt/Component;)Z @ 27 c2
Event: 38.068 Thread 0x0000018535ca4800 Uncommon trap: reason=class_check action=maybe_recompile pc=0x0000018526c607c0 method=javax.swing.AbstractButton.setEnabled(Z)V @ 21 c2
Event: 38.428 Thread 0x0000018535ca4800 Uncommon trap: reason=bimorphic_or_optimized_type_check action=maybe_recompile pc=0x00000185273ea3d8 method=java.awt.Container.findComponentAt(IIZ)Ljava/awt/Component; @ 9 c2
Event: 38.428 Thread 0x0000018535ca4800 Uncommon trap: reason=bimorphic_or_optimized_type_check action=maybe_recompile pc=0x00000185273ea9c0 method=java.awt.Container.findComponentAt(IIZ)Ljava/awt/Component; @ 9 c2
Event: 39.037 Thread 0x0000018535ca4800 Uncommon trap: reason=class_check action=maybe_recompile pc=0x00000185273b5538 method=java.awt.DefaultKeyboardFocusManager.dispatchEvent(Ljava/awt/AWTEvent;)Z @ 470 c2

Classes redefined (0 events):
No events

Internal exceptions (10 events):
Event: 28.460 Thread 0x0000018535ca4800 Exception <a 'java/lang/NoSuchMethodError'{0x000000070ab0dd58}: java.lang.invoke.DirectMethodHandle$Holder.invokeSpecial(Ljava/lang/Object;Ljava/lang/Object;ILjava/lang/Object;)V> (0x000000070ab0dd58) thrown at [t:/workspace/hotspot/src/share/vm/interpret
Event: 28.460 Thread 0x0000018535ca4800 Exception <a 'java/lang/NoSuchMethodError'{0x000000070ab13620}: java.lang.invoke.DirectMethodHandle$Holder.invokeStatic(Ljava/lang/Object;Ljava/lang/Object;ILjava/lang/Object;)Ljava/lang/Object;> (0x000000070ab13620) thrown at [t:/workspace/hotspot/src/sh
Event: 34.560 Thread 0x0000018535ca4800 Exception <a 'java/lang/NoSuchMethodError'{0x00000007091f5300}: java.lang.invoke.DirectMethodHandle$Holder.invokeSpecial(Ljava/lang/Object;Ljava/lang/Object;Ljava/lang/Object;IILjava/lang/Object;Ljava/lang/Object;Ljava/lang/Object;Ljava/lang/Object;Ljava/
Event: 34.560 Thread 0x0000018535ca4800 Exception <a 'java/lang/NoSuchMethodError'{0x00000007091f97e0}: java.lang.invoke.DelegatingMethodHandle$Holder.reinvoke_L(Ljava/lang/Object;Ljava/lang/Object;IILjava/lang/Object;Ljava/lang/Object;Ljava/lang/Object;Ljava/lang/Object;Ljava/lang/Object;Ljava
Event: 34.562 Thread 0x0000018535ca4800 Exception <a 'java/lang/NoSuchMethodError'{0x00000007090688c8}: java.lang.invoke.DirectMethodHandle$Holder.invokeSpecial(Ljava/lang/Object;Ljava/lang/Object;IIILjava/lang/Object;Ljava/lang/Object;Ljava/lang/Object;Ljava/lang/Object;Ljava/lang/Object;Ljava
Event: 34.562 Thread 0x0000018535ca4800 Exception <a 'java/lang/NoSuchMethodError'{0x000000070906c648}: java.lang.invoke.DelegatingMethodHandle$Holder.reinvoke_L(Ljava/lang/Object;IIILjava/lang/Object;Ljava/lang/Object;Ljava/lang/Object;Ljava/lang/Object;Ljava/lang/Object;Ljava/lang/Object;)Lja
Event: 34.563 Thread 0x0000018535ca4800 Exception <a 'java/lang/NoSuchMethodError'{0x000000070909b8c8}: java.lang.invoke.DirectMethodHandle$Holder.invokeStatic(Ljava/lang/Object;Ljava/lang/Object;Ljava/lang/Object;Ljava/lang/Object;Ljava/lang/Object;IILjava/lang/Object;Ljava/lang/Object;Ljava/l
Event: 34.564 Thread 0x0000018535ca4800 Exception <a 'java/lang/NoSuchMethodError'{0x00000007090b81f8}: method resolution failed> (0x00000007090b81f8) thrown at [t:/workspace/hotspot/src/share/vm/prims/methodHandles.cpp, line 1256]
Event: 34.565 Thread 0x0000018535ca4800 Exception <a 'java/lang/NoSuchMethodError'{0x00000007090d61d8}: method resolution failed> (0x00000007090d61d8) thrown at [t:/workspace/hotspot/src/share/vm/prims/methodHandles.cpp, line 1256]
Event: 35.231 Thread 0x0000018535ca4800 Exception <a 'java/lang/NoSuchMethodError'{0x00000007087c69f0}: method resolution failed> (0x00000007087c69f0) thrown at [t:/workspace/hotspot/src/share/vm/prims/methodHandles.cpp, line 1256]

Events (10 events):
Event: 38.428 Thread 0x0000018535ca4800 DEOPT UNPACKING pc=0x000001851ef0df29 sp=0x0000002d1d9f5898 mode 2
Event: 38.881 Thread 0x000001853cd86000 Thread added: 0x000001853cd86000
Event: 38.888 Executing VM operation: RevokeBias
Event: 38.888 Executing VM operation: RevokeBias done
Event: 38.888 Thread 0x000001853cd86000 Thread exited: 0x000001853cd86000
Event: 38.960 Executing VM operation: G1IncCollectionPause
Event: 38.962 Executing VM operation: G1IncCollectionPause done
Event: 39.037 Thread 0x0000018535ca4800 Uncommon trap: trap_request=0xffffffde fr.pc=0x00000185273b5538 relative=0x00000000000045f8
Event: 39.037 Thread 0x0000018535ca4800 DEOPT PACKING pc=0x00000185273b5538 sp=0x0000002d1d9f85e0
Event: 39.037 Thread 0x0000018535ca4800 DEOPT UNPACKING pc=0x000001851ef0df29 sp=0x0000002d1d9f8598 mode 2


Dynamic libraries:
0x00007ff6f8c90000 - 0x00007ff6f8cc0000 	D:\Applications\Xilinx\Vivado\2019.2\bin\unwrapped\win64.o\vivado.exe
0x00007ffcbf4b0000 - 0x00007ffcbf6c7000 	C:\WINDOWS\SYSTEM32\ntdll.dll
0x00007ffcbd440000 - 0x00007ffcbd504000 	C:\WINDOWS\System32\KERNEL32.DLL
0x00007ffcbc7d0000 - 0x00007ffcbcb77000 	C:\WINDOWS\System32\KERNELBASE.dll
0x00007ffcbcef0000 - 0x00007ffcbd001000 	C:\WINDOWS\System32\ucrtbase.dll
0x00007ffca8ae0000 - 0x00007ffca8b6d000 	C:\WINDOWS\SYSTEM32\MSVCP140.dll
0x00007ffca9550000 - 0x00007ffca956d000 	C:\WINDOWS\SYSTEM32\VCRUNTIME140.dll
0x00007ffcb4600000 - 0x00007ffcb4614000 	D:\Applications\Xilinx\Vivado\2019.2\lib\win64.o\libboost_signals.dll
0x00007ffc68e90000 - 0x00007ffc69dd3000 	D:\Applications\Xilinx\Vivado\2019.2\lib\win64.o\librdi_common.dll
0x00007ffcb3c90000 - 0x00007ffcb3ca6000 	D:\Applications\Xilinx\Vivado\2019.2\lib\win64.o\librdi_commonmain.dll
0x00007ffca9540000 - 0x00007ffca954c000 	C:\WINDOWS\SYSTEM32\VCRUNTIME140_1.dll
0x00007ffcbd290000 - 0x00007ffcbd43e000 	C:\WINDOWS\System32\USER32.dll
0x00007ffcbcec0000 - 0x00007ffcbcee6000 	C:\WINDOWS\System32\win32u.dll
0x00007ffca3cb0000 - 0x00007ffca3cd6000 	D:\Applications\Xilinx\Vivado\2019.2\lib\win64.o\libboost_filesystem.dll
0x00007ffc6c520000 - 0x00007ffc6c88e000 	D:\Applications\Xilinx\Vivado\2019.2\lib\win64.o\libCOIN-all.dll
0x00007ffcbf420000 - 0x00007ffcbf449000 	C:\WINDOWS\System32\GDI32.dll
0x00007ffcbdd90000 - 0x00007ffcbde42000 	C:\WINDOWS\System32\ADVAPI32.dll
0x00007ffca5d00000 - 0x00007ffca5d14000 	D:\Applications\Xilinx\Vivado\2019.2\lib\win64.o\libboost_date_time.dll
0x00007ffcbd0c0000 - 0x00007ffcbd1d9000 	C:\WINDOWS\System32\gdi32full.dll
0x00007ffcbe810000 - 0x00007ffcbe8b7000 	C:\WINDOWS\System32\msvcrt.dll
0x00007ffcbccf0000 - 0x00007ffcbcd8a000 	C:\WINDOWS\System32\msvcp_win.dll
0x00007ffcb95f0000 - 0x00007ffcb95fa000 	D:\Applications\Xilinx\Vivado\2019.2\lib\win64.o\librdi_commonversion.dll
0x00007ffcbe8c0000 - 0x00007ffcbe968000 	C:\WINDOWS\System32\sechost.dll
0x00007ffcbd010000 - 0x00007ffcbd038000 	C:\WINDOWS\System32\bcrypt.dll
0x00007ffcbdf00000 - 0x00007ffcbe75c000 	C:\WINDOWS\System32\SHELL32.dll
0x00007ffc8c5a0000 - 0x00007ffc8c61f000 	D:\Applications\Xilinx\Vivado\2019.2\lib\win64.o\libboost_program_options.dll
0x00007ffca1e10000 - 0x00007ffca1fb1000 	D:\Applications\Xilinx\Vivado\2019.2\lib\win64.o\librdi_commonxillic.dll
0x00007ffcbd960000 - 0x00007ffcbda75000 	C:\WINDOWS\System32\RPCRT4.dll
0x00007ffcbee80000 - 0x00007ffcbeef1000 	C:\WINDOWS\System32\WS2_32.dll
0x00000000682e0000 - 0x000000006840b000 	D:\Applications\Xilinx\Vivado\2019.2\lib\win64.o\tcl85t.dll
0x00007ffc8c480000 - 0x00007ffc8c594000 	D:\Applications\Xilinx\Vivado\2019.2\lib\win64.o\libboost_regex.dll
0x00007ffcb4f90000 - 0x00007ffcb4f9b000 	D:\Applications\Xilinx\Vivado\2019.2\lib\win64.o\libboost_system.dll
0x00007ffc9ac80000 - 0x00007ffc9aca1000 	D:\Applications\Xilinx\Vivado\2019.2\lib\win64.o\libboost_thread.dll
0x00007ffcb4f20000 - 0x00007ffcb4f2f000 	D:\Applications\Xilinx\Vivado\2019.2\lib\win64.o\libboost_xilinx.dll
0x00007ffc84260000 - 0x00007ffc842e2000 	D:\Applications\Xilinx\Vivado\2019.2\lib\win64.o\libhdlpsolve.dll
0x00007ffc841b0000 - 0x00007ffc84255000 	D:\Applications\Xilinx\Vivado\2019.2\lib\win64.o\libhdxml.dll
0x00007ffc57840000 - 0x00007ffc5843c200 	D:\Applications\Xilinx\Vivado\2019.2\lib\win64.o\libisl_iostreams.dll
0x00007ffc99c40000 - 0x00007ffc99c6e000 	D:\Applications\Xilinx\Vivado\2019.2\lib\win64.o\libisl_sysinfo.dll
0x00007ffc8edc0000 - 0x00007ffc8ee25000 	D:\Applications\Xilinx\Vivado\2019.2\lib\win64.o\liblmx6.0.dll
0x00007ffca5be0000 - 0x00007ffca5bfa000 	D:\Applications\Xilinx\Vivado\2019.2\lib\win64.o\pthreadVC2.dll
0x00007ffca5540000 - 0x00007ffca555c000 	D:\Applications\Xilinx\Vivado\2019.2\lib\win64.o\librdiconfig.dll
0x00007ffc98140000 - 0x00007ffc98161000 	D:\Applications\Xilinx\Vivado\2019.2\lib\win64.o\librdizlib.dll
0x0000000012000000 - 0x0000000012270000 	D:\Applications\Xilinx\Vivado\2019.2\lib\win64.o\xerces-c_3_1.dll
0x00007ffcaad50000 - 0x00007ffcab244000 	C:\WINDOWS\SYSTEM32\WININET.dll
0x00007ffcaa6b0000 - 0x00007ffcaa6c9000 	C:\WINDOWS\SYSTEM32\NETAPI32.dll
0x00007ffcb2830000 - 0x00007ffcb2966000 	C:\WINDOWS\SYSTEM32\WINHTTP.dll
0x00007ffcad570000 - 0x00007ffcad760000 	C:\WINDOWS\SYSTEM32\urlmon.dll
0x00007ffc6c240000 - 0x00007ffc6c51b000 	D:\Applications\Xilinx\Vivado\2019.2\lib\win64.o\libXil_lmgr11.dll
0x00007ffcbd510000 - 0x00007ffcbd607000 	C:\WINDOWS\System32\COMDLG32.dll
0x00007ffc569a0000 - 0x00007ffc57831000 	D:\Applications\Xilinx\Vivado\2019.2\lib\win64.o\gurobi65.dll
0x00007ffcbf070000 - 0x00007ffcbf3f8000 	C:\WINDOWS\System32\combase.dll
0x00007ffc953b0000 - 0x00007ffc953e2000 	C:\WINDOWS\SYSTEM32\VCOMP140.DLL
0x00007ffc80970000 - 0x00007ffc80979000 	C:\WINDOWS\SYSTEM32\WSOCK32.dll
0x00007ffcbd6a0000 - 0x00007ffcbd795000 	C:\WINDOWS\System32\shcore.dll
0x00007ffcbdea0000 - 0x00007ffcbdefe000 	C:\WINDOWS\System32\SHLWAPI.dll
0x00007ffcb3c30000 - 0x00007ffcb3c3d000 	D:\Applications\Xilinx\Vivado\2019.2\lib\win64.o\libboost_chrono.dll
0x00007ffcbef90000 - 0x00007ffcbf067000 	C:\WINDOWS\System32\OLEAUT32.dll
0x00007ffca3390000 - 0x00007ffca33ab000 	D:\Applications\Xilinx\Vivado\2019.2\lib\win64.o\libboost_iostreams.dll
0x00007ffc90070000 - 0x00007ffc90095000 	D:\Applications\Xilinx\Vivado\2019.2\lib\win64.o\libisl_iosutils.dll
0x00007ffcbda80000 - 0x00007ffcbdc25000 	C:\WINDOWS\System32\ole32.dll
0x00007ffcbce50000 - 0x00007ffcbcebb000 	C:\WINDOWS\System32\WINTRUST.dll
0x00007ffcac7d0000 - 0x00007ffcaca8e000 	C:\WINDOWS\SYSTEM32\iertutil.dll
0x00007ffcbcb80000 - 0x00007ffcbcce8000 	C:\WINDOWS\System32\CRYPT32.dll
0x00007ffcb1940000 - 0x00007ffcb1968000 	C:\WINDOWS\SYSTEM32\srvcli.dll
0x00007ffcbb210000 - 0x00007ffcbb21c000 	C:\WINDOWS\SYSTEM32\netutils.dll
0x00007ffc97cd0000 - 0x00007ffc97d83000 	C:\WINDOWS\WinSxS\amd64_microsoft.windows.common-controls_6595b64144ccf1df_5.82.22621.3527_none_b43b7f4b638cc64f\COMCTL32.dll
0x00007ffcb2810000 - 0x00007ffcb282f000 	C:\WINDOWS\SYSTEM32\dhcpcsvc.DLL
0x00007ffcbd250000 - 0x00007ffcbd281000 	C:\WINDOWS\System32\IMM32.DLL
0x00007ffcbc0a0000 - 0x00007ffcbc0b2000 	C:\WINDOWS\SYSTEM32\MSASN1.dll
0x00007ffcbb7b0000 - 0x00007ffcbb7c8000 	C:\WINDOWS\SYSTEM32\kernel.appcore.dll
0x00007ffc6bd20000 - 0x00007ffc6c237000 	D:\Applications\Xilinx\Vivado\2019.2\lib\win64.o\librdi_commontasks.dll
0x00007ffc68ba0000 - 0x00007ffc68e83000 	D:\Applications\Xilinx\Vivado\2019.2\lib\win64.o\librdi_sio.dll
0x00000000673c0000 - 0x0000000067de5000 	D:\Applications\Xilinx\Vivado\2019.2\tps\win64\jre9.0.4\bin\server\jvm.dll
0x00007ffcb0a90000 - 0x00007ffcb0a9a000 	C:\WINDOWS\SYSTEM32\VERSION.dll
0x00007ffcbef10000 - 0x00007ffcbef18000 	C:\WINDOWS\System32\PSAPI.DLL
0x00007ffcbb220000 - 0x00007ffcbb24d000 	C:\WINDOWS\SYSTEM32\IPHLPAPI.DLL
0x00007ffc97c90000 - 0x00007ffc97cc4000 	C:\WINDOWS\SYSTEM32\WINMM.dll
0x00007ffc7dac0000 - 0x00007ffc7dbaf000 	C:\WINDOWS\SYSTEM32\MSVCR120.dll
0x00007ffcbbc80000 - 0x00007ffcbbce9000 	C:\WINDOWS\SYSTEM32\MSWSOCK.DLL
0x00007ffcba6c0000 - 0x00007ffcbafb6000 	C:\WINDOWS\SYSTEM32\windows.storage.dll
0x00007ffcba580000 - 0x00007ffcba6be000 	C:\WINDOWS\SYSTEM32\wintypes.dll
0x00007ffc54250000 - 0x00007ffc56995000 	D:\Applications\Xilinx\Vivado\2019.2\lib\win64.o\librdi_tcltasks.dll
0x00007ffc53d90000 - 0x00007ffc54244000 	D:\Applications\Xilinx\Vivado\2019.2\lib\win64.o\librdi_bitstream.dll
0x00007ffc7bb90000 - 0x00007ffc7bd2d000 	D:\Applications\Xilinx\Vivado\2019.2\lib\win64.o\librdi_board.dll
0x00007ffc7da40000 - 0x00007ffc7dabb000 	D:\Applications\Xilinx\Vivado\2019.2\lib\win64.o\librdi_boarddep.dll
0x00007ffc72890000 - 0x00007ffc729e2000 	D:\Applications\Xilinx\Vivado\2019.2\lib\win64.o\librdi_cd_client.dll
0x00007ffc722c0000 - 0x00007ffc72480000 	D:\Applications\Xilinx\Vivado\2019.2\lib\win64.o\librdi_chipscopeimpl.dll
0x00007ffc7baa0000 - 0x00007ffc7bb8f000 	D:\Applications\Xilinx\Vivado\2019.2\lib\win64.o\librdi_chipscope.dll
0x00007ffc522b0000 - 0x00007ffc53d8a000 	D:\Applications\Xilinx\Vivado\2019.2\lib\win64.o\librdi_constraints.dll
0x00007ffc68870000 - 0x00007ffc68b94000 	D:\Applications\Xilinx\Vivado\2019.2\lib\win64.o\librdi_containers.dll
0x00007ffc51600000 - 0x00007ffc51cd9000 	D:\Applications\Xilinx\Vivado\2019.2\lib\win64.o\librdi_coregenipxact.dll
0x00007ffc4ec10000 - 0x00007ffc50c00000 	D:\Applications\Xilinx\Vivado\2019.2\lib\win64.o\librdi_coregen.dll
0x00007ffc4a940000 - 0x00007ffc4ec0b000 	D:\Applications\Xilinx\Vivado\2019.2\lib\win64.o\librdi_designutils.dll
0x00007ffc2d500000 - 0x00007ffc420ab000 	D:\Applications\Xilinx\Vivado\2019.2\lib\win64.o\librdi_device.dll
0x00007ffc51f60000 - 0x00007ffc522aa000 	D:\Applications\Xilinx\Vivado\2019.2\lib\win64.o\librdi_dlyest.dll
0x00007ffc51030000 - 0x00007ffc515fd000 	D:\Applications\Xilinx\Vivado\2019.2\lib\win64.o\librdi_drc.dll
0x00007ffc4a2d0000 - 0x00007ffc4a93b000 	D:\Applications\Xilinx\Vivado\2019.2\lib\win64.o\librdi_filemgmt.dll
0x00007ffc74390000 - 0x00007ffc74454000 	D:\Applications\Xilinx\Vivado\2019.2\lib\win64.o\librdi_dsp.dll
0x00007ffc50d20000 - 0x00007ffc51030000 	D:\Applications\Xilinx\Vivado\2019.2\lib\win64.o\librdi_guitools.dll
0x00007ffc7b910000 - 0x00007ffc7b97a000 	D:\Applications\Xilinx\Vivado\2019.2\lib\win64.o\librdi_hdf.dll
0x00007ffc6e810000 - 0x00007ffc6e958000 	D:\Applications\Xilinx\Vivado\2019.2\lib\win64.o\librdi_hip_perf_analysis.dll
0x00007ffc483e0000 - 0x00007ffc49b4d000 	D:\Applications\Xilinx\Vivado\2019.2\lib\win64.o\librdi_implflow.dll
0x00007ffc4a0b0000 - 0x00007ffc4a2d0000 	D:\Applications\Xilinx\Vivado\2019.2\lib\win64.o\librdi_hip_devdesign.dll
0x00007ffc47da0000 - 0x00007ffc483d1000 	D:\Applications\Xilinx\Vivado\2019.2\lib\win64.o\librdi_memdata.dll
0x00007ffc74ae0000 - 0x00007ffc74b54000 	D:\Applications\Xilinx\Vivado\2019.2\lib\win64.o\librdi_memoryarray.dll
0x00007ffc448e0000 - 0x00007ffc44fc3000 	D:\Applications\Xilinx\Vivado\2019.2\lib\win64.o\librdi_netlist.dll
0x00007ffc44fd0000 - 0x00007ffc47d9b000 	D:\Applications\Xilinx\Vivado\2019.2\lib\win64.o\librdi_mig.dll
0x00007ffc817e0000 - 0x00007ffc8182c000 	D:\Applications\Xilinx\Vivado\2019.2\lib\win64.o\librdi_pfi.dll
0x00007ffc2ac30000 - 0x00007ffc2d4f7000 	D:\Applications\Xilinx\Vivado\2019.2\lib\win64.o\librdi_place.dll
0x00007ffc49d90000 - 0x00007ffc4a0ab000 	D:\Applications\Xilinx\Vivado\2019.2\lib\win64.o\librdi_platform.dll
0x00007ffc43060000 - 0x00007ffc4361a000 	D:\Applications\Xilinx\Vivado\2019.2\lib\win64.o\librdi_project.dll
0x00007ffc43620000 - 0x00007ffc43e2b000 	D:\Applications\Xilinx\Vivado\2019.2\lib\win64.o\librdi_power.dll
0x00007ffc42990000 - 0x00007ffc43051000 	D:\Applications\Xilinx\Vivado\2019.2\lib\win64.o\librdi_rsb.dll
0x00007ffc43e30000 - 0x00007ffc44563000 	D:\Applications\Xilinx\Vivado\2019.2\lib\win64.o\librdi_psta.dll
0x00007ffc42560000 - 0x00007ffc42983000 	D:\Applications\Xilinx\Vivado\2019.2\lib\win64.o\librdi_runs.dll
0x00007ffc6ffe0000 - 0x00007ffc700e8000 	D:\Applications\Xilinx\Vivado\2019.2\lib\win64.o\librdi_runsbase.dll
0x00007ffc44660000 - 0x00007ffc448d5000 	D:\Applications\Xilinx\Vivado\2019.2\lib\win64.o\librdi_simdata.dll
0x00007ffc29da0000 - 0x00007ffc2ac2d000 	D:\Applications\Xilinx\Vivado\2019.2\lib\win64.o\librdi_timing.dll
0x00007ffc6ce30000 - 0x00007ffc6cfd0000 	D:\Applications\Xilinx\Vivado\2019.2\lib\win64.o\librdi_cd_protocol.dll
0x00007ffc51db0000 - 0x00007ffc51f51000 	D:\Applications\Xilinx\Vivado\2019.2\lib\win64.o\librdi_advchipscopeimpl.dll
0x00007ffc80b00000 - 0x00007ffc80b4c000 	D:\Applications\Xilinx\Vivado\2019.2\lib\win64.o\libboost_serialization.dll
0x00007ffc6bc40000 - 0x00007ffc6bd17000 	D:\Applications\Xilinx\Vivado\2019.2\lib\win64.o\librdi_ipconfig_readwrite.dll
0x00007ffc7d9f0000 - 0x00007ffc7da3a000 	D:\Applications\Xilinx\Vivado\2019.2\lib\win64.o\librdi_noc_frameworks.dll
0x00007ffc28c30000 - 0x00007ffc29777000 	D:\Applications\Xilinx\Vivado\2019.2\lib\win64.o\libverific.dll
0x00007ffc49ba0000 - 0x00007ffc49d84000 	D:\Applications\Xilinx\Vivado\2019.2\lib\win64.o\librdi_hip_config.dll
0x00007ffc286e0000 - 0x00007ffc28c2e000 	D:\Applications\Xilinx\Vivado\2019.2\lib\win64.o\librdi_xdm.dll
0x00007ffc747b0000 - 0x00007ffc7484e000 	D:\Applications\Xilinx\Vivado\2019.2\lib\win64.o\libise.dll
0x00007ffc29780000 - 0x00007ffc29d9b000 	D:\Applications\Xilinx\Vivado\2019.2\lib\win64.o\librdi_wavedata.dll

VM Arguments:
jvm_args: -Dsun.java2d.pmoffscreen=false -Dsun.java2d.xrender=false -Dsun.java2d.d3d=false -Dsun.awt.nopixfmt=true -Dsun.java2d.dpiaware=true -Dsun.java2d.uiScale.enabled=false -Xverify:none -Dswing.aatext=true -XX:-UsePerfData -Djdk.map.althashing.threshold=512 -XX:StringTableSize=4072 --add-opens=java.base/java.nio=ALL-UNNAMED --add-opens=java.desktop/sun.swing=ALL-UNNAMED --add-opens=java.desktop/javax.swing=ALL-UNNAMED --add-opens=java.desktop/javax.swing.tree=ALL-UNNAMED --add-opens=java.desktop/javax.swing.plaf.basic=ALL-UNNAMED --add-opens=java.desktop/javax.swing.plaf.synth=ALL-UNNAMED --add-opens=java.desktop/com.sun.awt=ALL-UNNAMED -XX:NewSize=60m -XX:MaxNewSize=60m -Xms128m -Xmx3072m -Xss5m 
java_command: <unknown>
java_class_path (initial): D:/Applications/Xilinx/Vivado/2019.2\lib\classes\alloy.jar;D:/Applications/Xilinx/Vivado/2019.2\lib\classes\autoesl-common.jar;D:/Applications/Xilinx/Vivado/2019.2\lib\classes\autoesl-models.jar;D:/Applications/Xilinx/Vivado/2019.2\lib\classes\autoesl-report.jar;D:/Applications/Xilinx/Vivado/2019.2\lib\classes\autopilot.scelaborator.jar;D:/Applications/Xilinx/Vivado/2019.2\lib\classes\autopilot.sourceprocessor.jar;D:/Applications/Xilinx/Vivado/2019.2\lib\classes\autopilot.tbprocessor.jar;D:/Applications/Xilinx/Vivado/2019.2\lib\classes\batik-anim.jar;D:/Applications/Xilinx/Vivado/2019.2\lib\classes\batik-awt-util.jar;D:/Applications/Xilinx/Vivado/2019.2\lib\classes\batik-bridge.jar;D:/Applications/Xilinx/Vivado/2019.2\lib\classes\batik-codec.jar;D:/Applications/Xilinx/Vivado/2019.2\lib\classes\batik-css.jar;D:/Applications/Xilinx/Vivado/2019.2\lib\classes\batik-dom.jar;D:/Applications/Xilinx/Vivado/2019.2\lib\classes\batik-ext.jar;D:/Applications/Xilinx/Vivado/2019.2\lib\classes\batik-gui-util.jar;D:/Applications/Xilinx/Vivado/2019.2\lib\classes\batik-gvt.jar;D:/Applications/Xilinx/Vivado/2019.2\lib\classes\batik-parser.jar;D:/Applications/Xilinx/Vivado/2019.2\lib\classes\batik-script.jar;D:/Applications/Xilinx/Vivado/2019.2\lib\classes\batik-svg-dom.jar;D:/Applications/Xilinx/Vivado/2019.2\lib\classes\batik-swing.jar;D:/Applications/Xilinx/Vivado/2019.2\lib\classes\batik-transcoder.jar;D:/Applications/Xilinx/Vivado/2019.2\lib\classes\batik-util.jar;D:/Applications/Xilinx/Vivado/2019.2\lib\classes\batik-xml.jar;D:/Applications/Xilinx/Vivado/2019.2\lib\classes\com.google.gson_2.7.0.v20170129-0911.jar;D:/Applications/Xilinx/Vivado/2019.2\lib\classes\com.google.guava_21.0.0.v20170206-1425.jar;D:/Applications/Xilinx/Vivado/2019.2\lib\classes\com.ibm.icu_4.4.2.v20110208.jar;D:/Applications/Xilinx/Vivado/2019.2\lib\classes\com.sigasi.hdt.connection_4.5.0.201909241521.jar;D:/Applications/Xilinx/Vivado/2019.2\lib\classes\com.sigasi.hdt.epl_4.5.0
Launcher Type: generic

Logging:
Log output configuration:
#0: stdout all=warning uptime,level,tags
#1: stderr all=off uptime,level,tags

Environment Variables:
PATH=D:/Applications/Xilinx/Vivado/2019.2/bin;D:/Applications/Xilinx/Vivado/2019.2/lib/win64.o;D:/Applications/Xilinx/Vivado/2019.2/tps/win64/jre9.0.4/bin/server;D:/Applications/Xilinx/Vivado/2019.2/tps/win64/jre9.0.4/bin;D:/Applications/Xilinx/Vivado/2019.2/ids_lite/ISE/bin/nt64;D:/Applications/Xilinx/Vivado/2019.2/ids_lite/ISE/lib/nt64;C:\Program Files (x86)\Common Files\Intel\Shared Libraries\redist\intel64\compiler;D:\Applications\VMware\VMware Workstation\bin\;C:\WINDOWS\system32;C:\WINDOWS;C:\WINDOWS\System32\Wbem;C:\WINDOWS\System32\WindowsPowerShell\v1.0\;C:\WINDOWS\System32\OpenSSH\;G:\Matlab\bin;D:\Applications\MATLAB R2022a\bin;D:\Applications\UltraEdit;C:\Program Files\IDM Computer Solutions\UltraCompare;D:\Applications\CMake\bin;C:\Program Files (x86)\NVIDIA Corporation\PhysX\Common;D:\Applications\EasyShare\x86\;D:\Applications\EasyShare\x64\;C:\Program Files\dotnet\;D:\Applications\nodejs\;C:\ProgramData\chocolatey\bin;C:\Python312\Scripts;D:\Applications\ffmpeg\bin;D:\Applications\Git\cmd;D:\Applications\Pandoc\;D:\Applications\python\Scripts\;D:\Applications\python\;D:\Applications\Python3.8.6\Scripts\;D:\Applications\Python3.8.6\;D:\Applications\anaconda;D:\Applications\anaconda\Library\mingw-w64\bin;D:\Applications\anaconda\Library\usr\bin;D:\Applications\anaconda\Library\bin;D:\Applications\anaconda\Scripts;C:\Users\Half Blood Prince\AppData\Local\Microsoft\WindowsApps;D:\Applications\Microsoft VS Code\bin;D:\App;ications\CodeBlocks\MinGW\bin;D:\Applications\compiler\MinGW\bin;D:\Applications\compiler\mingw64\bin;D:\Applications\PyCharm\PyCharm 2022.2.2\bin;;C:\Users\Half Blood Prince\AppData\Local\GitHubDesktop\bin;C:\Users\Half Blood Prince\.dotnet\tools;C:\Users\Half Blood Prince\AppData\Roaming\npm;D:\Applications\DataGrip\DataGrip 2023.3.4\bin;D:/Applications/Xilinx/Vivado/2019.2\tps\mingw\6.2.0\win64.o\nt\bin;D:/Applications/Xilinx/Vivado/2019.2\tps\mingw\6.2.0\win64.o\nt\libexec\gcc\x86_64-w64-mingw32\6.2.0;D:/Applications/Xilinx/Vivado/2019.
USERNAME=Half Blood Prince
OS=Windows_NT
PROCESSOR_IDENTIFIER=Intel64 Family 6 Model 142 Stepping 12, GenuineIntel



---------------  S Y S T E M  ---------------

OS: Windows 10 , 64 bit Build 22621 (10.0.22621.3527)

CPU:total 8 (initial active 8) (4 cores per cpu, 2 threads per core) family 6 model 142 stepping 12, cmov, cx8, fxsr, mmx, sse, sse2, sse3, ssse3, sse4.1, sse4.2, popcnt, avx, avx2, aes, clmul, erms, 3dnowpref, lzcnt, ht, tsc, tscinvbit, bmi1, bmi2, adx, fma

Memory: 4k page, physical 8221232k(532712k free), swap 15332820k(2533332k free)

vm_info: Java HotSpot(TM) 64-Bit Server VM (9.0.4+11) for windows-amd64 JRE (9.0.4+11), built on Dec 20 2017 02:18:54 by "mach5one" with MS VC++ 12.0 (VS2013)

END.
