#
# A fatal error has been detected by the Java Runtime Environment:
#
#  EXCEPTION_ACCESS_VIOLATION (0xc0000005) at pc=0x00007ffc6900ed95, pid=15080, tid=20996
#
# JRE version: Java(TM) SE Runtime Environment (9.0+11) (build 9.0.4+11)
# Java VM: Java HotSpot(TM) 64-Bit Server VM (9.0.4+11, mixed mode, tiered, compressed oops, g1 gc, windows-amd64)
# Problematic frame:
# C  [librdi_common.dll+0x17ed95]
#
# No core dump will be written. Minidumps are not enabled by default on client versions of Windows
#
# If you would like to submit a bug report, please visit:
#   http://bugreport.java.com/bugreport/crash.jsp
# The crash happened outside the Java Virtual Machine in native code.
# See problematic frame for where to report the bug.
#

---------------  S U M M A R Y ------------

Command Line: -Dsun.java2d.pmoffscreen=false -Dsun.java2d.xrender=false -Dsun.java2d.d3d=false -Dsun.awt.nopixfmt=true -Dsun.java2d.dpiaware=true -Dsun.java2d.uiScale.enabled=false -Xverify:none -Dswing.aatext=true -XX:-UsePerfData -Djdk.map.althashing.threshold=512 -XX:StringTableSize=4072 --add-opens=java.base/java.nio=ALL-UNNAMED --add-opens=java.desktop/sun.swing=ALL-UNNAMED --add-opens=java.desktop/javax.swing=ALL-UNNAMED --add-opens=java.desktop/javax.swing.tree=ALL-UNNAMED --add-opens=java.desktop/javax.swing.plaf.basic=ALL-UNNAMED --add-opens=java.desktop/javax.swing.plaf.synth=ALL-UNNAMED --add-opens=java.desktop/com.sun.awt=ALL-UNNAMED -XX:NewSize=60m -XX:MaxNewSize=60m -Xms128m -Xmx3072m -Xss5m 

Host: Intel(R) Core(TM) i5-10210U CPU @ 1.60GHz, 8 cores, 7G,  Windows 10 , 64 bit Build 22621 (10.0.22621.3527)
Time: Sun Jun 02 14:56:21 2024 ?D1¨²¡À¨º¡Á?¨º¡À?? elapsed time: 2126 seconds (0d 0h 35m 26s)

---------------  T H R E A D  ---------------

Current thread (0x00000201f885a800):  JavaThread "AWT-EventQueue-1" [_thread_in_native, id=20996, stack(0x0000001b68b00000,0x0000001b69000000)]

Stack: [0x0000001b68b00000,0x0000001b69000000],  sp=0x0000001b68ffadc0,  free space=5099k
Native frames: (J=compiled Java code, j=interpreted, Vv=VM code, C=native code)
C  [librdi_common.dll+0x17ed95]
C  [librdi_common.dll+0x173b75]
C  [librdi_common.dll+0x13cd4a]
C  [librdi_wavedata.dll+0x1e21df]
C  [librdi_wavedata.dll+0x2621ef]
C  [librdi_wavedata.dll+0x269f09]
C  [librdi_wavedata.dll+0x23a6cb]
C  [librdi_wavedata.dll+0x276e97]
C  0x00000201e994333a

Java frames: (J=compiled Java code, j=interpreted, Vv=VM code)
J 16390  ui.views.waveform.waveformi.WVExecutive_getTooltipTextDelayed(J)Ljava/lang/String; (0 bytes) @ 0x00000201e99432a1 [0x00000201e9943260+0x0000000000000041]
J 21331 c2 ui.views.waveform.b.a.mouseMoved(Ljava/awt/event/MouseEvent;)V (32 bytes) @ 0x00000201e9e8f34c [0x00000201e9e8f1a0+0x00000000000001ac]
J 17524 c2 java.awt.AWTEventMulticaster.mouseMoved(Ljava/awt/event/MouseEvent;)V java.desktop@9.0.4 (27 bytes) @ 0x00000201e9adebf4 [0x00000201e9adeb40+0x00000000000000b4]
J 21324 c2 ui.frmwork.c.i.processMouseMotionEvent(Ljava/awt/event/MouseEvent;)V (131 bytes) @ 0x00000201e9e7f9e0 [0x00000201e9e7f600+0x00000000000003e0]
J 13278 c2 java.awt.Container.processEvent(Ljava/awt/AWTEvent;)V java.desktop@9.0.4 (22 bytes) @ 0x00000201e9560318 [0x00000201e95601a0+0x0000000000000178]
J 20930 c2 java.awt.Component.dispatchEventImpl(Ljava/awt/AWTEvent;)V java.desktop@9.0.4 (739 bytes) @ 0x00000201e983d1bc [0x00000201e983c660+0x0000000000000b5c]
J 20852 c1 java.awt.Container.dispatchEventImpl(Ljava/awt/AWTEvent;)V java.desktop@9.0.4 (129 bytes) @ 0x00000201e1c9538c [0x00000201e1c95260+0x000000000000012c]
J 17259 c2 java.awt.LightweightDispatcher.retargetMouseEvent(Ljava/awt/Component;ILjava/awt/event/MouseEvent;)V java.desktop@9.0.4 (350 bytes) @ 0x00000201e9a69bac [0x00000201e9a69660+0x000000000000054c]
J 18069 c2 java.awt.LightweightDispatcher.processMouseEvent(Ljava/awt/event/MouseEvent;)Z java.desktop@9.0.4 (265 bytes) @ 0x00000201e93dd3d8 [0x00000201e93dcbc0+0x0000000000000818]
J 13695 c1 java.awt.LightweightDispatcher.dispatchEvent(Ljava/awt/AWTEvent;)Z java.desktop@9.0.4 (73 bytes) @ 0x00000201e3504b4c [0x00000201e3504720+0x000000000000042c]
J 20852 c1 java.awt.Container.dispatchEventImpl(Ljava/awt/AWTEvent;)V java.desktop@9.0.4 (129 bytes) @ 0x00000201e1c9532c [0x00000201e1c95260+0x00000000000000cc]
J 18027 c2 java.awt.Window.dispatchEventImpl(Ljava/awt/AWTEvent;)V java.desktop@9.0.4 (23 bytes) @ 0x00000201e91b350c [0x00000201e91b34c0+0x000000000000004c]
J 16025 c2 java.awt.EventQueue$3.run()Ljava/lang/Void; java.desktop@9.0.4 (60 bytes) @ 0x00000201e98a93fc [0x00000201e98a8e00+0x00000000000005fc]
J 15552 c2 java.awt.EventQueue$3.run()Ljava/lang/Object; java.desktop@9.0.4 (5 bytes) @ 0x00000201e903cad4 [0x00000201e903caa0+0x0000000000000034]
v  ~StubRoutines::call_stub
J 3789  java.security.AccessController.doPrivileged(Ljava/security/PrivilegedAction;Ljava/security/AccessControlContext;)Ljava/lang/Object; java.base@9.0.4 (0 bytes) @ 0x00000201e8d1d546 [0x00000201e8d1d4e0+0x0000000000000066]
J 17704 c2 java.awt.EventQueue$4.run()Ljava/lang/Object; java.desktop@9.0.4 (5 bytes) @ 0x00000201e8d30ec0 [0x00000201e8d30c60+0x0000000000000260]
v  ~StubRoutines::call_stub
J 3789  java.security.AccessController.doPrivileged(Ljava/security/PrivilegedAction;Ljava/security/AccessControlContext;)Ljava/lang/Object; java.base@9.0.4 (0 bytes) @ 0x00000201e8d1d546 [0x00000201e8d1d4e0+0x0000000000000066]
J 15494 c2 ui.frmwork.b.d.dispatchEvent(Ljava/awt/AWTEvent;)V (34 bytes) @ 0x00000201e8ff1188 [0x00000201e8ff0d20+0x0000000000000468]
J 21328 c2 java.awt.EventDispatchThread.pumpOneEventForFilters(I)V java.desktop@9.0.4 (218 bytes) @ 0x00000201e9e89f44 [0x00000201e9e89ba0+0x00000000000003a4]
J 19864% c1 java.awt.EventDispatchThread.pumpEventsForFilter(ILjava/awt/Conditional;Ljava/awt/EventFilter;)V java.desktop@9.0.4 (47 bytes) @ 0x00000201e2f74be4 [0x00000201e2f748a0+0x0000000000000344]
j  java.awt.EventDispatchThread.pumpEventsForHierarchy(ILjava/awt/Conditional;Ljava/awt/Component;)V+11 java.desktop@9.0.4
j  java.awt.EventDispatchThread.pumpEvents(ILjava/awt/Conditional;)V+4 java.desktop@9.0.4
j  java.awt.EventDispatchThread.pumpEvents(Ljava/awt/Conditional;)V+3 java.desktop@9.0.4
j  java.awt.EventDispatchThread.run()V+9 java.desktop@9.0.4
v  ~StubRoutines::call_stub

siginfo: EXCEPTION_ACCESS_VIOLATION (0xc0000005), reading address 0xffffffffffffffff


Register to memory mapping:

RIP=0x00007ffc6900ed95 librdi_common.dll
RAX=0x00000201cda8a701 is an unknown value
RBX=0x900534002e48f656 is an unknown value
RCX=0x00000201cda8a7e0 is an unknown value
RDX=0x900534002e48f656 is an unknown value
RSP=0x0000001b68ffadc0 is pointing into the stack for thread: 0x00000201f885a800
RBP=0x0000001b68ffaef0 is pointing into the stack for thread: 0x00000201f885a800
RSI=0x000002018087b280 is an unknown value
RDI=0x0000001b68ffafd8 is pointing into the stack for thread: 0x00000201f885a800
R8 =0x0000001b68ffafd8 is pointing into the stack for thread: 0x00000201f885a800
R9 =0x0000000000000000 is an unknown value
R10=0x00007ffca9550000 VCRUNTIME140.dll
R11=0x2df8da4b07c00002 is an unknown value
R12=0x0000001b68ffafd8 is pointing into the stack for thread: 0x00000201f885a800
R13=0x0000000000000000 is an unknown value
R14=0x00000201caed2430 is an unknown value
R15=0x900534002e48f656 is an unknown value


Registers:
RAX=0x00000201cda8a701, RBX=0x900534002e48f656, RCX=0x00000201cda8a7e0, RDX=0x900534002e48f656
RSP=0x0000001b68ffadc0, RBP=0x0000001b68ffaef0, RSI=0x000002018087b280, RDI=0x0000001b68ffafd8
R8 =0x0000001b68ffafd8, R9 =0x0000000000000000, R10=0x00007ffca9550000, R11=0x2df8da4b07c00002
R12=0x0000001b68ffafd8, R13=0x0000000000000000, R14=0x00000201caed2430, R15=0x900534002e48f656
RIP=0x00007ffc6900ed95, EFLAGS=0x0000000000010202

Top of Stack: (sp=0x0000001b68ffadc0)
0x0000001b68ffadc0:   fffffffffffffffe 00000201fcbacea0
0x0000001b68ffadd0:   0000000000005204 900534002e48f656
0x0000001b68ffade0:   900534002e48f656 00007ffc69003b75
0x0000001b68ffadf0:   00000201fcbace38 00007ffca8af2648
0x0000001b68ffae00:   00000201fcbace38 0000000000000019
0x0000001b68ffae10:   0000c7a467bbaa9e 00000201fcbace38
0x0000001b68ffae20:   0000000000000002 00007ffc6906c825
0x0000001b68ffae30:   0000020180112050 00000201fcbace58
0x0000001b68ffae40:   0000001b68ffb170 00007ffc69d1dbc0
0x0000001b68ffae50:   fffffffffffffffe 00007ffc69628aad
0x0000001b68ffae60:   fffffffffffffffe 00007ffc69d1dbc0
0x0000001b68ffae70:   00000201fcbace10 00000201ccf61958
0x0000001b68ffae80:   0000001b68ffafd8 00007ffc6906bb16
0x0000001b68ffae90:   00000201fcbace10 0000001b68ffafd8
0x0000001b68ffaea0:   0000020100000002 0000000000000000
0x0000001b68ffaeb0:   fffffffffffffffe 000000000000000f 

Instructions: (pc=0x00007ffc6900ed95)
0x00007ffc6900ed75:   20 48 8b d9 e8 22 c4 04 00 48 8b c8 48 8b d3 e8
0x00007ffc6900ed85:   27 0d 05 00 84 c0 75 08 33 c0 48 83 c4 20 5b c3
0x00007ffc6900ed95:   48 8b 4b 50 48 85 c9 74 0a 48 83 c4 20 5b e9 68
0x00007ffc6900eda5:   e2 04 00 48 8b d3 48 8d 0d 66 ce 78 00 e8 59 b7 



---------------  P R O C E S S  ---------------

Java Threads: ( => current thread )
  0x00000201feef1000 JavaThread "Relaunch Simulation Thread" [_thread_blocked, id=6332, stack(0x0000001b6e500000,0x0000001b6ea00000)]
  0x00000201feeec800 JavaThread "Swing-Shell" daemon [_thread_blocked, id=22188, stack(0x0000001b6c200000,0x0000001b6c700000)]
  0x00000201feef3000 JavaThread "SyntheticaAnimation 50" daemon [_thread_blocked, id=19864, stack(0x0000001b6e000000,0x0000001b6e500000)]
  0x00000201feeeb000 JavaThread "Monitor File Timestamp Swing Worker Thread" [_thread_blocked, id=6564, stack(0x0000001b6db00000,0x0000001b6e000000)]
  0x00000201feef1800 JavaThread "Timer-1" [_thread_blocked, id=12176, stack(0x0000001b6cc00000,0x0000001b6d100000)]
  0x00000201feeef800 JavaThread "Image Animator 3" daemon [_thread_blocked, id=10588, stack(0x0000001b6d100000,0x0000001b6d600000)]
  0x00000201feef2800 JavaThread "ForkJoinPool.commonPool-worker-9" daemon [_thread_blocked, id=4684, stack(0x0000001b6d600000,0x0000001b6db00000)]
  0x00000201feeeb800 JavaThread "SyntheticaAnimation 50" daemon [_thread_blocked, id=11008, stack(0x0000001b67c00000,0x0000001b68100000)]
  0x00000201feeee800 JavaThread "Update Runs Swing Worker Thread" [_thread_blocked, id=15788, stack(0x0000001b6c700000,0x0000001b6cc00000)]
  0x00000201feee9800 JavaThread "hw_ila_monitor" [_thread_blocked, id=13100, stack(0x0000001b69000000,0x0000001b69500000)]
  0x00000201feef0000 JavaThread "Refresh Filesets Swing Worker Thread" [_thread_blocked, id=9416, stack(0x0000001b6bd00000,0x0000001b6c200000)]
  0x00000201d67ba800 JavaThread "SyntheticaAnimation 70" daemon [_thread_blocked, id=8568, stack(0x0000001b6b800000,0x0000001b6bd00000)]
  0x00000201d67b5000 JavaThread "SyntheticaAnimation 25" daemon [_thread_blocked, id=15868, stack(0x0000001b6ae00000,0x0000001b6b300000)]
  0x00000201d67b7800 JavaThread "SyntheticaAnimation 50" daemon [_thread_blocked, id=9916, stack(0x0000001b6a900000,0x0000001b6ae00000)]
  0x00000201d67b6800 JavaThread "Monitor HEventQueue Thread" [_thread_blocked, id=1072, stack(0x0000001b69d00000,0x0000001b6a200000)]
  0x00000201d67b9800 JavaThread "SyntheticaCleanerThread" daemon [_thread_blocked, id=14956, stack(0x0000001b69500000,0x0000001b69a00000)]
  0x00000201d67bb000 JavaThread "Batik CleanerThread" daemon [_thread_blocked, id=1784, stack(0x0000001b68100000,0x0000001b68600000)]
=>0x00000201f885a800 JavaThread "AWT-EventQueue-1" [_thread_in_native, id=20996, stack(0x0000001b68b00000,0x0000001b69000000)]
  0x00000201d4b30000 JavaThread "Process Messages Thread" [_thread_blocked, id=14876, stack(0x0000001b68600000,0x0000001b68b00000)]
  0x00000201d4962800 JavaThread "Thread-1" [_thread_in_native, id=17344, stack(0x0000001b61400000,0x0000001b62800000)]
  0x00000201d484a800 JavaThread "TimerQueue" daemon [_thread_blocked, id=18608, stack(0x0000001b67700000,0x0000001b67c00000)]
  0x00000201d4688800 JavaThread "AWT-Windows" daemon [_thread_in_native, id=4384, stack(0x0000001b67200000,0x0000001b67700000)]
  0x00000201d4686800 JavaThread "AWT-Shutdown" [_thread_blocked, id=16132, stack(0x0000001b66d00000,0x0000001b67200000)]
  0x00000201d4298800 JavaThread "Java2D Disposer" daemon [_thread_blocked, id=21664, stack(0x0000001b66800000,0x0000001b66d00000)]
  0x00000201d405e000 JavaThread "Service Thread" daemon [_thread_blocked, id=11832, stack(0x0000001b66200000,0x0000001b66700000)]
  0x00000201d3c96800 JavaThread "Common-Cleaner" daemon [_thread_blocked, id=13436, stack(0x0000001b65d00000,0x0000001b66200000)]
  0x00000201d67b9000 JavaThread "Sweeper thread" daemon [_thread_blocked, id=4472, stack(0x0000001b65800000,0x0000001b65d00000)]
  0x00000201d67b0800 JavaThread "C1 CompilerThread3" daemon [_thread_blocked, id=14484, stack(0x0000001b65700000,0x0000001b65800000)]
  0x00000201d67af800 JavaThread "C2 CompilerThread2" daemon [_thread_blocked, id=18732, stack(0x0000001b65600000,0x0000001b65700000)]
  0x00000201d67af000 JavaThread "C2 CompilerThread1" daemon [_thread_blocked, id=12100, stack(0x0000001b65500000,0x0000001b65600000)]
  0x00000201d69e4800 JavaThread "C2 CompilerThread0" daemon [_thread_blocked, id=6668, stack(0x0000001b65400000,0x0000001b65500000)]
  0x00000201d7326000 JavaThread "Attach Listener" daemon [_thread_blocked, id=21040, stack(0x0000001b64f00000,0x0000001b65400000)]
  0x00000201d7328800 JavaThread "Signal Dispatcher" daemon [_thread_blocked, id=11592, stack(0x0000001b64a00000,0x0000001b64f00000)]
  0x00000201d731e000 JavaThread "Finalizer" daemon [_thread_blocked, id=8276, stack(0x0000001b64500000,0x0000001b64a00000)]
  0x00000201d7319800 JavaThread "Reference Handler" daemon [_thread_blocked, id=3704, stack(0x0000001b64000000,0x0000001b64500000)]
  0x00000201d699b800 JavaThread "main" [_thread_blocked, id=17956, stack(0x0000001b61300000,0x0000001b61400000)]

Other Threads:
  0x00000201d6cbf000 VMThread "VM Thread" [stack: 0x0000001b63f00000,0x0000001b64000000] [id=11288]
  0x00000201d3f86800 WatcherThread [stack: 0x0000001b66700000,0x0000001b66800000] [id=18540]
  0x00000201ccf1b000 GCTaskThread "GC Thread#0" [stack: 0x0000001b62b00000,0x0000001b62c00000] [id=14812]
  0x00000201d3b45000 GCTaskThread "GC Thread#1" [stack: 0x0000001b62c00000,0x0000001b62d00000] [id=6876]
  0x00000201d3b42800 GCTaskThread "GC Thread#2" [stack: 0x0000001b62d00000,0x0000001b62e00000] [id=9932]
  0x00000201d3b48000 GCTaskThread "GC Thread#3" [stack: 0x0000001b62e00000,0x0000001b62f00000] [id=10584]
  0x00000201d3b43800 GCTaskThread "GC Thread#4" [stack: 0x0000001b62f00000,0x0000001b63000000] [id=2036]
  0x00000201d3b45800 GCTaskThread "GC Thread#5" [stack: 0x0000001b63000000,0x0000001b63100000] [id=8360]
  0x00000201d3b46800 GCTaskThread "GC Thread#6" [stack: 0x0000001b63100000,0x0000001b63200000] [id=3784]
  0x00000201d3b44000 GCTaskThread "GC Thread#7" [stack: 0x0000001b63200000,0x0000001b63300000] [id=22204]
  0x00000201d3bb6800 ConcurrentGCThread "G1 Main Marker" [stack: 0x0000001b63c00000,0x0000001b63d00000] [id=7900]
  0x00000201d3b47800 ConcurrentGCThread "G1 Marker#0" [stack: 0x0000001b63d00000,0x0000001b63e00000] [id=20056]
  0x00000201d3b46000 ConcurrentGCThread "G1 Marker#1" [stack: 0x0000001b63e00000,0x0000001b63f00000] [id=15152]
  0x00000201d7332000 ConcurrentGCThread "G1 Refine#0" [stack: 0x0000001b63a00000,0x0000001b63b00000] [id=11168]
  0x00000201d732c000 ConcurrentGCThread "G1 Refine#1" [stack: 0x0000001b63900000,0x0000001b63a00000] [id=19344]
  0x00000201d732f000 ConcurrentGCThread "G1 Refine#2" [stack: 0x0000001b63800000,0x0000001b63900000] [id=4364]
  0x00000201d732b800 ConcurrentGCThread "G1 Refine#3" [stack: 0x0000001b63700000,0x0000001b63800000] [id=9520]
  0x00000201d9b50800 ConcurrentGCThread "G1 Refine#4" [stack: 0x0000001b63600000,0x0000001b63700000] [id=18368]
  0x00000201d9b4f800 ConcurrentGCThread "G1 Refine#5" [stack: 0x0000001b63500000,0x0000001b63600000] [id=3080]
  0x00000201d28f8800 ConcurrentGCThread "G1 Refine#6" [stack: 0x0000001b63400000,0x0000001b63500000] [id=18056]
  0x00000201d69be000 ConcurrentGCThread "G1 Refine#7" [stack: 0x0000001b63300000,0x0000001b63400000] [id=9532]
  0x00000201d7330000 ConcurrentGCThread "G1 Young RemSet Sampling" [stack: 0x0000001b63b00000,0x0000001b63c00000] [id=14776]

Threads with active compile tasks:

VM state:not at safepoint (normal execution)

VM Mutex/Monitor currently owned by a thread: None

Heap address: 0x0000000700000000, size: 3072 MB, Compressed Oops mode: Zero based, Oop shift amount: 3
Narrow klass base: 0x0000000000000000, Narrow klass shift: 3
Compressed class space size: 1073741824 Address: 0x00000007c0000000

Heap:
 garbage-first heap   total 231424K, used 92792K [0x0000000700000000, 0x0000000700100710, 0x00000007c0000000)
  region size 1024K, 20 young (20480K), 1 survivors (1024K)
 Metaspace       used 84768K, capacity 90763K, committed 90908K, reserved 1128448K
  class space    used 11519K, capacity 12544K, committed 12572K, reserved 1048576K
Heap Regions: E=young(eden), S=young(survivor), O=old, HS=humongous(starts), HC=humongous(continues), CS=collection set, F=free, A=archive, TS=gc time stamp, AC=allocation context, TAMS=top-at-mark-start (previous, next)
|   0|0x0000000700000000, 0x00000007000f9968, 0x0000000700100000| 97%| O|  |TS  0|AC  0|TAMS 0x0000000700000000, 0x0000000700000000|
|   1|0x0000000700100000, 0x00000007001ffff8, 0x0000000700200000| 99%| O|  |TS  0|AC  0|TAMS 0x0000000700100000, 0x0000000700100000|
|   2|0x0000000700200000, 0x0000000700300000, 0x0000000700300000|100%| O|  |TS  0|AC  0|TAMS 0x0000000700200000, 0x0000000700200000|
|   3|0x0000000700300000, 0x00000007003fc040, 0x0000000700400000| 98%| O|  |TS  0|AC  0|TAMS 0x0000000700300000, 0x0000000700300000|
|   4|0x0000000700400000, 0x0000000700500000, 0x0000000700500000|100%|HS|  |TS  0|AC  0|TAMS 0x0000000700400000, 0x0000000700400000|
|   5|0x0000000700500000, 0x0000000700600000, 0x0000000700600000|100%|HC|  |TS  0|AC  0|TAMS 0x0000000700500000, 0x0000000700500000|
|   6|0x0000000700600000, 0x0000000700700000, 0x0000000700700000|100%|HS|  |TS  0|AC  0|TAMS 0x0000000700600000, 0x0000000700600000|
|   7|0x0000000700700000, 0x00000007007f4e10, 0x0000000700800000| 95%| O|  |TS  0|AC  0|TAMS 0x0000000700700000, 0x0000000700700000|
|   8|0x0000000700800000, 0x00000007008feba8, 0x0000000700900000| 99%| O|  |TS  0|AC  0|TAMS 0x0000000700800000, 0x0000000700800000|
|   9|0x0000000700900000, 0x00000007009fffd8, 0x0000000700a00000| 99%| O|  |TS  0|AC  0|TAMS 0x0000000700900000, 0x0000000700900000|
|  10|0x0000000700a00000, 0x0000000700affff8, 0x0000000700b00000| 99%| O|  |TS  0|AC  0|TAMS 0x0000000700a00000, 0x0000000700a00000|
|  11|0x0000000700b00000, 0x0000000700bffff0, 0x0000000700c00000| 99%| O|  |TS  0|AC  0|TAMS 0x0000000700b00000, 0x0000000700b00000|
|  12|0x0000000700c00000, 0x0000000700cff250, 0x0000000700d00000| 99%| O|  |TS  0|AC  0|TAMS 0x0000000700c00000, 0x0000000700c00000|
|  13|0x0000000700d00000, 0x0000000700dffd38, 0x0000000700e00000| 99%| O|  |TS  0|AC  0|TAMS 0x0000000700d00000, 0x0000000700d00000|
|  14|0x0000000700e00000, 0x0000000700efffb8, 0x0000000700f00000| 99%| O|  |TS  0|AC  0|TAMS 0x0000000700e00000, 0x0000000700e00000|
|  15|0x0000000700f00000, 0x0000000700fee998, 0x0000000701000000| 93%| O|  |TS  0|AC  0|TAMS 0x0000000700f00000, 0x0000000700f00000|
|  16|0x0000000701000000, 0x00000007010ffff0, 0x0000000701100000| 99%| O|  |TS  0|AC  0|TAMS 0x0000000701000000, 0x0000000701000000|
|  17|0x0000000701100000, 0x00000007011ff7f8, 0x0000000701200000| 99%| O|  |TS  0|AC  0|TAMS 0x0000000701100000, 0x0000000701100000|
|  18|0x0000000701200000, 0x00000007012fffe0, 0x0000000701300000| 99%| O|  |TS  0|AC  0|TAMS 0x0000000701200000, 0x0000000701200000|
|  19|0x0000000701300000, 0x00000007013ffff0, 0x0000000701400000| 99%| O|  |TS  0|AC  0|TAMS 0x0000000701300000, 0x0000000701300000|
|  20|0x0000000701400000, 0x00000007014fffc0, 0x0000000701500000| 99%| O|  |TS  0|AC  0|TAMS 0x0000000701400000, 0x0000000701400000|
|  21|0x0000000701500000, 0x0000000701600000, 0x0000000701600000|100%|HS|  |TS  0|AC  0|TAMS 0x0000000701500000, 0x0000000701500000|
|  22|0x0000000701600000, 0x0000000701700000, 0x0000000701700000|100%|HC|  |TS  0|AC  0|TAMS 0x0000000701600000, 0x0000000701600000|
|  23|0x0000000701700000, 0x00000007017ffff8, 0x0000000701800000| 99%| O|  |TS  0|AC  0|TAMS 0x0000000701700000, 0x0000000701700000|
|  24|0x0000000701800000, 0x00000007018fffc8, 0x0000000701900000| 99%| O|  |TS  0|AC  0|TAMS 0x0000000701800000, 0x0000000701800000|
|  25|0x0000000701900000, 0x00000007019ffff0, 0x0000000701a00000| 99%| O|  |TS  0|AC  0|TAMS 0x0000000701900000, 0x0000000701900000|
|  26|0x0000000701a00000, 0x0000000701b00000, 0x0000000701b00000|100%| O|  |TS  0|AC  0|TAMS 0x0000000701a00000, 0x0000000701a00000|
|  27|0x0000000701b00000, 0x0000000701bffd50, 0x0000000701c00000| 99%| O|  |TS  0|AC  0|TAMS 0x0000000701b00000, 0x0000000701b00000|
|  28|0x0000000701c00000, 0x0000000701cfdf50, 0x0000000701d00000| 99%| O|  |TS  0|AC  0|TAMS 0x0000000701c00000, 0x0000000701c00000|
|  29|0x0000000701d00000, 0x0000000701e00000, 0x0000000701e00000|100%| O|  |TS  0|AC  0|TAMS 0x0000000701d00000, 0x0000000701d00000|
|  30|0x0000000701e00000, 0x0000000701effff0, 0x0000000701f00000| 99%| O|  |TS  0|AC  0|TAMS 0x0000000701e00000, 0x0000000701e00000|
|  31|0x0000000701f00000, 0x0000000701fffff0, 0x0000000702000000| 99%| O|  |TS  0|AC  0|TAMS 0x0000000701f00000, 0x0000000701f00000|
|  32|0x0000000702000000, 0x00000007020fff08, 0x0000000702100000| 99%| O|  |TS  0|AC  0|TAMS 0x0000000702000000, 0x0000000702000000|
|  33|0x0000000702100000, 0x00000007021ffff8, 0x0000000702200000| 99%| O|  |TS  0|AC  0|TAMS 0x0000000702100000, 0x0000000702100000|
|  34|0x0000000702200000, 0x00000007022ffed0, 0x0000000702300000| 99%| O|  |TS  0|AC  0|TAMS 0x0000000702200000, 0x0000000702200000|
|  35|0x0000000702300000, 0x00000007023ffff0, 0x0000000702400000| 99%| O|  |TS  0|AC  0|TAMS 0x0000000702300000, 0x0000000702300000|
|  36|0x0000000702400000, 0x00000007024fff18, 0x0000000702500000| 99%| O|  |TS  0|AC  0|TAMS 0x0000000702400000, 0x0000000702400000|
|  37|0x0000000702500000, 0x00000007025ffe98, 0x0000000702600000| 99%| O|  |TS  0|AC  0|TAMS 0x0000000702500000, 0x0000000702500000|
|  38|0x0000000702600000, 0x00000007026ffff0, 0x0000000702700000| 99%| O|  |TS  0|AC  0|TAMS 0x0000000702600000, 0x0000000702600000|
|  39|0x0000000702700000, 0x00000007027ffff8, 0x0000000702800000| 99%| O|  |TS  0|AC  0|TAMS 0x0000000702700000, 0x0000000702700000|
|  40|0x0000000702800000, 0x00000007028fffe8, 0x0000000702900000| 99%| O|  |TS  0|AC  0|TAMS 0x0000000702800000, 0x0000000702800000|
|  41|0x0000000702900000, 0x00000007029ffff0, 0x0000000702a00000| 99%| O|  |TS  0|AC  0|TAMS 0x0000000702900000, 0x0000000702900000|
|  42|0x0000000702a00000, 0x0000000702aff5f8, 0x0000000702b00000| 99%| O|  |TS  0|AC  0|TAMS 0x0000000702a00000, 0x0000000702a00000|
|  43|0x0000000702b00000, 0x0000000702c00000, 0x0000000702c00000|100%| O|  |TS  0|AC  0|TAMS 0x0000000702b00000, 0x0000000702b00000|
|  44|0x0000000702c00000, 0x0000000702cfffd0, 0x0000000702d00000| 99%| O|  |TS  0|AC  0|TAMS 0x0000000702c00000, 0x0000000702c00000|
|  45|0x0000000702d00000, 0x0000000702dfffc8, 0x0000000702e00000| 99%| O|  |TS  0|AC  0|TAMS 0x0000000702d00000, 0x0000000702d00000|
|  46|0x0000000702e00000, 0x0000000702eff568, 0x0000000702f00000| 99%| O|  |TS  0|AC  0|TAMS 0x0000000702e00000, 0x0000000702e00000|
|  47|0x0000000702f00000, 0x0000000703000000, 0x0000000703000000|100%| O|  |TS  0|AC  0|TAMS 0x0000000702f00000, 0x0000000702f00000|
|  48|0x0000000703000000, 0x00000007030ffec8, 0x0000000703100000| 99%| O|  |TS  0|AC  0|TAMS 0x0000000703000000, 0x0000000703000000|
|  49|0x0000000703100000, 0x0000000703200000, 0x0000000703200000|100%| O|  |TS  0|AC  0|TAMS 0x0000000703100000, 0x0000000703100000|
|  50|0x0000000703200000, 0x00000007032ffff8, 0x0000000703300000| 99%| O|  |TS  0|AC  0|TAMS 0x0000000703200000, 0x0000000703200000|
|  51|0x0000000703300000, 0x00000007033ffea0, 0x0000000703400000| 99%| O|  |TS  0|AC  0|TAMS 0x0000000703300000, 0x0000000703300000|
|  52|0x0000000703400000, 0x00000007034fffb0, 0x0000000703500000| 99%| O|  |TS  0|AC  0|TAMS 0x0000000703400000, 0x0000000703400000|
|  53|0x0000000703500000, 0x00000007035ffff8, 0x0000000703600000| 99%| O|  |TS  0|AC  0|TAMS 0x0000000703500000, 0x0000000703500000|
|  54|0x0000000703600000, 0x00000007036ffff8, 0x0000000703700000| 99%| O|  |TS  0|AC  0|TAMS 0x0000000703600000, 0x0000000703600000|
|  55|0x0000000703700000, 0x00000007037fff38, 0x0000000703800000| 99%| O|  |TS  0|AC  0|TAMS 0x0000000703700000, 0x0000000703700000|
|  56|0x0000000703800000, 0x00000007038fffe0, 0x0000000703900000| 99%| O|  |TS  0|AC  0|TAMS 0x0000000703800000, 0x0000000703800000|
|  57|0x0000000703900000, 0x000000070393fa30, 0x0000000703a00000| 24%| O|  |TS  0|AC  0|TAMS 0x0000000703900000, 0x0000000703900000|
|  58|0x0000000703a00000, 0x0000000703b00000, 0x0000000703b00000|100%|HS|  |TS  0|AC  0|TAMS 0x0000000703a00000, 0x0000000703a00000|
|  59|0x0000000703b00000, 0x0000000703c00000, 0x0000000703c00000|100%|HS|  |TS  0|AC  0|TAMS 0x0000000703b00000, 0x0000000703b00000|
|  60|0x0000000703c00000, 0x0000000703d00000, 0x0000000703d00000|100%|HC|  |TS  0|AC  0|TAMS 0x0000000703c00000, 0x0000000703c00000|
|  61|0x0000000703d00000, 0x0000000703e00000, 0x0000000703e00000|100%|HS|  |TS  0|AC  0|TAMS 0x0000000703d00000, 0x0000000703d00000|
|  62|0x0000000703e00000, 0x0000000703f00000, 0x0000000703f00000|100%|HS|  |TS  0|AC  0|TAMS 0x0000000703e00000, 0x0000000703e00000|
|  63|0x0000000703f00000, 0x0000000704000000, 0x0000000704000000|100%|HC|  |TS  0|AC  0|TAMS 0x0000000703f00000, 0x0000000703f00000|
|  64|0x0000000704000000, 0x0000000704100000, 0x0000000704100000|100%|HC|  |TS  0|AC  0|TAMS 0x0000000704000000, 0x0000000704000000|
|  65|0x0000000704100000, 0x0000000704100000, 0x0000000704200000|  0%| F|  |TS  0|AC  0|TAMS 0x0000000704100000, 0x0000000704100000|
|  66|0x0000000704200000, 0x0000000704200000, 0x0000000704300000|  0%| F|  |TS  0|AC  0|TAMS 0x0000000704200000, 0x0000000704200000|
|  67|0x0000000704300000, 0x0000000704300000, 0x0000000704400000|  0%| F|  |TS  0|AC  0|TAMS 0x0000000704300000, 0x0000000704300000|
|  68|0x0000000704400000, 0x0000000704500000, 0x0000000704500000|100%|HS|  |TS  0|AC  0|TAMS 0x0000000704400000, 0x0000000704400000|
|  69|0x0000000704500000, 0x0000000704500000, 0x0000000704600000|  0%| F|  |TS  0|AC  0|TAMS 0x0000000704500000, 0x0000000704500000|
|  70|0x0000000704600000, 0x0000000704700000, 0x0000000704700000|100%|HS|  |TS  0|AC  0|TAMS 0x0000000704600000, 0x0000000704600000|
|  71|0x0000000704700000, 0x0000000704800000, 0x0000000704800000|100%|HC|  |TS  0|AC  0|TAMS 0x0000000704700000, 0x0000000704700000|
|  72|0x0000000704800000, 0x0000000704900000, 0x0000000704900000|100%|HC|  |TS  0|AC  0|TAMS 0x0000000704800000, 0x0000000704800000|
|  73|0x0000000704900000, 0x0000000704a00000, 0x0000000704a00000|100%|HC|  |TS  0|AC  0|TAMS 0x0000000704900000, 0x0000000704900000|
|  74|0x0000000704a00000, 0x0000000704b00000, 0x0000000704b00000|100%|HC|  |TS  0|AC  0|TAMS 0x0000000704a00000, 0x0000000704a00000|
|  75|0x0000000704b00000, 0x0000000704c00000, 0x0000000704c00000|100%|HC|  |TS  0|AC  0|TAMS 0x0000000704b00000, 0x0000000704b00000|
|  76|0x0000000704c00000, 0x0000000704d00000, 0x0000000704d00000|100%|HC|  |TS  0|AC  0|TAMS 0x0000000704c00000, 0x0000000704c00000|
|  77|0x0000000704d00000, 0x0000000704d00000, 0x0000000704e00000|  0%| F|  |TS  0|AC  0|TAMS 0x0000000704d00000, 0x0000000704d00000|
|  78|0x0000000704e00000, 0x0000000704e00000, 0x0000000704f00000|  0%| F|  |TS  0|AC  0|TAMS 0x0000000704e00000, 0x0000000704e00000|
|  79|0x0000000704f00000, 0x0000000704f00000, 0x0000000705000000|  0%| F|  |TS  0|AC  0|TAMS 0x0000000704f00000, 0x0000000704f00000|
|  80|0x0000000705000000, 0x0000000705000000, 0x0000000705100000|  0%| F|  |TS  0|AC  0|TAMS 0x0000000705000000, 0x0000000705000000|
|  81|0x0000000705100000, 0x0000000705100000, 0x0000000705200000|  0%| F|  |TS  0|AC  0|TAMS 0x0000000705100000, 0x0000000705100000|
|  82|0x0000000705200000, 0x0000000705200000, 0x0000000705300000|  0%| F|  |TS  0|AC  0|TAMS 0x0000000705200000, 0x0000000705200000|
|  83|0x0000000705300000, 0x0000000705300000, 0x0000000705400000|  0%| F|  |TS  0|AC  0|TAMS 0x0000000705300000, 0x0000000705300000|
|  84|0x0000000705400000, 0x0000000705400000, 0x0000000705500000|  0%| F|  |TS  0|AC  0|TAMS 0x0000000705400000, 0x0000000705400000|
|  85|0x0000000705500000, 0x0000000705500000, 0x0000000705600000|  0%| F|  |TS  0|AC  0|TAMS 0x0000000705500000, 0x0000000705500000|
|  86|0x0000000705600000, 0x0000000705600000, 0x0000000705700000|  0%| F|  |TS  0|AC  0|TAMS 0x0000000705600000, 0x0000000705600000|
|  87|0x0000000705700000, 0x0000000705700000, 0x0000000705800000|  0%| F|  |TS  0|AC  0|TAMS 0x0000000705700000, 0x0000000705700000|
|  88|0x0000000705800000, 0x0000000705800000, 0x0000000705900000|  0%| F|  |TS  0|AC  0|TAMS 0x0000000705800000, 0x0000000705800000|
|  89|0x0000000705900000, 0x0000000705900000, 0x0000000705a00000|  0%| F|  |TS  0|AC  0|TAMS 0x0000000705900000, 0x0000000705900000|
|  90|0x0000000705a00000, 0x0000000705a00000, 0x0000000705b00000|  0%| F|  |TS  0|AC  0|TAMS 0x0000000705a00000, 0x0000000705a00000|
|  91|0x0000000705b00000, 0x0000000705b00000, 0x0000000705c00000|  0%| F|  |TS  0|AC  0|TAMS 0x0000000705b00000, 0x0000000705b00000|
|  92|0x0000000705c00000, 0x0000000705c00000, 0x0000000705d00000|  0%| F|  |TS  0|AC  0|TAMS 0x0000000705c00000, 0x0000000705c00000|
|  93|0x0000000705d00000, 0x0000000705d00000, 0x0000000705e00000|  0%| F|  |TS  0|AC  0|TAMS 0x0000000705d00000, 0x0000000705d00000|
|  94|0x0000000705e00000, 0x0000000705e00000, 0x0000000705f00000|  0%| F|  |TS  0|AC  0|TAMS 0x0000000705e00000, 0x0000000705e00000|
|  95|0x0000000705f00000, 0x0000000705f00000, 0x0000000706000000|  0%| F|  |TS  0|AC  0|TAMS 0x0000000705f00000, 0x0000000705f00000|
|  96|0x0000000706000000, 0x0000000706000000, 0x0000000706100000|  0%| F|  |TS  0|AC  0|TAMS 0x0000000706000000, 0x0000000706000000|
|  97|0x0000000706100000, 0x0000000706100000, 0x0000000706200000|  0%| F|  |TS  0|AC  0|TAMS 0x0000000706100000, 0x0000000706100000|
|  98|0x0000000706200000, 0x0000000706200000, 0x0000000706300000|  0%| F|  |TS  0|AC  0|TAMS 0x0000000706200000, 0x0000000706200000|
|  99|0x0000000706300000, 0x0000000706300000, 0x0000000706400000|  0%| F|  |TS  0|AC  0|TAMS 0x0000000706300000, 0x0000000706300000|
| 100|0x0000000706400000, 0x0000000706400000, 0x0000000706500000|  0%| F|  |TS  0|AC  0|TAMS 0x0000000706400000, 0x0000000706400000|
| 101|0x0000000706500000, 0x0000000706500000, 0x0000000706600000|  0%| F|  |TS  0|AC  0|TAMS 0x0000000706500000, 0x0000000706500000|
| 102|0x0000000706600000, 0x0000000706600000, 0x0000000706700000|  0%| F|  |TS  0|AC  0|TAMS 0x0000000706600000, 0x0000000706600000|
| 103|0x0000000706700000, 0x0000000706700000, 0x0000000706800000|  0%| F|  |TS  0|AC  0|TAMS 0x0000000706700000, 0x0000000706700000|
| 104|0x0000000706800000, 0x0000000706800000, 0x0000000706900000|  0%| F|  |TS  0|AC  0|TAMS 0x0000000706800000, 0x0000000706800000|
| 105|0x0000000706900000, 0x0000000706900000, 0x0000000706a00000|  0%| F|  |TS  0|AC  0|TAMS 0x0000000706900000, 0x0000000706900000|
| 106|0x0000000706a00000, 0x0000000706a00000, 0x0000000706b00000|  0%| F|  |TS  0|AC  0|TAMS 0x0000000706a00000, 0x0000000706a00000|
| 107|0x0000000706b00000, 0x0000000706b00000, 0x0000000706c00000|  0%| F|  |TS  0|AC  0|TAMS 0x0000000706b00000, 0x0000000706b00000|
| 108|0x0000000706c00000, 0x0000000706c00000, 0x0000000706d00000|  0%| F|  |TS  0|AC  0|TAMS 0x0000000706c00000, 0x0000000706c00000|
| 109|0x0000000706d00000, 0x0000000706d00000, 0x0000000706e00000|  0%| F|  |TS  0|AC  0|TAMS 0x0000000706d00000, 0x0000000706d00000|
| 110|0x0000000706e00000, 0x0000000706e00000, 0x0000000706f00000|  0%| F|  |TS  0|AC  0|TAMS 0x0000000706e00000, 0x0000000706e00000|
| 111|0x0000000706f00000, 0x0000000706f00000, 0x0000000707000000|  0%| F|  |TS  0|AC  0|TAMS 0x0000000706f00000, 0x0000000706f00000|
| 112|0x0000000707000000, 0x0000000707000000, 0x0000000707100000|  0%| F|  |TS  0|AC  0|TAMS 0x0000000707000000, 0x0000000707000000|
| 113|0x0000000707100000, 0x0000000707100000, 0x0000000707200000|  0%| F|  |TS  0|AC  0|TAMS 0x0000000707100000, 0x0000000707100000|
| 114|0x0000000707200000, 0x0000000707200000, 0x0000000707300000|  0%| F|  |TS  0|AC  0|TAMS 0x0000000707200000, 0x0000000707200000|
| 115|0x0000000707300000, 0x0000000707300000, 0x0000000707400000|  0%| F|  |TS  0|AC  0|TAMS 0x0000000707300000, 0x0000000707300000|
| 116|0x0000000707400000, 0x0000000707400000, 0x0000000707500000|  0%| F|  |TS  0|AC  0|TAMS 0x0000000707400000, 0x0000000707400000|
| 117|0x0000000707500000, 0x0000000707500000, 0x0000000707600000|  0%| F|  |TS  0|AC  0|TAMS 0x0000000707500000, 0x0000000707500000|
| 118|0x0000000707600000, 0x0000000707600000, 0x0000000707700000|  0%| F|  |TS  0|AC  0|TAMS 0x0000000707600000, 0x0000000707600000|
| 119|0x0000000707700000, 0x0000000707700000, 0x0000000707800000|  0%| F|  |TS  0|AC  0|TAMS 0x0000000707700000, 0x0000000707700000|
| 120|0x0000000707800000, 0x0000000707800000, 0x0000000707900000|  0%| F|  |TS  0|AC  0|TAMS 0x0000000707800000, 0x0000000707800000|
| 121|0x0000000707900000, 0x0000000707900000, 0x0000000707a00000|  0%| F|  |TS  0|AC  0|TAMS 0x0000000707900000, 0x0000000707900000|
| 122|0x0000000707a00000, 0x0000000707a00000, 0x0000000707b00000|  0%| F|  |TS  0|AC  0|TAMS 0x0000000707a00000, 0x0000000707a00000|
| 123|0x0000000707b00000, 0x0000000707b00000, 0x0000000707c00000|  0%| F|  |TS  0|AC  0|TAMS 0x0000000707b00000, 0x0000000707b00000|
| 124|0x0000000707c00000, 0x0000000707c00000, 0x0000000707d00000|  0%| F|  |TS  0|AC  0|TAMS 0x0000000707c00000, 0x0000000707c00000|
| 125|0x0000000707d00000, 0x0000000707d00000, 0x0000000707e00000|  0%| F|  |TS  0|AC  0|TAMS 0x0000000707d00000, 0x0000000707d00000|
| 126|0x0000000707e00000, 0x0000000707e00000, 0x0000000707f00000|  0%| F|  |TS  0|AC  0|TAMS 0x0000000707e00000, 0x0000000707e00000|
| 127|0x0000000707f00000, 0x0000000707f00000, 0x0000000708000000|  0%| F|  |TS  0|AC  0|TAMS 0x0000000707f00000, 0x0000000707f00000|
| 128|0x0000000708000000, 0x0000000708000000, 0x0000000708100000|  0%| F|  |TS  0|AC  0|TAMS 0x0000000708000000, 0x0000000708000000|
| 129|0x0000000708100000, 0x0000000708100000, 0x0000000708200000|  0%| F|  |TS  0|AC  0|TAMS 0x0000000708100000, 0x0000000708100000|
| 130|0x0000000708200000, 0x0000000708200000, 0x0000000708300000|  0%| F|  |TS  0|AC  0|TAMS 0x0000000708200000, 0x0000000708200000|
| 131|0x0000000708300000, 0x0000000708300000, 0x0000000708400000|  0%| F|  |TS  0|AC  0|TAMS 0x0000000708300000, 0x0000000708300000|
| 132|0x0000000708400000, 0x0000000708400000, 0x0000000708500000|  0%| F|  |TS  0|AC  0|TAMS 0x0000000708400000, 0x0000000708400000|
| 133|0x0000000708500000, 0x0000000708500000, 0x0000000708600000|  0%| F|  |TS  0|AC  0|TAMS 0x0000000708500000, 0x0000000708500000|
| 134|0x0000000708600000, 0x0000000708600000, 0x0000000708700000|  0%| F|  |TS  0|AC  0|TAMS 0x0000000708600000, 0x0000000708600000|
| 135|0x0000000708700000, 0x0000000708700000, 0x0000000708800000|  0%| F|  |TS  0|AC  0|TAMS 0x0000000708700000, 0x0000000708700000|
| 136|0x0000000708800000, 0x0000000708800000, 0x0000000708900000|  0%| F|  |TS  0|AC  0|TAMS 0x0000000708800000, 0x0000000708800000|
| 137|0x0000000708900000, 0x0000000708900000, 0x0000000708a00000|  0%| F|  |TS  0|AC  0|TAMS 0x0000000708900000, 0x0000000708900000|
| 138|0x0000000708a00000, 0x0000000708a00000, 0x0000000708b00000|  0%| F|  |TS  0|AC  0|TAMS 0x0000000708a00000, 0x0000000708a00000|
| 139|0x0000000708b00000, 0x0000000708b00000, 0x0000000708c00000|  0%| F|  |TS  0|AC  0|TAMS 0x0000000708b00000, 0x0000000708b00000|
| 140|0x0000000708c00000, 0x0000000708c00000, 0x0000000708d00000|  0%| F|  |TS  0|AC  0|TAMS 0x0000000708c00000, 0x0000000708c00000|
| 141|0x0000000708d00000, 0x0000000708d00000, 0x0000000708e00000|  0%| F|  |TS  0|AC  0|TAMS 0x0000000708d00000, 0x0000000708d00000|
| 142|0x0000000708e00000, 0x0000000708e00000, 0x0000000708f00000|  0%| F|  |TS  0|AC  0|TAMS 0x0000000708e00000, 0x0000000708e00000|
| 143|0x0000000708f00000, 0x0000000708f00000, 0x0000000709000000|  0%| F|  |TS  0|AC  0|TAMS 0x0000000708f00000, 0x0000000708f00000|
| 144|0x0000000709000000, 0x0000000709000000, 0x0000000709100000|  0%| F|  |TS  0|AC  0|TAMS 0x0000000709000000, 0x0000000709000000|
| 145|0x0000000709100000, 0x0000000709100000, 0x0000000709200000|  0%| F|  |TS  0|AC  0|TAMS 0x0000000709100000, 0x0000000709100000|
| 146|0x0000000709200000, 0x0000000709200000, 0x0000000709300000|  0%| F|  |TS  0|AC  0|TAMS 0x0000000709200000, 0x0000000709200000|
| 147|0x0000000709300000, 0x0000000709300000, 0x0000000709400000|  0%| F|  |TS  0|AC  0|TAMS 0x0000000709300000, 0x0000000709300000|
| 148|0x0000000709400000, 0x0000000709400000, 0x0000000709500000|  0%| F|  |TS  0|AC  0|TAMS 0x0000000709400000, 0x0000000709400000|
| 149|0x0000000709500000, 0x0000000709500000, 0x0000000709600000|  0%| F|  |TS  0|AC  0|TAMS 0x0000000709500000, 0x0000000709500000|
| 150|0x0000000709600000, 0x0000000709600000, 0x0000000709700000|  0%| F|  |TS  0|AC  0|TAMS 0x0000000709600000, 0x0000000709600000|
| 151|0x0000000709700000, 0x0000000709700000, 0x0000000709800000|  0%| F|  |TS  0|AC  0|TAMS 0x0000000709700000, 0x0000000709700000|
| 152|0x0000000709800000, 0x0000000709800000, 0x0000000709900000|  0%| F|  |TS  0|AC  0|TAMS 0x0000000709800000, 0x0000000709800000|
| 153|0x0000000709900000, 0x0000000709900000, 0x0000000709a00000|  0%| F|  |TS  0|AC  0|TAMS 0x0000000709900000, 0x0000000709900000|
| 154|0x0000000709a00000, 0x0000000709a00000, 0x0000000709b00000|  0%| F|  |TS  0|AC  0|TAMS 0x0000000709a00000, 0x0000000709a00000|
| 155|0x0000000709b00000, 0x0000000709b00000, 0x0000000709c00000|  0%| F|  |TS  0|AC  0|TAMS 0x0000000709b00000, 0x0000000709b00000|
| 156|0x0000000709c00000, 0x0000000709c00000, 0x0000000709d00000|  0%| F|  |TS  0|AC  0|TAMS 0x0000000709c00000, 0x0000000709c00000|
| 157|0x0000000709d00000, 0x0000000709d00000, 0x0000000709e00000|  0%| F|  |TS  0|AC  0|TAMS 0x0000000709d00000, 0x0000000709d00000|
| 158|0x0000000709e00000, 0x0000000709e00000, 0x0000000709f00000|  0%| F|  |TS  0|AC  0|TAMS 0x0000000709e00000, 0x0000000709e00000|
| 159|0x0000000709f00000, 0x0000000709f00000, 0x000000070a000000|  0%| F|  |TS  0|AC  0|TAMS 0x0000000709f00000, 0x0000000709f00000|
| 160|0x000000070a000000, 0x000000070a000000, 0x000000070a100000|  0%| F|  |TS  0|AC  0|TAMS 0x000000070a000000, 0x000000070a000000|
| 161|0x000000070a100000, 0x000000070a100000, 0x000000070a200000|  0%| F|  |TS  0|AC  0|TAMS 0x000000070a100000, 0x000000070a100000|
| 162|0x000000070a200000, 0x000000070a200000, 0x000000070a300000|  0%| F|  |TS  0|AC  0|TAMS 0x000000070a200000, 0x000000070a200000|
| 163|0x000000070a300000, 0x000000070a300000, 0x000000070a400000|  0%| F|  |TS  0|AC  0|TAMS 0x000000070a300000, 0x000000070a300000|
| 164|0x000000070a400000, 0x000000070a400000, 0x000000070a500000|  0%| F|  |TS  0|AC  0|TAMS 0x000000070a400000, 0x000000070a400000|
| 165|0x000000070a500000, 0x000000070a500000, 0x000000070a600000|  0%| F|  |TS  3|AC  0|TAMS 0x000000070a500000, 0x000000070a500000|
| 166|0x000000070a600000, 0x000000070a68c4b8, 0x000000070a700000| 54%| S|CS|TS  3|AC  0|TAMS 0x000000070a600000, 0x000000070a600000|
| 167|0x000000070a700000, 0x000000070a700000, 0x000000070a800000|  0%| F|  |TS  3|AC  0|TAMS 0x000000070a700000, 0x000000070a700000|
| 168|0x000000070a800000, 0x000000070a800000, 0x000000070a900000|  0%| F|  |TS  3|AC  0|TAMS 0x000000070a800000, 0x000000070a800000|
| 169|0x000000070a900000, 0x000000070a900000, 0x000000070aa00000|  0%| F|  |TS  3|AC  0|TAMS 0x000000070a900000, 0x000000070a900000|
| 170|0x000000070aa00000, 0x000000070aa00000, 0x000000070ab00000|  0%| F|  |TS  3|AC  0|TAMS 0x000000070aa00000, 0x000000070aa00000|
| 171|0x000000070ab00000, 0x000000070ab00000, 0x000000070ac00000|  0%| F|  |TS  3|AC  0|TAMS 0x000000070ab00000, 0x000000070ab00000|
| 172|0x000000070ac00000, 0x000000070ac00000, 0x000000070ad00000|  0%| F|  |TS  3|AC  0|TAMS 0x000000070ac00000, 0x000000070ac00000|
| 173|0x000000070ad00000, 0x000000070ad00000, 0x000000070ae00000|  0%| F|  |TS  3|AC  0|TAMS 0x000000070ad00000, 0x000000070ad00000|
| 174|0x000000070ae00000, 0x000000070ae00000, 0x000000070af00000|  0%| F|  |TS  3|AC  0|TAMS 0x000000070ae00000, 0x000000070ae00000|
| 175|0x000000070af00000, 0x000000070af00000, 0x000000070b000000|  0%| F|  |TS  3|AC  0|TAMS 0x000000070af00000, 0x000000070af00000|
| 176|0x000000070b000000, 0x000000070b000000, 0x000000070b100000|  0%| F|  |TS  3|AC  0|TAMS 0x000000070b000000, 0x000000070b000000|
| 177|0x000000070b100000, 0x000000070b100000, 0x000000070b200000|  0%| F|  |TS  3|AC  0|TAMS 0x000000070b100000, 0x000000070b100000|
| 178|0x000000070b200000, 0x000000070b200000, 0x000000070b300000|  0%| F|  |TS  3|AC  0|TAMS 0x000000070b200000, 0x000000070b200000|
| 179|0x000000070b300000, 0x000000070b300000, 0x000000070b400000|  0%| F|  |TS  3|AC  0|TAMS 0x000000070b300000, 0x000000070b300000|
| 180|0x000000070b400000, 0x000000070b400000, 0x000000070b500000|  0%| F|  |TS  3|AC  0|TAMS 0x000000070b400000, 0x000000070b400000|
| 181|0x000000070b500000, 0x000000070b500000, 0x000000070b600000|  0%| F|  |TS  3|AC  0|TAMS 0x000000070b500000, 0x000000070b500000|
| 182|0x000000070b600000, 0x000000070b600000, 0x000000070b700000|  0%| F|  |TS  3|AC  0|TAMS 0x000000070b600000, 0x000000070b600000|
| 183|0x000000070b700000, 0x000000070b700000, 0x000000070b800000|  0%| F|  |TS  3|AC  0|TAMS 0x000000070b700000, 0x000000070b700000|
| 184|0x000000070b800000, 0x000000070b800000, 0x000000070b900000|  0%| F|  |TS  3|AC  0|TAMS 0x000000070b800000, 0x000000070b800000|
| 185|0x000000070b900000, 0x000000070b900000, 0x000000070ba00000|  0%| F|  |TS  3|AC  0|TAMS 0x000000070b900000, 0x000000070b900000|
| 186|0x000000070ba00000, 0x000000070ba00000, 0x000000070bb00000|  0%| F|  |TS  3|AC  0|TAMS 0x000000070ba00000, 0x000000070ba00000|
| 187|0x000000070bb00000, 0x000000070bb00000, 0x000000070bc00000|  0%| F|  |TS  3|AC  0|TAMS 0x000000070bb00000, 0x000000070bb00000|
| 188|0x000000070bc00000, 0x000000070bc00000, 0x000000070bd00000|  0%| F|  |TS  3|AC  0|TAMS 0x000000070bc00000, 0x000000070bc00000|
| 189|0x000000070bd00000, 0x000000070bd00000, 0x000000070be00000|  0%| F|  |TS  3|AC  0|TAMS 0x000000070bd00000, 0x000000070bd00000|
| 190|0x000000070be00000, 0x000000070be00000, 0x000000070bf00000|  0%| F|  |TS  3|AC  0|TAMS 0x000000070be00000, 0x000000070be00000|
| 191|0x000000070bf00000, 0x000000070bf00000, 0x000000070c000000|  0%| F|  |TS  3|AC  0|TAMS 0x000000070bf00000, 0x000000070bf00000|
| 192|0x000000070c000000, 0x000000070c000000, 0x000000070c100000|  0%| F|  |TS  3|AC  0|TAMS 0x000000070c000000, 0x000000070c000000|
| 193|0x000000070c100000, 0x000000070c100000, 0x000000070c200000|  0%| F|  |TS  3|AC  0|TAMS 0x000000070c100000, 0x000000070c100000|
| 194|0x000000070c200000, 0x000000070c200000, 0x000000070c300000|  0%| F|  |TS  3|AC  0|TAMS 0x000000070c200000, 0x000000070c200000|
| 195|0x000000070c300000, 0x000000070c300000, 0x000000070c400000|  0%| F|  |TS  3|AC  0|TAMS 0x000000070c300000, 0x000000070c300000|
| 196|0x000000070c400000, 0x000000070c400000, 0x000000070c500000|  0%| F|  |TS  3|AC  0|TAMS 0x000000070c400000, 0x000000070c400000|
| 197|0x000000070c500000, 0x000000070c500000, 0x000000070c600000|  0%| F|  |TS  3|AC  0|TAMS 0x000000070c500000, 0x000000070c500000|
| 198|0x000000070c600000, 0x000000070c600000, 0x000000070c700000|  0%| F|  |TS  3|AC  0|TAMS 0x000000070c600000, 0x000000070c600000|
| 199|0x000000070c700000, 0x000000070c700000, 0x000000070c800000|  0%| F|  |TS  3|AC  0|TAMS 0x000000070c700000, 0x000000070c700000|
| 200|0x000000070c800000, 0x000000070c800000, 0x000000070c900000|  0%| F|  |TS  3|AC  0|TAMS 0x000000070c800000, 0x000000070c800000|
| 201|0x000000070c900000, 0x000000070c900000, 0x000000070ca00000|  0%| F|  |TS  3|AC  0|TAMS 0x000000070c900000, 0x000000070c900000|
| 202|0x000000070ca00000, 0x000000070ca00000, 0x000000070cb00000|  0%| F|  |TS  3|AC  0|TAMS 0x000000070ca00000, 0x000000070ca00000|
| 203|0x000000070cb00000, 0x000000070cb00000, 0x000000070cc00000|  0%| F|  |TS  3|AC  0|TAMS 0x000000070cb00000, 0x000000070cb00000|
| 204|0x000000070cc00000, 0x000000070cc00000, 0x000000070cd00000|  0%| F|  |TS  3|AC  0|TAMS 0x000000070cc00000, 0x000000070cc00000|
| 205|0x000000070cd00000, 0x000000070cd00000, 0x000000070ce00000|  0%| F|  |TS  3|AC  0|TAMS 0x000000070cd00000, 0x000000070cd00000|
| 206|0x000000070ce00000, 0x000000070ce00000, 0x000000070cf00000|  0%| F|  |TS  3|AC  0|TAMS 0x000000070ce00000, 0x000000070ce00000|
| 207|0x000000070cf00000, 0x000000070cf8e670, 0x000000070d000000| 55%| E|  |TS  3|AC  0|TAMS 0x000000070cf00000, 0x000000070cf00000|
| 208|0x000000070d000000, 0x000000070d100000, 0x000000070d100000|100%| E|CS|TS  3|AC  0|TAMS 0x000000070d000000, 0x000000070d000000|
| 209|0x000000070d100000, 0x000000070d200000, 0x000000070d200000|100%| E|CS|TS  3|AC  0|TAMS 0x000000070d100000, 0x000000070d100000|
| 210|0x000000070d200000, 0x000000070d300000, 0x000000070d300000|100%| E|CS|TS  3|AC  0|TAMS 0x000000070d200000, 0x000000070d200000|
| 211|0x000000070d300000, 0x000000070d400000, 0x000000070d400000|100%| E|CS|TS  3|AC  0|TAMS 0x000000070d300000, 0x000000070d300000|
| 212|0x000000070d400000, 0x000000070d500000, 0x000000070d500000|100%| E|CS|TS  3|AC  0|TAMS 0x000000070d400000, 0x000000070d400000|
| 213|0x000000070d500000, 0x000000070d600000, 0x000000070d600000|100%| E|CS|TS  3|AC  0|TAMS 0x000000070d500000, 0x000000070d500000|
| 214|0x000000070d600000, 0x000000070d700000, 0x000000070d700000|100%| E|CS|TS  3|AC  0|TAMS 0x000000070d600000, 0x000000070d600000|
| 215|0x000000070d700000, 0x000000070d800000, 0x000000070d800000|100%| E|CS|TS  3|AC  0|TAMS 0x000000070d700000, 0x000000070d700000|
| 216|0x000000070d800000, 0x000000070d900000, 0x000000070d900000|100%| E|CS|TS  3|AC  0|TAMS 0x000000070d800000, 0x000000070d800000|
| 217|0x000000070d900000, 0x000000070da00000, 0x000000070da00000|100%| E|CS|TS  3|AC  0|TAMS 0x000000070d900000, 0x000000070d900000|
| 218|0x000000070da00000, 0x000000070db00000, 0x000000070db00000|100%| E|CS|TS  3|AC  0|TAMS 0x000000070da00000, 0x000000070da00000|
| 219|0x000000070db00000, 0x000000070dc00000, 0x000000070dc00000|100%| E|CS|TS  3|AC  0|TAMS 0x000000070db00000, 0x000000070db00000|
| 220|0x000000070dc00000, 0x000000070dd00000, 0x000000070dd00000|100%| E|CS|TS  3|AC  0|TAMS 0x000000070dc00000, 0x000000070dc00000|
| 221|0x000000070dd00000, 0x000000070de00000, 0x000000070de00000|100%| E|CS|TS  3|AC  0|TAMS 0x000000070dd00000, 0x000000070dd00000|
| 222|0x000000070de00000, 0x000000070df00000, 0x000000070df00000|100%| E|CS|TS  3|AC  0|TAMS 0x000000070de00000, 0x000000070de00000|
| 223|0x000000070df00000, 0x000000070e000000, 0x000000070e000000|100%| E|CS|TS  3|AC  0|TAMS 0x000000070df00000, 0x000000070df00000|
| 224|0x000000070e000000, 0x000000070e100000, 0x000000070e100000|100%| E|CS|TS  3|AC  0|TAMS 0x000000070e000000, 0x000000070e000000|
| 225|0x000000070e100000, 0x000000070e200000, 0x000000070e200000|100%| E|CS|TS  3|AC  0|TAMS 0x000000070e100000, 0x000000070e100000|

Card table byte_map: [0x00000201d52d0000,0x00000201d58d0000] byte_map_base: 0x00000201d1ad0000

Marking Bits (Prev, Next): (CMBitMap*) 0x00000201d261d7a0, (CMBitMap*) 0x00000201d261d7d8
 Prev Bits: [0x00000201f0030000, 0x00000201f3030000)
 Next Bits: [0x00000201f3030000, 0x00000201f6030000)

Polling page: 0x00000201ccb40000

CodeHeap 'non-profiled nmethods': size=120000Kb used=20306Kb max_used=20306Kb free=99693Kb
 bounds [0x00000201e8b00000, 0x00000201e9ee0000, 0x00000201f0030000]
CodeHeap 'profiled nmethods': size=120000Kb used=41561Kb max_used=41561Kb free=78438Kb
 bounds [0x00000201e15d0000, 0x00000201e3ec0000, 0x00000201e8b00000]
CodeHeap 'non-nmethods': size=5760Kb used=1775Kb max_used=1832Kb free=3984Kb
 bounds [0x00000201e1030000, 0x00000201e12a0000, 0x00000201e15d0000]
 total_blobs=31175 nmethods=16907 adapters=1102
 compilation: enabled

Compilation events (10 events):
Event: 2126.313 Thread 0x00000201d67b0800 21424       3       com.jidesoft.list.StyledListCellRenderer::isOpaque (68 bytes)
Event: 2126.314 Thread 0x00000201d67b0800 nmethod 21424 0x00000201e37d6990 code [0x00000201e37d6be0, 0x00000201e37d79e0]
Event: 2126.326 Thread 0x00000201d67b0800 21425       1       com.jidesoft.status.ResizeStatusBarItem$b_::getIconWidth (3 bytes)
Event: 2126.326 Thread 0x00000201d67b0800 nmethod 21425 0x00000201e9ed5c90 code [0x00000201e9ed5e40, 0x00000201e9ed5f58]
Event: 2126.326 Thread 0x00000201d67b0800 21426       1       com.jidesoft.status.ResizeStatusBarItem$b_::getIconHeight (3 bytes)
Event: 2126.326 Thread 0x00000201d67b0800 nmethod 21426 0x00000201e9ed6010 code [0x00000201e9ed61c0, 0x00000201e9ed62d8]
Event: 2126.354 Thread 0x00000201d67b0800 21427       1       javax.swing.plaf.basic.BasicSplitPaneDivider::getBorder (5 bytes)
Event: 2126.354 Thread 0x00000201d67b0800 nmethod 21427 0x00000201e9ed6390 code [0x00000201e9ed6540, 0x00000201e9ed6658]
Event: 2126.358 Thread 0x00000201d67af000 21428       4       java.util.HashSet::clear (8 bytes)
Event: 2126.361 Thread 0x00000201d67af000 nmethod 21428 0x00000201e9ed6710 code [0x00000201e9ed68a0, 0x00000201e9ed6b38]

GC Heap History (10 events):
Event: 2119.737 GC heap before
{Heap before GC invocations=414 (full 279):
 garbage-first heap   total 231424K, used 133921K [0x0000000700000000, 0x0000000700100710, 0x00000007c0000000)
  region size 1024K, 60 young (61440K), 1 survivors (1024K)
 Metaspace       used 84737K, capacity 90757K, committed 90908K, reserved 1128448K
  class space    used 11518K, capacity 12543K, committed 12572K, reserved 1048576K
}
Event: 2119.910 GC heap after
{Heap after GC invocations=415 (full 280):
 garbage-first heap   total 231424K, used 73990K [0x0000000700000000, 0x0000000700100710, 0x00000007c0000000)
  region size 1024K, 0 young (0K), 0 survivors (0K)
 Metaspace       used 84737K, capacity 90757K, committed 90908K, reserved 1128448K
  class space    used 11518K, capacity 12543K, committed 12572K, reserved 1048576K
}
Event: 2120.231 GC heap before
{Heap before GC invocations=415 (full 280):
 garbage-first heap   total 231424K, used 76038K [0x0000000700000000, 0x0000000700100710, 0x00000007c0000000)
  region size 1024K, 3 young (3072K), 0 survivors (0K)
 Metaspace       used 84737K, capacity 90757K, committed 90908K, reserved 1128448K
  class space    used 11518K, capacity 12543K, committed 12572K, reserved 1048576K
}
Event: 2120.378 GC heap after
{Heap after GC invocations=416 (full 281):
 garbage-first heap   total 231424K, used 73792K [0x0000000700000000, 0x0000000700100710, 0x00000007c0000000)
  region size 1024K, 0 young (0K), 0 survivors (0K)
 Metaspace       used 84737K, capacity 90757K, committed 90908K, reserved 1128448K
  class space    used 11518K, capacity 12543K, committed 12572K, reserved 1048576K
}
Event: 2120.490 GC heap before
{Heap before GC invocations=416 (full 281):
 garbage-first heap   total 231424K, used 75840K [0x0000000700000000, 0x0000000700100710, 0x00000007c0000000)
  region size 1024K, 3 young (3072K), 0 survivors (0K)
 Metaspace       used 84737K, capacity 90757K, committed 90908K, reserved 1128448K
  class space    used 11518K, capacity 12543K, committed 12572K, reserved 1048576K
}
Event: 2120.635 GC heap after
{Heap after GC invocations=417 (full 282):
 garbage-first heap   total 231424K, used 73799K [0x0000000700000000, 0x0000000700100710, 0x00000007c0000000)
  region size 1024K, 0 young (0K), 0 survivors (0K)
 Metaspace       used 84737K, capacity 90757K, committed 90908K, reserved 1128448K
  class space    used 11518K, capacity 12543K, committed 12572K, reserved 1048576K
}
Event: 2121.495 GC heap before
{Heap before GC invocations=417 (full 282):
 garbage-first heap   total 231424K, used 135239K [0x0000000700000000, 0x0000000700100710, 0x00000007c0000000)
  region size 1024K, 60 young (61440K), 0 survivors (0K)
 Metaspace       used 84737K, capacity 90757K, committed 90908K, reserved 1128448K
  class space    used 11518K, capacity 12543K, committed 12572K, reserved 1048576K
}
Event: 2121.496 GC heap after
{Heap after GC invocations=418 (full 282):
 garbage-first heap   total 231424K, used 74013K [0x0000000700000000, 0x0000000700100710, 0x00000007c0000000)
  region size 1024K, 1 young (1024K), 1 survivors (1024K)
 Metaspace       used 84737K, capacity 90757K, committed 90908K, reserved 1128448K
  class space    used 11518K, capacity 12543K, committed 12572K, reserved 1048576K
}
Event: 2126.368 GC heap before
{Heap before GC invocations=418 (full 282):
 garbage-first heap   total 231424K, used 134429K [0x0000000700000000, 0x0000000700100710, 0x00000007c0000000)
  region size 1024K, 60 young (61440K), 1 survivors (1024K)
 Metaspace       used 84768K, capacity 90763K, committed 90908K, reserved 1128448K
  class space    used 11519K, capacity 12544K, committed 12572K, reserved 1048576K
}
Event: 2126.372 GC heap after
{Heap after GC invocations=419 (full 282):
 garbage-first heap   total 231424K, used 74360K [0x0000000700000000, 0x0000000700100710, 0x00000007c0000000)
  region size 1024K, 1 young (1024K), 1 survivors (1024K)
 Metaspace       used 84768K, capacity 90763K, committed 90908K, reserved 1128448K
  class space    used 11519K, capacity 12544K, committed 12572K, reserved 1048576K
}

Deoptimization events (10 events):
Event: 1936.854 Thread 0x00000201f885a800 Uncommon trap: reason=class_check action=maybe_recompile pc=0x00000201e9db76a0 method=javax.swing.text.GlyphView.paint(Ljava/awt/Graphics;Ljava/awt/Shape;)V @ 143 c2
Event: 1937.640 Thread 0x00000201f885a800 Uncommon trap: reason=class_check action=maybe_recompile pc=0x00000201e908ca30 method=sun.swing.plaf.synth.DefaultSynthStyle.getColor(Ljavax/swing/JComponent;Ljavax/swing/plaf/synth/Region;ILjavax/swing/plaf/synth/ColorType;)Ljava/awt/Color; @ 96 c2
Event: 1937.640 Thread 0x00000201f885a800 Uncommon trap: reason=class_check action=maybe_recompile pc=0x00000201e96f9168 method=sun.swing.plaf.synth.DefaultSynthStyle.getColor(Ljavax/swing/JComponent;Ljavax/swing/plaf/synth/Region;ILjavax/swing/plaf/synth/ColorType;)Ljava/awt/Color; @ 96 c2
Event: 1937.643 Thread 0x00000201f885a800 Uncommon trap: reason=unstable_if action=reinterpret pc=0x00000201e97ce888 method=de.javasoft.plaf.synthetica.painter.AnimationThreadFactory$AnimationThread.addComponent(Ljavax/swing/JComponent;Ljava/lang/String;II[Ljava/lang/String;ILjava/awt/Rectangle;)
Event: 1937.721 Thread 0x00000201f885a800 Uncommon trap: reason=class_check action=maybe_recompile pc=0x00000201e915a410 method=java.awt.KeyboardFocusManager.clearMostRecentFocusOwner(Ljava/awt/Component;)V @ 67 c2
Event: 1937.722 Thread 0x00000201f885a800 Uncommon trap: reason=unstable_if action=reinterpret pc=0x00000201e90b6c50 method=javax.swing.JComponent.registerWithKeyboardManager(Z)V @ 159 c2
Event: 1937.794 Thread 0x00000201f885a800 Uncommon trap: reason=unstable_if action=reinterpret pc=0x00000201e9d792fc method=javax.swing.JComponent.processKeyBindings(Ljava/awt/event/KeyEvent;Z)Z @ 186 c2
Event: 1945.508 Thread 0x00000201feeeb800 Uncommon trap: reason=null_check action=make_not_entrant pc=0x00000201e9dab348 method=ui.utils.lnf.b.run()V @ 130 c2
Event: 1977.126 Thread 0x00000201f885a800 Uncommon trap: reason=bimorphic_or_optimized_type_check action=maybe_recompile pc=0x00000201e9889ca4 method=sun.java2d.marlin.Stroker$PolyStack.popAll(Lsun/awt/geom/PathConsumer2D;)V @ 202 c2
Event: 2126.227 Thread 0x00000201f885a800 Uncommon trap: reason=class_check action=maybe_recompile pc=0x00000201e978ff1c method=javax.swing.AbstractButton.setEnabled(Z)V @ 21 c2

Classes redefined (0 events):
No events

Internal exceptions (10 events):
Event: 538.281 Thread 0x00000201feeef800 Exception <a 'java/lang/InterruptedException'{0x000000070ca1ba30}: sleep interrupted> (0x000000070ca1ba30) thrown at [t:/workspace/hotspot/src/share/vm/prims/jvm.cpp, line 2984]
Event: 548.292 Thread 0x00000201feeec800 Exception <a 'java/lang/InterruptedException'{0x000000070bb00040}: sleep interrupted> (0x000000070bb00040) thrown at [t:/workspace/hotspot/src/share/vm/prims/jvm.cpp, line 3023]
Event: 1430.965 Thread 0x00000201f885a800 Implicit null exception at 0x00000201e9aed4d5 to 0x00000201e9af1e41
Event: 1917.644 Thread 0x00000201f885a800 Implicit null exception at 0x00000201e9a6474c to 0x00000201e9a657d1
Event: 1918.680 Thread 0x00000201f885a800 Exception <a 'java/lang/NoSuchMethodError'{0x000000070b7059a8}: java.lang.invoke.DirectMethodHandle$Holder.invokeStatic(Ljava/lang/Object;J)V> (0x000000070b7059a8) thrown at [t:/workspace/hotspot/src/share/vm/interpreter/linkResolver.cpp, line 731]
Event: 1918.682 Thread 0x00000201f885a800 Exception <a 'java/lang/NoSuchMethodError'{0x000000070b70d598}: java.lang.invoke.DirectMethodHandle$Holder.invokeStatic(Ljava/lang/Object;Ljava/lang/Object;JLjava/lang/Object;)Ljava/lang/Object;> (0x000000070b70d598) thrown at [t:/workspace/hotspot/src/sh
Event: 1918.682 Thread 0x00000201f885a800 Exception <a 'java/lang/NoSuchMethodError'{0x000000070b7109d8}: java.lang.invoke.DirectMethodHandle$Holder.invokeStaticInit(Ljava/lang/Object;Ljava/lang/Object;JLjava/lang/Object;)Ljava/lang/Object;> (0x000000070b7109d8) thrown at [t:/workspace/hotspot/sr
Event: 1936.499 Thread 0x00000201f885a800 Implicit null exception at 0x00000201e9aff6b9 to 0x00000201e9b03e91
Event: 1936.499 Thread 0x00000201f885a800 Implicit null exception at 0x00000201e9a9a521 to 0x00000201e9a9a805
Event: 1945.508 Thread 0x00000201feeeb800 Implicit null exception at 0x00000201e9da94b6 to 0x00000201e9dab331

Events (10 events):
Event: 2125.300 Executing VM operation: RevokeBias done
Event: 2125.934 Thread 0x00000201feeee000 Thread added: 0x00000201feeee000
Event: 2125.937 Thread 0x00000201feeee000 Thread exited: 0x00000201feeee000
Event: 2126.227 Thread 0x00000201f885a800 Uncommon trap: trap_request=0xffffffde fr.pc=0x00000201e978ff1c relative=0x00000000000000dc
Event: 2126.227 Thread 0x00000201f885a800 DEOPT PACKING pc=0x00000201e978ff1c sp=0x0000001b68ff5520
Event: 2126.227 Thread 0x00000201f885a800 DEOPT UNPACKING pc=0x00000201e107df29 sp=0x0000001b68ff54b8 mode 2
Event: 2126.235 loading class ui/b/c/bG
Event: 2126.235 loading class ui/b/c/bG done
Event: 2126.367 Executing VM operation: G1IncCollectionPause
Event: 2126.373 Executing VM operation: G1IncCollectionPause done


Dynamic libraries:
0x00007ff6f8c90000 - 0x00007ff6f8cc0000 	D:\Applications\Xilinx\Vivado\2019.2\bin\unwrapped\win64.o\vivado.exe
0x00007ffcbf4b0000 - 0x00007ffcbf6c7000 	C:\WINDOWS\SYSTEM32\ntdll.dll
0x00007ffcbd440000 - 0x00007ffcbd504000 	C:\WINDOWS\System32\KERNEL32.DLL
0x00007ffcbc7d0000 - 0x00007ffcbcb77000 	C:\WINDOWS\System32\KERNELBASE.dll
0x00007ffcbcef0000 - 0x00007ffcbd001000 	C:\WINDOWS\System32\ucrtbase.dll
0x00007ffca8ae0000 - 0x00007ffca8b6d000 	C:\WINDOWS\SYSTEM32\MSVCP140.dll
0x00007ffcb3c90000 - 0x00007ffcb3ca6000 	D:\Applications\Xilinx\Vivado\2019.2\lib\win64.o\librdi_commonmain.dll
0x00007ffcb4600000 - 0x00007ffcb4614000 	D:\Applications\Xilinx\Vivado\2019.2\lib\win64.o\libboost_signals.dll
0x00007ffc68e90000 - 0x00007ffc69dd3000 	D:\Applications\Xilinx\Vivado\2019.2\lib\win64.o\librdi_common.dll
0x00007ffca9550000 - 0x00007ffca956d000 	C:\WINDOWS\SYSTEM32\VCRUNTIME140.dll
0x00007ffcbd290000 - 0x00007ffcbd43e000 	C:\WINDOWS\System32\USER32.dll
0x00007ffca9540000 - 0x00007ffca954c000 	C:\WINDOWS\SYSTEM32\VCRUNTIME140_1.dll
0x00007ffcbcec0000 - 0x00007ffcbcee6000 	C:\WINDOWS\System32\win32u.dll
0x00007ffcbf420000 - 0x00007ffcbf449000 	C:\WINDOWS\System32\GDI32.dll
0x00007ffca3cb0000 - 0x00007ffca3cd6000 	D:\Applications\Xilinx\Vivado\2019.2\lib\win64.o\libboost_filesystem.dll
0x00007ffcb95f0000 - 0x00007ffcb95fa000 	D:\Applications\Xilinx\Vivado\2019.2\lib\win64.o\librdi_commonversion.dll
0x00007ffcbd0c0000 - 0x00007ffcbd1d9000 	C:\WINDOWS\System32\gdi32full.dll
0x00007ffcbdd90000 - 0x00007ffcbde42000 	C:\WINDOWS\System32\ADVAPI32.dll
0x00007ffca1e10000 - 0x00007ffca1fb1000 	D:\Applications\Xilinx\Vivado\2019.2\lib\win64.o\librdi_commonxillic.dll
0x00007ffcbccf0000 - 0x00007ffcbcd8a000 	C:\WINDOWS\System32\msvcp_win.dll
0x00007ffcbe810000 - 0x00007ffcbe8b7000 	C:\WINDOWS\System32\msvcrt.dll
0x00007ffcbee80000 - 0x00007ffcbeef1000 	C:\WINDOWS\System32\WS2_32.dll
0x00000000682e0000 - 0x000000006840b000 	D:\Applications\Xilinx\Vivado\2019.2\lib\win64.o\tcl85t.dll
0x00007ffcbe8c0000 - 0x00007ffcbe968000 	C:\WINDOWS\System32\sechost.dll
0x00007ffcbd960000 - 0x00007ffcbda75000 	C:\WINDOWS\System32\RPCRT4.dll
0x00007ffcbd010000 - 0x00007ffcbd038000 	C:\WINDOWS\System32\bcrypt.dll
0x00007ffcbdf00000 - 0x00007ffcbe75c000 	C:\WINDOWS\System32\SHELL32.dll
0x00007ffc6c520000 - 0x00007ffc6c88e000 	D:\Applications\Xilinx\Vivado\2019.2\lib\win64.o\libCOIN-all.dll
0x00007ffca5d00000 - 0x00007ffca5d14000 	D:\Applications\Xilinx\Vivado\2019.2\lib\win64.o\libboost_date_time.dll
0x00007ffc8c5a0000 - 0x00007ffc8c61f000 	D:\Applications\Xilinx\Vivado\2019.2\lib\win64.o\libboost_program_options.dll
0x00007ffcb4f90000 - 0x00007ffcb4f9b000 	D:\Applications\Xilinx\Vivado\2019.2\lib\win64.o\libboost_system.dll
0x00007ffc8c480000 - 0x00007ffc8c594000 	D:\Applications\Xilinx\Vivado\2019.2\lib\win64.o\libboost_regex.dll
0x00007ffc9ac80000 - 0x00007ffc9aca1000 	D:\Applications\Xilinx\Vivado\2019.2\lib\win64.o\libboost_thread.dll
0x00007ffcb4f20000 - 0x00007ffcb4f2f000 	D:\Applications\Xilinx\Vivado\2019.2\lib\win64.o\libboost_xilinx.dll
0x00007ffc84260000 - 0x00007ffc842e2000 	D:\Applications\Xilinx\Vivado\2019.2\lib\win64.o\libhdlpsolve.dll
0x00007ffc841b0000 - 0x00007ffc84255000 	D:\Applications\Xilinx\Vivado\2019.2\lib\win64.o\libhdxml.dll
0x00007ffc99c40000 - 0x00007ffc99c6e000 	D:\Applications\Xilinx\Vivado\2019.2\lib\win64.o\libisl_sysinfo.dll
0x00007ffc57840000 - 0x00007ffc5843c200 	D:\Applications\Xilinx\Vivado\2019.2\lib\win64.o\libisl_iostreams.dll
0x00007ffc8edc0000 - 0x00007ffc8ee25000 	D:\Applications\Xilinx\Vivado\2019.2\lib\win64.o\liblmx6.0.dll
0x00007ffca5be0000 - 0x00007ffca5bfa000 	D:\Applications\Xilinx\Vivado\2019.2\lib\win64.o\pthreadVC2.dll
0x00007ffc98140000 - 0x00007ffc98161000 	D:\Applications\Xilinx\Vivado\2019.2\lib\win64.o\librdizlib.dll
0x00007ffca5540000 - 0x00007ffca555c000 	D:\Applications\Xilinx\Vivado\2019.2\lib\win64.o\librdiconfig.dll
0x0000000012000000 - 0x0000000012270000 	D:\Applications\Xilinx\Vivado\2019.2\lib\win64.o\xerces-c_3_1.dll
0x00007ffc6c240000 - 0x00007ffc6c51b000 	D:\Applications\Xilinx\Vivado\2019.2\lib\win64.o\libXil_lmgr11.dll
0x00007ffcbd510000 - 0x00007ffcbd607000 	C:\WINDOWS\System32\COMDLG32.dll
0x00007ffcbf070000 - 0x00007ffcbf3f8000 	C:\WINDOWS\System32\combase.dll
0x00007ffcbd6a0000 - 0x00007ffcbd795000 	C:\WINDOWS\System32\shcore.dll
0x00007ffcbdea0000 - 0x00007ffcbdefe000 	C:\WINDOWS\System32\SHLWAPI.dll
0x00007ffcaa6b0000 - 0x00007ffcaa6c9000 	C:\WINDOWS\SYSTEM32\NETAPI32.dll
0x00007ffcaad50000 - 0x00007ffcab244000 	C:\WINDOWS\SYSTEM32\WININET.dll
0x00007ffcb2830000 - 0x00007ffcb2966000 	C:\WINDOWS\SYSTEM32\WINHTTP.dll
0x00007ffcbef90000 - 0x00007ffcbf067000 	C:\WINDOWS\System32\OLEAUT32.dll
0x00007ffcad570000 - 0x00007ffcad760000 	C:\WINDOWS\SYSTEM32\urlmon.dll
0x00007ffcbda80000 - 0x00007ffcbdc25000 	C:\WINDOWS\System32\ole32.dll
0x00007ffcbce50000 - 0x00007ffcbcebb000 	C:\WINDOWS\System32\WINTRUST.dll
0x00007ffcbcb80000 - 0x00007ffcbcce8000 	C:\WINDOWS\System32\CRYPT32.dll
0x00007ffc80970000 - 0x00007ffc80979000 	C:\WINDOWS\SYSTEM32\WSOCK32.dll
0x00007ffc569a0000 - 0x00007ffc57831000 	D:\Applications\Xilinx\Vivado\2019.2\lib\win64.o\gurobi65.dll
0x00007ffc953b0000 - 0x00007ffc953e2000 	C:\WINDOWS\SYSTEM32\VCOMP140.DLL
0x00007ffcb3c30000 - 0x00007ffcb3c3d000 	D:\Applications\Xilinx\Vivado\2019.2\lib\win64.o\libboost_chrono.dll
0x00007ffca3390000 - 0x00007ffca33ab000 	D:\Applications\Xilinx\Vivado\2019.2\lib\win64.o\libboost_iostreams.dll
0x00007ffc90070000 - 0x00007ffc90095000 	D:\Applications\Xilinx\Vivado\2019.2\lib\win64.o\libisl_iosutils.dll
0x00007ffc97cd0000 - 0x00007ffc97d83000 	C:\WINDOWS\WinSxS\amd64_microsoft.windows.common-controls_6595b64144ccf1df_5.82.22621.3527_none_b43b7f4b638cc64f\COMCTL32.dll
0x00007ffcb1940000 - 0x00007ffcb1968000 	C:\WINDOWS\SYSTEM32\srvcli.dll
0x00007ffcac7d0000 - 0x00007ffcaca8e000 	C:\WINDOWS\SYSTEM32\iertutil.dll
0x00007ffcb2810000 - 0x00007ffcb282f000 	C:\WINDOWS\SYSTEM32\dhcpcsvc.DLL
0x00007ffcbb210000 - 0x00007ffcbb21c000 	C:\WINDOWS\SYSTEM32\netutils.dll
0x00007ffcbd250000 - 0x00007ffcbd281000 	C:\WINDOWS\System32\IMM32.DLL
0x00007ffcbc0a0000 - 0x00007ffcbc0b2000 	C:\WINDOWS\SYSTEM32\MSASN1.dll
0x00007ffcbb7b0000 - 0x00007ffcbb7c8000 	C:\WINDOWS\SYSTEM32\kernel.appcore.dll
0x00007ffc6bd20000 - 0x00007ffc6c237000 	D:\Applications\Xilinx\Vivado\2019.2\lib\win64.o\librdi_commontasks.dll
0x00007ffcb0a90000 - 0x00007ffcb0a9a000 	C:\WINDOWS\SYSTEM32\VERSION.dll
0x00000000673c0000 - 0x0000000067de5000 	D:\Applications\Xilinx\Vivado\2019.2\tps\win64\jre9.0.4\bin\server\jvm.dll
0x00007ffc68ba0000 - 0x00007ffc68e83000 	D:\Applications\Xilinx\Vivado\2019.2\lib\win64.o\librdi_sio.dll
0x00007ffcbef10000 - 0x00007ffcbef18000 	C:\WINDOWS\System32\PSAPI.DLL
0x00007ffc97c90000 - 0x00007ffc97cc4000 	C:\WINDOWS\SYSTEM32\WINMM.dll
0x00007ffcbb220000 - 0x00007ffcbb24d000 	C:\WINDOWS\SYSTEM32\IPHLPAPI.DLL
0x00007ffc7dac0000 - 0x00007ffc7dbaf000 	C:\WINDOWS\SYSTEM32\MSVCR120.dll
0x00007ffcbbc80000 - 0x00007ffcbbce9000 	C:\WINDOWS\SYSTEM32\MSWSOCK.DLL
0x00007ffcba6c0000 - 0x00007ffcbafb6000 	C:\WINDOWS\SYSTEM32\windows.storage.dll
0x00007ffcba580000 - 0x00007ffcba6be000 	C:\WINDOWS\SYSTEM32\wintypes.dll
0x00007ffc54250000 - 0x00007ffc56995000 	D:\Applications\Xilinx\Vivado\2019.2\lib\win64.o\librdi_tcltasks.dll
0x00007ffc53d90000 - 0x00007ffc54244000 	D:\Applications\Xilinx\Vivado\2019.2\lib\win64.o\librdi_bitstream.dll
0x00007ffc7bb90000 - 0x00007ffc7bd2d000 	D:\Applications\Xilinx\Vivado\2019.2\lib\win64.o\librdi_board.dll
0x00007ffc7da40000 - 0x00007ffc7dabb000 	D:\Applications\Xilinx\Vivado\2019.2\lib\win64.o\librdi_boarddep.dll
0x00007ffc72890000 - 0x00007ffc729e2000 	D:\Applications\Xilinx\Vivado\2019.2\lib\win64.o\librdi_cd_client.dll
0x00007ffc7baa0000 - 0x00007ffc7bb8f000 	D:\Applications\Xilinx\Vivado\2019.2\lib\win64.o\librdi_chipscope.dll
0x00007ffc722c0000 - 0x00007ffc72480000 	D:\Applications\Xilinx\Vivado\2019.2\lib\win64.o\librdi_chipscopeimpl.dll
0x00007ffc522b0000 - 0x00007ffc53d8a000 	D:\Applications\Xilinx\Vivado\2019.2\lib\win64.o\librdi_constraints.dll
0x00007ffc68870000 - 0x00007ffc68b94000 	D:\Applications\Xilinx\Vivado\2019.2\lib\win64.o\librdi_containers.dll
0x00007ffc4ec10000 - 0x00007ffc50c00000 	D:\Applications\Xilinx\Vivado\2019.2\lib\win64.o\librdi_coregen.dll
0x00007ffc51600000 - 0x00007ffc51cd9000 	D:\Applications\Xilinx\Vivado\2019.2\lib\win64.o\librdi_coregenipxact.dll
0x00007ffc4a940000 - 0x00007ffc4ec0b000 	D:\Applications\Xilinx\Vivado\2019.2\lib\win64.o\librdi_designutils.dll
0x00007ffc2d500000 - 0x00007ffc420ab000 	D:\Applications\Xilinx\Vivado\2019.2\lib\win64.o\librdi_device.dll
0x00007ffc51f60000 - 0x00007ffc522aa000 	D:\Applications\Xilinx\Vivado\2019.2\lib\win64.o\librdi_dlyest.dll
0x00007ffc74390000 - 0x00007ffc74454000 	D:\Applications\Xilinx\Vivado\2019.2\lib\win64.o\librdi_dsp.dll
0x00007ffc51030000 - 0x00007ffc515fd000 	D:\Applications\Xilinx\Vivado\2019.2\lib\win64.o\librdi_drc.dll
0x00007ffc50d20000 - 0x00007ffc51030000 	D:\Applications\Xilinx\Vivado\2019.2\lib\win64.o\librdi_guitools.dll
0x00007ffc4a2d0000 - 0x00007ffc4a93b000 	D:\Applications\Xilinx\Vivado\2019.2\lib\win64.o\librdi_filemgmt.dll
0x00007ffc7b910000 - 0x00007ffc7b97a000 	D:\Applications\Xilinx\Vivado\2019.2\lib\win64.o\librdi_hdf.dll
0x00007ffc4a0b0000 - 0x00007ffc4a2d0000 	D:\Applications\Xilinx\Vivado\2019.2\lib\win64.o\librdi_hip_devdesign.dll
0x00007ffc6e810000 - 0x00007ffc6e958000 	D:\Applications\Xilinx\Vivado\2019.2\lib\win64.o\librdi_hip_perf_analysis.dll
0x00007ffc483e0000 - 0x00007ffc49b4d000 	D:\Applications\Xilinx\Vivado\2019.2\lib\win64.o\librdi_implflow.dll
0x00007ffc47da0000 - 0x00007ffc483d1000 	D:\Applications\Xilinx\Vivado\2019.2\lib\win64.o\librdi_memdata.dll
0x00007ffc74ae0000 - 0x00007ffc74b54000 	D:\Applications\Xilinx\Vivado\2019.2\lib\win64.o\librdi_memoryarray.dll
0x00007ffc44fd0000 - 0x00007ffc47d9b000 	D:\Applications\Xilinx\Vivado\2019.2\lib\win64.o\librdi_mig.dll
0x00007ffc448e0000 - 0x00007ffc44fc3000 	D:\Applications\Xilinx\Vivado\2019.2\lib\win64.o\librdi_netlist.dll
0x00007ffc817e0000 - 0x00007ffc8182c000 	D:\Applications\Xilinx\Vivado\2019.2\lib\win64.o\librdi_pfi.dll
0x00007ffc2ac30000 - 0x00007ffc2d4f7000 	D:\Applications\Xilinx\Vivado\2019.2\lib\win64.o\librdi_place.dll
0x00007ffc49d90000 - 0x00007ffc4a0ab000 	D:\Applications\Xilinx\Vivado\2019.2\lib\win64.o\librdi_platform.dll
0x00007ffc43620000 - 0x00007ffc43e2b000 	D:\Applications\Xilinx\Vivado\2019.2\lib\win64.o\librdi_power.dll
0x00007ffc43060000 - 0x00007ffc4361a000 	D:\Applications\Xilinx\Vivado\2019.2\lib\win64.o\librdi_project.dll
0x00007ffc43e30000 - 0x00007ffc44563000 	D:\Applications\Xilinx\Vivado\2019.2\lib\win64.o\librdi_psta.dll
0x00007ffc42990000 - 0x00007ffc43051000 	D:\Applications\Xilinx\Vivado\2019.2\lib\win64.o\librdi_rsb.dll
0x00007ffc42560000 - 0x00007ffc42983000 	D:\Applications\Xilinx\Vivado\2019.2\lib\win64.o\librdi_runs.dll
0x00007ffc6ffe0000 - 0x00007ffc700e8000 	D:\Applications\Xilinx\Vivado\2019.2\lib\win64.o\librdi_runsbase.dll
0x00007ffc44660000 - 0x00007ffc448d5000 	D:\Applications\Xilinx\Vivado\2019.2\lib\win64.o\librdi_simdata.dll
0x00007ffc29da0000 - 0x00007ffc2ac2d000 	D:\Applications\Xilinx\Vivado\2019.2\lib\win64.o\librdi_timing.dll
0x00007ffc6ce30000 - 0x00007ffc6cfd0000 	D:\Applications\Xilinx\Vivado\2019.2\lib\win64.o\librdi_cd_protocol.dll
0x00007ffc51db0000 - 0x00007ffc51f51000 	D:\Applications\Xilinx\Vivado\2019.2\lib\win64.o\librdi_advchipscopeimpl.dll
0x00007ffc80b00000 - 0x00007ffc80b4c000 	D:\Applications\Xilinx\Vivado\2019.2\lib\win64.o\libboost_serialization.dll
0x00007ffc6bc40000 - 0x00007ffc6bd17000 	D:\Applications\Xilinx\Vivado\2019.2\lib\win64.o\librdi_ipconfig_readwrite.dll
0x00007ffc7d9f0000 - 0x00007ffc7da3a000 	D:\Applications\Xilinx\Vivado\2019.2\lib\win64.o\librdi_noc_frameworks.dll
0x00007ffc28c30000 - 0x00007ffc29777000 	D:\Applications\Xilinx\Vivado\2019.2\lib\win64.o\libverific.dll
0x00007ffc49ba0000 - 0x00007ffc49d84000 	D:\Applications\Xilinx\Vivado\2019.2\lib\win64.o\librdi_hip_config.dll
0x00007ffc286e0000 - 0x00007ffc28c2e000 	D:\Applications\Xilinx\Vivado\2019.2\lib\win64.o\librdi_xdm.dll
0x00007ffc747b0000 - 0x00007ffc7484e000 	D:\Applications\Xilinx\Vivado\2019.2\lib\win64.o\libise.dll
0x00007ffc29780000 - 0x00007ffc29d9b000 	D:\Applications\Xilinx\Vivado\2019.2\lib\win64.o\librdi_wavedata.dll

VM Arguments:
jvm_args: -Dsun.java2d.pmoffscreen=false -Dsun.java2d.xrender=false -Dsun.java2d.d3d=false -Dsun.awt.nopixfmt=true -Dsun.java2d.dpiaware=true -Dsun.java2d.uiScale.enabled=false -Xverify:none -Dswing.aatext=true -XX:-UsePerfData -Djdk.map.althashing.threshold=512 -XX:StringTableSize=4072 --add-opens=java.base/java.nio=ALL-UNNAMED --add-opens=java.desktop/sun.swing=ALL-UNNAMED --add-opens=java.desktop/javax.swing=ALL-UNNAMED --add-opens=java.desktop/javax.swing.tree=ALL-UNNAMED --add-opens=java.desktop/javax.swing.plaf.basic=ALL-UNNAMED --add-opens=java.desktop/javax.swing.plaf.synth=ALL-UNNAMED --add-opens=java.desktop/com.sun.awt=ALL-UNNAMED -XX:NewSize=60m -XX:MaxNewSize=60m -Xms128m -Xmx3072m -Xss5m 
java_command: <unknown>
java_class_path (initial): D:/Applications/Xilinx/Vivado/2019.2\lib\classes\alloy.jar;D:/Applications/Xilinx/Vivado/2019.2\lib\classes\autoesl-common.jar;D:/Applications/Xilinx/Vivado/2019.2\lib\classes\autoesl-models.jar;D:/Applications/Xilinx/Vivado/2019.2\lib\classes\autoesl-report.jar;D:/Applications/Xilinx/Vivado/2019.2\lib\classes\autopilot.scelaborator.jar;D:/Applications/Xilinx/Vivado/2019.2\lib\classes\autopilot.sourceprocessor.jar;D:/Applications/Xilinx/Vivado/2019.2\lib\classes\autopilot.tbprocessor.jar;D:/Applications/Xilinx/Vivado/2019.2\lib\classes\batik-anim.jar;D:/Applications/Xilinx/Vivado/2019.2\lib\classes\batik-awt-util.jar;D:/Applications/Xilinx/Vivado/2019.2\lib\classes\batik-bridge.jar;D:/Applications/Xilinx/Vivado/2019.2\lib\classes\batik-codec.jar;D:/Applications/Xilinx/Vivado/2019.2\lib\classes\batik-css.jar;D:/Applications/Xilinx/Vivado/2019.2\lib\classes\batik-dom.jar;D:/Applications/Xilinx/Vivado/2019.2\lib\classes\batik-ext.jar;D:/Applications/Xilinx/Vivado/2019.2\lib\classes\batik-gui-util.jar;D:/Applications/Xilinx/Vivado/2019.2\lib\classes\batik-gvt.jar;D:/Applications/Xilinx/Vivado/2019.2\lib\classes\batik-parser.jar;D:/Applications/Xilinx/Vivado/2019.2\lib\classes\batik-script.jar;D:/Applications/Xilinx/Vivado/2019.2\lib\classes\batik-svg-dom.jar;D:/Applications/Xilinx/Vivado/2019.2\lib\classes\batik-swing.jar;D:/Applications/Xilinx/Vivado/2019.2\lib\classes\batik-transcoder.jar;D:/Applications/Xilinx/Vivado/2019.2\lib\classes\batik-util.jar;D:/Applications/Xilinx/Vivado/2019.2\lib\classes\batik-xml.jar;D:/Applications/Xilinx/Vivado/2019.2\lib\classes\com.google.gson_2.7.0.v20170129-0911.jar;D:/Applications/Xilinx/Vivado/2019.2\lib\classes\com.google.guava_21.0.0.v20170206-1425.jar;D:/Applications/Xilinx/Vivado/2019.2\lib\classes\com.ibm.icu_4.4.2.v20110208.jar;D:/Applications/Xilinx/Vivado/2019.2\lib\classes\com.sigasi.hdt.connection_4.5.0.201909241521.jar;D:/Applications/Xilinx/Vivado/2019.2\lib\classes\com.sigasi.hdt.epl_4.5.0
Launcher Type: generic

Logging:
Log output configuration:
#0: stdout all=warning uptime,level,tags
#1: stderr all=off uptime,level,tags

Environment Variables:
PATH=D:/Applications/Xilinx/Vivado/2019.2/bin;D:/Applications/Xilinx/Vivado/2019.2/lib/win64.o;D:/Applications/Xilinx/Vivado/2019.2/tps/win64/jre9.0.4/bin/server;D:/Applications/Xilinx/Vivado/2019.2/tps/win64/jre9.0.4/bin;D:/Applications/Xilinx/Vivado/2019.2/ids_lite/ISE/bin/nt64;D:/Applications/Xilinx/Vivado/2019.2/ids_lite/ISE/lib/nt64;C:\Program Files (x86)\Common Files\Intel\Shared Libraries\redist\intel64\compiler;D:\Applications\VMware\VMware Workstation\bin\;C:\WINDOWS\system32;C:\WINDOWS;C:\WINDOWS\System32\Wbem;C:\WINDOWS\System32\WindowsPowerShell\v1.0\;C:\WINDOWS\System32\OpenSSH\;G:\Matlab\bin;D:\Applications\MATLAB R2022a\bin;D:\Applications\UltraEdit;C:\Program Files\IDM Computer Solutions\UltraCompare;D:\Applications\CMake\bin;C:\Program Files (x86)\NVIDIA Corporation\PhysX\Common;D:\Applications\EasyShare\x86\;D:\Applications\EasyShare\x64\;C:\Program Files\dotnet\;D:\Applications\nodejs\;C:\ProgramData\chocolatey\bin;C:\Python312\Scripts;D:\Applications\ffmpeg\bin;D:\Applications\Git\cmd;D:\Applications\Pandoc\;D:\Applications\python\Scripts\;D:\Applications\python\;D:\Applications\Python3.8.6\Scripts\;D:\Applications\Python3.8.6\;D:\Applications\anaconda;D:\Applications\anaconda\Library\mingw-w64\bin;D:\Applications\anaconda\Library\usr\bin;D:\Applications\anaconda\Library\bin;D:\Applications\anaconda\Scripts;C:\Users\Half Blood Prince\AppData\Local\Microsoft\WindowsApps;D:\Applications\Microsoft VS Code\bin;D:\App;ications\CodeBlocks\MinGW\bin;D:\Applications\compiler\MinGW\bin;D:\Applications\compiler\mingw64\bin;D:\Applications\PyCharm\PyCharm 2022.2.2\bin;;C:\Users\Half Blood Prince\AppData\Local\GitHubDesktop\bin;C:\Users\Half Blood Prince\.dotnet\tools;C:\Users\Half Blood Prince\AppData\Roaming\npm;D:\Applications\DataGrip\DataGrip 2023.3.4\bin;D:/Applications/Xilinx/Vivado/2019.2\tps\mingw\6.2.0\win64.o\nt\bin;D:/Applications/Xilinx/Vivado/2019.2\tps\mingw\6.2.0\win64.o\nt\libexec\gcc\x86_64-w64-mingw32\6.2.0;D:/Applications/Xilinx/Vivado/2019.
USERNAME=Half Blood Prince
OS=Windows_NT
PROCESSOR_IDENTIFIER=Intel64 Family 6 Model 142 Stepping 12, GenuineIntel



---------------  S Y S T E M  ---------------

OS: Windows 10 , 64 bit Build 22621 (10.0.22621.3527)

CPU:total 8 (initial active 8) (4 cores per cpu, 2 threads per core) family 6 model 142 stepping 12, cmov, cx8, fxsr, mmx, sse, sse2, sse3, ssse3, sse4.1, sse4.2, popcnt, avx, avx2, aes, clmul, erms, 3dnowpref, lzcnt, ht, tsc, tscinvbit, bmi1, bmi2, adx, fma

Memory: 4k page, physical 8221232k(1586156k free), swap 16395412k(2716096k free)

vm_info: Java HotSpot(TM) 64-Bit Server VM (9.0.4+11) for windows-amd64 JRE (9.0.4+11), built on Dec 20 2017 02:18:54 by "mach5one" with MS VC++ 12.0 (VS2013)

END.
