#
# A fatal error has been detected by the Java Runtime Environment:
#
#  EXCEPTION_ACCESS_VIOLATION (0xc0000005) at pc=0x00007ffc4af0ed95, pid=3904, tid=22388
#
# JRE version: Java(TM) SE Runtime Environment (9.0+11) (build 9.0.4+11)
# Java VM: Java HotSpot(TM) 64-Bit Server VM (9.0.4+11, mixed mode, tiered, compressed oops, g1 gc, windows-amd64)
# Problematic frame:
# C  [librdi_common.dll+0x17ed95]
#
# No core dump will be written. Minidumps are not enabled by default on client versions of Windows
#
# If you would like to submit a bug report, please visit:
#   http://bugreport.java.com/bugreport/crash.jsp
# The crash happened outside the Java Virtual Machine in native code.
# See problematic frame for where to report the bug.
#

---------------  S U M M A R Y ------------

Command Line: -Dsun.java2d.pmoffscreen=false -Dsun.java2d.xrender=false -Dsun.java2d.d3d=false -Dsun.awt.nopixfmt=true -Dsun.java2d.dpiaware=true -Dsun.java2d.uiScale.enabled=false -Xverify:none -Dswing.aatext=true -XX:-UsePerfData -Djdk.map.althashing.threshold=512 -XX:StringTableSize=4072 --add-opens=java.base/java.nio=ALL-UNNAMED --add-opens=java.desktop/sun.swing=ALL-UNNAMED --add-opens=java.desktop/javax.swing=ALL-UNNAMED --add-opens=java.desktop/javax.swing.tree=ALL-UNNAMED --add-opens=java.desktop/javax.swing.plaf.basic=ALL-UNNAMED --add-opens=java.desktop/javax.swing.plaf.synth=ALL-UNNAMED --add-opens=java.desktop/com.sun.awt=ALL-UNNAMED -XX:NewSize=60m -XX:MaxNewSize=60m -Xms128m -Xmx3072m -Xss5m 

Host: Intel(R) Core(TM) i5-10210U CPU @ 1.60GHz, 8 cores, 7G,  Windows 10 , 64 bit Build 22621 (10.0.22621.3527)
Time: Sun Jun 02 11:19:35 2024 ?D1¨²¡À¨º¡Á?¨º¡À?? elapsed time: 6861 seconds (0d 1h 54m 21s)

---------------  T H R E A D  ---------------

Current thread (0x000002d706f45800):  JavaThread "AWT-EventQueue-1" [_thread_in_native, id=22388, stack(0x000000d931d00000,0x000000d932200000)]

Stack: [0x000000d931d00000,0x000000d932200000],  sp=0x000000d9321faf00,  free space=5099k
Native frames: (J=compiled Java code, j=interpreted, Vv=VM code, C=native code)
C  [librdi_common.dll+0x17ed95]
C  [librdi_common.dll+0x173b75]
C  [librdi_common.dll+0x13cd4a]
C  0x00007ffc1ddb21df
C  0x00007ffc1de321ef
C  0x00007ffc1de39f09
C  0x00007ffc1de0a6cb
C  0x00007ffc1de46e97
C  0x000002d777f45dba

Java frames: (J=compiled Java code, j=interpreted, Vv=VM code)
J 25232  ui.views.waveform.waveformi.WVExecutive_getTooltipTextDelayed(J)Ljava/lang/String; (0 bytes) @ 0x000002d777f45d21 [0x000002d777f45ce0+0x0000000000000041]
J 28158 c2 ui.views.waveform.b.a.mouseMoved(Ljava/awt/event/MouseEvent;)V (32 bytes) @ 0x000002d7776ed5cc [0x000002d7776ed420+0x00000000000001ac]
J 16926 c2 java.awt.AWTEventMulticaster.mouseMoved(Ljava/awt/event/MouseEvent;)V java.desktop@9.0.4 (27 bytes) @ 0x000002d7775b65f4 [0x000002d7775b6540+0x00000000000000b4]
J 16926 c2 java.awt.AWTEventMulticaster.mouseMoved(Ljava/awt/event/MouseEvent;)V java.desktop@9.0.4 (27 bytes) @ 0x000002d7775b65b4 [0x000002d7775b6540+0x0000000000000074]
J 28097 c2 javax.swing.JComponent.processMouseMotionEvent(Ljava/awt/event/MouseEvent;)V java.desktop@9.0.4 (46 bytes) @ 0x000002d7782fb870 [0x000002d7782fb7c0+0x00000000000000b0]
J 28157 c2 ui.frmwork.c.i.processMouseMotionEvent(Ljava/awt/event/MouseEvent;)V (131 bytes) @ 0x000002d7776ef268 [0x000002d7776eefa0+0x00000000000002c8]
J 12244 c2 java.awt.Container.processEvent(Ljava/awt/AWTEvent;)V java.desktop@9.0.4 (22 bytes) @ 0x000002d777047198 [0x000002d777047020+0x0000000000000178]
J 26621 c2 java.awt.Component.dispatchEventImpl(Ljava/awt/AWTEvent;)V java.desktop@9.0.4 (739 bytes) @ 0x000002d77815681c [0x000002d778155a60+0x0000000000000dbc]
J 26619 c2 java.awt.Container.dispatchEventImpl(Ljava/awt/AWTEvent;)V java.desktop@9.0.4 (129 bytes) @ 0x000002d778151e04 [0x000002d778151d20+0x00000000000000e4]
J 26561 c2 java.awt.LightweightDispatcher.retargetMouseEvent(Ljava/awt/Component;ILjava/awt/event/MouseEvent;)V java.desktop@9.0.4 (350 bytes) @ 0x000002d77813e210 [0x000002d77813dc40+0x00000000000005d0]
J 26619 c2 java.awt.Container.dispatchEventImpl(Ljava/awt/AWTEvent;)V java.desktop@9.0.4 (129 bytes) @ 0x000002d7781525d0 [0x000002d778151d20+0x00000000000008b0]
J 16124 c2 java.awt.Window.dispatchEventImpl(Ljava/awt/AWTEvent;)V java.desktop@9.0.4 (23 bytes) @ 0x000002d77743018c [0x000002d777430140+0x000000000000004c]
J 13839 c2 java.awt.EventQueue$3.run()Ljava/lang/Object; java.desktop@9.0.4 (5 bytes) @ 0x000002d776a3ed1c [0x000002d776a3e700+0x000000000000061c]
v  ~StubRoutines::call_stub
J 3814  java.security.AccessController.doPrivileged(Ljava/security/PrivilegedAction;Ljava/security/AccessControlContext;)Ljava/lang/Object; java.base@9.0.4 (0 bytes) @ 0x000002d776890ac6 [0x000002d776890a60+0x0000000000000066]
J 15633 c2 java.awt.EventQueue$4.run()Ljava/lang/Object; java.desktop@9.0.4 (5 bytes) @ 0x000002d777389dd8 [0x000002d777389d60+0x0000000000000078]
v  ~StubRoutines::call_stub
J 3814  java.security.AccessController.doPrivileged(Ljava/security/PrivilegedAction;Ljava/security/AccessControlContext;)Ljava/lang/Object; java.base@9.0.4 (0 bytes) @ 0x000002d776890ac6 [0x000002d776890a60+0x0000000000000066]
J 19243 c2 ui.frmwork.b.d.dispatchEvent(Ljava/awt/AWTEvent;)V (34 bytes) @ 0x000002d77799c1e0 [0x000002d77799bf40+0x00000000000002a0]
J 26599 c2 java.awt.EventDispatchThread.pumpOneEventForFilters(I)V java.desktop@9.0.4 (218 bytes) @ 0x000002d778147964 [0x000002d778147600+0x0000000000000364]
J 20371% c2 java.awt.EventDispatchThread.pumpEventsForFilter(ILjava/awt/Conditional;Ljava/awt/EventFilter;)V java.desktop@9.0.4 (47 bytes) @ 0x000002d776b940c0 [0x000002d776b93fc0+0x0000000000000100]
j  java.awt.EventDispatchThread.pumpEventsForHierarchy(ILjava/awt/Conditional;Ljava/awt/Component;)V+11 java.desktop@9.0.4
j  java.awt.EventDispatchThread.pumpEvents(ILjava/awt/Conditional;)V+4 java.desktop@9.0.4
j  java.awt.EventDispatchThread.pumpEvents(Ljava/awt/Conditional;)V+3 java.desktop@9.0.4
j  java.awt.EventDispatchThread.run()V+9 java.desktop@9.0.4
v  ~StubRoutines::call_stub

siginfo: EXCEPTION_ACCESS_VIOLATION (0xc0000005), reading address 0xffffffffffffffff


Register to memory mapping:

RIP=0x00007ffc4af0ed95 librdi_common.dll
RAX=0x000002d75a998c01 is an unknown value
RBX=0x900560d7b3364318 is an unknown value
RCX=0x000002d75a998cb0 is an unknown value
RDX=0x900560d7b3364318 is an unknown value
RSP=0x000000d9321faf00 is pointing into the stack for thread: 0x000002d706f45800
RBP=0x000000d9321fb030 is pointing into the stack for thread: 0x000002d706f45800
RSI=0x000002d709c00d10 is an unknown value
RDI=0x000000d9321fb118 is pointing into the stack for thread: 0x000002d706f45800
R8 =0x000000d9321fb118 is pointing into the stack for thread: 0x000002d706f45800
R9 =0x0000000000000000 is an unknown value
R10=0x00007ffca9550000 VCRUNTIME140.dll
R11=0x0002200240000000 is an unknown value
R12=0x000000d9321fb118 is pointing into the stack for thread: 0x000002d706f45800
R13=0x0000000000000000 is an unknown value
R14=0x000002d758f872b0 is an unknown value
R15=0x900560d7b3364318 is an unknown value


Registers:
RAX=0x000002d75a998c01, RBX=0x900560d7b3364318, RCX=0x000002d75a998cb0, RDX=0x900560d7b3364318
RSP=0x000000d9321faf00, RBP=0x000000d9321fb030, RSI=0x000002d709c00d10, RDI=0x000000d9321fb118
R8 =0x000000d9321fb118, R9 =0x0000000000000000, R10=0x00007ffca9550000, R11=0x0002200240000000
R12=0x000000d9321fb118, R13=0x0000000000000000, R14=0x000002d758f872b0, R15=0x900560d7b3364318
RIP=0x00007ffc4af0ed95, EFLAGS=0x0000000000010202

Top of Stack: (sp=0x000000d9321faf00)
0x000000d9321faf00:   fffffffffffffffe 000002d706f2b6f0
0x000000d9321faf10:   0000000000005774 900560d7b3364318
0x000000d9321faf20:   900560d7b3364318 00007ffc4af03b75
0x000000d9321faf30:   000002d706f2b688 00007ffca8af2648
0x000000d9321faf40:   000002d706f2b688 0000000000000019
0x000000d9321faf50:   0000c488b77b1865 000002d706f2b688
0x000000d9321faf60:   0000000000000002 00007ffc4af6c825
0x000000d9321faf70:   000002d706bf5510 000002d706f2b6a8
0x000000d9321faf80:   000000d9321fb2b0 00007ffc4bc1dbc0
0x000000d9321faf90:   fffffffffffffffe 00007ffc4b528aad
0x000000d9321fafa0:   fffffffffffffffe 00007ffc4bc1dbc0
0x000000d9321fafb0:   000002d706f2b660 000002d758f4ad38
0x000000d9321fafc0:   000000d9321fb118 00007ffc4af6bb16
0x000000d9321fafd0:   000002d706f2b660 000000d9321fb118
0x000000d9321fafe0:   000002d700000002 0000000000000000
0x000000d9321faff0:   fffffffffffffffe 000000000000000f 

Instructions: (pc=0x00007ffc4af0ed95)
0x00007ffc4af0ed75:   20 48 8b d9 e8 22 c4 04 00 48 8b c8 48 8b d3 e8
0x00007ffc4af0ed85:   27 0d 05 00 84 c0 75 08 33 c0 48 83 c4 20 5b c3
0x00007ffc4af0ed95:   48 8b 4b 50 48 85 c9 74 0a 48 83 c4 20 5b e9 68
0x00007ffc4af0eda5:   e2 04 00 48 8b d3 48 8d 0d 66 ce 78 00 e8 59 b7 



---------------  P R O C E S S  ---------------

Java Threads: ( => current thread )
  0x000002d706ac3000 JavaThread "Relaunch Simulation Thread" [_thread_blocked, id=10852, stack(0x000000d936100000,0x000000d936600000)]
  0x000002d706ac5800 JavaThread "Image Fetcher 0" daemon [_thread_blocked, id=20196, stack(0x000000d935200000,0x000000d935700000)]
  0x000002d764737000 JavaThread "SyntheticaAnimation 50" daemon [_thread_blocked, id=18676, stack(0x000000d936b00000,0x000000d937000000)]
  0x000002d709526800 JavaThread "ForkJoinPool.commonPool-worker-9" daemon [_thread_blocked, id=10084, stack(0x000000d936600000,0x000000d936b00000)]
  0x000002d709529800 JavaThread "Image Animator 3" daemon [_thread_blocked, id=3376, stack(0x000000d935c00000,0x000000d936100000)]
  0x000002d70952b800 JavaThread "Swing-Shell" daemon [_thread_blocked, id=8392, stack(0x000000d934d00000,0x000000d935200000)]
  0x000002d709525800 JavaThread "SyntheticaAnimation 50" daemon [_thread_blocked, id=1988, stack(0x000000d930e00000,0x000000d931300000)]
  0x000002d709528800 JavaThread "Update Runs Swing Worker Thread" [_thread_blocked, id=13780, stack(0x000000d935700000,0x000000d935c00000)]
  0x000002d76473a000 JavaThread "hw_ila_monitor" [_thread_blocked, id=16784, stack(0x000000d932200000,0x000000d932700000)]
  0x000002d764738800 JavaThread "Refresh Filesets Swing Worker Thread" [_thread_blocked, id=4164, stack(0x000000d934800000,0x000000d934d00000)]
  0x000002d764736800 JavaThread "SyntheticaAnimation 70" daemon [_thread_blocked, id=17940, stack(0x000000d934300000,0x000000d934800000)]
  0x000002d764738000 JavaThread "SyntheticaAnimation 25" daemon [_thread_blocked, id=13644, stack(0x000000d933900000,0x000000d933e00000)]
  0x000002d76473b000 JavaThread "SyntheticaAnimation 50" daemon [_thread_blocked, id=21044, stack(0x000000d933400000,0x000000d933900000)]
  0x000002d764739800 JavaThread "Monitor HEventQueue Thread" [_thread_blocked, id=11076, stack(0x000000d932f00000,0x000000d933400000)]
  0x000002d76473b800 JavaThread "SyntheticaCleanerThread" daemon [_thread_blocked, id=14404, stack(0x000000d932700000,0x000000d932c00000)]
  0x000002d76473d000 JavaThread "Batik CleanerThread" daemon [_thread_blocked, id=11088, stack(0x000000d931300000,0x000000d931800000)]
=>0x000002d706f45800 JavaThread "AWT-EventQueue-1" [_thread_in_native, id=22388, stack(0x000000d931d00000,0x000000d932200000)]
  0x000002d706c5e000 JavaThread "Process Messages Thread" [_thread_blocked, id=3396, stack(0x000000d931800000,0x000000d931d00000)]
  0x000002d76278d800 JavaThread "Thread-1" [_thread_in_native, id=7424, stack(0x000000d92a600000,0x000000d92ba00000)]
  0x000002d762ae1000 JavaThread "TimerQueue" daemon [_thread_blocked, id=9308, stack(0x000000d930900000,0x000000d930e00000)]
  0x000002d761ced000 JavaThread "AWT-Windows" daemon [_thread_in_native, id=21208, stack(0x000000d930400000,0x000000d930900000)]
  0x000002d761cec800 JavaThread "AWT-Shutdown" [_thread_blocked, id=22380, stack(0x000000d92ff00000,0x000000d930400000)]
  0x000002d761dc0000 JavaThread "Java2D Disposer" daemon [_thread_blocked, id=6668, stack(0x000000d92fa00000,0x000000d92ff00000)]
  0x000002d761ed0000 JavaThread "Service Thread" daemon [_thread_blocked, id=19708, stack(0x000000d92f400000,0x000000d92f900000)]
  0x000002d764758000 JavaThread "Common-Cleaner" daemon [_thread_blocked, id=12336, stack(0x000000d92ef00000,0x000000d92f400000)]
  0x000002d76473c800 JavaThread "Sweeper thread" daemon [_thread_blocked, id=13220, stack(0x000000d92ea00000,0x000000d92ef00000)]
  0x000002d767b51800 JavaThread "C1 CompilerThread3" daemon [_thread_blocked, id=9192, stack(0x000000d92e900000,0x000000d92ea00000)]
  0x000002d767b50800 JavaThread "C2 CompilerThread2" daemon [_thread_blocked, id=20544, stack(0x000000d92e800000,0x000000d92e900000)]
  0x000002d767d49000 JavaThread "C2 CompilerThread1" daemon [_thread_blocked, id=18808, stack(0x000000d92e700000,0x000000d92e800000)]
  0x000002d761425800 JavaThread "C2 CompilerThread0" daemon [_thread_blocked, id=22504, stack(0x000000d92e600000,0x000000d92e700000)]
  0x000002d761424800 JavaThread "Attach Listener" daemon [_thread_blocked, id=516, stack(0x000000d92e100000,0x000000d92e600000)]
  0x000002d76465f000 JavaThread "Signal Dispatcher" daemon [_thread_blocked, id=21168, stack(0x000000d92dc00000,0x000000d92e100000)]
  0x000002d7678b6000 JavaThread "Finalizer" daemon [_thread_blocked, id=21328, stack(0x000000d92d700000,0x000000d92dc00000)]
  0x000002d75f6a7000 JavaThread "Reference Handler" daemon [_thread_blocked, id=18320, stack(0x000000d92d200000,0x000000d92d700000)]
  0x000002d75fbf8000 JavaThread "main" [_thread_blocked, id=22520, stack(0x000000d92bc00000,0x000000d92bd00000)]

Other Threads:
  0x000002d764460800 VMThread "VM Thread" [stack: 0x000000d92d100000,0x000000d92d200000] [id=10500]
  0x000002d767aba000 WatcherThread [stack: 0x000000d92f900000,0x000000d92fa00000] [id=12156]
  0x000002d767ea4800 GCTaskThread "GC Thread#0" [stack: 0x000000d92bd00000,0x000000d92be00000] [id=7084]
  0x000002d75fae4800 GCTaskThread "GC Thread#1" [stack: 0x000000d92be00000,0x000000d92bf00000] [id=9600]
  0x000002d75fae6000 GCTaskThread "GC Thread#2" [stack: 0x000000d92bf00000,0x000000d92c000000] [id=17400]
  0x000002d75fae3800 GCTaskThread "GC Thread#3" [stack: 0x000000d92c000000,0x000000d92c100000] [id=10836]
  0x000002d75fae2000 GCTaskThread "GC Thread#4" [stack: 0x000000d92c100000,0x000000d92c200000] [id=14884]
  0x000002d75fae5000 GCTaskThread "GC Thread#5" [stack: 0x000000d92c200000,0x000000d92c300000] [id=11856]
  0x000002d75fae1000 GCTaskThread "GC Thread#6" [stack: 0x000000d92c300000,0x000000d92c400000] [id=18516]
  0x000002d75fae2800 GCTaskThread "GC Thread#7" [stack: 0x000000d92c400000,0x000000d92c500000] [id=22436]
  0x000002d75fb01800 ConcurrentGCThread "G1 Main Marker" [stack: 0x000000d92ce00000,0x000000d92cf00000] [id=18848]
  0x000002d75fadf800 ConcurrentGCThread "G1 Marker#0" [stack: 0x000000d92cf00000,0x000000d92d000000] [id=19636]
  0x000002d75fae3000 ConcurrentGCThread "G1 Marker#1" [stack: 0x000000d92d000000,0x000000d92d100000] [id=6432]
  0x000002d75faf2800 ConcurrentGCThread "G1 Refine#0" [stack: 0x000000d92cc00000,0x000000d92cd00000] [id=14444]
  0x000002d75faec000 ConcurrentGCThread "G1 Refine#1" [stack: 0x000000d92cb00000,0x000000d92cc00000] [id=22024]
  0x000002d75faee000 ConcurrentGCThread "G1 Refine#2" [stack: 0x000000d92ca00000,0x000000d92cb00000] [id=6072]
  0x000002d76781b800 ConcurrentGCThread "G1 Refine#3" [stack: 0x000000d92c900000,0x000000d92ca00000] [id=4348]
  0x000002d767c15800 ConcurrentGCThread "G1 Refine#4" [stack: 0x000000d92c800000,0x000000d92c900000] [id=15892]
  0x000002d764af9000 ConcurrentGCThread "G1 Refine#5" [stack: 0x000000d92c700000,0x000000d92c800000] [id=1392]
  0x000002d764af8800 ConcurrentGCThread "G1 Refine#6" [stack: 0x000000d92c600000,0x000000d92c700000] [id=6236]
  0x000002d767e78000 ConcurrentGCThread "G1 Refine#7" [stack: 0x000000d92c500000,0x000000d92c600000] [id=13712]
  0x000002d767f83800 ConcurrentGCThread "G1 Young RemSet Sampling" [stack: 0x000000d92cd00000,0x000000d92ce00000] [id=15832]

Threads with active compile tasks:

VM state:not at safepoint (normal execution)

VM Mutex/Monitor currently owned by a thread: None

Heap address: 0x0000000700000000, size: 3072 MB, Compressed Oops mode: Zero based, Oop shift amount: 3
Narrow klass base: 0x0000000000000000, Narrow klass shift: 3
Compressed class space size: 1073741824 Address: 0x00000007c0000000

Heap:
 garbage-first heap   total 339968K, used 143596K [0x0000000700000000, 0x0000000700100a60, 0x00000007c0000000)
  region size 1024K, 39 young (39936K), 1 survivors (1024K)
 Metaspace       used 89750K, capacity 92899K, committed 98480K, reserved 1134592K
  class space    used 11708K, capacity 12340K, committed 13488K, reserved 1048576K
Heap Regions: E=young(eden), S=young(survivor), O=old, HS=humongous(starts), HC=humongous(continues), CS=collection set, F=free, A=archive, TS=gc time stamp, AC=allocation context, TAMS=top-at-mark-start (previous, next)
|   0|0x0000000700000000, 0x00000007000f95e8, 0x0000000700100000| 97%| O|  |TS  0|AC  0|TAMS 0x0000000700000000, 0x0000000700000000|
|   1|0x0000000700100000, 0x00000007001ffb40, 0x0000000700200000| 99%| O|  |TS  0|AC  0|TAMS 0x0000000700100000, 0x0000000700100000|
|   2|0x0000000700200000, 0x00000007002fd5d8, 0x0000000700300000| 98%| O|  |TS  0|AC  0|TAMS 0x0000000700200000, 0x0000000700200000|
|   3|0x0000000700300000, 0x00000007003efca0, 0x0000000700400000| 93%| O|  |TS  0|AC  0|TAMS 0x0000000700300000, 0x0000000700300000|
|   4|0x0000000700400000, 0x0000000700500000, 0x0000000700500000|100%|HS|  |TS  0|AC  0|TAMS 0x0000000700400000, 0x0000000700400000|
|   5|0x0000000700500000, 0x0000000700600000, 0x0000000700600000|100%|HC|  |TS  0|AC  0|TAMS 0x0000000700500000, 0x0000000700500000|
|   6|0x0000000700600000, 0x0000000700700000, 0x0000000700700000|100%|HS|  |TS  0|AC  0|TAMS 0x0000000700600000, 0x0000000700600000|
|   7|0x0000000700700000, 0x00000007007f1198, 0x0000000700800000| 94%| O|  |TS  0|AC  0|TAMS 0x0000000700700000, 0x0000000700700000|
|   8|0x0000000700800000, 0x00000007008f2688, 0x0000000700900000| 94%| O|  |TS  0|AC  0|TAMS 0x0000000700800000, 0x0000000700800000|
|   9|0x0000000700900000, 0x00000007009ffff0, 0x0000000700a00000| 99%| O|  |TS  0|AC  0|TAMS 0x0000000700900000, 0x0000000700900000|
|  10|0x0000000700a00000, 0x0000000700affec0, 0x0000000700b00000| 99%| O|  |TS  0|AC  0|TAMS 0x0000000700a00000, 0x0000000700a00000|
|  11|0x0000000700b00000, 0x0000000700bfffb8, 0x0000000700c00000| 99%| O|  |TS  0|AC  0|TAMS 0x0000000700b00000, 0x0000000700b00000|
|  12|0x0000000700c00000, 0x0000000700cffff0, 0x0000000700d00000| 99%| O|  |TS  0|AC  0|TAMS 0x0000000700c00000, 0x0000000700c00000|
|  13|0x0000000700d00000, 0x0000000700dfffe8, 0x0000000700e00000| 99%| O|  |TS  0|AC  0|TAMS 0x0000000700d00000, 0x0000000700d00000|
|  14|0x0000000700e00000, 0x0000000700effff8, 0x0000000700f00000| 99%| O|  |TS  0|AC  0|TAMS 0x0000000700e00000, 0x0000000700e00000|
|  15|0x0000000700f00000, 0x0000000700ffffd8, 0x0000000701000000| 99%| O|  |TS  0|AC  0|TAMS 0x0000000700f00000, 0x0000000700f00000|
|  16|0x0000000701000000, 0x00000007010a5360, 0x0000000701100000| 64%| O|  |TS  0|AC  0|TAMS 0x0000000701000000, 0x0000000701000000|
|  17|0x0000000701100000, 0x00000007011eb2a8, 0x0000000701200000| 91%| O|  |TS  0|AC  0|TAMS 0x0000000701100000, 0x0000000701100000|
|  18|0x0000000701200000, 0x00000007012fffa0, 0x0000000701300000| 99%| O|  |TS  0|AC  0|TAMS 0x0000000701200000, 0x0000000701200000|
|  19|0x0000000701300000, 0x00000007013fe318, 0x0000000701400000| 99%| O|  |TS  0|AC  0|TAMS 0x0000000701300000, 0x0000000701300000|
|  20|0x0000000701400000, 0x00000007014fffe8, 0x0000000701500000| 99%| O|  |TS  0|AC  0|TAMS 0x0000000701400000, 0x0000000701400000|
|  21|0x0000000701500000, 0x0000000701600000, 0x0000000701600000|100%|HS|  |TS  0|AC  0|TAMS 0x0000000701500000, 0x0000000701500000|
|  22|0x0000000701600000, 0x0000000701700000, 0x0000000701700000|100%|HC|  |TS  0|AC  0|TAMS 0x0000000701600000, 0x0000000701600000|
|  23|0x0000000701700000, 0x00000007017fffe0, 0x0000000701800000| 99%| O|  |TS  0|AC  0|TAMS 0x0000000701700000, 0x0000000701700000|
|  24|0x0000000701800000, 0x00000007018ffff0, 0x0000000701900000| 99%| O|  |TS  0|AC  0|TAMS 0x0000000701800000, 0x0000000701800000|
|  25|0x0000000701900000, 0x00000007019fffe0, 0x0000000701a00000| 99%| O|  |TS  0|AC  0|TAMS 0x0000000701900000, 0x0000000701900000|
|  26|0x0000000701a00000, 0x0000000701b00000, 0x0000000701b00000|100%|HS|  |TS  0|AC  0|TAMS 0x0000000701a00000, 0x0000000701a00000|
|  27|0x0000000701b00000, 0x0000000701bffff0, 0x0000000701c00000| 99%| O|  |TS  0|AC  0|TAMS 0x0000000701b00000, 0x0000000701b00000|
|  28|0x0000000701c00000, 0x0000000701d00000, 0x0000000701d00000|100%| O|  |TS  0|AC  0|TAMS 0x0000000701c00000, 0x0000000701c00000|
|  29|0x0000000701d00000, 0x0000000701dfff08, 0x0000000701e00000| 99%| O|  |TS  0|AC  0|TAMS 0x0000000701d00000, 0x0000000701d00000|
|  30|0x0000000701e00000, 0x0000000701efe8a8, 0x0000000701f00000| 99%| O|  |TS  0|AC  0|TAMS 0x0000000701e00000, 0x0000000701e00000|
|  31|0x0000000701f00000, 0x0000000701fffff0, 0x0000000702000000| 99%| O|  |TS  0|AC  0|TAMS 0x0000000701f00000, 0x0000000701f00000|
|  32|0x0000000702000000, 0x00000007020ffff8, 0x0000000702100000| 99%| O|  |TS  0|AC  0|TAMS 0x0000000702000000, 0x0000000702000000|
|  33|0x0000000702100000, 0x0000000702200000, 0x0000000702200000|100%|HS|  |TS  0|AC  0|TAMS 0x0000000702100000, 0x0000000702100000|
|  34|0x0000000702200000, 0x00000007022fff08, 0x0000000702300000| 99%| O|  |TS  0|AC  0|TAMS 0x0000000702200000, 0x0000000702200000|
|  35|0x0000000702300000, 0x0000000702400000, 0x0000000702400000|100%| O|  |TS  0|AC  0|TAMS 0x0000000702300000, 0x0000000702300000|
|  36|0x0000000702400000, 0x00000007024fffc0, 0x0000000702500000| 99%| O|  |TS  0|AC  0|TAMS 0x0000000702400000, 0x0000000702400000|
|  37|0x0000000702500000, 0x00000007025ffef0, 0x0000000702600000| 99%| O|  |TS  0|AC  0|TAMS 0x0000000702500000, 0x0000000702500000|
|  38|0x0000000702600000, 0x00000007026ffff8, 0x0000000702700000| 99%| O|  |TS  0|AC  0|TAMS 0x0000000702600000, 0x0000000702600000|
|  39|0x0000000702700000, 0x0000000702800000, 0x0000000702800000|100%| O|  |TS  0|AC  0|TAMS 0x0000000702700000, 0x0000000702700000|
|  40|0x0000000702800000, 0x00000007028fffc8, 0x0000000702900000| 99%| O|  |TS  0|AC  0|TAMS 0x0000000702800000, 0x0000000702800000|
|  41|0x0000000702900000, 0x00000007029fffb8, 0x0000000702a00000| 99%| O|  |TS  0|AC  0|TAMS 0x0000000702900000, 0x0000000702900000|
|  42|0x0000000702a00000, 0x0000000702affff8, 0x0000000702b00000| 99%| O|  |TS  0|AC  0|TAMS 0x0000000702a00000, 0x0000000702a00000|
|  43|0x0000000702b00000, 0x0000000702bffc50, 0x0000000702c00000| 99%| O|  |TS  0|AC  0|TAMS 0x0000000702b00000, 0x0000000702b00000|
|  44|0x0000000702c00000, 0x0000000702cffff0, 0x0000000702d00000| 99%| O|  |TS  0|AC  0|TAMS 0x0000000702c00000, 0x0000000702c00000|
|  45|0x0000000702d00000, 0x0000000702dfffa8, 0x0000000702e00000| 99%| O|  |TS  0|AC  0|TAMS 0x0000000702d00000, 0x0000000702d00000|
|  46|0x0000000702e00000, 0x0000000702effff0, 0x0000000702f00000| 99%| O|  |TS  0|AC  0|TAMS 0x0000000702e00000, 0x0000000702e00000|
|  47|0x0000000702f00000, 0x0000000702ffffe0, 0x0000000703000000| 99%| O|  |TS  0|AC  0|TAMS 0x0000000702f00000, 0x0000000702f00000|
|  48|0x0000000703000000, 0x00000007030ffff8, 0x0000000703100000| 99%| O|  |TS  0|AC  0|TAMS 0x0000000703000000, 0x0000000703000000|
|  49|0x0000000703100000, 0x00000007031ffff8, 0x0000000703200000| 99%| O|  |TS  0|AC  0|TAMS 0x0000000703100000, 0x0000000703100000|
|  50|0x0000000703200000, 0x00000007032fe488, 0x0000000703300000| 99%| O|  |TS  0|AC  0|TAMS 0x0000000703200000, 0x0000000703200000|
|  51|0x0000000703300000, 0x00000007033fff88, 0x0000000703400000| 99%| O|  |TS  0|AC  0|TAMS 0x0000000703300000, 0x0000000703300000|
|  52|0x0000000703400000, 0x00000007034ffff0, 0x0000000703500000| 99%| O|  |TS  0|AC  0|TAMS 0x0000000703400000, 0x0000000703400000|
|  53|0x0000000703500000, 0x00000007035ffff8, 0x0000000703600000| 99%| O|  |TS  0|AC  0|TAMS 0x0000000703500000, 0x0000000703500000|
|  54|0x0000000703600000, 0x00000007036fffb8, 0x0000000703700000| 99%| O|  |TS  0|AC  0|TAMS 0x0000000703600000, 0x0000000703600000|
|  55|0x0000000703700000, 0x00000007037fffd8, 0x0000000703800000| 99%| O|  |TS  0|AC  0|TAMS 0x0000000703700000, 0x0000000703700000|
|  56|0x0000000703800000, 0x00000007038ffee8, 0x0000000703900000| 99%| O|  |TS  0|AC  0|TAMS 0x0000000703800000, 0x0000000703800000|
|  57|0x0000000703900000, 0x0000000703a00000, 0x0000000703a00000|100%| O|  |TS  0|AC  0|TAMS 0x0000000703900000, 0x0000000703900000|
|  58|0x0000000703a00000, 0x0000000703affff8, 0x0000000703b00000| 99%| O|  |TS  0|AC  0|TAMS 0x0000000703a00000, 0x0000000703a00000|
|  59|0x0000000703b00000, 0x0000000703bfff00, 0x0000000703c00000| 99%| O|  |TS  0|AC  0|TAMS 0x0000000703b00000, 0x0000000703b00000|
|  60|0x0000000703c00000, 0x0000000703cfff88, 0x0000000703d00000| 99%| O|  |TS  0|AC  0|TAMS 0x0000000703c00000, 0x0000000703c00000|
|  61|0x0000000703d00000, 0x0000000703e00000, 0x0000000703e00000|100%|HS|  |TS  0|AC  0|TAMS 0x0000000703d00000, 0x0000000703d00000|
|  62|0x0000000703e00000, 0x0000000703efff00, 0x0000000703f00000| 99%| O|  |TS  0|AC  0|TAMS 0x0000000703e00000, 0x0000000703e00000|
|  63|0x0000000703f00000, 0x0000000703fc4b10, 0x0000000704000000| 76%| O|  |TS  0|AC  0|TAMS 0x0000000703f00000, 0x0000000703f00000|
|  64|0x0000000704000000, 0x00000007040fffe0, 0x0000000704100000| 99%| O|  |TS  0|AC  0|TAMS 0x0000000704000000, 0x0000000704000000|
|  65|0x0000000704100000, 0x00000007041fff88, 0x0000000704200000| 99%| O|  |TS  0|AC  0|TAMS 0x0000000704100000, 0x0000000704100000|
|  66|0x0000000704200000, 0x00000007042fff70, 0x0000000704300000| 99%| O|  |TS  0|AC  0|TAMS 0x0000000704200000, 0x0000000704200000|
|  67|0x0000000704300000, 0x00000007043ffe98, 0x0000000704400000| 99%| O|  |TS  0|AC  0|TAMS 0x0000000704300000, 0x0000000704300000|
|  68|0x0000000704400000, 0x0000000704500000, 0x0000000704500000|100%| O|  |TS  0|AC  0|TAMS 0x0000000704400000, 0x0000000704400000|
|  69|0x0000000704500000, 0x00000007045fff70, 0x0000000704600000| 99%| O|  |TS  0|AC  0|TAMS 0x0000000704500000, 0x0000000704500000|
|  70|0x0000000704600000, 0x00000007046fff60, 0x0000000704700000| 99%| O|  |TS  0|AC  0|TAMS 0x0000000704600000, 0x0000000704600000|
|  71|0x0000000704700000, 0x0000000704800000, 0x0000000704800000|100%| O|  |TS  0|AC  0|TAMS 0x0000000704700000, 0x0000000704700000|
|  72|0x0000000704800000, 0x0000000704900000, 0x0000000704900000|100%| O|  |TS  0|AC  0|TAMS 0x0000000704800000, 0x0000000704800000|
|  73|0x0000000704900000, 0x00000007049ffff0, 0x0000000704a00000| 99%| O|  |TS  0|AC  0|TAMS 0x0000000704900000, 0x0000000704900000|
|  74|0x0000000704a00000, 0x0000000704affff0, 0x0000000704b00000| 99%| O|  |TS  0|AC  0|TAMS 0x0000000704a00000, 0x0000000704a00000|
|  75|0x0000000704b00000, 0x0000000704bffff8, 0x0000000704c00000| 99%| O|  |TS  0|AC  0|TAMS 0x0000000704b00000, 0x0000000704b00000|
|  76|0x0000000704c00000, 0x0000000704cffff0, 0x0000000704d00000| 99%| O|  |TS  0|AC  0|TAMS 0x0000000704c00000, 0x0000000704c00000|
|  77|0x0000000704d00000, 0x0000000704dfed50, 0x0000000704e00000| 99%| O|  |TS  0|AC  0|TAMS 0x0000000704d00000, 0x0000000704d00000|
|  78|0x0000000704e00000, 0x0000000704efffe8, 0x0000000704f00000| 99%| O|  |TS  0|AC  0|TAMS 0x0000000704e00000, 0x0000000704e00000|
|  79|0x0000000704f00000, 0x0000000704ffff40, 0x0000000705000000| 99%| O|  |TS  0|AC  0|TAMS 0x0000000704f00000, 0x0000000704f00000|
|  80|0x0000000705000000, 0x00000007050fee78, 0x0000000705100000| 99%| O|  |TS  0|AC  0|TAMS 0x0000000705000000, 0x0000000705000000|
|  81|0x0000000705100000, 0x00000007051ffff8, 0x0000000705200000| 99%| O|  |TS  0|AC  0|TAMS 0x0000000705100000, 0x0000000705100000|
|  82|0x0000000705200000, 0x00000007052ffff8, 0x0000000705300000| 99%| O|  |TS  0|AC  0|TAMS 0x0000000705200000, 0x0000000705200000|
|  83|0x0000000705300000, 0x00000007053fffe0, 0x0000000705400000| 99%| O|  |TS  0|AC  0|TAMS 0x0000000705300000, 0x0000000705300000|
|  84|0x0000000705400000, 0x0000000705500000, 0x0000000705500000|100%| O|  |TS  0|AC  0|TAMS 0x0000000705400000, 0x0000000705400000|
|  85|0x0000000705500000, 0x00000007055fff80, 0x0000000705600000| 99%| O|  |TS  0|AC  0|TAMS 0x0000000705500000, 0x0000000705500000|
|  86|0x0000000705600000, 0x00000007056ff670, 0x0000000705700000| 99%| O|  |TS  0|AC  0|TAMS 0x0000000705600000, 0x0000000705600000|
|  87|0x0000000705700000, 0x00000007057ffff0, 0x0000000705800000| 99%| O|  |TS  0|AC  0|TAMS 0x0000000705700000, 0x0000000705700000|
|  88|0x0000000705800000, 0x00000007058fffe0, 0x0000000705900000| 99%| O|  |TS  0|AC  0|TAMS 0x0000000705800000, 0x0000000705800000|
|  89|0x0000000705900000, 0x0000000705a00000, 0x0000000705a00000|100%| O|  |TS  0|AC  0|TAMS 0x0000000705900000, 0x0000000705900000|
|  90|0x0000000705a00000, 0x0000000705affff0, 0x0000000705b00000| 99%| O|  |TS  0|AC  0|TAMS 0x0000000705a00000, 0x0000000705a00000|
|  91|0x0000000705b00000, 0x0000000705b996a8, 0x0000000705c00000| 59%| O|  |TS  0|AC  0|TAMS 0x0000000705b00000, 0x0000000705b00000|
|  92|0x0000000705c00000, 0x0000000705d00000, 0x0000000705d00000|100%|HS|  |TS  0|AC  0|TAMS 0x0000000705c00000, 0x0000000705c00000|
|  93|0x0000000705d00000, 0x0000000705e00000, 0x0000000705e00000|100%|HC|  |TS  0|AC  0|TAMS 0x0000000705d00000, 0x0000000705d00000|
|  94|0x0000000705e00000, 0x0000000705f00000, 0x0000000705f00000|100%|HC|  |TS  0|AC  0|TAMS 0x0000000705e00000, 0x0000000705e00000|
|  95|0x0000000705f00000, 0x0000000706000000, 0x0000000706000000|100%|HC|  |TS  0|AC  0|TAMS 0x0000000705f00000, 0x0000000705f00000|
|  96|0x0000000706000000, 0x0000000706100000, 0x0000000706100000|100%|HC|  |TS  0|AC  0|TAMS 0x0000000706000000, 0x0000000706000000|
|  97|0x0000000706100000, 0x0000000706200000, 0x0000000706200000|100%|HC|  |TS  0|AC  0|TAMS 0x0000000706100000, 0x0000000706100000|
|  98|0x0000000706200000, 0x0000000706300000, 0x0000000706300000|100%|HC|  |TS  0|AC  0|TAMS 0x0000000706200000, 0x0000000706200000|
|  99|0x0000000706300000, 0x0000000706400000, 0x0000000706400000|100%|HC|  |TS  0|AC  0|TAMS 0x0000000706300000, 0x0000000706300000|
| 100|0x0000000706400000, 0x0000000706500000, 0x0000000706500000|100%|HS|  |TS  0|AC  0|TAMS 0x0000000706400000, 0x0000000706400000|
| 101|0x0000000706500000, 0x0000000706600000, 0x0000000706600000|100%|HC|  |TS  0|AC  0|TAMS 0x0000000706500000, 0x0000000706500000|
| 102|0x0000000706600000, 0x0000000706700000, 0x0000000706700000|100%|HS|  |TS  0|AC  0|TAMS 0x0000000706600000, 0x0000000706600000|
| 103|0x0000000706700000, 0x0000000706800000, 0x0000000706800000|100%|HC|  |TS  0|AC  0|TAMS 0x0000000706700000, 0x0000000706700000|
| 104|0x0000000706800000, 0x0000000706800000, 0x0000000706900000|  0%| F|  |TS  0|AC  0|TAMS 0x0000000706800000, 0x0000000706800000|
| 105|0x0000000706900000, 0x0000000706900000, 0x0000000706a00000|  0%| F|  |TS  0|AC  0|TAMS 0x0000000706900000, 0x0000000706900000|
| 106|0x0000000706a00000, 0x0000000706a00000, 0x0000000706b00000|  0%| F|  |TS  0|AC  0|TAMS 0x0000000706a00000, 0x0000000706a00000|
| 107|0x0000000706b00000, 0x0000000706b00000, 0x0000000706c00000|  0%| F|  |TS  0|AC  0|TAMS 0x0000000706b00000, 0x0000000706b00000|
| 108|0x0000000706c00000, 0x0000000706c00000, 0x0000000706d00000|  0%| F|  |TS  0|AC  0|TAMS 0x0000000706c00000, 0x0000000706c00000|
| 109|0x0000000706d00000, 0x0000000706d00000, 0x0000000706e00000|  0%| F|  |TS  0|AC  0|TAMS 0x0000000706d00000, 0x0000000706d00000|
| 110|0x0000000706e00000, 0x0000000706e00000, 0x0000000706f00000|  0%| F|  |TS  0|AC  0|TAMS 0x0000000706e00000, 0x0000000706e00000|
| 111|0x0000000706f00000, 0x0000000706f00000, 0x0000000707000000|  0%| F|  |TS  0|AC  0|TAMS 0x0000000706f00000, 0x0000000706f00000|
| 112|0x0000000707000000, 0x0000000707000000, 0x0000000707100000|  0%| F|  |TS  0|AC  0|TAMS 0x0000000707000000, 0x0000000707000000|
| 113|0x0000000707100000, 0x0000000707100000, 0x0000000707200000|  0%| F|  |TS  0|AC  0|TAMS 0x0000000707100000, 0x0000000707100000|
| 114|0x0000000707200000, 0x0000000707200000, 0x0000000707300000|  0%| F|  |TS  0|AC  0|TAMS 0x0000000707200000, 0x0000000707200000|
| 115|0x0000000707300000, 0x0000000707300000, 0x0000000707400000|  0%| F|  |TS  0|AC  0|TAMS 0x0000000707300000, 0x0000000707300000|
| 116|0x0000000707400000, 0x0000000707400000, 0x0000000707500000|  0%| F|  |TS  0|AC  0|TAMS 0x0000000707400000, 0x0000000707400000|
| 117|0x0000000707500000, 0x0000000707500000, 0x0000000707600000|  0%| F|  |TS  0|AC  0|TAMS 0x0000000707500000, 0x0000000707500000|
| 118|0x0000000707600000, 0x0000000707600000, 0x0000000707700000|  0%| F|  |TS  0|AC  0|TAMS 0x0000000707600000, 0x0000000707600000|
| 119|0x0000000707700000, 0x0000000707700000, 0x0000000707800000|  0%| F|  |TS  0|AC  0|TAMS 0x0000000707700000, 0x0000000707700000|
| 120|0x0000000707800000, 0x0000000707800000, 0x0000000707900000|  0%| F|  |TS  0|AC  0|TAMS 0x0000000707800000, 0x0000000707800000|
| 121|0x0000000707900000, 0x0000000707900000, 0x0000000707a00000|  0%| F|  |TS  0|AC  0|TAMS 0x0000000707900000, 0x0000000707900000|
| 122|0x0000000707a00000, 0x0000000707a00000, 0x0000000707b00000|  0%| F|  |TS  0|AC  0|TAMS 0x0000000707a00000, 0x0000000707a00000|
| 123|0x0000000707b00000, 0x0000000707b00000, 0x0000000707c00000|  0%| F|  |TS  0|AC  0|TAMS 0x0000000707b00000, 0x0000000707b00000|
| 124|0x0000000707c00000, 0x0000000707c00000, 0x0000000707d00000|  0%| F|  |TS  0|AC  0|TAMS 0x0000000707c00000, 0x0000000707c00000|
| 125|0x0000000707d00000, 0x0000000707d00000, 0x0000000707e00000|  0%| F|  |TS  0|AC  0|TAMS 0x0000000707d00000, 0x0000000707d00000|
| 126|0x0000000707e00000, 0x0000000707e00000, 0x0000000707f00000|  0%| F|  |TS  0|AC  0|TAMS 0x0000000707e00000, 0x0000000707e00000|
| 127|0x0000000707f00000, 0x0000000707f00000, 0x0000000708000000|  0%| F|  |TS  0|AC  0|TAMS 0x0000000707f00000, 0x0000000707f00000|
| 128|0x0000000708000000, 0x0000000708000000, 0x0000000708100000|  0%| F|  |TS  0|AC  0|TAMS 0x0000000708000000, 0x0000000708000000|
| 129|0x0000000708100000, 0x0000000708100000, 0x0000000708200000|  0%| F|  |TS  0|AC  0|TAMS 0x0000000708100000, 0x0000000708100000|
| 130|0x0000000708200000, 0x0000000708200000, 0x0000000708300000|  0%| F|  |TS  0|AC  0|TAMS 0x0000000708200000, 0x0000000708200000|
| 131|0x0000000708300000, 0x0000000708300000, 0x0000000708400000|  0%| F|  |TS  0|AC  0|TAMS 0x0000000708300000, 0x0000000708300000|
| 132|0x0000000708400000, 0x0000000708400000, 0x0000000708500000|  0%| F|  |TS  0|AC  0|TAMS 0x0000000708400000, 0x0000000708400000|
| 133|0x0000000708500000, 0x0000000708500000, 0x0000000708600000|  0%| F|  |TS  0|AC  0|TAMS 0x0000000708500000, 0x0000000708500000|
| 134|0x0000000708600000, 0x0000000708600000, 0x0000000708700000|  0%| F|  |TS  0|AC  0|TAMS 0x0000000708600000, 0x0000000708600000|
| 135|0x0000000708700000, 0x0000000708700000, 0x0000000708800000|  0%| F|  |TS  0|AC  0|TAMS 0x0000000708700000, 0x0000000708700000|
| 136|0x0000000708800000, 0x0000000708800000, 0x0000000708900000|  0%| F|  |TS  0|AC  0|TAMS 0x0000000708800000, 0x0000000708800000|
| 137|0x0000000708900000, 0x0000000708900000, 0x0000000708a00000|  0%| F|  |TS  0|AC  0|TAMS 0x0000000708900000, 0x0000000708900000|
| 138|0x0000000708a00000, 0x0000000708a00000, 0x0000000708b00000|  0%| F|  |TS  0|AC  0|TAMS 0x0000000708a00000, 0x0000000708a00000|
| 139|0x0000000708b00000, 0x0000000708b00000, 0x0000000708c00000|  0%| F|  |TS  0|AC  0|TAMS 0x0000000708b00000, 0x0000000708b00000|
| 140|0x0000000708c00000, 0x0000000708c00000, 0x0000000708d00000|  0%| F|  |TS  0|AC  0|TAMS 0x0000000708c00000, 0x0000000708c00000|
| 141|0x0000000708d00000, 0x0000000708d00000, 0x0000000708e00000|  0%| F|  |TS  0|AC  0|TAMS 0x0000000708d00000, 0x0000000708d00000|
| 142|0x0000000708e00000, 0x0000000708e00000, 0x0000000708f00000|  0%| F|  |TS  0|AC  0|TAMS 0x0000000708e00000, 0x0000000708e00000|
| 143|0x0000000708f00000, 0x0000000708f00000, 0x0000000709000000|  0%| F|  |TS  0|AC  0|TAMS 0x0000000708f00000, 0x0000000708f00000|
| 144|0x0000000709000000, 0x0000000709000000, 0x0000000709100000|  0%| F|  |TS  0|AC  0|TAMS 0x0000000709000000, 0x0000000709000000|
| 145|0x0000000709100000, 0x0000000709100000, 0x0000000709200000|  0%| F|  |TS  0|AC  0|TAMS 0x0000000709100000, 0x0000000709100000|
| 146|0x0000000709200000, 0x0000000709200000, 0x0000000709300000|  0%| F|  |TS  0|AC  0|TAMS 0x0000000709200000, 0x0000000709200000|
| 147|0x0000000709300000, 0x0000000709300000, 0x0000000709400000|  0%| F|  |TS  0|AC  0|TAMS 0x0000000709300000, 0x0000000709300000|
| 148|0x0000000709400000, 0x0000000709400000, 0x0000000709500000|  0%| F|  |TS  0|AC  0|TAMS 0x0000000709400000, 0x0000000709400000|
| 149|0x0000000709500000, 0x0000000709500000, 0x0000000709600000|  0%| F|  |TS  0|AC  0|TAMS 0x0000000709500000, 0x0000000709500000|
| 150|0x0000000709600000, 0x0000000709600000, 0x0000000709700000|  0%| F|  |TS  0|AC  0|TAMS 0x0000000709600000, 0x0000000709600000|
| 151|0x0000000709700000, 0x0000000709700000, 0x0000000709800000|  0%| F|  |TS  0|AC  0|TAMS 0x0000000709700000, 0x0000000709700000|
| 152|0x0000000709800000, 0x0000000709800000, 0x0000000709900000|  0%| F|  |TS  0|AC  0|TAMS 0x0000000709800000, 0x0000000709800000|
| 153|0x0000000709900000, 0x0000000709900000, 0x0000000709a00000|  0%| F|  |TS  0|AC  0|TAMS 0x0000000709900000, 0x0000000709900000|
| 154|0x0000000709a00000, 0x0000000709a00000, 0x0000000709b00000|  0%| F|  |TS  0|AC  0|TAMS 0x0000000709a00000, 0x0000000709a00000|
| 155|0x0000000709b00000, 0x0000000709b00000, 0x0000000709c00000|  0%| F|  |TS  0|AC  0|TAMS 0x0000000709b00000, 0x0000000709b00000|
| 156|0x0000000709c00000, 0x0000000709c00000, 0x0000000709d00000|  0%| F|  |TS  0|AC  0|TAMS 0x0000000709c00000, 0x0000000709c00000|
| 157|0x0000000709d00000, 0x0000000709d00000, 0x0000000709e00000|  0%| F|  |TS  0|AC  0|TAMS 0x0000000709d00000, 0x0000000709d00000|
| 158|0x0000000709e00000, 0x0000000709e00000, 0x0000000709f00000|  0%| F|  |TS  0|AC  0|TAMS 0x0000000709e00000, 0x0000000709e00000|
| 159|0x0000000709f00000, 0x0000000709f00000, 0x000000070a000000|  0%| F|  |TS  0|AC  0|TAMS 0x0000000709f00000, 0x0000000709f00000|
| 160|0x000000070a000000, 0x000000070a000000, 0x000000070a100000|  0%| F|  |TS  0|AC  0|TAMS 0x000000070a000000, 0x000000070a000000|
| 161|0x000000070a100000, 0x000000070a100000, 0x000000070a200000|  0%| F|  |TS  0|AC  0|TAMS 0x000000070a100000, 0x000000070a100000|
| 162|0x000000070a200000, 0x000000070a200000, 0x000000070a300000|  0%| F|  |TS  0|AC  0|TAMS 0x000000070a200000, 0x000000070a200000|
| 163|0x000000070a300000, 0x000000070a300000, 0x000000070a400000|  0%| F|  |TS  0|AC  0|TAMS 0x000000070a300000, 0x000000070a300000|
| 164|0x000000070a400000, 0x000000070a400000, 0x000000070a500000|  0%| F|  |TS  0|AC  0|TAMS 0x000000070a400000, 0x000000070a400000|
| 165|0x000000070a500000, 0x000000070a500000, 0x000000070a600000|  0%| F|  |TS  0|AC  0|TAMS 0x000000070a500000, 0x000000070a500000|
| 166|0x000000070a600000, 0x000000070a600000, 0x000000070a700000|  0%| F|  |TS  0|AC  0|TAMS 0x000000070a600000, 0x000000070a600000|
| 167|0x000000070a700000, 0x000000070a700000, 0x000000070a800000|  0%| F|  |TS  0|AC  0|TAMS 0x000000070a700000, 0x000000070a700000|
| 168|0x000000070a800000, 0x000000070a800000, 0x000000070a900000|  0%| F|  |TS  0|AC  0|TAMS 0x000000070a800000, 0x000000070a800000|
| 169|0x000000070a900000, 0x000000070a900000, 0x000000070aa00000|  0%| F|  |TS  0|AC  0|TAMS 0x000000070a900000, 0x000000070a900000|
| 170|0x000000070aa00000, 0x000000070aa00000, 0x000000070ab00000|  0%| F|  |TS  0|AC  0|TAMS 0x000000070aa00000, 0x000000070aa00000|
| 171|0x000000070ab00000, 0x000000070ab00000, 0x000000070ac00000|  0%| F|  |TS  0|AC  0|TAMS 0x000000070ab00000, 0x000000070ab00000|
| 172|0x000000070ac00000, 0x000000070ac00000, 0x000000070ad00000|  0%| F|  |TS  0|AC  0|TAMS 0x000000070ac00000, 0x000000070ac00000|
| 173|0x000000070ad00000, 0x000000070ad00000, 0x000000070ae00000|  0%| F|  |TS  0|AC  0|TAMS 0x000000070ad00000, 0x000000070ad00000|
| 174|0x000000070ae00000, 0x000000070ae00000, 0x000000070af00000|  0%| F|  |TS  0|AC  0|TAMS 0x000000070ae00000, 0x000000070ae00000|
| 175|0x000000070af00000, 0x000000070af00000, 0x000000070b000000|  0%| F|  |TS  0|AC  0|TAMS 0x000000070af00000, 0x000000070af00000|
| 176|0x000000070b000000, 0x000000070b000000, 0x000000070b100000|  0%| F|  |TS  0|AC  0|TAMS 0x000000070b000000, 0x000000070b000000|
| 177|0x000000070b100000, 0x000000070b100000, 0x000000070b200000|  0%| F|  |TS  0|AC  0|TAMS 0x000000070b100000, 0x000000070b100000|
| 178|0x000000070b200000, 0x000000070b200000, 0x000000070b300000|  0%| F|  |TS  0|AC  0|TAMS 0x000000070b200000, 0x000000070b200000|
| 179|0x000000070b300000, 0x000000070b300000, 0x000000070b400000|  0%| F|  |TS  0|AC  0|TAMS 0x000000070b300000, 0x000000070b300000|
| 180|0x000000070b400000, 0x000000070b400000, 0x000000070b500000|  0%| F|  |TS  0|AC  0|TAMS 0x000000070b400000, 0x000000070b400000|
| 181|0x000000070b500000, 0x000000070b500000, 0x000000070b600000|  0%| F|  |TS  0|AC  0|TAMS 0x000000070b500000, 0x000000070b500000|
| 182|0x000000070b600000, 0x000000070b600000, 0x000000070b700000|  0%| F|  |TS  0|AC  0|TAMS 0x000000070b600000, 0x000000070b600000|
| 183|0x000000070b700000, 0x000000070b700000, 0x000000070b800000|  0%| F|  |TS  0|AC  0|TAMS 0x000000070b700000, 0x000000070b700000|
| 184|0x000000070b800000, 0x000000070b800000, 0x000000070b900000|  0%| F|  |TS  0|AC  0|TAMS 0x000000070b800000, 0x000000070b800000|
| 185|0x000000070b900000, 0x000000070b900000, 0x000000070ba00000|  0%| F|  |TS  0|AC  0|TAMS 0x000000070b900000, 0x000000070b900000|
| 186|0x000000070ba00000, 0x000000070ba00000, 0x000000070bb00000|  0%| F|  |TS  0|AC  0|TAMS 0x000000070ba00000, 0x000000070ba00000|
| 187|0x000000070bb00000, 0x000000070bb00000, 0x000000070bc00000|  0%| F|  |TS  0|AC  0|TAMS 0x000000070bb00000, 0x000000070bb00000|
| 188|0x000000070bc00000, 0x000000070bc00000, 0x000000070bd00000|  0%| F|  |TS  0|AC  0|TAMS 0x000000070bc00000, 0x000000070bc00000|
| 189|0x000000070bd00000, 0x000000070bd00000, 0x000000070be00000|  0%| F|  |TS  0|AC  0|TAMS 0x000000070bd00000, 0x000000070bd00000|
| 190|0x000000070be00000, 0x000000070be00000, 0x000000070bf00000|  0%| F|  |TS  0|AC  0|TAMS 0x000000070be00000, 0x000000070be00000|
| 191|0x000000070bf00000, 0x000000070bf00000, 0x000000070c000000|  0%| F|  |TS  0|AC  0|TAMS 0x000000070bf00000, 0x000000070bf00000|
| 192|0x000000070c000000, 0x000000070c000000, 0x000000070c100000|  0%| F|  |TS  0|AC  0|TAMS 0x000000070c000000, 0x000000070c000000|
| 193|0x000000070c100000, 0x000000070c100000, 0x000000070c200000|  0%| F|  |TS  0|AC  0|TAMS 0x000000070c100000, 0x000000070c100000|
| 194|0x000000070c200000, 0x000000070c200000, 0x000000070c300000|  0%| F|  |TS  0|AC  0|TAMS 0x000000070c200000, 0x000000070c200000|
| 195|0x000000070c300000, 0x000000070c300000, 0x000000070c400000|  0%| F|  |TS  0|AC  0|TAMS 0x000000070c300000, 0x000000070c300000|
| 196|0x000000070c400000, 0x000000070c400000, 0x000000070c500000|  0%| F|  |TS  0|AC  0|TAMS 0x000000070c400000, 0x000000070c400000|
| 197|0x000000070c500000, 0x000000070c500000, 0x000000070c600000|  0%| F|  |TS  0|AC  0|TAMS 0x000000070c500000, 0x000000070c500000|
| 198|0x000000070c600000, 0x000000070c600000, 0x000000070c700000|  0%| F|  |TS  0|AC  0|TAMS 0x000000070c600000, 0x000000070c600000|
| 199|0x000000070c700000, 0x000000070c700000, 0x000000070c800000|  0%| F|  |TS  0|AC  0|TAMS 0x000000070c700000, 0x000000070c700000|
| 200|0x000000070c800000, 0x000000070c800000, 0x000000070c900000|  0%| F|  |TS  0|AC  0|TAMS 0x000000070c800000, 0x000000070c800000|
| 201|0x000000070c900000, 0x000000070c900000, 0x000000070ca00000|  0%| F|  |TS  0|AC  0|TAMS 0x000000070c900000, 0x000000070c900000|
| 202|0x000000070ca00000, 0x000000070ca00000, 0x000000070cb00000|  0%| F|  |TS  0|AC  0|TAMS 0x000000070ca00000, 0x000000070ca00000|
| 203|0x000000070cb00000, 0x000000070cb00000, 0x000000070cc00000|  0%| F|  |TS  0|AC  0|TAMS 0x000000070cb00000, 0x000000070cb00000|
| 204|0x000000070cc00000, 0x000000070cc00000, 0x000000070cd00000|  0%| F|  |TS  0|AC  0|TAMS 0x000000070cc00000, 0x000000070cc00000|
| 205|0x000000070cd00000, 0x000000070cd00000, 0x000000070ce00000|  0%| F|  |TS  0|AC  0|TAMS 0x000000070cd00000, 0x000000070cd00000|
| 206|0x000000070ce00000, 0x000000070ce00000, 0x000000070cf00000|  0%| F|  |TS  0|AC  0|TAMS 0x000000070ce00000, 0x000000070ce00000|
| 207|0x000000070cf00000, 0x000000070cf00000, 0x000000070d000000|  0%| F|  |TS  0|AC  0|TAMS 0x000000070cf00000, 0x000000070cf00000|
| 208|0x000000070d000000, 0x000000070d000000, 0x000000070d100000|  0%| F|  |TS  0|AC  0|TAMS 0x000000070d000000, 0x000000070d000000|
| 209|0x000000070d100000, 0x000000070d100000, 0x000000070d200000|  0%| F|  |TS  0|AC  0|TAMS 0x000000070d100000, 0x000000070d100000|
| 210|0x000000070d200000, 0x000000070d200000, 0x000000070d300000|  0%| F|  |TS  0|AC  0|TAMS 0x000000070d200000, 0x000000070d200000|
| 211|0x000000070d300000, 0x000000070d300000, 0x000000070d400000|  0%| F|  |TS  0|AC  0|TAMS 0x000000070d300000, 0x000000070d300000|
| 212|0x000000070d400000, 0x000000070d400000, 0x000000070d500000|  0%| F|  |TS  0|AC  0|TAMS 0x000000070d400000, 0x000000070d400000|
| 213|0x000000070d500000, 0x000000070d500000, 0x000000070d600000|  0%| F|  |TS  0|AC  0|TAMS 0x000000070d500000, 0x000000070d500000|
| 214|0x000000070d600000, 0x000000070d600000, 0x000000070d700000|  0%| F|  |TS  0|AC  0|TAMS 0x000000070d600000, 0x000000070d600000|
| 215|0x000000070d700000, 0x000000070d700000, 0x000000070d800000|  0%| F|  |TS  0|AC  0|TAMS 0x000000070d700000, 0x000000070d700000|
| 216|0x000000070d800000, 0x000000070d800000, 0x000000070d900000|  0%| F|  |TS  0|AC  0|TAMS 0x000000070d800000, 0x000000070d800000|
| 217|0x000000070d900000, 0x000000070d900000, 0x000000070da00000|  0%| F|  |TS  0|AC  0|TAMS 0x000000070d900000, 0x000000070d900000|
| 218|0x000000070da00000, 0x000000070da00000, 0x000000070db00000|  0%| F|  |TS  0|AC  0|TAMS 0x000000070da00000, 0x000000070da00000|
| 219|0x000000070db00000, 0x000000070db00000, 0x000000070dc00000|  0%| F|  |TS  0|AC  0|TAMS 0x000000070db00000, 0x000000070db00000|
| 220|0x000000070dc00000, 0x000000070dc00000, 0x000000070dd00000|  0%| F|  |TS  0|AC  0|TAMS 0x000000070dc00000, 0x000000070dc00000|
| 221|0x000000070dd00000, 0x000000070dd00000, 0x000000070de00000|  0%| F|  |TS  0|AC  0|TAMS 0x000000070dd00000, 0x000000070dd00000|
| 222|0x000000070de00000, 0x000000070de00000, 0x000000070df00000|  0%| F|  |TS  0|AC  0|TAMS 0x000000070de00000, 0x000000070de00000|
| 223|0x000000070df00000, 0x000000070df00000, 0x000000070e000000|  0%| F|  |TS  0|AC  0|TAMS 0x000000070df00000, 0x000000070df00000|
| 224|0x000000070e000000, 0x000000070e000000, 0x000000070e100000|  0%| F|  |TS  0|AC  0|TAMS 0x000000070e000000, 0x000000070e000000|
| 225|0x000000070e100000, 0x000000070e100000, 0x000000070e200000|  0%| F|  |TS  0|AC  0|TAMS 0x000000070e100000, 0x000000070e100000|
| 226|0x000000070e200000, 0x000000070e200000, 0x000000070e300000|  0%| F|  |TS  0|AC  0|TAMS 0x000000070e200000, 0x000000070e200000|
| 227|0x000000070e300000, 0x000000070e300000, 0x000000070e400000|  0%| F|  |TS  0|AC  0|TAMS 0x000000070e300000, 0x000000070e300000|
| 228|0x000000070e400000, 0x000000070e400000, 0x000000070e500000|  0%| F|  |TS  0|AC  0|TAMS 0x000000070e400000, 0x000000070e400000|
| 229|0x000000070e500000, 0x000000070e500000, 0x000000070e600000|  0%| F|  |TS  0|AC  0|TAMS 0x000000070e500000, 0x000000070e500000|
| 230|0x000000070e600000, 0x000000070e600000, 0x000000070e700000|  0%| F|  |TS  0|AC  0|TAMS 0x000000070e600000, 0x000000070e600000|
| 231|0x000000070e700000, 0x000000070e700000, 0x000000070e800000|  0%| F|  |TS  0|AC  0|TAMS 0x000000070e700000, 0x000000070e700000|
| 232|0x000000070e800000, 0x000000070e800000, 0x000000070e900000|  0%| F|  |TS  0|AC  0|TAMS 0x000000070e800000, 0x000000070e800000|
| 233|0x000000070e900000, 0x000000070e900000, 0x000000070ea00000|  0%| F|  |TS  0|AC  0|TAMS 0x000000070e900000, 0x000000070e900000|
| 234|0x000000070ea00000, 0x000000070ea00000, 0x000000070eb00000|  0%| F|  |TS  0|AC  0|TAMS 0x000000070ea00000, 0x000000070ea00000|
| 235|0x000000070eb00000, 0x000000070eb00000, 0x000000070ec00000|  0%| F|  |TS  0|AC  0|TAMS 0x000000070eb00000, 0x000000070eb00000|
| 236|0x000000070ec00000, 0x000000070ec00000, 0x000000070ed00000|  0%| F|  |TS  0|AC  0|TAMS 0x000000070ec00000, 0x000000070ec00000|
| 237|0x000000070ed00000, 0x000000070ed00000, 0x000000070ee00000|  0%| F|  |TS  0|AC  0|TAMS 0x000000070ed00000, 0x000000070ed00000|
| 238|0x000000070ee00000, 0x000000070ee00000, 0x000000070ef00000|  0%| F|  |TS  0|AC  0|TAMS 0x000000070ee00000, 0x000000070ee00000|
| 239|0x000000070ef00000, 0x000000070ef00000, 0x000000070f000000|  0%| F|  |TS  0|AC  0|TAMS 0x000000070ef00000, 0x000000070ef00000|
| 240|0x000000070f000000, 0x000000070f000000, 0x000000070f100000|  0%| F|  |TS  0|AC  0|TAMS 0x000000070f000000, 0x000000070f000000|
| 241|0x000000070f100000, 0x000000070f100000, 0x000000070f200000|  0%| F|  |TS  0|AC  0|TAMS 0x000000070f100000, 0x000000070f100000|
| 242|0x000000070f200000, 0x000000070f200000, 0x000000070f300000|  0%| F|  |TS  0|AC  0|TAMS 0x000000070f200000, 0x000000070f200000|
| 243|0x000000070f300000, 0x000000070f300000, 0x000000070f400000|  0%| F|  |TS  0|AC  0|TAMS 0x000000070f300000, 0x000000070f300000|
| 244|0x000000070f400000, 0x000000070f400000, 0x000000070f500000|  0%| F|  |TS  0|AC  0|TAMS 0x000000070f400000, 0x000000070f400000|
| 245|0x000000070f500000, 0x000000070f500000, 0x000000070f600000|  0%| F|  |TS  0|AC  0|TAMS 0x000000070f500000, 0x000000070f500000|
| 246|0x000000070f600000, 0x000000070f600000, 0x000000070f700000|  0%| F|  |TS  0|AC  0|TAMS 0x000000070f600000, 0x000000070f600000|
| 247|0x000000070f700000, 0x000000070f700000, 0x000000070f800000|  0%| F|  |TS  0|AC  0|TAMS 0x000000070f700000, 0x000000070f700000|
| 248|0x000000070f800000, 0x000000070f800000, 0x000000070f900000|  0%| F|  |TS  0|AC  0|TAMS 0x000000070f800000, 0x000000070f800000|
| 249|0x000000070f900000, 0x000000070f900000, 0x000000070fa00000|  0%| F|  |TS  0|AC  0|TAMS 0x000000070f900000, 0x000000070f900000|
| 250|0x000000070fa00000, 0x000000070fa00000, 0x000000070fb00000|  0%| F|  |TS  0|AC  0|TAMS 0x000000070fa00000, 0x000000070fa00000|
| 251|0x000000070fb00000, 0x000000070fb00000, 0x000000070fc00000|  0%| F|  |TS  0|AC  0|TAMS 0x000000070fb00000, 0x000000070fb00000|
| 252|0x000000070fc00000, 0x000000070fc00000, 0x000000070fd00000|  0%| F|  |TS  0|AC  0|TAMS 0x000000070fc00000, 0x000000070fc00000|
| 253|0x000000070fd00000, 0x000000070fd00000, 0x000000070fe00000|  0%| F|  |TS  0|AC  0|TAMS 0x000000070fd00000, 0x000000070fd00000|
| 254|0x000000070fe00000, 0x000000070fe00000, 0x000000070ff00000|  0%| F|  |TS  0|AC  0|TAMS 0x000000070fe00000, 0x000000070fe00000|
| 255|0x000000070ff00000, 0x000000070ff00000, 0x0000000710000000|  0%| F|  |TS  0|AC  0|TAMS 0x000000070ff00000, 0x000000070ff00000|
| 256|0x0000000710000000, 0x0000000710000000, 0x0000000710100000|  0%| F|  |TS  0|AC  0|TAMS 0x0000000710000000, 0x0000000710000000|
| 257|0x0000000710100000, 0x0000000710100000, 0x0000000710200000|  0%| F|  |TS  0|AC  0|TAMS 0x0000000710100000, 0x0000000710100000|
| 258|0x0000000710200000, 0x0000000710200000, 0x0000000710300000|  0%| F|  |TS  0|AC  0|TAMS 0x0000000710200000, 0x0000000710200000|
| 259|0x0000000710300000, 0x0000000710300000, 0x0000000710400000|  0%| F|  |TS  0|AC  0|TAMS 0x0000000710300000, 0x0000000710300000|
| 260|0x0000000710400000, 0x0000000710400000, 0x0000000710500000|  0%| F|  |TS  0|AC  0|TAMS 0x0000000710400000, 0x0000000710400000|
| 261|0x0000000710500000, 0x0000000710500000, 0x0000000710600000|  0%| F|  |TS  0|AC  0|TAMS 0x0000000710500000, 0x0000000710500000|
| 262|0x0000000710600000, 0x0000000710600000, 0x0000000710700000|  0%| F|  |TS  0|AC  0|TAMS 0x0000000710600000, 0x0000000710600000|
| 263|0x0000000710700000, 0x0000000710700000, 0x0000000710800000|  0%| F|  |TS  0|AC  0|TAMS 0x0000000710700000, 0x0000000710700000|
| 264|0x0000000710800000, 0x0000000710800000, 0x0000000710900000|  0%| F|  |TS  0|AC  0|TAMS 0x0000000710800000, 0x0000000710800000|
| 265|0x0000000710900000, 0x0000000710900000, 0x0000000710a00000|  0%| F|  |TS  0|AC  0|TAMS 0x0000000710900000, 0x0000000710900000|
| 266|0x0000000710a00000, 0x0000000710a00000, 0x0000000710b00000|  0%| F|  |TS  0|AC  0|TAMS 0x0000000710a00000, 0x0000000710a00000|
| 267|0x0000000710b00000, 0x0000000710b00000, 0x0000000710c00000|  0%| F|  |TS  0|AC  0|TAMS 0x0000000710b00000, 0x0000000710b00000|
| 268|0x0000000710c00000, 0x0000000710c00000, 0x0000000710d00000|  0%| F|  |TS  0|AC  0|TAMS 0x0000000710c00000, 0x0000000710c00000|
| 269|0x0000000710d00000, 0x0000000710d00000, 0x0000000710e00000|  0%| F|  |TS  0|AC  0|TAMS 0x0000000710d00000, 0x0000000710d00000|
| 270|0x0000000710e00000, 0x0000000710e00000, 0x0000000710f00000|  0%| F|  |TS  0|AC  0|TAMS 0x0000000710e00000, 0x0000000710e00000|
| 271|0x0000000710f00000, 0x0000000710f8c2a8, 0x0000000711000000| 54%| S|CS|TS  5|AC  0|TAMS 0x0000000710f00000, 0x0000000710f00000|
| 272|0x0000000711000000, 0x0000000711000000, 0x0000000711100000|  0%| F|  |TS  5|AC  0|TAMS 0x0000000711000000, 0x0000000711000000|
| 273|0x0000000711100000, 0x0000000711100000, 0x0000000711200000|  0%| F|  |TS  5|AC  0|TAMS 0x0000000711100000, 0x0000000711100000|
| 274|0x0000000711200000, 0x0000000711200000, 0x0000000711300000|  0%| F|  |TS  5|AC  0|TAMS 0x0000000711200000, 0x0000000711200000|
| 275|0x0000000711300000, 0x0000000711300000, 0x0000000711400000|  0%| F|  |TS  5|AC  0|TAMS 0x0000000711300000, 0x0000000711300000|
| 276|0x0000000711400000, 0x0000000711400000, 0x0000000711500000|  0%| F|  |TS  5|AC  0|TAMS 0x0000000711400000, 0x0000000711400000|
| 277|0x0000000711500000, 0x0000000711500000, 0x0000000711600000|  0%| F|  |TS  5|AC  0|TAMS 0x0000000711500000, 0x0000000711500000|
| 278|0x0000000711600000, 0x0000000711600000, 0x0000000711700000|  0%| F|  |TS  5|AC  0|TAMS 0x0000000711600000, 0x0000000711600000|
| 279|0x0000000711700000, 0x0000000711700000, 0x0000000711800000|  0%| F|  |TS  5|AC  0|TAMS 0x0000000711700000, 0x0000000711700000|
| 280|0x0000000711800000, 0x0000000711800000, 0x0000000711900000|  0%| F|  |TS  5|AC  0|TAMS 0x0000000711800000, 0x0000000711800000|
| 281|0x0000000711900000, 0x0000000711900000, 0x0000000711a00000|  0%| F|  |TS  5|AC  0|TAMS 0x0000000711900000, 0x0000000711900000|
| 282|0x0000000711a00000, 0x0000000711a00000, 0x0000000711b00000|  0%| F|  |TS  5|AC  0|TAMS 0x0000000711a00000, 0x0000000711a00000|
| 283|0x0000000711b00000, 0x0000000711b00000, 0x0000000711c00000|  0%| F|  |TS  5|AC  0|TAMS 0x0000000711b00000, 0x0000000711b00000|
| 284|0x0000000711c00000, 0x0000000711c00000, 0x0000000711d00000|  0%| F|  |TS  5|AC  0|TAMS 0x0000000711c00000, 0x0000000711c00000|
| 285|0x0000000711d00000, 0x0000000711d00000, 0x0000000711e00000|  0%| F|  |TS  5|AC  0|TAMS 0x0000000711d00000, 0x0000000711d00000|
| 286|0x0000000711e00000, 0x0000000711e00000, 0x0000000711f00000|  0%| F|  |TS  5|AC  0|TAMS 0x0000000711e00000, 0x0000000711e00000|
| 287|0x0000000711f00000, 0x0000000711f00000, 0x0000000712000000|  0%| F|  |TS  5|AC  0|TAMS 0x0000000711f00000, 0x0000000711f00000|
| 288|0x0000000712000000, 0x0000000712000000, 0x0000000712100000|  0%| F|  |TS  5|AC  0|TAMS 0x0000000712000000, 0x0000000712000000|
| 289|0x0000000712100000, 0x0000000712100000, 0x0000000712200000|  0%| F|  |TS  5|AC  0|TAMS 0x0000000712100000, 0x0000000712100000|
| 290|0x0000000712200000, 0x0000000712200000, 0x0000000712300000|  0%| F|  |TS  5|AC  0|TAMS 0x0000000712200000, 0x0000000712200000|
| 291|0x0000000712300000, 0x0000000712300000, 0x0000000712400000|  0%| F|  |TS  5|AC  0|TAMS 0x0000000712300000, 0x0000000712300000|
| 292|0x0000000712400000, 0x0000000712400000, 0x0000000712500000|  0%| F|  |TS  5|AC  0|TAMS 0x0000000712400000, 0x0000000712400000|
| 293|0x0000000712500000, 0x0000000712500000, 0x0000000712600000|  0%| F|  |TS  5|AC  0|TAMS 0x0000000712500000, 0x0000000712500000|
| 294|0x0000000712600000, 0x000000071263b150, 0x0000000712700000| 23%| E|  |TS  5|AC  0|TAMS 0x0000000712600000, 0x0000000712600000|
| 295|0x0000000712700000, 0x0000000712800000, 0x0000000712800000|100%| E|CS|TS  5|AC  0|TAMS 0x0000000712700000, 0x0000000712700000|
| 296|0x0000000712800000, 0x0000000712900000, 0x0000000712900000|100%| E|CS|TS  5|AC  0|TAMS 0x0000000712800000, 0x0000000712800000|
| 297|0x0000000712900000, 0x0000000712a00000, 0x0000000712a00000|100%| E|CS|TS  5|AC  0|TAMS 0x0000000712900000, 0x0000000712900000|
| 298|0x0000000712a00000, 0x0000000712b00000, 0x0000000712b00000|100%| E|CS|TS  5|AC  0|TAMS 0x0000000712a00000, 0x0000000712a00000|
| 299|0x0000000712b00000, 0x0000000712c00000, 0x0000000712c00000|100%| E|CS|TS  5|AC  0|TAMS 0x0000000712b00000, 0x0000000712b00000|
| 300|0x0000000712c00000, 0x0000000712d00000, 0x0000000712d00000|100%| E|CS|TS  5|AC  0|TAMS 0x0000000712c00000, 0x0000000712c00000|
| 301|0x0000000712d00000, 0x0000000712e00000, 0x0000000712e00000|100%| E|CS|TS  5|AC  0|TAMS 0x0000000712d00000, 0x0000000712d00000|
| 302|0x0000000712e00000, 0x0000000712f00000, 0x0000000712f00000|100%| E|CS|TS  5|AC  0|TAMS 0x0000000712e00000, 0x0000000712e00000|
| 303|0x0000000712f00000, 0x0000000713000000, 0x0000000713000000|100%| E|CS|TS  5|AC  0|TAMS 0x0000000712f00000, 0x0000000712f00000|
| 304|0x0000000713000000, 0x0000000713100000, 0x0000000713100000|100%| E|CS|TS  5|AC  0|TAMS 0x0000000713000000, 0x0000000713000000|
| 305|0x0000000713100000, 0x0000000713200000, 0x0000000713200000|100%| E|CS|TS  5|AC  0|TAMS 0x0000000713100000, 0x0000000713100000|
| 306|0x0000000713200000, 0x0000000713300000, 0x0000000713300000|100%| E|CS|TS  5|AC  0|TAMS 0x0000000713200000, 0x0000000713200000|
| 307|0x0000000713300000, 0x0000000713400000, 0x0000000713400000|100%| E|CS|TS  5|AC  0|TAMS 0x0000000713300000, 0x0000000713300000|
| 308|0x0000000713400000, 0x0000000713500000, 0x0000000713500000|100%| E|CS|TS  5|AC  0|TAMS 0x0000000713400000, 0x0000000713400000|
| 309|0x0000000713500000, 0x0000000713600000, 0x0000000713600000|100%| E|CS|TS  5|AC  0|TAMS 0x0000000713500000, 0x0000000713500000|
| 310|0x0000000713600000, 0x0000000713700000, 0x0000000713700000|100%| E|CS|TS  5|AC  0|TAMS 0x0000000713600000, 0x0000000713600000|
| 311|0x0000000713700000, 0x0000000713800000, 0x0000000713800000|100%| E|CS|TS  5|AC  0|TAMS 0x0000000713700000, 0x0000000713700000|
| 312|0x0000000713800000, 0x0000000713900000, 0x0000000713900000|100%| E|CS|TS  5|AC  0|TAMS 0x0000000713800000, 0x0000000713800000|
| 313|0x0000000713900000, 0x0000000713a00000, 0x0000000713a00000|100%| E|CS|TS  5|AC  0|TAMS 0x0000000713900000, 0x0000000713900000|
| 314|0x0000000713a00000, 0x0000000713b00000, 0x0000000713b00000|100%| E|CS|TS  5|AC  0|TAMS 0x0000000713a00000, 0x0000000713a00000|
| 315|0x0000000713b00000, 0x0000000713c00000, 0x0000000713c00000|100%| E|CS|TS  5|AC  0|TAMS 0x0000000713b00000, 0x0000000713b00000|
| 316|0x0000000713c00000, 0x0000000713d00000, 0x0000000713d00000|100%| E|CS|TS  5|AC  0|TAMS 0x0000000713c00000, 0x0000000713c00000|
| 317|0x0000000713d00000, 0x0000000713e00000, 0x0000000713e00000|100%| E|CS|TS  5|AC  0|TAMS 0x0000000713d00000, 0x0000000713d00000|
| 318|0x0000000713e00000, 0x0000000713f00000, 0x0000000713f00000|100%| E|CS|TS  5|AC  0|TAMS 0x0000000713e00000, 0x0000000713e00000|
| 319|0x0000000713f00000, 0x0000000714000000, 0x0000000714000000|100%| E|CS|TS  5|AC  0|TAMS 0x0000000713f00000, 0x0000000713f00000|
| 320|0x0000000714000000, 0x0000000714100000, 0x0000000714100000|100%| E|CS|TS  5|AC  0|TAMS 0x0000000714000000, 0x0000000714000000|
| 321|0x0000000714100000, 0x0000000714200000, 0x0000000714200000|100%| E|CS|TS  5|AC  0|TAMS 0x0000000714100000, 0x0000000714100000|
| 322|0x0000000714200000, 0x0000000714300000, 0x0000000714300000|100%| E|CS|TS  5|AC  0|TAMS 0x0000000714200000, 0x0000000714200000|
| 323|0x0000000714300000, 0x0000000714400000, 0x0000000714400000|100%| E|CS|TS  5|AC  0|TAMS 0x0000000714300000, 0x0000000714300000|
| 324|0x0000000714400000, 0x0000000714500000, 0x0000000714500000|100%| E|CS|TS  5|AC  0|TAMS 0x0000000714400000, 0x0000000714400000|
| 325|0x0000000714500000, 0x0000000714600000, 0x0000000714600000|100%| E|CS|TS  5|AC  0|TAMS 0x0000000714500000, 0x0000000714500000|
| 326|0x0000000714600000, 0x0000000714700000, 0x0000000714700000|100%| E|CS|TS  5|AC  0|TAMS 0x0000000714600000, 0x0000000714600000|
| 327|0x0000000714700000, 0x0000000714800000, 0x0000000714800000|100%| E|CS|TS  5|AC  0|TAMS 0x0000000714700000, 0x0000000714700000|
| 328|0x0000000714800000, 0x0000000714900000, 0x0000000714900000|100%| E|CS|TS  5|AC  0|TAMS 0x0000000714800000, 0x0000000714800000|
| 329|0x0000000714900000, 0x0000000714a00000, 0x0000000714a00000|100%| E|CS|TS  5|AC  0|TAMS 0x0000000714900000, 0x0000000714900000|
| 330|0x0000000714a00000, 0x0000000714b00000, 0x0000000714b00000|100%| E|CS|TS  5|AC  0|TAMS 0x0000000714a00000, 0x0000000714a00000|
| 331|0x0000000714b00000, 0x0000000714c00000, 0x0000000714c00000|100%| E|CS|TS  5|AC  0|TAMS 0x0000000714b00000, 0x0000000714b00000|

Card table byte_map: [0x000002d763140000,0x000002d763740000] byte_map_base: 0x000002d75f940000

Marking Bits (Prev, Next): (CMBitMap*) 0x000002d7678509b0, (CMBitMap*) 0x000002d7678509e8
 Prev Bits: [0x000002d700000000, 0x000002d703000000)
 Next Bits: [0x000002d703000000, 0x000002d706000000)

Polling page: 0x000002d75a900000

CodeHeap 'non-profiled nmethods': size=120000Kb used=30203Kb max_used=30203Kb free=89796Kb
 bounds [0x000002d776670000, 0x000002d778400000, 0x000002d77dba0000]
CodeHeap 'profiled nmethods': size=120000Kb used=46622Kb max_used=50929Kb free=73377Kb
 bounds [0x000002d76f140000, 0x000002d7723b0000, 0x000002d776670000]
CodeHeap 'non-nmethods': size=5760Kb used=1813Kb max_used=1862Kb free=3946Kb
 bounds [0x000002d76eba0000, 0x000002d76ee10000, 0x000002d76f140000]
 total_blobs=43245 nmethods=21240 adapters=1153
 compilation: enabled

Compilation events (10 events):
Event: 6858.517 Thread 0x000002d767b51800 29017       3       ui.views.O.a.h::a (74 bytes)
Event: 6858.518 Thread 0x000002d767b51800 nmethod 29017 0x000002d76f2f1d10 code [0x000002d76f2f1fa0, 0x000002d76f2f2960]
Event: 6858.760 Thread 0x000002d767b50800 29018       4       de.javasoft.plaf.synthetica.styles.StyleWrapper::isSyntheticaFontEnabled (11 bytes)
Event: 6858.763 Thread 0x000002d767b50800 nmethod 29018 0x000002d7773f3410 code [0x000002d7773f35c0, 0x000002d7773f3688]
Event: 6859.334 Thread 0x000002d767b51800 29019       3       ui.b.c.g::setVisible (15 bytes)
Event: 6859.335 Thread 0x000002d767b51800 nmethod 29019 0x000002d76f2f1290 code [0x000002d76f2f14a0, 0x000002d76f2f1b20]
Event: 6860.473 Thread 0x000002d767b51800 29020       1       sun.awt.util.IdentityLinkedList::access$500 (5 bytes)
Event: 6860.473 Thread 0x000002d767b51800 nmethod 29020 0x000002d7775c1d10 code [0x000002d7775c1ec0, 0x000002d7775c1fb8]
Event: 6860.485 Thread 0x000002d767b51800 29021       1       java.awt.WaitDispatchSupport::access$600 (5 bytes)
Event: 6860.485 Thread 0x000002d767b51800 nmethod 29021 0x000002d7775c1990 code [0x000002d7775c1b40, 0x000002d7775c1c38]

GC Heap History (10 events):
Event: 6853.251 GC heap before
{Heap before GC invocations=1529 (full 517):
 garbage-first heap   total 339968K, used 168416K [0x0000000700000000, 0x0000000700100a60, 0x00000007c0000000)
  region size 1024K, 60 young (61440K), 0 survivors (0K)
 Metaspace       used 89745K, capacity 92899K, committed 98480K, reserved 1134592K
  class space    used 11708K, capacity 12340K, committed 13488K, reserved 1048576K
}
Event: 6853.255 GC heap after
{Heap after GC invocations=1530 (full 517):
 garbage-first heap   total 339968K, used 107382K [0x0000000700000000, 0x0000000700100a60, 0x00000007c0000000)
  region size 1024K, 1 young (1024K), 1 survivors (1024K)
 Metaspace       used 89745K, capacity 92899K, committed 98480K, reserved 1134592K
  class space    used 11708K, capacity 12340K, committed 13488K, reserved 1048576K
}
Event: 6855.400 GC heap before
{Heap before GC invocations=1530 (full 517):
 garbage-first heap   total 339968K, used 162678K [0x0000000700000000, 0x0000000700100a60, 0x00000007c0000000)
  region size 1024K, 56 young (57344K), 1 survivors (1024K)
 Metaspace       used 89745K, capacity 92899K, committed 98480K, reserved 1134592K
  class space    used 11708K, capacity 12340K, committed 13488K, reserved 1048576K
}
Event: 6855.681 GC heap after
{Heap after GC invocations=1531 (full 518):
 garbage-first heap   total 339968K, used 105148K [0x0000000700000000, 0x0000000700100a60, 0x00000007c0000000)
  region size 1024K, 0 young (0K), 0 survivors (0K)
 Metaspace       used 89745K, capacity 92899K, committed 98480K, reserved 1134592K
  class space    used 11708K, capacity 12340K, committed 13488K, reserved 1048576K
}
Event: 6855.976 GC heap before
{Heap before GC invocations=1531 (full 518):
 garbage-first heap   total 339968K, used 166588K [0x0000000700000000, 0x0000000700100a60, 0x00000007c0000000)
  region size 1024K, 60 young (61440K), 0 survivors (0K)
 Metaspace       used 89745K, capacity 92899K, committed 98480K, reserved 1134592K
  class space    used 11708K, capacity 12340K, committed 13488K, reserved 1048576K
}
Event: 6855.979 GC heap after
{Heap after GC invocations=1532 (full 518):
 garbage-first heap   total 339968K, used 105399K [0x0000000700000000, 0x0000000700100a60, 0x00000007c0000000)
  region size 1024K, 1 young (1024K), 1 survivors (1024K)
 Metaspace       used 89745K, capacity 92899K, committed 98480K, reserved 1134592K
  class space    used 11708K, capacity 12340K, committed 13488K, reserved 1048576K
}
Event: 6859.237 GC heap before
{Heap before GC invocations=1532 (full 518):
 garbage-first heap   total 339968K, used 165815K [0x0000000700000000, 0x0000000700100a60, 0x00000007c0000000)
  region size 1024K, 60 young (61440K), 1 survivors (1024K)
 Metaspace       used 89746K, capacity 92899K, committed 98480K, reserved 1134592K
  class space    used 11708K, capacity 12340K, committed 13488K, reserved 1048576K
}
Event: 6859.241 GC heap after
{Heap after GC invocations=1533 (full 518):
 garbage-first heap   total 339968K, used 105613K [0x0000000700000000, 0x0000000700100a60, 0x00000007c0000000)
  region size 1024K, 1 young (1024K), 1 survivors (1024K)
 Metaspace       used 89746K, capacity 92899K, committed 98480K, reserved 1134592K
  class space    used 11708K, capacity 12340K, committed 13488K, reserved 1048576K
}
Event: 6861.412 GC heap before
{Heap before GC invocations=1533 (full 518):
 garbage-first heap   total 339968K, used 166029K [0x0000000700000000, 0x0000000700100a60, 0x00000007c0000000)
  region size 1024K, 60 young (61440K), 1 survivors (1024K)
 Metaspace       used 89750K, capacity 92899K, committed 98480K, reserved 1134592K
  class space    used 11708K, capacity 12340K, committed 13488K, reserved 1048576K
}
Event: 6861.417 GC heap after
{Heap after GC invocations=1534 (full 518):
 garbage-first heap   total 339968K, used 105708K [0x0000000700000000, 0x0000000700100a60, 0x00000007c0000000)
  region size 1024K, 1 young (1024K), 1 survivors (1024K)
 Metaspace       used 89750K, capacity 92899K, committed 98480K, reserved 1134592K
  class space    used 11708K, capacity 12340K, committed 13488K, reserved 1048576K
}

Deoptimization events (10 events):
Event: 6799.272 Thread 0x000002d706f45800 Uncommon trap: reason=class_check action=maybe_recompile pc=0x000002d777d314cc method=javax.swing.plaf.basic.BasicTreeUI.paintExpandControl(Ljava/awt/Graphics;Ljava/awt/Rectangle;Ljava/awt/Insets;Ljava/awt/Rectangle;Ljavax/swing/tree/TreePath;IZZZ)V @ 23 
Event: 6799.272 Thread 0x000002d706f45800 Uncommon trap: reason=bimorphic_or_optimized_type_check action=maybe_recompile pc=0x000002d7780fa5d0 method=javax.swing.plaf.basic.BasicTreeUI.paint(Ljava/awt/Graphics;Ljavax/swing/JComponent;)V @ 306 c2
Event: 6799.312 Thread 0x000002d706f45800 Uncommon trap: reason=class_check action=maybe_recompile pc=0x000002d777d314cc method=javax.swing.plaf.basic.BasicTreeUI.paintExpandControl(Ljava/awt/Graphics;Ljava/awt/Rectangle;Ljava/awt/Insets;Ljava/awt/Rectangle;Ljavax/swing/tree/TreePath;IZZZ)V @ 23 
Event: 6799.312 Thread 0x000002d706f45800 Uncommon trap: reason=bimorphic_or_optimized_type_check action=maybe_recompile pc=0x000002d7780fa5d0 method=javax.swing.plaf.basic.BasicTreeUI.paint(Ljava/awt/Graphics;Ljavax/swing/JComponent;)V @ 306 c2
Event: 6799.640 Thread 0x000002d706f45800 Uncommon trap: reason=class_check action=maybe_recompile pc=0x000002d777d314cc method=javax.swing.plaf.basic.BasicTreeUI.paintExpandControl(Ljava/awt/Graphics;Ljava/awt/Rectangle;Ljava/awt/Insets;Ljava/awt/Rectangle;Ljavax/swing/tree/TreePath;IZZZ)V @ 23 
Event: 6799.640 Thread 0x000002d706f45800 Uncommon trap: reason=bimorphic_or_optimized_type_check action=maybe_recompile pc=0x000002d7780fa5d0 method=javax.swing.plaf.basic.BasicTreeUI.paint(Ljava/awt/Graphics;Ljavax/swing/JComponent;)V @ 306 c2
Event: 6799.948 Thread 0x000002d706f45800 Uncommon trap: reason=class_check action=maybe_recompile pc=0x000002d777d314cc method=javax.swing.plaf.basic.BasicTreeUI.paintExpandControl(Ljava/awt/Graphics;Ljava/awt/Rectangle;Ljava/awt/Insets;Ljava/awt/Rectangle;Ljavax/swing/tree/TreePath;IZZZ)V @ 23 
Event: 6800.146 Thread 0x000002d706f45800 Uncommon trap: reason=bimorphic_or_optimized_type_check action=maybe_recompile pc=0x000002d778099b04 method=javax.swing.JTree.fireTreeExpanded(Ljavax/swing/tree/TreePath;)V @ 95 c2
Event: 6800.159 Thread 0x000002d706f45800 Uncommon trap: reason=bimorphic_or_optimized_type_check action=maybe_recompile pc=0x000002d7780fa5d0 method=javax.swing.plaf.basic.BasicTreeUI.paint(Ljava/awt/Graphics;Ljavax/swing/JComponent;)V @ 306 c2
Event: 6804.428 Thread 0x000002d706f45800 Uncommon trap: reason=speculate_class_check action=maybe_recompile pc=0x000002d77707d924 method=javax.swing.JTree.setExpandedState(Ljavax/swing/tree/TreePath;Z)V @ 311 c2

Classes redefined (0 events):
No events

Internal exceptions (10 events):
Event: 6231.802 Thread 0x000002d706ac5800 Exception <a 'java/lang/InterruptedException'{0x0000000712600040}: sleep interrupted> (0x0000000712600040) thrown at [t:/workspace/hotspot/src/share/vm/prims/jvm.cpp, line 3023]
Event: 6235.170 Thread 0x000002d706ac6000 Exception <a 'java/lang/InterruptedException'{0x000000071429f928}: sleep interrupted> (0x000000071429f928) thrown at [t:/workspace/hotspot/src/share/vm/prims/jvm.cpp, line 3023]
Event: 6235.966 Thread 0x000002d706ac1800 Exception <a 'java/lang/InterruptedException'{0x0000000712ca7970}: sleep interrupted> (0x0000000712ca7970) thrown at [t:/workspace/hotspot/src/share/vm/prims/jvm.cpp, line 3023]
Event: 6260.786 Thread 0x000002d706f45800 Exception <a 'java/awt/IllegalComponentStateException'{0x00000007134dfee0}> (0x00000007134dfee0) thrown at [t:/workspace/hotspot/src/share/vm/prims/jvm.cpp, line 1314]
Event: 6270.190 Thread 0x000002d706ac4000 Exception <a 'java/lang/InterruptedException'{0x0000000712d32858}: sleep interrupted> (0x0000000712d32858) thrown at [t:/workspace/hotspot/src/share/vm/prims/jvm.cpp, line 3023]
Event: 6304.894 Thread 0x000002d706ac1800 Exception <a 'java/lang/InterruptedException'{0x0000000714b01e30}: sleep interrupted> (0x0000000714b01e30) thrown at [t:/workspace/hotspot/src/share/vm/prims/jvm.cpp, line 2984]
Event: 6308.923 Thread 0x000002d706ac7800 Exception <a 'java/lang/InterruptedException'{0x00000007143cdfb0}: sleep interrupted> (0x00000007143cdfb0) thrown at [t:/workspace/hotspot/src/share/vm/prims/jvm.cpp, line 3023]
Event: 6318.895 Thread 0x000002d706ac6000 Exception <a 'java/lang/InterruptedException'{0x0000000714780c80}: sleep interrupted> (0x0000000714780c80) thrown at [t:/workspace/hotspot/src/share/vm/prims/jvm.cpp, line 2984]
Event: 6520.634 Thread 0x000002d706ac3000 Exception <a 'java/lang/InterruptedException'{0x00000007142c2418}: sleep interrupted> (0x00000007142c2418) thrown at [t:/workspace/hotspot/src/share/vm/prims/jvm.cpp, line 3023]
Event: 6683.844 Thread 0x000002d706ac9000 Exception <a 'java/lang/InterruptedException'{0x00000007143012e0}: sleep interrupted> (0x00000007143012e0) thrown at [t:/workspace/hotspot/src/share/vm/prims/jvm.cpp, line 3023]

Events (10 events):
Event: 6860.451 Executing VM operation: BulkRevokeBias done
Event: 6860.452 Thread 0x000002d706ac3000 Thread added: 0x000002d706ac3000
Event: 6860.457 Executing VM operation: BulkRevokeBias
Event: 6860.458 Executing VM operation: BulkRevokeBias done
Event: 6860.460 Executing VM operation: RevokeBias
Event: 6860.460 Executing VM operation: RevokeBias done
Event: 6861.412 Executing VM operation: G1IncCollectionPause
Event: 6861.417 Executing VM operation: G1IncCollectionPause done
Event: 6861.476 Thread 0x000002d706ac6000 Thread added: 0x000002d706ac6000
Event: 6861.479 Thread 0x000002d706ac6000 Thread exited: 0x000002d706ac6000


Dynamic libraries:
0x00007ff78d320000 - 0x00007ff78d350000 	D:\Applications\Xilinx\Vivado\2019.2\bin\unwrapped\win64.o\vivado.exe
0x00007ffcbf4b0000 - 0x00007ffcbf6c7000 	C:\WINDOWS\SYSTEM32\ntdll.dll
0x00007ffcbd440000 - 0x00007ffcbd504000 	C:\WINDOWS\System32\KERNEL32.DLL
0x00007ffcbc7d0000 - 0x00007ffcbcb77000 	C:\WINDOWS\System32\KERNELBASE.dll
0x00007ffcbcef0000 - 0x00007ffcbd001000 	C:\WINDOWS\System32\ucrtbase.dll
0x00007ffca8ae0000 - 0x00007ffca8b6d000 	C:\WINDOWS\SYSTEM32\MSVCP140.dll
0x00007ffca2380000 - 0x00007ffca2394000 	D:\Applications\Xilinx\Vivado\2019.2\lib\win64.o\libboost_signals.dll
0x00007ffca9550000 - 0x00007ffca956d000 	C:\WINDOWS\SYSTEM32\VCRUNTIME140.dll
0x00007ffc4ad90000 - 0x00007ffc4bcd3000 	D:\Applications\Xilinx\Vivado\2019.2\lib\win64.o\librdi_common.dll
0x00007ffca9540000 - 0x00007ffca954c000 	C:\WINDOWS\SYSTEM32\VCRUNTIME140_1.dll
0x00007ffcbd290000 - 0x00007ffcbd43e000 	C:\WINDOWS\System32\USER32.dll
0x00007ffcbcec0000 - 0x00007ffcbcee6000 	C:\WINDOWS\System32\win32u.dll
0x00007ffc9b460000 - 0x00007ffc9b474000 	D:\Applications\Xilinx\Vivado\2019.2\lib\win64.o\libboost_date_time.dll
0x00007ffc6ca60000 - 0x00007ffc6cdce000 	D:\Applications\Xilinx\Vivado\2019.2\lib\win64.o\libCOIN-all.dll
0x00007ffcbf420000 - 0x00007ffcbf449000 	C:\WINDOWS\System32\GDI32.dll
0x00007ffcbd0c0000 - 0x00007ffcbd1d9000 	C:\WINDOWS\System32\gdi32full.dll
0x00007ffcbccf0000 - 0x00007ffcbcd8a000 	C:\WINDOWS\System32\msvcp_win.dll
0x00007ffc9af40000 - 0x00007ffc9af66000 	D:\Applications\Xilinx\Vivado\2019.2\lib\win64.o\libboost_filesystem.dll
0x00007ffc7b0f0000 - 0x00007ffc7b16f000 	D:\Applications\Xilinx\Vivado\2019.2\lib\win64.o\libboost_program_options.dll
0x00007ffcbdd90000 - 0x00007ffcbde42000 	C:\WINDOWS\System32\ADVAPI32.dll
0x00007ffcbdf00000 - 0x00007ffcbe75c000 	C:\WINDOWS\System32\SHELL32.dll
0x00007ffcbe810000 - 0x00007ffcbe8b7000 	C:\WINDOWS\System32\msvcrt.dll
0x00007ffcbe8c0000 - 0x00007ffcbe968000 	C:\WINDOWS\System32\sechost.dll
0x00007ffcbd010000 - 0x00007ffcbd038000 	C:\WINDOWS\System32\bcrypt.dll
0x00007ffc757b0000 - 0x00007ffc758c4000 	D:\Applications\Xilinx\Vivado\2019.2\lib\win64.o\libboost_regex.dll
0x00007ffcbd960000 - 0x00007ffcbda75000 	C:\WINDOWS\System32\RPCRT4.dll
0x00007ffc98cf0000 - 0x00007ffc98d11000 	D:\Applications\Xilinx\Vivado\2019.2\lib\win64.o\libboost_thread.dll
0x00007ffcb4f90000 - 0x00007ffcb4f9b000 	D:\Applications\Xilinx\Vivado\2019.2\lib\win64.o\libboost_system.dll
0x00007ffcb10a0000 - 0x00007ffcb10af000 	D:\Applications\Xilinx\Vivado\2019.2\lib\win64.o\libboost_xilinx.dll
0x00007ffc78570000 - 0x00007ffc78615000 	D:\Applications\Xilinx\Vivado\2019.2\lib\win64.o\libhdxml.dll
0x00007ffc75720000 - 0x00007ffc757a2000 	D:\Applications\Xilinx\Vivado\2019.2\lib\win64.o\libhdlpsolve.dll
0x00007ffc4a190000 - 0x00007ffc4ad8c200 	D:\Applications\Xilinx\Vivado\2019.2\lib\win64.o\libisl_iostreams.dll
0x00007ffc98660000 - 0x00007ffc9868e000 	D:\Applications\Xilinx\Vivado\2019.2\lib\win64.o\libisl_sysinfo.dll
0x00007ffc6f720000 - 0x00007ffc6f785000 	D:\Applications\Xilinx\Vivado\2019.2\lib\win64.o\liblmx6.0.dll
0x00007ffcbee80000 - 0x00007ffcbeef1000 	C:\WINDOWS\System32\WS2_32.dll
0x00007ffc9af20000 - 0x00007ffc9af3a000 	D:\Applications\Xilinx\Vivado\2019.2\lib\win64.o\pthreadVC2.dll
0x00007ffc9ac60000 - 0x00007ffc9ac7c000 	D:\Applications\Xilinx\Vivado\2019.2\lib\win64.o\librdiconfig.dll
0x00007ffc53890000 - 0x00007ffc53a31000 	D:\Applications\Xilinx\Vivado\2019.2\lib\win64.o\librdi_commonxillic.dll
0x00007ffc90120000 - 0x00007ffc90141000 	D:\Applications\Xilinx\Vivado\2019.2\lib\win64.o\librdizlib.dll
0x0000000012000000 - 0x0000000012270000 	D:\Applications\Xilinx\Vivado\2019.2\lib\win64.o\xerces-c_3_1.dll
0x00000000682e0000 - 0x000000006840b000 	D:\Applications\Xilinx\Vivado\2019.2\lib\win64.o\tcl85t.dll
0x00007ffcaa6b0000 - 0x00007ffcaa6c9000 	C:\WINDOWS\SYSTEM32\NETAPI32.dll
0x00007ffcaad50000 - 0x00007ffcab244000 	C:\WINDOWS\SYSTEM32\WININET.dll
0x00007ffcb2830000 - 0x00007ffcb2966000 	C:\WINDOWS\SYSTEM32\WINHTTP.dll
0x00007ffcad570000 - 0x00007ffcad760000 	C:\WINDOWS\SYSTEM32\urlmon.dll
0x00007ffc48cb0000 - 0x00007ffc49b41000 	D:\Applications\Xilinx\Vivado\2019.2\lib\win64.o\gurobi65.dll
0x00007ffc80970000 - 0x00007ffc80979000 	C:\WINDOWS\SYSTEM32\WSOCK32.dll
0x00007ffc84ef0000 - 0x00007ffc84f22000 	C:\WINDOWS\SYSTEM32\VCOMP140.DLL
0x00007ffcaf990000 - 0x00007ffcaf99d000 	D:\Applications\Xilinx\Vivado\2019.2\lib\win64.o\libboost_chrono.dll
0x00007ffc95130000 - 0x00007ffc9514b000 	D:\Applications\Xilinx\Vivado\2019.2\lib\win64.o\libboost_iostreams.dll
0x00007ffc900f0000 - 0x00007ffc90115000 	D:\Applications\Xilinx\Vivado\2019.2\lib\win64.o\libisl_iosutils.dll
0x00007ffc49eb0000 - 0x00007ffc4a18b000 	D:\Applications\Xilinx\Vivado\2019.2\lib\win64.o\libXil_lmgr11.dll
0x00007ffcb1940000 - 0x00007ffcb1968000 	C:\WINDOWS\SYSTEM32\srvcli.dll
0x00007ffcac7d0000 - 0x00007ffcaca8e000 	C:\WINDOWS\SYSTEM32\iertutil.dll
0x00007ffcbd510000 - 0x00007ffcbd607000 	C:\WINDOWS\System32\COMDLG32.dll
0x00007ffcbf070000 - 0x00007ffcbf3f8000 	C:\WINDOWS\System32\combase.dll
0x00007ffcbb210000 - 0x00007ffcbb21c000 	C:\WINDOWS\SYSTEM32\netutils.dll
0x00007ffcbd6a0000 - 0x00007ffcbd795000 	C:\WINDOWS\System32\shcore.dll
0x00007ffcbdea0000 - 0x00007ffcbdefe000 	C:\WINDOWS\System32\SHLWAPI.dll
0x00007ffcbef90000 - 0x00007ffcbf067000 	C:\WINDOWS\System32\OLEAUT32.dll
0x00007ffcbda80000 - 0x00007ffcbdc25000 	C:\WINDOWS\System32\ole32.dll
0x00007ffcbce50000 - 0x00007ffcbcebb000 	C:\WINDOWS\System32\WINTRUST.dll
0x00007ffcbcb80000 - 0x00007ffcbcce8000 	C:\WINDOWS\System32\CRYPT32.dll
0x00007ffc97cd0000 - 0x00007ffc97d83000 	C:\WINDOWS\WinSxS\amd64_microsoft.windows.common-controls_6595b64144ccf1df_5.82.22621.3527_none_b43b7f4b638cc64f\COMCTL32.dll
0x00007ffcb2810000 - 0x00007ffcb282f000 	C:\WINDOWS\SYSTEM32\dhcpcsvc.DLL
0x00007ffc8e370000 - 0x00007ffc8e386000 	D:\Applications\Xilinx\Vivado\2019.2\lib\win64.o\librdi_commonmain.dll
0x00007ffcaad40000 - 0x00007ffcaad4a000 	D:\Applications\Xilinx\Vivado\2019.2\lib\win64.o\librdi_commonversion.dll
0x00007ffcbd250000 - 0x00007ffcbd281000 	C:\WINDOWS\System32\IMM32.DLL
0x00007ffcbc0a0000 - 0x00007ffcbc0b2000 	C:\WINDOWS\SYSTEM32\MSASN1.dll
0x00007ffcbb7b0000 - 0x00007ffcbb7c8000 	C:\WINDOWS\SYSTEM32\kernel.appcore.dll
0x00007ffc48790000 - 0x00007ffc48ca7000 	D:\Applications\Xilinx\Vivado\2019.2\lib\win64.o\librdi_commontasks.dll
0x00007ffcb0a90000 - 0x00007ffcb0a9a000 	C:\WINDOWS\SYSTEM32\VERSION.dll
0x00007ffc49bc0000 - 0x00007ffc49ea3000 	D:\Applications\Xilinx\Vivado\2019.2\lib\win64.o\librdi_sio.dll
0x00007ffcbb220000 - 0x00007ffcbb24d000 	C:\WINDOWS\SYSTEM32\IPHLPAPI.DLL
0x00000000673c0000 - 0x0000000067de5000 	D:\Applications\Xilinx\Vivado\2019.2\tps\win64\jre9.0.4\bin\server\jvm.dll
0x00007ffcbef10000 - 0x00007ffcbef18000 	C:\WINDOWS\System32\PSAPI.DLL
0x00007ffc97c90000 - 0x00007ffc97cc4000 	C:\WINDOWS\SYSTEM32\WINMM.dll
0x00007ffc51de0000 - 0x00007ffc51ecf000 	C:\WINDOWS\SYSTEM32\MSVCR120.dll
0x00007ffcbbc80000 - 0x00007ffcbbce9000 	C:\WINDOWS\SYSTEM32\MSWSOCK.DLL
0x00007ffcba6c0000 - 0x00007ffcbafb6000 	C:\WINDOWS\SYSTEM32\windows.storage.dll
0x00007ffcba580000 - 0x00007ffcba6be000 	C:\WINDOWS\SYSTEM32\wintypes.dll
0x00007ffc46040000 - 0x00007ffc48785000 	D:\Applications\Xilinx\Vivado\2019.2\lib\win64.o\librdi_tcltasks.dll
0x00007ffc45ee0000 - 0x00007ffc46032000 	D:\Applications\Xilinx\Vivado\2019.2\lib\win64.o\librdi_cd_client.dll
0x00007ffc6c9e0000 - 0x00007ffc6ca5b000 	D:\Applications\Xilinx\Vivado\2019.2\lib\win64.o\librdi_boarddep.dll
0x00007ffc45a20000 - 0x00007ffc45ed4000 	D:\Applications\Xilinx\Vivado\2019.2\lib\win64.o\librdi_bitstream.dll
0x00007ffc45880000 - 0x00007ffc45a1d000 	D:\Applications\Xilinx\Vivado\2019.2\lib\win64.o\librdi_board.dll
0x00007ffc456c0000 - 0x00007ffc45880000 	D:\Applications\Xilinx\Vivado\2019.2\lib\win64.o\librdi_chipscopeimpl.dll
0x00007ffc455d0000 - 0x00007ffc456bf000 	D:\Applications\Xilinx\Vivado\2019.2\lib\win64.o\librdi_chipscope.dll
0x00007ffc452a0000 - 0x00007ffc455c4000 	D:\Applications\Xilinx\Vivado\2019.2\lib\win64.o\librdi_containers.dll
0x00007ffc42a90000 - 0x00007ffc4456a000 	D:\Applications\Xilinx\Vivado\2019.2\lib\win64.o\librdi_constraints.dll
0x00007ffc2dae0000 - 0x00007ffc31dab000 	D:\Applications\Xilinx\Vivado\2019.2\lib\win64.o\librdi_designutils.dll
0x00007ffc44f50000 - 0x00007ffc4529a000 	D:\Applications\Xilinx\Vivado\2019.2\lib\win64.o\librdi_dlyest.dll
0x00007ffc44980000 - 0x00007ffc44f4d000 	D:\Applications\Xilinx\Vivado\2019.2\lib\win64.o\librdi_drc.dll
0x00007ffc576b0000 - 0x00007ffc57774000 	D:\Applications\Xilinx\Vivado\2019.2\lib\win64.o\librdi_dsp.dll
0x00007ffc2baf0000 - 0x00007ffc2dae0000 	D:\Applications\Xilinx\Vivado\2019.2\lib\win64.o\librdi_coregen.dll
0x00007ffc423b0000 - 0x00007ffc42a89000 	D:\Applications\Xilinx\Vivado\2019.2\lib\win64.o\librdi_coregenipxact.dll
0x00007ffc44670000 - 0x00007ffc44980000 	D:\Applications\Xilinx\Vivado\2019.2\lib\win64.o\librdi_guitools.dll
0x00007ffc553a0000 - 0x00007ffc5540a000 	D:\Applications\Xilinx\Vivado\2019.2\lib\win64.o\librdi_hdf.dll
0x00007ffc2b8d0000 - 0x00007ffc2baf0000 	D:\Applications\Xilinx\Vivado\2019.2\lib\win64.o\librdi_hip_devdesign.dll
0x00007ffc42260000 - 0x00007ffc423a8000 	D:\Applications\Xilinx\Vivado\2019.2\lib\win64.o\librdi_hip_perf_analysis.dll
0x00007ffc2b260000 - 0x00007ffc2b8cb000 	D:\Applications\Xilinx\Vivado\2019.2\lib\win64.o\librdi_filemgmt.dll
0x00007ffc50d20000 - 0x00007ffc50d94000 	D:\Applications\Xilinx\Vivado\2019.2\lib\win64.o\librdi_memoryarray.dll
0x00007ffc2ac20000 - 0x00007ffc2b251000 	D:\Applications\Xilinx\Vivado\2019.2\lib\win64.o\librdi_memdata.dll
0x00007ffc294b0000 - 0x00007ffc2ac1d000 	D:\Applications\Xilinx\Vivado\2019.2\lib\win64.o\librdi_implflow.dll
0x00007ffbfd780000 - 0x00007ffc1232b000 	D:\Applications\Xilinx\Vivado\2019.2\lib\win64.o\librdi_device.dll
0x00007ffc80d40000 - 0x00007ffc80d8c000 	D:\Applications\Xilinx\Vivado\2019.2\lib\win64.o\librdi_pfi.dll
0x00007ffc266e0000 - 0x00007ffc294ab000 	D:\Applications\Xilinx\Vivado\2019.2\lib\win64.o\librdi_mig.dll
0x00007ffc25ff0000 - 0x00007ffc266d3000 	D:\Applications\Xilinx\Vivado\2019.2\lib\win64.o\librdi_netlist.dll
0x00007ffc25cd0000 - 0x00007ffc25feb000 	D:\Applications\Xilinx\Vivado\2019.2\lib\win64.o\librdi_platform.dll
0x00007ffc254c0000 - 0x00007ffc25ccb000 	D:\Applications\Xilinx\Vivado\2019.2\lib\win64.o\librdi_power.dll
0x00007ffc20e20000 - 0x00007ffc236e7000 	D:\Applications\Xilinx\Vivado\2019.2\lib\win64.o\librdi_place.dll
0x00007ffc24df0000 - 0x00007ffc254b1000 	D:\Applications\Xilinx\Vivado\2019.2\lib\win64.o\librdi_rsb.dll
0x00007ffc24830000 - 0x00007ffc24dea000 	D:\Applications\Xilinx\Vivado\2019.2\lib\win64.o\librdi_project.dll
0x00007ffc245b0000 - 0x00007ffc24825000 	D:\Applications\Xilinx\Vivado\2019.2\lib\win64.o\librdi_simdata.dll
0x00007ffc244a0000 - 0x00007ffc245a8000 	D:\Applications\Xilinx\Vivado\2019.2\lib\win64.o\librdi_runsbase.dll
0x00007ffc24070000 - 0x00007ffc24493000 	D:\Applications\Xilinx\Vivado\2019.2\lib\win64.o\librdi_runs.dll
0x00007ffc206e0000 - 0x00007ffc20e13000 	D:\Applications\Xilinx\Vivado\2019.2\lib\win64.o\librdi_psta.dll
0x00007ffc23ed0000 - 0x00007ffc24070000 	D:\Applications\Xilinx\Vivado\2019.2\lib\win64.o\librdi_cd_protocol.dll
0x00007ffc80920000 - 0x00007ffc8096c000 	D:\Applications\Xilinx\Vivado\2019.2\lib\win64.o\libboost_serialization.dll
0x00007ffc23d20000 - 0x00007ffc23ec1000 	D:\Applications\Xilinx\Vivado\2019.2\lib\win64.o\librdi_advchipscopeimpl.dll
0x00007ffc23c40000 - 0x00007ffc23d17000 	D:\Applications\Xilinx\Vivado\2019.2\lib\win64.o\librdi_ipconfig_readwrite.dll
0x00007ffc7b380000 - 0x00007ffc7b3ca000 	D:\Applications\Xilinx\Vivado\2019.2\lib\win64.o\librdi_noc_frameworks.dll
0x00007ffc1e810000 - 0x00007ffc1f69d000 	D:\Applications\Xilinx\Vivado\2019.2\lib\win64.o\librdi_timing.dll
0x00007ffc1fb90000 - 0x00007ffc206d7000 	D:\Applications\Xilinx\Vivado\2019.2\lib\win64.o\libverific.dll
0x00007ffc1f9a0000 - 0x00007ffc1fb84000 	D:\Applications\Xilinx\Vivado\2019.2\lib\win64.o\librdi_hip_config.dll
0x00007ffc23ba0000 - 0x00007ffc23c3e000 	D:\Applications\Xilinx\Vivado\2019.2\lib\win64.o\libise.dll
0x00007ffc1e2c0000 - 0x00007ffc1e80e000 	D:\Applications\Xilinx\Vivado\2019.2\lib\win64.o\librdi_xdm.dll
0x00007ffc787f0000 - 0x00007ffc7883a000 	D:\Applications\Xilinx\Vivado\2019.2\lib\win64.o\librdi_wavedata_SimpleApi.dll

VM Arguments:
jvm_args: -Dsun.java2d.pmoffscreen=false -Dsun.java2d.xrender=false -Dsun.java2d.d3d=false -Dsun.awt.nopixfmt=true -Dsun.java2d.dpiaware=true -Dsun.java2d.uiScale.enabled=false -Xverify:none -Dswing.aatext=true -XX:-UsePerfData -Djdk.map.althashing.threshold=512 -XX:StringTableSize=4072 --add-opens=java.base/java.nio=ALL-UNNAMED --add-opens=java.desktop/sun.swing=ALL-UNNAMED --add-opens=java.desktop/javax.swing=ALL-UNNAMED --add-opens=java.desktop/javax.swing.tree=ALL-UNNAMED --add-opens=java.desktop/javax.swing.plaf.basic=ALL-UNNAMED --add-opens=java.desktop/javax.swing.plaf.synth=ALL-UNNAMED --add-opens=java.desktop/com.sun.awt=ALL-UNNAMED -XX:NewSize=60m -XX:MaxNewSize=60m -Xms128m -Xmx3072m -Xss5m 
java_command: <unknown>
java_class_path (initial): D:/Applications/Xilinx/Vivado/2019.2\lib\classes\alloy.jar;D:/Applications/Xilinx/Vivado/2019.2\lib\classes\autoesl-common.jar;D:/Applications/Xilinx/Vivado/2019.2\lib\classes\autoesl-models.jar;D:/Applications/Xilinx/Vivado/2019.2\lib\classes\autoesl-report.jar;D:/Applications/Xilinx/Vivado/2019.2\lib\classes\autopilot.scelaborator.jar;D:/Applications/Xilinx/Vivado/2019.2\lib\classes\autopilot.sourceprocessor.jar;D:/Applications/Xilinx/Vivado/2019.2\lib\classes\autopilot.tbprocessor.jar;D:/Applications/Xilinx/Vivado/2019.2\lib\classes\batik-anim.jar;D:/Applications/Xilinx/Vivado/2019.2\lib\classes\batik-awt-util.jar;D:/Applications/Xilinx/Vivado/2019.2\lib\classes\batik-bridge.jar;D:/Applications/Xilinx/Vivado/2019.2\lib\classes\batik-codec.jar;D:/Applications/Xilinx/Vivado/2019.2\lib\classes\batik-css.jar;D:/Applications/Xilinx/Vivado/2019.2\lib\classes\batik-dom.jar;D:/Applications/Xilinx/Vivado/2019.2\lib\classes\batik-ext.jar;D:/Applications/Xilinx/Vivado/2019.2\lib\classes\batik-gui-util.jar;D:/Applications/Xilinx/Vivado/2019.2\lib\classes\batik-gvt.jar;D:/Applications/Xilinx/Vivado/2019.2\lib\classes\batik-parser.jar;D:/Applications/Xilinx/Vivado/2019.2\lib\classes\batik-script.jar;D:/Applications/Xilinx/Vivado/2019.2\lib\classes\batik-svg-dom.jar;D:/Applications/Xilinx/Vivado/2019.2\lib\classes\batik-swing.jar;D:/Applications/Xilinx/Vivado/2019.2\lib\classes\batik-transcoder.jar;D:/Applications/Xilinx/Vivado/2019.2\lib\classes\batik-util.jar;D:/Applications/Xilinx/Vivado/2019.2\lib\classes\batik-xml.jar;D:/Applications/Xilinx/Vivado/2019.2\lib\classes\com.google.gson_2.7.0.v20170129-0911.jar;D:/Applications/Xilinx/Vivado/2019.2\lib\classes\com.google.guava_21.0.0.v20170206-1425.jar;D:/Applications/Xilinx/Vivado/2019.2\lib\classes\com.ibm.icu_4.4.2.v20110208.jar;D:/Applications/Xilinx/Vivado/2019.2\lib\classes\com.sigasi.hdt.connection_4.5.0.201909241521.jar;D:/Applications/Xilinx/Vivado/2019.2\lib\classes\com.sigasi.hdt.epl_4.5.0
Launcher Type: generic

Logging:
Log output configuration:
#0: stdout all=warning uptime,level,tags
#1: stderr all=off uptime,level,tags

Environment Variables:
PATH=D:/Applications/Xilinx/Vivado/2019.2/bin;D:/Applications/Xilinx/Vivado/2019.2/lib/win64.o;D:/Applications/Xilinx/Vivado/2019.2/tps/win64/jre9.0.4/bin/server;D:/Applications/Xilinx/Vivado/2019.2/tps/win64/jre9.0.4/bin;D:/Applications/Xilinx/Vivado/2019.2/ids_lite/ISE/bin/nt64;D:/Applications/Xilinx/Vivado/2019.2/ids_lite/ISE/lib/nt64;C:\Program Files (x86)\Common Files\Intel\Shared Libraries\redist\intel64\compiler;D:\Applications\VMware\VMware Workstation\bin\;C:\WINDOWS\system32;C:\WINDOWS;C:\WINDOWS\System32\Wbem;C:\WINDOWS\System32\WindowsPowerShell\v1.0\;C:\WINDOWS\System32\OpenSSH\;G:\Matlab\bin;D:\Applications\MATLAB R2022a\bin;D:\Applications\UltraEdit;C:\Program Files\IDM Computer Solutions\UltraCompare;D:\Applications\CMake\bin;C:\Program Files (x86)\NVIDIA Corporation\PhysX\Common;D:\Applications\EasyShare\x86\;D:\Applications\EasyShare\x64\;C:\Program Files\dotnet\;D:\Applications\nodejs\;C:\ProgramData\chocolatey\bin;C:\Python312\Scripts;D:\Applications\ffmpeg\bin;D:\Applications\Git\cmd;D:\Applications\Pandoc\;D:\Applications\python\Scripts\;D:\Applications\python\;D:\Applications\Python3.8.6\Scripts\;D:\Applications\Python3.8.6\;D:\Applications\anaconda;D:\Applications\anaconda\Library\mingw-w64\bin;D:\Applications\anaconda\Library\usr\bin;D:\Applications\anaconda\Library\bin;D:\Applications\anaconda\Scripts;C:\Users\Half Blood Prince\AppData\Local\Microsoft\WindowsApps;D:\Applications\Microsoft VS Code\bin;D:\App;ications\CodeBlocks\MinGW\bin;D:\Applications\compiler\MinGW\bin;D:\Applications\compiler\mingw64\bin;D:\Applications\PyCharm\PyCharm 2022.2.2\bin;;C:\Users\Half Blood Prince\AppData\Local\GitHubDesktop\bin;C:\Users\Half Blood Prince\.dotnet\tools;C:\Users\Half Blood Prince\AppData\Roaming\npm;D:\Applications\DataGrip\DataGrip 2023.3.4\bin;D:/Applications/Xilinx/Vivado/2019.2\tps\mingw\6.2.0\win64.o\nt\bin;D:/Applications/Xilinx/Vivado/2019.2\tps\mingw\6.2.0\win64.o\nt\libexec\gcc\x86_64-w64-mingw32\6.2.0;D:/Applications/Xilinx/Vivado/2019.
USERNAME=Half Blood Prince
OS=Windows_NT
PROCESSOR_IDENTIFIER=Intel64 Family 6 Model 142 Stepping 12, GenuineIntel



---------------  S Y S T E M  ---------------

OS: Windows 10 , 64 bit Build 22621 (10.0.22621.3527)

CPU:total 8 (initial active 8) (4 cores per cpu, 2 threads per core) family 6 model 142 stepping 12, cmov, cx8, fxsr, mmx, sse, sse2, sse3, ssse3, sse4.1, sse4.2, popcnt, avx, avx2, aes, clmul, erms, 3dnowpref, lzcnt, ht, tsc, tscinvbit, bmi1, bmi2, adx, fma

Memory: 4k page, physical 8221232k(1469560k free), swap 13201968k(2755032k free)

vm_info: Java HotSpot(TM) 64-Bit Server VM (9.0.4+11) for windows-amd64 JRE (9.0.4+11), built on Dec 20 2017 02:18:54 by "mach5one" with MS VC++ 12.0 (VS2013)

END.
