#
# A fatal error has been detected by the Java Runtime Environment:
#
#  EXCEPTION_ACCESS_VIOLATION (0xc0000005) at pc=0x00007ffc4468e836, pid=13808, tid=15988
#
# JRE version: Java(TM) SE Runtime Environment (9.0+11) (build 9.0.4+11)
# Java VM: Java HotSpot(TM) 64-Bit Server VM (9.0.4+11, mixed mode, tiered, compressed oops, g1 gc, windows-amd64)
# Problematic frame:
# C  [librdi_simdata.dll+0x2e836]
#
# No core dump will be written. Minidumps are not enabled by default on client versions of Windows
#
# If you would like to submit a bug report, please visit:
#   http://bugreport.java.com/bugreport/crash.jsp
# The crash happened outside the Java Virtual Machine in native code.
# See problematic frame for where to report the bug.
#

---------------  S U M M A R Y ------------

Command Line: -Dsun.java2d.pmoffscreen=false -Dsun.java2d.xrender=false -Dsun.java2d.d3d=false -Dsun.awt.nopixfmt=true -Dsun.java2d.dpiaware=true -Dsun.java2d.uiScale.enabled=false -Xverify:none -Dswing.aatext=true -XX:-UsePerfData -Djdk.map.althashing.threshold=512 -XX:StringTableSize=4072 --add-opens=java.base/java.nio=ALL-UNNAMED --add-opens=java.desktop/sun.swing=ALL-UNNAMED --add-opens=java.desktop/javax.swing=ALL-UNNAMED --add-opens=java.desktop/javax.swing.tree=ALL-UNNAMED --add-opens=java.desktop/javax.swing.plaf.basic=ALL-UNNAMED --add-opens=java.desktop/javax.swing.plaf.synth=ALL-UNNAMED --add-opens=java.desktop/com.sun.awt=ALL-UNNAMED -XX:NewSize=60m -XX:MaxNewSize=60m -Xms128m -Xmx3072m -Xss5m 

Host: Intel(R) Core(TM) i5-10210U CPU @ 1.60GHz, 8 cores, 7G,  Windows 10 , 64 bit Build 22621 (10.0.22621.3527)
Time: Sun Jun 02 12:12:12 2024 ?D1¨²¡À¨º¡Á?¨º¡À?? elapsed time: 1748 seconds (0d 0h 29m 8s)

---------------  T H R E A D  ---------------

Current thread (0x00000248b83f2000):  JavaThread "AWT-EventQueue-1" [_thread_in_native, id=15988, stack(0x0000006d16900000,0x0000006d16e00000)]

Stack: [0x0000006d16900000,0x0000006d16e00000],  sp=0x0000006d16dfb600,  free space=5101k
Native frames: (J=compiled Java code, j=interpreted, Vv=VM code, C=native code)
C  [librdi_simdata.dll+0x2e836]
C  [librdi_simdata.dll+0x472e7]
C  [librdi_simdata.dll+0x98b0c]
C  0x00000248a8a1865c

Java frames: (J=compiled Java code, j=interpreted, Vv=VM code)
J 18416  ui.views.simulator.executive.simulationi.SimulationExecutive_getCodeTooltipValue(JLjava/lang/String;IZ)Ljava/lang/String; (0 bytes) @ 0x00000248a8a185bf [0x00000248a8a18560+0x000000000000005f]
J 17447 c1 ui.views.O.a.a(Ljava/awt/event/MouseEvent;Lui/views/d/b;)V (116 bytes) @ 0x00000248a2331d84 [0x00000248a2330400+0x0000000000001984]
J 16559 c1 ui.views.O.d.mouseMoved(Ljava/awt/event/MouseEvent;)V (13 bytes) @ 0x00000248a30e0a84 [0x00000248a30e09c0+0x00000000000000c4]
J 17957 c2 java.awt.AWTEventMulticaster.mouseMoved(Ljava/awt/event/MouseEvent;)V java.desktop@9.0.4 (27 bytes) @ 0x00000248a9231f74 [0x00000248a9231ec0+0x00000000000000b4]
J 18417 c2 javax.swing.JComponent.processMouseMotionEvent(Ljava/awt/event/MouseEvent;)V java.desktop@9.0.4 (46 bytes) @ 0x00000248a8aad048 [0x00000248a8aace20+0x0000000000000228]
J 14105 c2 java.awt.Container.processEvent(Ljava/awt/AWTEvent;)V java.desktop@9.0.4 (22 bytes) @ 0x00000248a882d618 [0x00000248a882d4a0+0x0000000000000178]
J 24355 c2 java.awt.Component.dispatchEventImpl(Ljava/awt/AWTEvent;)V java.desktop@9.0.4 (739 bytes) @ 0x00000248a98d89d8 [0x00000248a98d8060+0x0000000000000978]
J 20213 c2 java.awt.Container.dispatchEventImpl(Ljava/awt/AWTEvent;)V java.desktop@9.0.4 (129 bytes) @ 0x00000248a946d638 [0x00000248a946cc60+0x00000000000009d8]
J 17256 c2 java.awt.LightweightDispatcher.retargetMouseEvent(Ljava/awt/Component;ILjava/awt/event/MouseEvent;)V java.desktop@9.0.4 (350 bytes) @ 0x00000248a91281c0 [0x00000248a9127c60+0x0000000000000560]
J 20213 c2 java.awt.Container.dispatchEventImpl(Ljava/awt/AWTEvent;)V java.desktop@9.0.4 (129 bytes) @ 0x00000248a946d564 [0x00000248a946cc60+0x0000000000000904]
J 18207 c2 java.awt.Window.dispatchEventImpl(Ljava/awt/AWTEvent;)V java.desktop@9.0.4 (23 bytes) @ 0x00000248a8521c8c [0x00000248a8521c40+0x000000000000004c]
J 15709 c2 java.awt.EventQueue$3.run()Ljava/lang/Object; java.desktop@9.0.4 (5 bytes) @ 0x00000248a8f0effc [0x00000248a8f0ea00+0x00000000000005fc]
v  ~StubRoutines::call_stub
J 3819  java.security.AccessController.doPrivileged(Ljava/security/PrivilegedAction;Ljava/security/AccessControlContext;)Ljava/lang/Object; java.base@9.0.4 (0 bytes) @ 0x00000248a848f746 [0x00000248a848f6e0+0x0000000000000066]
J 17861 c2 java.awt.EventQueue$4.run()Ljava/lang/Object; java.desktop@9.0.4 (5 bytes) @ 0x00000248a91fe340 [0x00000248a91fe0e0+0x0000000000000260]
v  ~StubRoutines::call_stub
J 3819  java.security.AccessController.doPrivileged(Ljava/security/PrivilegedAction;Ljava/security/AccessControlContext;)Ljava/lang/Object; java.base@9.0.4 (0 bytes) @ 0x00000248a848f746 [0x00000248a848f6e0+0x0000000000000066]
J 19886 c2 java.awt.EventQueue.dispatchEvent(Ljava/awt/AWTEvent;)V java.desktop@9.0.4 (80 bytes) @ 0x00000248a93dc440 [0x00000248a93dc0c0+0x0000000000000380]
J 20246 c2 ui.frmwork.b.d.dispatchEvent(Ljava/awt/AWTEvent;)V (34 bytes) @ 0x00000248a9485a08 [0x00000248a9485920+0x00000000000000e8]
J 24345 c2 java.awt.EventDispatchThread.pumpOneEventForFilters(I)V java.desktop@9.0.4 (218 bytes) @ 0x00000248a98d02d4 [0x00000248a98cfe00+0x00000000000004d4]
J 22604% c2 java.awt.EventDispatchThread.pumpEventsForFilter(ILjava/awt/Conditional;Ljava/awt/EventFilter;)V java.desktop@9.0.4 (47 bytes) @ 0x00000248a97bf6d8 [0x00000248a97bf5c0+0x0000000000000118]
j  java.awt.EventDispatchThread.pumpEventsForHierarchy(ILjava/awt/Conditional;Ljava/awt/Component;)V+11 java.desktop@9.0.4
j  java.awt.EventDispatchThread.pumpEvents(ILjava/awt/Conditional;)V+4 java.desktop@9.0.4
j  java.awt.EventDispatchThread.pumpEvents(Ljava/awt/Conditional;)V+3 java.desktop@9.0.4
j  java.awt.EventDispatchThread.run()V+9 java.desktop@9.0.4
v  ~StubRoutines::call_stub

siginfo: EXCEPTION_ACCESS_VIOLATION (0xc0000005), reading address 0x0000000000006f00


Register to memory mapping:

RIP=0x00007ffc4468e836 librdi_simdata.dll
RAX=0x00000248948632d8 is an unknown value
RBX=0x0000006d16dfb6b0 is pointing into the stack for thread: 0x00000248b83f2000
RCX=0x00000248948632d8 is an unknown value
RDX=0x0000006d16dfb668 is pointing into the stack for thread: 0x00000248b83f2000
RSP=0x0000006d16dfb600 is pointing into the stack for thread: 0x00000248b83f2000
RBP=0x0000006d16dfb700 is pointing into the stack for thread: 0x00000248b83f2000
RSI=0x00000248ba0f55a0 is an unknown value
RDI=0x0000006d16dfb848 is pointing into the stack for thread: 0x00000248b83f2000
R8 =0x0000000000000000 is an unknown value
R9 =0x0000000000006ed8 is an unknown value
R10=0x0000000000000003 is an unknown value
R11=0x0000006d16dfb520 is pointing into the stack for thread: 0x00000248b83f2000
R12=0x00000248be09cef0 is an unknown value
R13=0x0000000000000000 is an unknown value
R14=0x0000000000000000 is an unknown value
R15=0x0000006d16dfba58 is pointing into the stack for thread: 0x00000248b83f2000


Registers:
RAX=0x00000248948632d8, RBX=0x0000006d16dfb6b0, RCX=0x00000248948632d8, RDX=0x0000006d16dfb668
RSP=0x0000006d16dfb600, RBP=0x0000006d16dfb700, RSI=0x00000248ba0f55a0, RDI=0x0000006d16dfb848
R8 =0x0000000000000000, R9 =0x0000000000006ed8, R10=0x0000000000000003, R11=0x0000006d16dfb520
R12=0x00000248be09cef0, R13=0x0000000000000000, R14=0x0000000000000000, R15=0x0000006d16dfba58
RIP=0x00007ffc4468e836, EFLAGS=0x0000000000010246

Top of Stack: (sp=0x0000006d16dfb600)
0x0000006d16dfb600:   0000006d16dfb6b0 0000006d16dfb700
0x0000006d16dfb610:   00000248ba0f55a0 0000006d16dfb848
0x0000006d16dfb620:   0000000000000001 0000006d16dfb750
0x0000006d16dfb630:   0000006d00000001 0000006d16dfb668
0x0000006d16dfb640:   0000006d16dfb638 00007ffc4466e1d0
0x0000006d16dfb650:   00007ffc4466e200 fffffffffffffffe
0x0000006d16dfb660:   0000006d16dfb848 000000002031335c
0x0000006d16dfb670:   0000024899080e80 0000000000000004
0x0000006d16dfb680:   000000000000000f 00007f0020313300
0x0000006d16dfb690:   0000000000000021 0000000000000000
0x0000006d16dfb6a0:   000000000000000f 0000000700000000
0x0000006d16dfb6b0:   0000000000000000 0000000000000000
0x0000006d16dfb6c0:   0000000000000000 0000000000000000
0x0000006d16dfb6d0:   0000000000000000 0000000000000000
0x0000006d16dfb6e0:   0000000000000000 0000000100000000
0x0000006d16dfb6f0:   0000000100000001 00000007031f0000 

Instructions: (pc=0x00007ffc4468e836)
0x00007ffc4468e816:   b0 e8 c4 31 fe ff 48 8b 06 48 8b ce ff 90 b8 00
0x00007ffc4468e826:   00 00 4c 8b 08 45 33 c0 48 8d 54 24 68 48 8b c8
0x00007ffc4468e836:   41 ff 51 28 48 8b d8 44 89 74 24 20 4c 8d 0d 4f
0x00007ffc4468e846:   0f 22 00 4c 8d 05 18 0f 22 00 33 d2 48 8b c8 e8 



---------------  P R O C E S S  ---------------

Java Threads: ( => current thread )
  0x00000248bfa26800 JavaThread "Relaunch Simulation Thread" [_thread_blocked, id=1052, stack(0x0000006d15a00000,0x0000006d15f00000)]
  0x00000248bfa1d800 JavaThread "Image Fetcher 0" daemon [_thread_blocked, id=1952, stack(0x0000006d1c900000,0x0000006d1ce00000)]
  0x00000248bfa19800 JavaThread "Swing-Shell" daemon [_thread_blocked, id=15636, stack(0x0000006d1ce00000,0x0000006d1d300000)]
  0x00000248bfa1f800 JavaThread "Monitor File Timestamp Swing Worker Thread" [_thread_blocked, id=4968, stack(0x0000006d1bf00000,0x0000006d1c400000)]
  0x00000248bfa1e000 JavaThread "Timer-12" [_thread_blocked, id=21376, stack(0x0000006d1a800000,0x0000006d1ad00000)]
  0x00000248bfa18000 JavaThread "Monitor File Timestamp Swing Worker Thread" [_thread_blocked, id=15912, stack(0x0000006d1ba00000,0x0000006d1bf00000)]
  0x00000248bfa1f000 JavaThread "Timer-11" [_thread_blocked, id=3520, stack(0x0000006d1ad00000,0x0000006d1b200000)]
  0x00000248bfa20800 JavaThread "ForkJoinPool.commonPool-worker-9" daemon [_thread_blocked, id=7664, stack(0x0000006d1e700000,0x0000006d1ec00000)]
  0x00000248bfa1a800 JavaThread "SyntheticaAnimation 50" daemon [_thread_blocked, id=15564, stack(0x0000006d1b500000,0x0000006d1ba00000)]
  0x00000248bfa1c800 JavaThread "Image Animator 3" daemon [_thread_blocked, id=19856, stack(0x0000006d19e00000,0x0000006d1a300000)]
  0x00000248bfa1b000 JavaThread "Update Runs Swing Worker Thread" [_thread_blocked, id=21716, stack(0x0000006d1a300000,0x0000006d1a800000)]
  0x00000248bfa1c000 JavaThread "hw_ila_monitor" [_thread_blocked, id=4188, stack(0x0000006d19900000,0x0000006d19e00000)]
  0x0000024893852000 JavaThread "Refresh Filesets Swing Worker Thread" [_thread_blocked, id=18264, stack(0x0000006d19400000,0x0000006d19900000)]
  0x0000024893850800 JavaThread "SyntheticaAnimation 70" daemon [_thread_blocked, id=14192, stack(0x0000006d18f00000,0x0000006d19400000)]
  0x0000024893856800 JavaThread "SyntheticaAnimation 25" daemon [_thread_blocked, id=6148, stack(0x0000006d18500000,0x0000006d18a00000)]
  0x0000024893855000 JavaThread "SyntheticaAnimation 50" daemon [_thread_blocked, id=3528, stack(0x0000006d18000000,0x0000006d18500000)]
  0x0000024893851000 JavaThread "Monitor HEventQueue Thread" [_thread_blocked, id=20216, stack(0x0000006d17b00000,0x0000006d18000000)]
  0x0000024893854000 JavaThread "SyntheticaCleanerThread" daemon [_thread_blocked, id=20372, stack(0x0000006d17300000,0x0000006d17800000)]
  0x0000024893853800 JavaThread "Batik CleanerThread" daemon [_thread_blocked, id=12020, stack(0x0000006d15f00000,0x0000006d16400000)]
=>0x00000248b83f2000 JavaThread "AWT-EventQueue-1" [_thread_in_native, id=15988, stack(0x0000006d16900000,0x0000006d16e00000)]
  0x00000248946f3800 JavaThread "Process Messages Thread" [_thread_blocked, id=9984, stack(0x0000006d16400000,0x0000006d16900000)]
  0x00000248b8501000 JavaThread "Thread-1" [_thread_in_native, id=20600, stack(0x0000006d0f200000,0x0000006d10600000)]
  0x00000248946c5800 JavaThread "TimerQueue" daemon [_thread_blocked, id=19472, stack(0x0000006d15500000,0x0000006d15a00000)]
  0x000002489402d000 JavaThread "AWT-Windows" daemon [_thread_in_native, id=984, stack(0x0000006d15000000,0x0000006d15500000)]
  0x0000024893ebf000 JavaThread "AWT-Shutdown" [_thread_blocked, id=6720, stack(0x0000006d14b00000,0x0000006d15000000)]
  0x0000024899aba800 JavaThread "Java2D Disposer" daemon [_thread_blocked, id=19812, stack(0x0000006d14600000,0x0000006d14b00000)]
  0x0000024899c54000 JavaThread "Service Thread" daemon [_thread_blocked, id=11628, stack(0x0000006d14000000,0x0000006d14500000)]
  0x0000024893858800 JavaThread "Common-Cleaner" daemon [_thread_blocked, id=18924, stack(0x0000006d13b00000,0x0000006d14000000)]
  0x0000024893852800 JavaThread "Sweeper thread" daemon [_thread_blocked, id=1260, stack(0x0000006d13600000,0x0000006d13b00000)]
  0x00000248925f7000 JavaThread "C1 CompilerThread3" daemon [_thread_blocked, id=19332, stack(0x0000006d13500000,0x0000006d13600000)]
  0x00000248925f6800 JavaThread "C2 CompilerThread2" daemon [_thread_blocked, id=3412, stack(0x0000006d13400000,0x0000006d13500000)]
  0x0000024892db3000 JavaThread "C2 CompilerThread1" daemon [_thread_blocked, id=18628, stack(0x0000006d13300000,0x0000006d13400000)]
  0x000002489387f000 JavaThread "C2 CompilerThread0" daemon [_thread_blocked, id=1984, stack(0x0000006d13200000,0x0000006d13300000)]
  0x000002489387e800 JavaThread "Attach Listener" daemon [_thread_blocked, id=19536, stack(0x0000006d12d00000,0x0000006d13200000)]
  0x00000248926f4800 JavaThread "Signal Dispatcher" daemon [_thread_blocked, id=6380, stack(0x0000006d12800000,0x0000006d12d00000)]
  0x0000024893812800 JavaThread "Finalizer" daemon [_thread_blocked, id=16092, stack(0x0000006d12300000,0x0000006d12800000)]
  0x000002489962e000 JavaThread "Reference Handler" daemon [_thread_blocked, id=14360, stack(0x0000006d11e00000,0x0000006d12300000)]
  0x0000024899bd5800 JavaThread "main" [_thread_blocked, id=15548, stack(0x0000006d0f100000,0x0000006d0f200000)]

Other Threads:
  0x0000024898a14800 VMThread "VM Thread" [stack: 0x0000006d11d00000,0x0000006d11e00000] [id=2628]
  0x0000024899c56000 WatcherThread [stack: 0x0000006d14500000,0x0000006d14600000] [id=15804]
  0x0000024898e1e800 GCTaskThread "GC Thread#0" [stack: 0x0000006d10900000,0x0000006d10a00000] [id=7848]
  0x00000248921ff000 GCTaskThread "GC Thread#1" [stack: 0x0000006d10a00000,0x0000006d10b00000] [id=4764]
  0x0000024892200000 GCTaskThread "GC Thread#2" [stack: 0x0000006d10b00000,0x0000006d10c00000] [id=21012]
  0x00000248921fd000 GCTaskThread "GC Thread#3" [stack: 0x0000006d10c00000,0x0000006d10d00000] [id=20404]
  0x0000024892201800 GCTaskThread "GC Thread#4" [stack: 0x0000006d10d00000,0x0000006d10e00000] [id=19640]
  0x00000248921fd800 GCTaskThread "GC Thread#5" [stack: 0x0000006d10e00000,0x0000006d10f00000] [id=20924]
  0x00000248921fe000 GCTaskThread "GC Thread#6" [stack: 0x0000006d10f00000,0x0000006d11000000] [id=10124]
  0x00000248921ff800 GCTaskThread "GC Thread#7" [stack: 0x0000006d11000000,0x0000006d11100000] [id=15688]
  0x0000024897baf800 ConcurrentGCThread "G1 Main Marker" [stack: 0x0000006d11a00000,0x0000006d11b00000] [id=16808]
  0x0000024892202000 ConcurrentGCThread "G1 Marker#0" [stack: 0x0000006d11b00000,0x0000006d11c00000] [id=5520]
  0x00000248921fc800 ConcurrentGCThread "G1 Marker#1" [stack: 0x0000006d11c00000,0x0000006d11d00000] [id=17696]
  0x0000024892204800 ConcurrentGCThread "G1 Refine#0" [stack: 0x0000006d11800000,0x0000006d11900000] [id=13208]
  0x0000024892206800 ConcurrentGCThread "G1 Refine#1" [stack: 0x0000006d11700000,0x0000006d11800000] [id=12564]
  0x0000024892209800 ConcurrentGCThread "G1 Refine#2" [stack: 0x0000006d11600000,0x0000006d11700000] [id=21824]
  0x0000024892209000 ConcurrentGCThread "G1 Refine#3" [stack: 0x0000006d11500000,0x0000006d11600000] [id=20728]
  0x0000024892dc5800 ConcurrentGCThread "G1 Refine#4" [stack: 0x0000006d11400000,0x0000006d11500000] [id=896]
  0x000002488cdd1800 ConcurrentGCThread "G1 Refine#5" [stack: 0x0000006d11300000,0x0000006d11400000] [id=20876]
  0x00000248999ce800 ConcurrentGCThread "G1 Refine#6" [stack: 0x0000006d11200000,0x0000006d11300000] [id=19044]
  0x0000024897b65000 ConcurrentGCThread "G1 Refine#7" [stack: 0x0000006d11100000,0x0000006d11200000] [id=19672]
  0x0000024897bae800 ConcurrentGCThread "G1 Young RemSet Sampling" [stack: 0x0000006d11900000,0x0000006d11a00000] [id=13352]

Threads with active compile tasks:

VM state:not at safepoint (normal execution)

VM Mutex/Monitor currently owned by a thread: None

Heap address: 0x0000000700000000, size: 3072 MB, Compressed Oops mode: Zero based, Oop shift amount: 3
Narrow klass base: 0x0000000000000000, Narrow klass shift: 3
Compressed class space size: 1073741824 Address: 0x00000007c0000000

Heap:
 garbage-first heap   total 277504K, used 142775K [0x0000000700000000, 0x0000000700100878, 0x00000007c0000000)
  region size 1024K, 55 young (56320K), 1 survivors (1024K)
 Metaspace       used 88195K, capacity 94413K, committed 94544K, reserved 1130496K
  class space    used 12005K, capacity 13101K, committed 13180K, reserved 1048576K
Heap Regions: E=young(eden), S=young(survivor), O=old, HS=humongous(starts), HC=humongous(continues), CS=collection set, F=free, A=archive, TS=gc time stamp, AC=allocation context, TAMS=top-at-mark-start (previous, next)
|   0|0x0000000700000000, 0x00000007000f7f78, 0x0000000700100000| 96%| O|  |TS  0|AC  0|TAMS 0x0000000700000000, 0x0000000700000000|
|   1|0x0000000700100000, 0x00000007001e0650, 0x0000000700200000| 87%| O|  |TS  0|AC  0|TAMS 0x0000000700100000, 0x0000000700100000|
|   2|0x0000000700200000, 0x00000007002c4ad0, 0x0000000700300000| 76%| O|  |TS  0|AC  0|TAMS 0x0000000700200000, 0x0000000700200000|
|   3|0x0000000700300000, 0x00000007003e6c98, 0x0000000700400000| 90%| O|  |TS  0|AC  0|TAMS 0x0000000700300000, 0x0000000700300000|
|   4|0x0000000700400000, 0x0000000700500000, 0x0000000700500000|100%|HS|  |TS  0|AC  0|TAMS 0x0000000700400000, 0x0000000700400000|
|   5|0x0000000700500000, 0x0000000700600000, 0x0000000700600000|100%|HC|  |TS  0|AC  0|TAMS 0x0000000700500000, 0x0000000700500000|
|   6|0x0000000700600000, 0x0000000700700000, 0x0000000700700000|100%|HS|  |TS  0|AC  0|TAMS 0x0000000700600000, 0x0000000700600000|
|   7|0x0000000700700000, 0x00000007007fffd8, 0x0000000700800000| 99%| O|  |TS  0|AC  0|TAMS 0x0000000700700000, 0x0000000700700000|
|   8|0x0000000700800000, 0x00000007008f1b20, 0x0000000700900000| 94%| O|  |TS  0|AC  0|TAMS 0x0000000700800000, 0x0000000700800000|
|   9|0x0000000700900000, 0x00000007009ffff8, 0x0000000700a00000| 99%| O|  |TS  0|AC  0|TAMS 0x0000000700900000, 0x0000000700900000|
|  10|0x0000000700a00000, 0x0000000700afffb8, 0x0000000700b00000| 99%| O|  |TS  0|AC  0|TAMS 0x0000000700a00000, 0x0000000700a00000|
|  11|0x0000000700b00000, 0x0000000700c00000, 0x0000000700c00000|100%| O|  |TS  0|AC  0|TAMS 0x0000000700b00000, 0x0000000700b00000|
|  12|0x0000000700c00000, 0x0000000700cf6580, 0x0000000700d00000| 96%| O|  |TS  0|AC  0|TAMS 0x0000000700c00000, 0x0000000700c00000|
|  13|0x0000000700d00000, 0x0000000700dff938, 0x0000000700e00000| 99%| O|  |TS  0|AC  0|TAMS 0x0000000700d00000, 0x0000000700d00000|
|  14|0x0000000700e00000, 0x0000000700f00000, 0x0000000700f00000|100%| O|  |TS  0|AC  0|TAMS 0x0000000700e00000, 0x0000000700e00000|
|  15|0x0000000700f00000, 0x0000000700fb1f00, 0x0000000701000000| 69%| O|  |TS  0|AC  0|TAMS 0x0000000700f00000, 0x0000000700f00000|
|  16|0x0000000701000000, 0x00000007010fc170, 0x0000000701100000| 98%| O|  |TS  0|AC  0|TAMS 0x0000000701000000, 0x0000000701000000|
|  17|0x0000000701100000, 0x00000007011ffed0, 0x0000000701200000| 99%| O|  |TS  0|AC  0|TAMS 0x0000000701100000, 0x0000000701100000|
|  18|0x0000000701200000, 0x00000007012ffff8, 0x0000000701300000| 99%| O|  |TS  0|AC  0|TAMS 0x0000000701200000, 0x0000000701200000|
|  19|0x0000000701300000, 0x00000007013ffff8, 0x0000000701400000| 99%| O|  |TS  0|AC  0|TAMS 0x0000000701300000, 0x0000000701300000|
|  20|0x0000000701400000, 0x00000007014fff58, 0x0000000701500000| 99%| O|  |TS  0|AC  0|TAMS 0x0000000701400000, 0x0000000701400000|
|  21|0x0000000701500000, 0x0000000701600000, 0x0000000701600000|100%|HS|  |TS  0|AC  0|TAMS 0x0000000701500000, 0x0000000701500000|
|  22|0x0000000701600000, 0x0000000701700000, 0x0000000701700000|100%|HC|  |TS  0|AC  0|TAMS 0x0000000701600000, 0x0000000701600000|
|  23|0x0000000701700000, 0x00000007017fffc0, 0x0000000701800000| 99%| O|  |TS  0|AC  0|TAMS 0x0000000701700000, 0x0000000701700000|
|  24|0x0000000701800000, 0x00000007018fffe8, 0x0000000701900000| 99%| O|  |TS  0|AC  0|TAMS 0x0000000701800000, 0x0000000701800000|
|  25|0x0000000701900000, 0x00000007019fffe8, 0x0000000701a00000| 99%| O|  |TS  0|AC  0|TAMS 0x0000000701900000, 0x0000000701900000|
|  26|0x0000000701a00000, 0x0000000701afffd8, 0x0000000701b00000| 99%| O|  |TS  0|AC  0|TAMS 0x0000000701a00000, 0x0000000701a00000|
|  27|0x0000000701b00000, 0x0000000701c00000, 0x0000000701c00000|100%| O|  |TS  0|AC  0|TAMS 0x0000000701b00000, 0x0000000701b00000|
|  28|0x0000000701c00000, 0x0000000701cfffe0, 0x0000000701d00000| 99%| O|  |TS  0|AC  0|TAMS 0x0000000701c00000, 0x0000000701c00000|
|  29|0x0000000701d00000, 0x0000000701dffff0, 0x0000000701e00000| 99%| O|  |TS  0|AC  0|TAMS 0x0000000701d00000, 0x0000000701d00000|
|  30|0x0000000701e00000, 0x0000000701effff8, 0x0000000701f00000| 99%| O|  |TS  0|AC  0|TAMS 0x0000000701e00000, 0x0000000701e00000|
|  31|0x0000000701f00000, 0x0000000701ffffe0, 0x0000000702000000| 99%| O|  |TS  0|AC  0|TAMS 0x0000000701f00000, 0x0000000701f00000|
|  32|0x0000000702000000, 0x00000007020ffff8, 0x0000000702100000| 99%| O|  |TS  0|AC  0|TAMS 0x0000000702000000, 0x0000000702000000|
|  33|0x0000000702100000, 0x0000000702200000, 0x0000000702200000|100%| O|  |TS  0|AC  0|TAMS 0x0000000702100000, 0x0000000702100000|
|  34|0x0000000702200000, 0x00000007022ffff8, 0x0000000702300000| 99%| O|  |TS  0|AC  0|TAMS 0x0000000702200000, 0x0000000702200000|
|  35|0x0000000702300000, 0x00000007023ffff8, 0x0000000702400000| 99%| O|  |TS  0|AC  0|TAMS 0x0000000702300000, 0x0000000702300000|
|  36|0x0000000702400000, 0x0000000702500000, 0x0000000702500000|100%| O|  |TS  0|AC  0|TAMS 0x0000000702400000, 0x0000000702400000|
|  37|0x0000000702500000, 0x00000007025ffff0, 0x0000000702600000| 99%| O|  |TS  0|AC  0|TAMS 0x0000000702500000, 0x0000000702500000|
|  38|0x0000000702600000, 0x00000007026ffe30, 0x0000000702700000| 99%| O|  |TS  0|AC  0|TAMS 0x0000000702600000, 0x0000000702600000|
|  39|0x0000000702700000, 0x00000007027fffd8, 0x0000000702800000| 99%| O|  |TS  0|AC  0|TAMS 0x0000000702700000, 0x0000000702700000|
|  40|0x0000000702800000, 0x00000007028ffff8, 0x0000000702900000| 99%| O|  |TS  0|AC  0|TAMS 0x0000000702800000, 0x0000000702800000|
|  41|0x0000000702900000, 0x00000007029ffff8, 0x0000000702a00000| 99%| O|  |TS  0|AC  0|TAMS 0x0000000702900000, 0x0000000702900000|
|  42|0x0000000702a00000, 0x0000000702afffd8, 0x0000000702b00000| 99%| O|  |TS  0|AC  0|TAMS 0x0000000702a00000, 0x0000000702a00000|
|  43|0x0000000702b00000, 0x0000000702bffac8, 0x0000000702c00000| 99%| O|  |TS  0|AC  0|TAMS 0x0000000702b00000, 0x0000000702b00000|
|  44|0x0000000702c00000, 0x0000000702d00000, 0x0000000702d00000|100%| O|  |TS  0|AC  0|TAMS 0x0000000702c00000, 0x0000000702c00000|
|  45|0x0000000702d00000, 0x0000000702dffff0, 0x0000000702e00000| 99%| O|  |TS  0|AC  0|TAMS 0x0000000702d00000, 0x0000000702d00000|
|  46|0x0000000702e00000, 0x0000000702efffd0, 0x0000000702f00000| 99%| O|  |TS  0|AC  0|TAMS 0x0000000702e00000, 0x0000000702e00000|
|  47|0x0000000702f00000, 0x0000000703000000, 0x0000000703000000|100%| O|  |TS  0|AC  0|TAMS 0x0000000702f00000, 0x0000000702f00000|
|  48|0x0000000703000000, 0x00000007030ffff8, 0x0000000703100000| 99%| O|  |TS  0|AC  0|TAMS 0x0000000703000000, 0x0000000703000000|
|  49|0x0000000703100000, 0x00000007031ffe40, 0x0000000703200000| 99%| O|  |TS  0|AC  0|TAMS 0x0000000703100000, 0x0000000703100000|
|  50|0x0000000703200000, 0x0000000703300000, 0x0000000703300000|100%| O|  |TS  0|AC  0|TAMS 0x0000000703200000, 0x0000000703200000|
|  51|0x0000000703300000, 0x00000007033ffff8, 0x0000000703400000| 99%| O|  |TS  0|AC  0|TAMS 0x0000000703300000, 0x0000000703300000|
|  52|0x0000000703400000, 0x00000007034fffd8, 0x0000000703500000| 99%| O|  |TS  0|AC  0|TAMS 0x0000000703400000, 0x0000000703400000|
|  53|0x0000000703500000, 0x00000007035fff60, 0x0000000703600000| 99%| O|  |TS  0|AC  0|TAMS 0x0000000703500000, 0x0000000703500000|
|  54|0x0000000703600000, 0x00000007036fff58, 0x0000000703700000| 99%| O|  |TS  0|AC  0|TAMS 0x0000000703600000, 0x0000000703600000|
|  55|0x0000000703700000, 0x00000007037ffee8, 0x0000000703800000| 99%| O|  |TS  0|AC  0|TAMS 0x0000000703700000, 0x0000000703700000|
|  56|0x0000000703800000, 0x0000000703900000, 0x0000000703900000|100%| O|  |TS  0|AC  0|TAMS 0x0000000703800000, 0x0000000703800000|
|  57|0x0000000703900000, 0x0000000703a00000, 0x0000000703a00000|100%|HS|  |TS  0|AC  0|TAMS 0x0000000703900000, 0x0000000703900000|
|  58|0x0000000703a00000, 0x0000000703b00000, 0x0000000703b00000|100%| O|  |TS  0|AC  0|TAMS 0x0000000703a00000, 0x0000000703a00000|
|  59|0x0000000703b00000, 0x0000000703c00000, 0x0000000703c00000|100%|HS|  |TS  0|AC  0|TAMS 0x0000000703b00000, 0x0000000703b00000|
|  60|0x0000000703c00000, 0x0000000703cfffe0, 0x0000000703d00000| 99%| O|  |TS  0|AC  0|TAMS 0x0000000703c00000, 0x0000000703c00000|
|  61|0x0000000703d00000, 0x0000000703dfffa0, 0x0000000703e00000| 99%| O|  |TS  0|AC  0|TAMS 0x0000000703d00000, 0x0000000703d00000|
|  62|0x0000000703e00000, 0x0000000703f00000, 0x0000000703f00000|100%|HS|  |TS  0|AC  0|TAMS 0x0000000703e00000, 0x0000000703e00000|
|  63|0x0000000703f00000, 0x0000000703ffffb8, 0x0000000704000000| 99%| O|  |TS  0|AC  0|TAMS 0x0000000703f00000, 0x0000000703f00000|
|  64|0x0000000704000000, 0x00000007040ffeb8, 0x0000000704100000| 99%| O|  |TS  0|AC  0|TAMS 0x0000000704000000, 0x0000000704000000|
|  65|0x0000000704100000, 0x00000007041ffff0, 0x0000000704200000| 99%| O|  |TS  0|AC  0|TAMS 0x0000000704100000, 0x0000000704100000|
|  66|0x0000000704200000, 0x00000007042fffe8, 0x0000000704300000| 99%| O|  |TS  0|AC  0|TAMS 0x0000000704200000, 0x0000000704200000|
|  67|0x0000000704300000, 0x00000007043ffff0, 0x0000000704400000| 99%| O|  |TS  0|AC  0|TAMS 0x0000000704300000, 0x0000000704300000|
|  68|0x0000000704400000, 0x00000007044fe468, 0x0000000704500000| 99%| O|  |TS  0|AC  0|TAMS 0x0000000704400000, 0x0000000704400000|
|  69|0x0000000704500000, 0x00000007045fffe8, 0x0000000704600000| 99%| O|  |TS  0|AC  0|TAMS 0x0000000704500000, 0x0000000704500000|
|  70|0x0000000704600000, 0x00000007046ffff8, 0x0000000704700000| 99%| O|  |TS  0|AC  0|TAMS 0x0000000704600000, 0x0000000704600000|
|  71|0x0000000704700000, 0x0000000704800000, 0x0000000704800000|100%| O|  |TS  0|AC  0|TAMS 0x0000000704700000, 0x0000000704700000|
|  72|0x0000000704800000, 0x0000000704900000, 0x0000000704900000|100%| O|  |TS  0|AC  0|TAMS 0x0000000704800000, 0x0000000704800000|
|  73|0x0000000704900000, 0x000000070496abb8, 0x0000000704a00000| 41%| O|  |TS  0|AC  0|TAMS 0x0000000704900000, 0x0000000704900000|
|  74|0x0000000704a00000, 0x0000000704a00000, 0x0000000704b00000|  0%| F|  |TS 27|AC  0|TAMS 0x0000000704a00000, 0x0000000704a00000|
|  75|0x0000000704b00000, 0x0000000704b00000, 0x0000000704c00000|  0%| F|  |TS 27|AC  0|TAMS 0x0000000704b00000, 0x0000000704b00000|
|  76|0x0000000704c00000, 0x0000000704d00000, 0x0000000704d00000|100%|HS|  |TS  0|AC  0|TAMS 0x0000000704c00000, 0x0000000704c00000|
|  77|0x0000000704d00000, 0x0000000704e00000, 0x0000000704e00000|100%|HC|  |TS  0|AC  0|TAMS 0x0000000704d00000, 0x0000000704d00000|
|  78|0x0000000704e00000, 0x0000000704f00000, 0x0000000704f00000|100%| O|  |TS 23|AC  0|TAMS 0x0000000704e00000, 0x0000000704e00000|
|  79|0x0000000704f00000, 0x0000000705000000, 0x0000000705000000|100%| O|  |TS 23|AC  0|TAMS 0x0000000704f00000, 0x0000000704f00000|
|  80|0x0000000705000000, 0x0000000705045800, 0x0000000705100000| 27%| O|  |TS 33|AC  0|TAMS 0x0000000705000000, 0x0000000705000000|
|  81|0x0000000705100000, 0x0000000705200000, 0x0000000705200000|100%|HS|  |TS  0|AC  0|TAMS 0x0000000705100000, 0x0000000705100000|
|  82|0x0000000705200000, 0x0000000705300000, 0x0000000705300000|100%|HC|  |TS  0|AC  0|TAMS 0x0000000705200000, 0x0000000705200000|
|  83|0x0000000705300000, 0x0000000705300000, 0x0000000705400000|  0%| F|  |TS  0|AC  0|TAMS 0x0000000705300000, 0x0000000705300000|
|  84|0x0000000705400000, 0x0000000705400000, 0x0000000705500000|  0%| F|  |TS  0|AC  0|TAMS 0x0000000705400000, 0x0000000705400000|
|  85|0x0000000705500000, 0x0000000705600000, 0x0000000705600000|100%|HS|  |TS  0|AC  0|TAMS 0x0000000705500000, 0x0000000705500000|
|  86|0x0000000705600000, 0x0000000705700000, 0x0000000705700000|100%|HC|  |TS  0|AC  0|TAMS 0x0000000705600000, 0x0000000705600000|
|  87|0x0000000705700000, 0x0000000705800000, 0x0000000705800000|100%|HC|  |TS  0|AC  0|TAMS 0x0000000705700000, 0x0000000705700000|
|  88|0x0000000705800000, 0x0000000705900000, 0x0000000705900000|100%|HC|  |TS  0|AC  0|TAMS 0x0000000705800000, 0x0000000705800000|
|  89|0x0000000705900000, 0x0000000705a00000, 0x0000000705a00000|100%|HC|  |TS  0|AC  0|TAMS 0x0000000705900000, 0x0000000705900000|
|  90|0x0000000705a00000, 0x0000000705b00000, 0x0000000705b00000|100%|HC|  |TS  0|AC  0|TAMS 0x0000000705a00000, 0x0000000705a00000|
|  91|0x0000000705b00000, 0x0000000705c00000, 0x0000000705c00000|100%|HC|  |TS  0|AC  0|TAMS 0x0000000705b00000, 0x0000000705b00000|
|  92|0x0000000705c00000, 0x0000000705c00000, 0x0000000705d00000|  0%| F|  |TS  0|AC  0|TAMS 0x0000000705c00000, 0x0000000705c00000|
|  93|0x0000000705d00000, 0x0000000705d00000, 0x0000000705e00000|  0%| F|  |TS  0|AC  0|TAMS 0x0000000705d00000, 0x0000000705d00000|
|  94|0x0000000705e00000, 0x0000000705e00000, 0x0000000705f00000|  0%| F|  |TS  0|AC  0|TAMS 0x0000000705e00000, 0x0000000705e00000|
|  95|0x0000000705f00000, 0x0000000705f00000, 0x0000000706000000|  0%| F|  |TS  0|AC  0|TAMS 0x0000000705f00000, 0x0000000705f00000|
|  96|0x0000000706000000, 0x0000000706000000, 0x0000000706100000|  0%| F|  |TS  0|AC  0|TAMS 0x0000000706000000, 0x0000000706000000|
|  97|0x0000000706100000, 0x0000000706100000, 0x0000000706200000|  0%| F|  |TS  0|AC  0|TAMS 0x0000000706100000, 0x0000000706100000|
|  98|0x0000000706200000, 0x0000000706200000, 0x0000000706300000|  0%| F|  |TS  0|AC  0|TAMS 0x0000000706200000, 0x0000000706200000|
|  99|0x0000000706300000, 0x0000000706300000, 0x0000000706400000|  0%| F|  |TS  0|AC  0|TAMS 0x0000000706300000, 0x0000000706300000|
| 100|0x0000000706400000, 0x0000000706400000, 0x0000000706500000|  0%| F|  |TS  0|AC  0|TAMS 0x0000000706400000, 0x0000000706400000|
| 101|0x0000000706500000, 0x0000000706500000, 0x0000000706600000|  0%| F|  |TS  0|AC  0|TAMS 0x0000000706500000, 0x0000000706500000|
| 102|0x0000000706600000, 0x0000000706600000, 0x0000000706700000|  0%| F|  |TS  0|AC  0|TAMS 0x0000000706600000, 0x0000000706600000|
| 103|0x0000000706700000, 0x0000000706700000, 0x0000000706800000|  0%| F|  |TS  0|AC  0|TAMS 0x0000000706700000, 0x0000000706700000|
| 104|0x0000000706800000, 0x0000000706800000, 0x0000000706900000|  0%| F|  |TS  0|AC  0|TAMS 0x0000000706800000, 0x0000000706800000|
| 105|0x0000000706900000, 0x0000000706900000, 0x0000000706a00000|  0%| F|  |TS  0|AC  0|TAMS 0x0000000706900000, 0x0000000706900000|
| 106|0x0000000706a00000, 0x0000000706a00000, 0x0000000706b00000|  0%| F|  |TS  0|AC  0|TAMS 0x0000000706a00000, 0x0000000706a00000|
| 107|0x0000000706b00000, 0x0000000706b00000, 0x0000000706c00000|  0%| F|  |TS  0|AC  0|TAMS 0x0000000706b00000, 0x0000000706b00000|
| 108|0x0000000706c00000, 0x0000000706c00000, 0x0000000706d00000|  0%| F|  |TS  0|AC  0|TAMS 0x0000000706c00000, 0x0000000706c00000|
| 109|0x0000000706d00000, 0x0000000706d00000, 0x0000000706e00000|  0%| F|  |TS  0|AC  0|TAMS 0x0000000706d00000, 0x0000000706d00000|
| 110|0x0000000706e00000, 0x0000000706e00000, 0x0000000706f00000|  0%| F|  |TS  0|AC  0|TAMS 0x0000000706e00000, 0x0000000706e00000|
| 111|0x0000000706f00000, 0x0000000706f00000, 0x0000000707000000|  0%| F|  |TS  0|AC  0|TAMS 0x0000000706f00000, 0x0000000706f00000|
| 112|0x0000000707000000, 0x0000000707000000, 0x0000000707100000|  0%| F|  |TS  0|AC  0|TAMS 0x0000000707000000, 0x0000000707000000|
| 113|0x0000000707100000, 0x0000000707100000, 0x0000000707200000|  0%| F|  |TS  0|AC  0|TAMS 0x0000000707100000, 0x0000000707100000|
| 114|0x0000000707200000, 0x0000000707200000, 0x0000000707300000|  0%| F|  |TS  0|AC  0|TAMS 0x0000000707200000, 0x0000000707200000|
| 115|0x0000000707300000, 0x0000000707300000, 0x0000000707400000|  0%| F|  |TS  0|AC  0|TAMS 0x0000000707300000, 0x0000000707300000|
| 116|0x0000000707400000, 0x0000000707400000, 0x0000000707500000|  0%| F|  |TS  0|AC  0|TAMS 0x0000000707400000, 0x0000000707400000|
| 117|0x0000000707500000, 0x0000000707500000, 0x0000000707600000|  0%| F|  |TS  0|AC  0|TAMS 0x0000000707500000, 0x0000000707500000|
| 118|0x0000000707600000, 0x0000000707600000, 0x0000000707700000|  0%| F|  |TS  0|AC  0|TAMS 0x0000000707600000, 0x0000000707600000|
| 119|0x0000000707700000, 0x0000000707700000, 0x0000000707800000|  0%| F|  |TS  0|AC  0|TAMS 0x0000000707700000, 0x0000000707700000|
| 120|0x0000000707800000, 0x0000000707800000, 0x0000000707900000|  0%| F|  |TS  0|AC  0|TAMS 0x0000000707800000, 0x0000000707800000|
| 121|0x0000000707900000, 0x0000000707900000, 0x0000000707a00000|  0%| F|  |TS  0|AC  0|TAMS 0x0000000707900000, 0x0000000707900000|
| 122|0x0000000707a00000, 0x0000000707a00000, 0x0000000707b00000|  0%| F|  |TS  0|AC  0|TAMS 0x0000000707a00000, 0x0000000707a00000|
| 123|0x0000000707b00000, 0x0000000707b00000, 0x0000000707c00000|  0%| F|  |TS  0|AC  0|TAMS 0x0000000707b00000, 0x0000000707b00000|
| 124|0x0000000707c00000, 0x0000000707c00000, 0x0000000707d00000|  0%| F|  |TS  0|AC  0|TAMS 0x0000000707c00000, 0x0000000707c00000|
| 125|0x0000000707d00000, 0x0000000707d00000, 0x0000000707e00000|  0%| F|  |TS  0|AC  0|TAMS 0x0000000707d00000, 0x0000000707d00000|
| 126|0x0000000707e00000, 0x0000000707e00000, 0x0000000707f00000|  0%| F|  |TS  0|AC  0|TAMS 0x0000000707e00000, 0x0000000707e00000|
| 127|0x0000000707f00000, 0x0000000707f00000, 0x0000000708000000|  0%| F|  |TS  0|AC  0|TAMS 0x0000000707f00000, 0x0000000707f00000|
| 128|0x0000000708000000, 0x0000000708000000, 0x0000000708100000|  0%| F|  |TS  0|AC  0|TAMS 0x0000000708000000, 0x0000000708000000|
| 129|0x0000000708100000, 0x0000000708100000, 0x0000000708200000|  0%| F|  |TS  0|AC  0|TAMS 0x0000000708100000, 0x0000000708100000|
| 130|0x0000000708200000, 0x0000000708200000, 0x0000000708300000|  0%| F|  |TS  0|AC  0|TAMS 0x0000000708200000, 0x0000000708200000|
| 131|0x0000000708300000, 0x0000000708300000, 0x0000000708400000|  0%| F|  |TS  0|AC  0|TAMS 0x0000000708300000, 0x0000000708300000|
| 132|0x0000000708400000, 0x0000000708400000, 0x0000000708500000|  0%| F|  |TS  0|AC  0|TAMS 0x0000000708400000, 0x0000000708400000|
| 133|0x0000000708500000, 0x0000000708500000, 0x0000000708600000|  0%| F|  |TS  0|AC  0|TAMS 0x0000000708500000, 0x0000000708500000|
| 134|0x0000000708600000, 0x0000000708600000, 0x0000000708700000|  0%| F|  |TS  0|AC  0|TAMS 0x0000000708600000, 0x0000000708600000|
| 135|0x0000000708700000, 0x0000000708700000, 0x0000000708800000|  0%| F|  |TS  0|AC  0|TAMS 0x0000000708700000, 0x0000000708700000|
| 136|0x0000000708800000, 0x0000000708800000, 0x0000000708900000|  0%| F|  |TS  0|AC  0|TAMS 0x0000000708800000, 0x0000000708800000|
| 137|0x0000000708900000, 0x0000000708900000, 0x0000000708a00000|  0%| F|  |TS  0|AC  0|TAMS 0x0000000708900000, 0x0000000708900000|
| 138|0x0000000708a00000, 0x0000000708a00000, 0x0000000708b00000|  0%| F|  |TS  0|AC  0|TAMS 0x0000000708a00000, 0x0000000708a00000|
| 139|0x0000000708b00000, 0x0000000708b00000, 0x0000000708c00000|  0%| F|  |TS  0|AC  0|TAMS 0x0000000708b00000, 0x0000000708b00000|
| 140|0x0000000708c00000, 0x0000000708c00000, 0x0000000708d00000|  0%| F|  |TS  0|AC  0|TAMS 0x0000000708c00000, 0x0000000708c00000|
| 141|0x0000000708d00000, 0x0000000708d00000, 0x0000000708e00000|  0%| F|  |TS  0|AC  0|TAMS 0x0000000708d00000, 0x0000000708d00000|
| 142|0x0000000708e00000, 0x0000000708e00000, 0x0000000708f00000|  0%| F|  |TS  0|AC  0|TAMS 0x0000000708e00000, 0x0000000708e00000|
| 143|0x0000000708f00000, 0x0000000708f00000, 0x0000000709000000|  0%| F|  |TS  0|AC  0|TAMS 0x0000000708f00000, 0x0000000708f00000|
| 144|0x0000000709000000, 0x0000000709000000, 0x0000000709100000|  0%| F|  |TS  0|AC  0|TAMS 0x0000000709000000, 0x0000000709000000|
| 145|0x0000000709100000, 0x0000000709100000, 0x0000000709200000|  0%| F|  |TS  0|AC  0|TAMS 0x0000000709100000, 0x0000000709100000|
| 146|0x0000000709200000, 0x0000000709200000, 0x0000000709300000|  0%| F|  |TS  0|AC  0|TAMS 0x0000000709200000, 0x0000000709200000|
| 147|0x0000000709300000, 0x0000000709300000, 0x0000000709400000|  0%| F|  |TS  0|AC  0|TAMS 0x0000000709300000, 0x0000000709300000|
| 148|0x0000000709400000, 0x0000000709400000, 0x0000000709500000|  0%| F|  |TS  0|AC  0|TAMS 0x0000000709400000, 0x0000000709400000|
| 149|0x0000000709500000, 0x0000000709500000, 0x0000000709600000|  0%| F|  |TS  0|AC  0|TAMS 0x0000000709500000, 0x0000000709500000|
| 150|0x0000000709600000, 0x0000000709600000, 0x0000000709700000|  0%| F|  |TS  0|AC  0|TAMS 0x0000000709600000, 0x0000000709600000|
| 151|0x0000000709700000, 0x0000000709700000, 0x0000000709800000|  0%| F|  |TS  0|AC  0|TAMS 0x0000000709700000, 0x0000000709700000|
| 152|0x0000000709800000, 0x0000000709800000, 0x0000000709900000|  0%| F|  |TS  0|AC  0|TAMS 0x0000000709800000, 0x0000000709800000|
| 153|0x0000000709900000, 0x0000000709900000, 0x0000000709a00000|  0%| F|  |TS  0|AC  0|TAMS 0x0000000709900000, 0x0000000709900000|
| 154|0x0000000709a00000, 0x0000000709a00000, 0x0000000709b00000|  0%| F|  |TS  0|AC  0|TAMS 0x0000000709a00000, 0x0000000709a00000|
| 155|0x0000000709b00000, 0x0000000709b00000, 0x0000000709c00000|  0%| F|  |TS  0|AC  0|TAMS 0x0000000709b00000, 0x0000000709b00000|
| 156|0x0000000709c00000, 0x0000000709c00000, 0x0000000709d00000|  0%| F|  |TS  0|AC  0|TAMS 0x0000000709c00000, 0x0000000709c00000|
| 157|0x0000000709d00000, 0x0000000709d00000, 0x0000000709e00000|  0%| F|  |TS  0|AC  0|TAMS 0x0000000709d00000, 0x0000000709d00000|
| 158|0x0000000709e00000, 0x0000000709e00000, 0x0000000709f00000|  0%| F|  |TS  0|AC  0|TAMS 0x0000000709e00000, 0x0000000709e00000|
| 159|0x0000000709f00000, 0x0000000709f00000, 0x000000070a000000|  0%| F|  |TS  0|AC  0|TAMS 0x0000000709f00000, 0x0000000709f00000|
| 160|0x000000070a000000, 0x000000070a000000, 0x000000070a100000|  0%| F|  |TS  0|AC  0|TAMS 0x000000070a000000, 0x000000070a000000|
| 161|0x000000070a100000, 0x000000070a100000, 0x000000070a200000|  0%| F|  |TS  0|AC  0|TAMS 0x000000070a100000, 0x000000070a100000|
| 162|0x000000070a200000, 0x000000070a200000, 0x000000070a300000|  0%| F|  |TS  0|AC  0|TAMS 0x000000070a200000, 0x000000070a200000|
| 163|0x000000070a300000, 0x000000070a300000, 0x000000070a400000|  0%| F|  |TS  0|AC  0|TAMS 0x000000070a300000, 0x000000070a300000|
| 164|0x000000070a400000, 0x000000070a400000, 0x000000070a500000|  0%| F|  |TS  0|AC  0|TAMS 0x000000070a400000, 0x000000070a400000|
| 165|0x000000070a500000, 0x000000070a500000, 0x000000070a600000|  0%| F|  |TS  0|AC  0|TAMS 0x000000070a500000, 0x000000070a500000|
| 166|0x000000070a600000, 0x000000070a600000, 0x000000070a700000|  0%| F|  |TS  0|AC  0|TAMS 0x000000070a600000, 0x000000070a600000|
| 167|0x000000070a700000, 0x000000070a700000, 0x000000070a800000|  0%| F|  |TS  0|AC  0|TAMS 0x000000070a700000, 0x000000070a700000|
| 168|0x000000070a800000, 0x000000070a800000, 0x000000070a900000|  0%| F|  |TS  0|AC  0|TAMS 0x000000070a800000, 0x000000070a800000|
| 169|0x000000070a900000, 0x000000070a900000, 0x000000070aa00000|  0%| F|  |TS  0|AC  0|TAMS 0x000000070a900000, 0x000000070a900000|
| 170|0x000000070aa00000, 0x000000070aa00000, 0x000000070ab00000|  0%| F|  |TS  0|AC  0|TAMS 0x000000070aa00000, 0x000000070aa00000|
| 171|0x000000070ab00000, 0x000000070ab00000, 0x000000070ac00000|  0%| F|  |TS  0|AC  0|TAMS 0x000000070ab00000, 0x000000070ab00000|
| 172|0x000000070ac00000, 0x000000070ac00000, 0x000000070ad00000|  0%| F|  |TS  0|AC  0|TAMS 0x000000070ac00000, 0x000000070ac00000|
| 173|0x000000070ad00000, 0x000000070ad00000, 0x000000070ae00000|  0%| F|  |TS  0|AC  0|TAMS 0x000000070ad00000, 0x000000070ad00000|
| 174|0x000000070ae00000, 0x000000070ae00000, 0x000000070af00000|  0%| F|  |TS  0|AC  0|TAMS 0x000000070ae00000, 0x000000070ae00000|
| 175|0x000000070af00000, 0x000000070af00000, 0x000000070b000000|  0%| F|  |TS  0|AC  0|TAMS 0x000000070af00000, 0x000000070af00000|
| 176|0x000000070b000000, 0x000000070b000000, 0x000000070b100000|  0%| F|  |TS  0|AC  0|TAMS 0x000000070b000000, 0x000000070b000000|
| 177|0x000000070b100000, 0x000000070b100000, 0x000000070b200000|  0%| F|  |TS  0|AC  0|TAMS 0x000000070b100000, 0x000000070b100000|
| 178|0x000000070b200000, 0x000000070b200000, 0x000000070b300000|  0%| F|  |TS  0|AC  0|TAMS 0x000000070b200000, 0x000000070b200000|
| 179|0x000000070b300000, 0x000000070b300000, 0x000000070b400000|  0%| F|  |TS  0|AC  0|TAMS 0x000000070b300000, 0x000000070b300000|
| 180|0x000000070b400000, 0x000000070b400000, 0x000000070b500000|  0%| F|  |TS  0|AC  0|TAMS 0x000000070b400000, 0x000000070b400000|
| 181|0x000000070b500000, 0x000000070b500000, 0x000000070b600000|  0%| F|  |TS  0|AC  0|TAMS 0x000000070b500000, 0x000000070b500000|
| 182|0x000000070b600000, 0x000000070b600000, 0x000000070b700000|  0%| F|  |TS  0|AC  0|TAMS 0x000000070b600000, 0x000000070b600000|
| 183|0x000000070b700000, 0x000000070b700000, 0x000000070b800000|  0%| F|  |TS  0|AC  0|TAMS 0x000000070b700000, 0x000000070b700000|
| 184|0x000000070b800000, 0x000000070b800000, 0x000000070b900000|  0%| F|  |TS  0|AC  0|TAMS 0x000000070b800000, 0x000000070b800000|
| 185|0x000000070b900000, 0x000000070b900000, 0x000000070ba00000|  0%| F|  |TS  0|AC  0|TAMS 0x000000070b900000, 0x000000070b900000|
| 186|0x000000070ba00000, 0x000000070ba00000, 0x000000070bb00000|  0%| F|  |TS  0|AC  0|TAMS 0x000000070ba00000, 0x000000070ba00000|
| 187|0x000000070bb00000, 0x000000070bb00000, 0x000000070bc00000|  0%| F|  |TS  0|AC  0|TAMS 0x000000070bb00000, 0x000000070bb00000|
| 188|0x000000070bc00000, 0x000000070bc00000, 0x000000070bd00000|  0%| F|  |TS  0|AC  0|TAMS 0x000000070bc00000, 0x000000070bc00000|
| 189|0x000000070bd00000, 0x000000070bd00000, 0x000000070be00000|  0%| F|  |TS  0|AC  0|TAMS 0x000000070bd00000, 0x000000070bd00000|
| 190|0x000000070be00000, 0x000000070be00000, 0x000000070bf00000|  0%| F|  |TS  0|AC  0|TAMS 0x000000070be00000, 0x000000070be00000|
| 191|0x000000070bf00000, 0x000000070bf00000, 0x000000070c000000|  0%| F|  |TS  0|AC  0|TAMS 0x000000070bf00000, 0x000000070bf00000|
| 192|0x000000070c000000, 0x000000070c000000, 0x000000070c100000|  0%| F|  |TS  0|AC  0|TAMS 0x000000070c000000, 0x000000070c000000|
| 193|0x000000070c100000, 0x000000070c100000, 0x000000070c200000|  0%| F|  |TS  0|AC  0|TAMS 0x000000070c100000, 0x000000070c100000|
| 194|0x000000070c200000, 0x000000070c200000, 0x000000070c300000|  0%| F|  |TS  0|AC  0|TAMS 0x000000070c200000, 0x000000070c200000|
| 195|0x000000070c300000, 0x000000070c300000, 0x000000070c400000|  0%| F|  |TS  0|AC  0|TAMS 0x000000070c300000, 0x000000070c300000|
| 196|0x000000070c400000, 0x000000070c400000, 0x000000070c500000|  0%| F|  |TS  0|AC  0|TAMS 0x000000070c400000, 0x000000070c400000|
| 197|0x000000070c500000, 0x000000070c500000, 0x000000070c600000|  0%| F|  |TS  0|AC  0|TAMS 0x000000070c500000, 0x000000070c500000|
| 198|0x000000070c600000, 0x000000070c600000, 0x000000070c700000|  0%| F|  |TS  0|AC  0|TAMS 0x000000070c600000, 0x000000070c600000|
| 199|0x000000070c700000, 0x000000070c700000, 0x000000070c800000|  0%| F|  |TS  0|AC  0|TAMS 0x000000070c700000, 0x000000070c700000|
| 200|0x000000070c800000, 0x000000070c800000, 0x000000070c900000|  0%| F|  |TS  0|AC  0|TAMS 0x000000070c800000, 0x000000070c800000|
| 201|0x000000070c900000, 0x000000070c900000, 0x000000070ca00000|  0%| F|  |TS  0|AC  0|TAMS 0x000000070c900000, 0x000000070c900000|
| 202|0x000000070ca00000, 0x000000070ca00000, 0x000000070cb00000|  0%| F|  |TS  0|AC  0|TAMS 0x000000070ca00000, 0x000000070ca00000|
| 203|0x000000070cb00000, 0x000000070cb00000, 0x000000070cc00000|  0%| F|  |TS  0|AC  0|TAMS 0x000000070cb00000, 0x000000070cb00000|
| 204|0x000000070cc00000, 0x000000070cc00000, 0x000000070cd00000|  0%| F|  |TS  0|AC  0|TAMS 0x000000070cc00000, 0x000000070cc00000|
| 205|0x000000070cd00000, 0x000000070cd00000, 0x000000070ce00000|  0%| F|  |TS  0|AC  0|TAMS 0x000000070cd00000, 0x000000070cd00000|
| 206|0x000000070ce00000, 0x000000070ce00000, 0x000000070cf00000|  0%| F|  |TS 23|AC  0|TAMS 0x000000070ce00000, 0x000000070ce00000|
| 207|0x000000070cf00000, 0x000000070cf00000, 0x000000070d000000|  0%| F|  |TS 23|AC  0|TAMS 0x000000070cf00000, 0x000000070cf00000|
| 208|0x000000070d000000, 0x000000070d000000, 0x000000070d100000|  0%| F|  |TS 23|AC  0|TAMS 0x000000070d000000, 0x000000070d000000|
| 209|0x000000070d100000, 0x000000070d100000, 0x000000070d200000|  0%| F|  |TS 33|AC  0|TAMS 0x000000070d100000, 0x000000070d100000|
| 210|0x000000070d200000, 0x000000070d200000, 0x000000070d300000|  0%| F|  |TS 31|AC  0|TAMS 0x000000070d200000, 0x000000070d200000|
| 211|0x000000070d300000, 0x000000070d3a6e68, 0x000000070d400000| 65%| S|CS|TS 33|AC  0|TAMS 0x000000070d300000, 0x000000070d300000|
| 212|0x000000070d400000, 0x000000070d400000, 0x000000070d500000|  0%| F|  |TS 33|AC  0|TAMS 0x000000070d400000, 0x000000070d400000|
| 213|0x000000070d500000, 0x000000070d500000, 0x000000070d600000|  0%| F|  |TS 33|AC  0|TAMS 0x000000070d500000, 0x000000070d500000|
| 214|0x000000070d600000, 0x000000070d600000, 0x000000070d700000|  0%| F|  |TS 33|AC  0|TAMS 0x000000070d600000, 0x000000070d600000|
| 215|0x000000070d700000, 0x000000070d700000, 0x000000070d800000|  0%| F|  |TS 33|AC  0|TAMS 0x000000070d700000, 0x000000070d700000|
| 216|0x000000070d800000, 0x000000070d800000, 0x000000070d900000|  0%| F|  |TS 33|AC  0|TAMS 0x000000070d800000, 0x000000070d800000|
| 217|0x000000070d900000, 0x000000070d9b2a30, 0x000000070da00000| 69%| E|  |TS 33|AC  0|TAMS 0x000000070d900000, 0x000000070d900000|
| 218|0x000000070da00000, 0x000000070db00000, 0x000000070db00000|100%| E|CS|TS 33|AC  0|TAMS 0x000000070da00000, 0x000000070da00000|
| 219|0x000000070db00000, 0x000000070dc00000, 0x000000070dc00000|100%| E|CS|TS 33|AC  0|TAMS 0x000000070db00000, 0x000000070db00000|
| 220|0x000000070dc00000, 0x000000070dd00000, 0x000000070dd00000|100%| E|CS|TS 33|AC  0|TAMS 0x000000070dc00000, 0x000000070dc00000|
| 221|0x000000070dd00000, 0x000000070de00000, 0x000000070de00000|100%| E|CS|TS 33|AC  0|TAMS 0x000000070dd00000, 0x000000070dd00000|
| 222|0x000000070de00000, 0x000000070df00000, 0x000000070df00000|100%| E|CS|TS 33|AC  0|TAMS 0x000000070de00000, 0x000000070de00000|
| 223|0x000000070df00000, 0x000000070e000000, 0x000000070e000000|100%| E|CS|TS 33|AC  0|TAMS 0x000000070df00000, 0x000000070df00000|
| 224|0x000000070e000000, 0x000000070e100000, 0x000000070e100000|100%| E|CS|TS 33|AC  0|TAMS 0x000000070e000000, 0x000000070e000000|
| 225|0x000000070e100000, 0x000000070e200000, 0x000000070e200000|100%| E|CS|TS 33|AC  0|TAMS 0x000000070e100000, 0x000000070e100000|
| 226|0x000000070e200000, 0x000000070e300000, 0x000000070e300000|100%| E|CS|TS 33|AC  0|TAMS 0x000000070e200000, 0x000000070e200000|
| 227|0x000000070e300000, 0x000000070e400000, 0x000000070e400000|100%| E|CS|TS 33|AC  0|TAMS 0x000000070e300000, 0x000000070e300000|
| 228|0x000000070e400000, 0x000000070e500000, 0x000000070e500000|100%| E|CS|TS 33|AC  0|TAMS 0x000000070e400000, 0x000000070e400000|
| 229|0x000000070e500000, 0x000000070e600000, 0x000000070e600000|100%| E|CS|TS 33|AC  0|TAMS 0x000000070e500000, 0x000000070e500000|
| 230|0x000000070e600000, 0x000000070e700000, 0x000000070e700000|100%| E|CS|TS 33|AC  0|TAMS 0x000000070e600000, 0x000000070e600000|
| 231|0x000000070e700000, 0x000000070e800000, 0x000000070e800000|100%| E|CS|TS 33|AC  0|TAMS 0x000000070e700000, 0x000000070e700000|
| 232|0x000000070e800000, 0x000000070e900000, 0x000000070e900000|100%| E|CS|TS 33|AC  0|TAMS 0x000000070e800000, 0x000000070e800000|
| 233|0x000000070e900000, 0x000000070ea00000, 0x000000070ea00000|100%| E|CS|TS 33|AC  0|TAMS 0x000000070e900000, 0x000000070e900000|
| 234|0x000000070ea00000, 0x000000070eb00000, 0x000000070eb00000|100%| E|CS|TS 33|AC  0|TAMS 0x000000070ea00000, 0x000000070ea00000|
| 235|0x000000070eb00000, 0x000000070ec00000, 0x000000070ec00000|100%| E|CS|TS 33|AC  0|TAMS 0x000000070eb00000, 0x000000070eb00000|
| 236|0x000000070ec00000, 0x000000070ed00000, 0x000000070ed00000|100%| E|CS|TS 33|AC  0|TAMS 0x000000070ec00000, 0x000000070ec00000|
| 237|0x000000070ed00000, 0x000000070ee00000, 0x000000070ee00000|100%| E|CS|TS 33|AC  0|TAMS 0x000000070ed00000, 0x000000070ed00000|
| 238|0x000000070ee00000, 0x000000070ef00000, 0x000000070ef00000|100%| E|CS|TS 33|AC  0|TAMS 0x000000070ee00000, 0x000000070ee00000|
| 239|0x000000070ef00000, 0x000000070f000000, 0x000000070f000000|100%| E|CS|TS 33|AC  0|TAMS 0x000000070ef00000, 0x000000070ef00000|
| 240|0x000000070f000000, 0x000000070f100000, 0x000000070f100000|100%| E|CS|TS 33|AC  0|TAMS 0x000000070f000000, 0x000000070f000000|
| 241|0x000000070f100000, 0x000000070f200000, 0x000000070f200000|100%| E|CS|TS 33|AC  0|TAMS 0x000000070f100000, 0x000000070f100000|
| 242|0x000000070f200000, 0x000000070f300000, 0x000000070f300000|100%| E|CS|TS 33|AC  0|TAMS 0x000000070f200000, 0x000000070f200000|
| 243|0x000000070f300000, 0x000000070f400000, 0x000000070f400000|100%| E|CS|TS 33|AC  0|TAMS 0x000000070f300000, 0x000000070f300000|
| 244|0x000000070f400000, 0x000000070f500000, 0x000000070f500000|100%| E|CS|TS 33|AC  0|TAMS 0x000000070f400000, 0x000000070f400000|
| 245|0x000000070f500000, 0x000000070f600000, 0x000000070f600000|100%| E|CS|TS 33|AC  0|TAMS 0x000000070f500000, 0x000000070f500000|
| 246|0x000000070f600000, 0x000000070f700000, 0x000000070f700000|100%| E|CS|TS 33|AC  0|TAMS 0x000000070f600000, 0x000000070f600000|
| 247|0x000000070f700000, 0x000000070f800000, 0x000000070f800000|100%| E|CS|TS 33|AC  0|TAMS 0x000000070f700000, 0x000000070f700000|
| 248|0x000000070f800000, 0x000000070f900000, 0x000000070f900000|100%| E|CS|TS 33|AC  0|TAMS 0x000000070f800000, 0x000000070f800000|
| 249|0x000000070f900000, 0x000000070fa00000, 0x000000070fa00000|100%| E|CS|TS 33|AC  0|TAMS 0x000000070f900000, 0x000000070f900000|
| 250|0x000000070fa00000, 0x000000070fb00000, 0x000000070fb00000|100%| E|CS|TS 33|AC  0|TAMS 0x000000070fa00000, 0x000000070fa00000|
| 251|0x000000070fb00000, 0x000000070fc00000, 0x000000070fc00000|100%| E|CS|TS 33|AC  0|TAMS 0x000000070fb00000, 0x000000070fb00000|
| 252|0x000000070fc00000, 0x000000070fd00000, 0x000000070fd00000|100%| E|CS|TS 33|AC  0|TAMS 0x000000070fc00000, 0x000000070fc00000|
| 253|0x000000070fd00000, 0x000000070fe00000, 0x000000070fe00000|100%| E|CS|TS 33|AC  0|TAMS 0x000000070fd00000, 0x000000070fd00000|
| 254|0x000000070fe00000, 0x000000070ff00000, 0x000000070ff00000|100%| E|CS|TS 33|AC  0|TAMS 0x000000070fe00000, 0x000000070fe00000|
| 255|0x000000070ff00000, 0x0000000710000000, 0x0000000710000000|100%| E|CS|TS 33|AC  0|TAMS 0x000000070ff00000, 0x000000070ff00000|
| 256|0x0000000710000000, 0x0000000710100000, 0x0000000710100000|100%| E|CS|TS 33|AC  0|TAMS 0x0000000710000000, 0x0000000710000000|
| 257|0x0000000710100000, 0x0000000710200000, 0x0000000710200000|100%| E|CS|TS 33|AC  0|TAMS 0x0000000710100000, 0x0000000710100000|
| 258|0x0000000710200000, 0x0000000710300000, 0x0000000710300000|100%| E|CS|TS 33|AC  0|TAMS 0x0000000710200000, 0x0000000710200000|
| 259|0x0000000710300000, 0x0000000710400000, 0x0000000710400000|100%| E|CS|TS 33|AC  0|TAMS 0x0000000710300000, 0x0000000710300000|
| 260|0x0000000710400000, 0x0000000710500000, 0x0000000710500000|100%| E|CS|TS 33|AC  0|TAMS 0x0000000710400000, 0x0000000710400000|
| 261|0x0000000710500000, 0x0000000710600000, 0x0000000710600000|100%| E|CS|TS 33|AC  0|TAMS 0x0000000710500000, 0x0000000710500000|
| 262|0x0000000710600000, 0x0000000710700000, 0x0000000710700000|100%| E|CS|TS 33|AC  0|TAMS 0x0000000710600000, 0x0000000710600000|
| 263|0x0000000710700000, 0x0000000710800000, 0x0000000710800000|100%| E|CS|TS 33|AC  0|TAMS 0x0000000710700000, 0x0000000710700000|
| 264|0x0000000710800000, 0x0000000710900000, 0x0000000710900000|100%| E|CS|TS 33|AC  0|TAMS 0x0000000710800000, 0x0000000710800000|
| 265|0x0000000710900000, 0x0000000710a00000, 0x0000000710a00000|100%| E|CS|TS 33|AC  0|TAMS 0x0000000710900000, 0x0000000710900000|
| 266|0x0000000710a00000, 0x0000000710b00000, 0x0000000710b00000|100%| E|CS|TS 33|AC  0|TAMS 0x0000000710a00000, 0x0000000710a00000|
| 267|0x0000000710b00000, 0x0000000710c00000, 0x0000000710c00000|100%| E|CS|TS 33|AC  0|TAMS 0x0000000710b00000, 0x0000000710b00000|
| 268|0x0000000710c00000, 0x0000000710d00000, 0x0000000710d00000|100%| E|CS|TS 33|AC  0|TAMS 0x0000000710c00000, 0x0000000710c00000|
| 269|0x0000000710d00000, 0x0000000710e00000, 0x0000000710e00000|100%| E|CS|TS 33|AC  0|TAMS 0x0000000710d00000, 0x0000000710d00000|
| 270|0x0000000710e00000, 0x0000000710f00000, 0x0000000710f00000|100%| E|CS|TS 33|AC  0|TAMS 0x0000000710e00000, 0x0000000710e00000|

Card table byte_map: [0x0000024895770000,0x0000024895d70000] byte_map_base: 0x0000024891f70000

Marking Bits (Prev, Next): (CMBitMap*) 0x0000024899b73a78, (CMBitMap*) 0x0000024899b73a40
 Prev Bits: [0x00000248b27a0000, 0x00000248b57a0000)
 Next Bits: [0x00000248af7a0000, 0x00000248b27a0000)

Polling page: 0x000002488cbb0000

CodeHeap 'non-profiled nmethods': size=120000Kb used=23038Kb max_used=23038Kb free=96961Kb
 bounds [0x00000248a8270000, 0x00000248a9900000, 0x00000248af7a0000]
CodeHeap 'profiled nmethods': size=120000Kb used=44286Kb max_used=46690Kb free=75713Kb
 bounds [0x00000248a0d40000, 0x00000248a3b60000, 0x00000248a8270000]
CodeHeap 'non-nmethods': size=5760Kb used=1783Kb max_used=1917Kb free=3976Kb
 bounds [0x00000248a07a0000, 0x00000248a0a10000, 0x00000248a0d40000]
 total_blobs=35734 nmethods=18569 adapters=1113
 compilation: enabled

Compilation events (10 events):
Event: 1746.956 Thread 0x00000248925f7000 nmethod 24435 0x00000248a25fa790 code [0x00000248a25fa960, 0x00000248a25fad50]
Event: 1746.958 Thread 0x00000248925f7000 24436       3       com.jidesoft.editor.status.AbstractCodeEditorStatusBarItem::setCodeEditor (48 bytes)
Event: 1746.959 Thread 0x00000248925f7000 nmethod 24436 0x00000248a263d410 code [0x00000248a263d5e0, 0x00000248a263da40]
Event: 1746.968 Thread 0x0000024892db3000 24437       4       javax.swing.JComboBox::getSelectedItem (10 bytes)
Event: 1746.968 Thread 0x0000024892db3000 nmethod 24437 0x00000248a98e8d10 code [0x00000248a98e8ea0, 0x00000248a98e8f58]
Event: 1746.969 Thread 0x00000248925f6800 24438 %     4       ui.utils.p.ag::s @ 26 (207 bytes)
Event: 1747.009 Thread 0x00000248925f6800 nmethod 24438% 0x00000248a98e9010 code [0x00000248a98e92a0, 0x00000248a98ea2d0]
Event: 1748.007 Thread 0x00000248925f7000 24439       1       java.awt.SequencedEvent::access$000 (5 bytes)
Event: 1748.008 Thread 0x00000248925f7000 nmethod 24439 0x00000248a98eb610 code [0x00000248a98eb7c0, 0x00000248a98eb8b8]
Event: 1748.053 Thread 0x000002489387f000 24440       4       javax.swing.text.html.parser.Parser::legalElementContext (824 bytes)

GC Heap History (10 events):
Event: 1668.167 GC heap before
{Heap before GC invocations=689 (full 340):
 garbage-first heap   total 277504K, used 151042K [0x0000000700000000, 0x0000000700100878, 0x00000007c0000000)
  region size 1024K, 60 young (61440K), 1 survivors (1024K)
 Metaspace       used 88121K, capacity 94349K, committed 94544K, reserved 1130496K
  class space    used 12005K, capacity 13101K, committed 13180K, reserved 1048576K
}
Event: 1668.173 GC heap after
{Heap after GC invocations=690 (full 340):
 garbage-first heap   total 277504K, used 90375K [0x0000000700000000, 0x0000000700100878, 0x00000007c0000000)
  region size 1024K, 1 young (1024K), 1 survivors (1024K)
 Metaspace       used 88121K, capacity 94349K, committed 94544K, reserved 1130496K
  class space    used 12005K, capacity 13101K, committed 13180K, reserved 1048576K
}
Event: 1681.104 GC heap before
{Heap before GC invocations=690 (full 340):
 garbage-first heap   total 277504K, used 150791K [0x0000000700000000, 0x0000000700100878, 0x00000007c0000000)
  region size 1024K, 60 young (61440K), 1 survivors (1024K)
 Metaspace       used 88131K, capacity 94349K, committed 94544K, reserved 1130496K
  class space    used 12005K, capacity 13101K, committed 13180K, reserved 1048576K
}
Event: 1681.106 GC heap after
{Heap after GC invocations=691 (full 340):
 garbage-first heap   total 277504K, used 88141K [0x0000000700000000, 0x0000000700100878, 0x00000007c0000000)
  region size 1024K, 1 young (1024K), 1 survivors (1024K)
 Metaspace       used 88131K, capacity 94349K, committed 94544K, reserved 1130496K
  class space    used 12005K, capacity 13101K, committed 13180K, reserved 1048576K
}
Event: 1707.199 GC heap before
{Heap before GC invocations=691 (full 340):
 garbage-first heap   total 277504K, used 148557K [0x0000000700000000, 0x0000000700100878, 0x00000007c0000000)
  region size 1024K, 60 young (61440K), 1 survivors (1024K)
 Metaspace       used 88141K, capacity 94349K, committed 94544K, reserved 1130496K
  class space    used 12005K, capacity 13101K, committed 13180K, reserved 1048576K
}
Event: 1707.206 GC heap after
{Heap after GC invocations=692 (full 340):
 garbage-first heap   total 277504K, used 88210K [0x0000000700000000, 0x0000000700100878, 0x00000007c0000000)
  region size 1024K, 1 young (1024K), 1 survivors (1024K)
 Metaspace       used 88141K, capacity 94349K, committed 94544K, reserved 1130496K
  class space    used 12005K, capacity 13101K, committed 13180K, reserved 1048576K
}
Event: 1738.608 GC heap before
{Heap before GC invocations=692 (full 340):
 garbage-first heap   total 277504K, used 148626K [0x0000000700000000, 0x0000000700100878, 0x00000007c0000000)
  region size 1024K, 61 young (62464K), 1 survivors (1024K)
 Metaspace       used 88143K, capacity 94413K, committed 94544K, reserved 1130496K
  class space    used 12005K, capacity 13101K, committed 13180K, reserved 1048576K
}
Event: 1738.610 GC heap after
{Heap after GC invocations=693 (full 340):
 garbage-first heap   total 277504K, used 88204K [0x0000000700000000, 0x0000000700100878, 0x00000007c0000000)
  region size 1024K, 1 young (1024K), 1 survivors (1024K)
 Metaspace       used 88143K, capacity 94413K, committed 94544K, reserved 1130496K
  class space    used 12005K, capacity 13101K, committed 13180K, reserved 1048576K
}
Event: 1746.078 GC heap before
{Heap before GC invocations=693 (full 340):
 garbage-first heap   total 277504K, used 148620K [0x0000000700000000, 0x0000000700100878, 0x00000007c0000000)
  region size 1024K, 60 young (61440K), 1 survivors (1024K)
 Metaspace       used 88191K, capacity 94413K, committed 94544K, reserved 1130496K
  class space    used 12005K, capacity 13101K, committed 13180K, reserved 1048576K
}
Event: 1746.081 GC heap after
{Heap after GC invocations=694 (full 340):
 garbage-first heap   total 277504K, used 88503K [0x0000000700000000, 0x0000000700100878, 0x00000007c0000000)
  region size 1024K, 1 young (1024K), 1 survivors (1024K)
 Metaspace       used 88191K, capacity 94413K, committed 94544K, reserved 1130496K
  class space    used 12005K, capacity 13101K, committed 13180K, reserved 1048576K
}

Deoptimization events (10 events):
Event: 1649.826 Thread 0x00000248b83f2000 Uncommon trap: reason=unstable_if action=reinterpret pc=0x00000248a90b3ca8 method=java.util.concurrent.FutureTask.get()Ljava/lang/Object; @ 7 c2
Event: 1650.910 Thread 0x00000248b83f2000 Uncommon trap: reason=unstable_if action=reinterpret pc=0x00000248a97c94f8 method=java.awt.ModalEventFilter.acceptEvent(Ljava/awt/AWTEvent;)Ljava/awt/EventFilter$FilterAction; @ 58 c2
Event: 1650.923 Thread 0x00000248b83f2000 Uncommon trap: reason=class_check action=maybe_recompile pc=0x00000248a947b72c method=java.awt.dnd.DropTarget.removeNotify()V @ 12 c2
Event: 1650.923 Thread 0x00000248b83f2000 Uncommon trap: reason=class_check action=maybe_recompile pc=0x00000248a947b72c method=java.awt.dnd.DropTarget.removeNotify()V @ 12 c2
Event: 1650.923 Thread 0x00000248b83f2000 Uncommon trap: reason=class_check action=maybe_recompile pc=0x00000248a947b72c method=java.awt.dnd.DropTarget.removeNotify()V @ 12 c2
Event: 1650.923 Thread 0x00000248b83f2000 Uncommon trap: reason=class_check action=maybe_recompile pc=0x00000248a947b72c method=java.awt.dnd.DropTarget.removeNotify()V @ 12 c2
Event: 1652.637 Thread 0x00000248b83f2000 Uncommon trap: reason=unstable_if action=reinterpret pc=0x00000248a9520040 method=java.awt.ModalEventFilter.acceptEvent(Ljava/awt/AWTEvent;)Ljava/awt/EventFilter$FilterAction; @ 58 c2
Event: 1720.934 Thread 0x00000248b83f2000 Uncommon trap: reason=unstable_if action=reinterpret pc=0x00000248a8532248 method=java.lang.String.indexOf(Ljava/lang/String;)I @ 15 c2
Event: 1720.934 Thread 0x00000248b83f2000 Uncommon trap: reason=unstable_if action=reinterpret pc=0x00000248a8b3c1c8 method=java.lang.String.indexOf([BBILjava/lang/String;I)I @ 66 c2
Event: 1720.990 Thread 0x00000248b83f2000 Uncommon trap: reason=unstable_if action=reinterpret pc=0x00000248a8ff4af8 method=java.lang.String.indexOf([BBILjava/lang/String;I)I @ 66 c2

Classes redefined (0 events):
No events

Internal exceptions (10 events):
Event: 919.468 Thread 0x00000248bfa26800 Exception <a 'java/lang/InterruptedException'{0x000000070cf06a98}: sleep interrupted> (0x000000070cf06a98) thrown at [t:/workspace/hotspot/src/share/vm/prims/jvm.cpp, line 3023]
Event: 1006.179 Thread 0x00000248bfa18000 Exception <a 'java/lang/InterruptedException'{0x000000070cea8fe8}: sleep interrupted> (0x000000070cea8fe8) thrown at [t:/workspace/hotspot/src/share/vm/prims/jvm.cpp, line 3023]
Event: 1049.387 Thread 0x00000248bfa18000 Exception <a 'java/lang/InterruptedException'{0x000000070e000978}: sleep interrupted> (0x000000070e000978) thrown at [t:/workspace/hotspot/src/share/vm/prims/jvm.cpp, line 2984]
Event: 1068.286 Thread 0x00000248bfa19800 Exception <a 'java/lang/InterruptedException'{0x000000070fb00040}: sleep interrupted> (0x000000070fb00040) thrown at [t:/workspace/hotspot/src/share/vm/prims/jvm.cpp, line 3023]
Event: 1069.378 Thread 0x00000248bfa1f800 Exception <a 'java/lang/InterruptedException'{0x000000070e6013b0}: sleep interrupted> (0x000000070e6013b0) thrown at [t:/workspace/hotspot/src/share/vm/prims/jvm.cpp, line 3023]
Event: 1106.579 Thread 0x00000248b83f2000 Exception <a 'java/awt/IllegalComponentStateException'{0x000000070e1f0898}> (0x000000070e1f0898) thrown at [t:/workspace/hotspot/src/share/vm/prims/jvm.cpp, line 1314]
Event: 1107.081 Thread 0x00000248b83f2000 Implicit null exception at 0x00000248a8be3a0a to 0x00000248a8be4f29
Event: 1241.312 Thread 0x00000248b83f2000 Exception <a 'java/awt/IllegalComponentStateException'{0x0000000710ecbde0}> (0x0000000710ecbde0) thrown at [t:/workspace/hotspot/src/share/vm/prims/jvm.cpp, line 1314]
Event: 1563.492 Thread 0x00000248b83f2000 Implicit null exception at 0x00000248a97c3f3b to 0x00000248a97c4631
Event: 1745.200 Thread 0x00000248bfa23800 Exception <a 'java/lang/InterruptedException'{0x000000070fa20718}: sleep interrupted> (0x000000070fa20718) thrown at [t:/workspace/hotspot/src/share/vm/prims/jvm.cpp, line 3023]

Events (10 events):
Event: 1746.936 Executing VM operation: RevokeBias done
Event: 1746.938 Executing VM operation: RevokeBias
Event: 1746.938 Executing VM operation: RevokeBias done
Event: 1746.994 Executing VM operation: BulkRevokeBias
Event: 1746.995 Executing VM operation: BulkRevokeBias done
Event: 1747.028 Thread 0x00000248bfa25000 Thread added: 0x00000248bfa25000
Event: 1747.031 Thread 0x00000248bfa25000 Thread exited: 0x00000248bfa25000
Event: 1747.063 Thread 0x00000248bfa21800 Thread exited: 0x00000248bfa21800
Event: 1748.091 Thread 0x00000248bfa21800 Thread added: 0x00000248bfa21800
Event: 1748.095 Thread 0x00000248bfa21800 Thread exited: 0x00000248bfa21800


Dynamic libraries:
0x00007ff6f8c90000 - 0x00007ff6f8cc0000 	D:\Applications\Xilinx\Vivado\2019.2\bin\unwrapped\win64.o\vivado.exe
0x00007ffcbf4b0000 - 0x00007ffcbf6c7000 	C:\WINDOWS\SYSTEM32\ntdll.dll
0x00007ffcbd440000 - 0x00007ffcbd504000 	C:\WINDOWS\System32\KERNEL32.DLL
0x00007ffcbc7d0000 - 0x00007ffcbcb77000 	C:\WINDOWS\System32\KERNELBASE.dll
0x00007ffcbcef0000 - 0x00007ffcbd001000 	C:\WINDOWS\System32\ucrtbase.dll
0x00007ffca8ae0000 - 0x00007ffca8b6d000 	C:\WINDOWS\SYSTEM32\MSVCP140.dll
0x00007ffcb4600000 - 0x00007ffcb4614000 	D:\Applications\Xilinx\Vivado\2019.2\lib\win64.o\libboost_signals.dll
0x00007ffcb3c90000 - 0x00007ffcb3ca6000 	D:\Applications\Xilinx\Vivado\2019.2\lib\win64.o\librdi_commonmain.dll
0x00007ffca9550000 - 0x00007ffca956d000 	C:\WINDOWS\SYSTEM32\VCRUNTIME140.dll
0x00007ffc68e90000 - 0x00007ffc69dd3000 	D:\Applications\Xilinx\Vivado\2019.2\lib\win64.o\librdi_common.dll
0x00007ffca9540000 - 0x00007ffca954c000 	C:\WINDOWS\SYSTEM32\VCRUNTIME140_1.dll
0x00007ffca3cb0000 - 0x00007ffca3cd6000 	D:\Applications\Xilinx\Vivado\2019.2\lib\win64.o\libboost_filesystem.dll
0x00007ffcbdd90000 - 0x00007ffcbde42000 	C:\WINDOWS\System32\ADVAPI32.dll
0x00007ffcbd290000 - 0x00007ffcbd43e000 	C:\WINDOWS\System32\USER32.dll
0x00007ffcbe810000 - 0x00007ffcbe8b7000 	C:\WINDOWS\System32\msvcrt.dll
0x00007ffcbcec0000 - 0x00007ffcbcee6000 	C:\WINDOWS\System32\win32u.dll
0x00007ffcb95f0000 - 0x00007ffcb95fa000 	D:\Applications\Xilinx\Vivado\2019.2\lib\win64.o\librdi_commonversion.dll
0x00007ffcbe8c0000 - 0x00007ffcbe968000 	C:\WINDOWS\System32\sechost.dll
0x00007ffca1e10000 - 0x00007ffca1fb1000 	D:\Applications\Xilinx\Vivado\2019.2\lib\win64.o\librdi_commonxillic.dll
0x00007ffcbf420000 - 0x00007ffcbf449000 	C:\WINDOWS\System32\GDI32.dll
0x00007ffcbd010000 - 0x00007ffcbd038000 	C:\WINDOWS\System32\bcrypt.dll
0x00007ffcbee80000 - 0x00007ffcbeef1000 	C:\WINDOWS\System32\WS2_32.dll
0x00007ffcbd0c0000 - 0x00007ffcbd1d9000 	C:\WINDOWS\System32\gdi32full.dll
0x00000000682e0000 - 0x000000006840b000 	D:\Applications\Xilinx\Vivado\2019.2\lib\win64.o\tcl85t.dll
0x00007ffcbd960000 - 0x00007ffcbda75000 	C:\WINDOWS\System32\RPCRT4.dll
0x00007ffcbccf0000 - 0x00007ffcbcd8a000 	C:\WINDOWS\System32\msvcp_win.dll
0x00007ffcbdf00000 - 0x00007ffcbe75c000 	C:\WINDOWS\System32\SHELL32.dll
0x00007ffc6c520000 - 0x00007ffc6c88e000 	D:\Applications\Xilinx\Vivado\2019.2\lib\win64.o\libCOIN-all.dll
0x00007ffca5d00000 - 0x00007ffca5d14000 	D:\Applications\Xilinx\Vivado\2019.2\lib\win64.o\libboost_date_time.dll
0x00007ffcb4f90000 - 0x00007ffcb4f9b000 	D:\Applications\Xilinx\Vivado\2019.2\lib\win64.o\libboost_system.dll
0x00007ffc8c480000 - 0x00007ffc8c594000 	D:\Applications\Xilinx\Vivado\2019.2\lib\win64.o\libboost_regex.dll
0x00007ffc8c5a0000 - 0x00007ffc8c61f000 	D:\Applications\Xilinx\Vivado\2019.2\lib\win64.o\libboost_program_options.dll
0x00007ffc9ac80000 - 0x00007ffc9aca1000 	D:\Applications\Xilinx\Vivado\2019.2\lib\win64.o\libboost_thread.dll
0x00007ffcb4f20000 - 0x00007ffcb4f2f000 	D:\Applications\Xilinx\Vivado\2019.2\lib\win64.o\libboost_xilinx.dll
0x00007ffc84260000 - 0x00007ffc842e2000 	D:\Applications\Xilinx\Vivado\2019.2\lib\win64.o\libhdlpsolve.dll
0x00007ffc841b0000 - 0x00007ffc84255000 	D:\Applications\Xilinx\Vivado\2019.2\lib\win64.o\libhdxml.dll
0x00007ffc99c40000 - 0x00007ffc99c6e000 	D:\Applications\Xilinx\Vivado\2019.2\lib\win64.o\libisl_sysinfo.dll
0x00007ffc8edc0000 - 0x00007ffc8ee25000 	D:\Applications\Xilinx\Vivado\2019.2\lib\win64.o\liblmx6.0.dll
0x00007ffca5be0000 - 0x00007ffca5bfa000 	D:\Applications\Xilinx\Vivado\2019.2\lib\win64.o\pthreadVC2.dll
0x00007ffca5540000 - 0x00007ffca555c000 	D:\Applications\Xilinx\Vivado\2019.2\lib\win64.o\librdiconfig.dll
0x00007ffc98140000 - 0x00007ffc98161000 	D:\Applications\Xilinx\Vivado\2019.2\lib\win64.o\librdizlib.dll
0x0000000012000000 - 0x0000000012270000 	D:\Applications\Xilinx\Vivado\2019.2\lib\win64.o\xerces-c_3_1.dll
0x00007ffc6c240000 - 0x00007ffc6c51b000 	D:\Applications\Xilinx\Vivado\2019.2\lib\win64.o\libXil_lmgr11.dll
0x00007ffcbd510000 - 0x00007ffcbd607000 	C:\WINDOWS\System32\COMDLG32.dll
0x00007ffcbf070000 - 0x00007ffcbf3f8000 	C:\WINDOWS\System32\combase.dll
0x00007ffcbd6a0000 - 0x00007ffcbd795000 	C:\WINDOWS\System32\shcore.dll
0x00007ffcbdea0000 - 0x00007ffcbdefe000 	C:\WINDOWS\System32\SHLWAPI.dll
0x00007ffcbef90000 - 0x00007ffcbf067000 	C:\WINDOWS\System32\OLEAUT32.dll
0x00007ffcbda80000 - 0x00007ffcbdc25000 	C:\WINDOWS\System32\ole32.dll
0x00007ffcbce50000 - 0x00007ffcbcebb000 	C:\WINDOWS\System32\WINTRUST.dll
0x00007ffcbcb80000 - 0x00007ffcbcce8000 	C:\WINDOWS\System32\CRYPT32.dll
0x00007ffcaa6b0000 - 0x00007ffcaa6c9000 	C:\WINDOWS\SYSTEM32\NETAPI32.dll
0x00007ffcaad50000 - 0x00007ffcab244000 	C:\WINDOWS\SYSTEM32\WININET.dll
0x00007ffcb2830000 - 0x00007ffcb2966000 	C:\WINDOWS\SYSTEM32\WINHTTP.dll
0x00007ffcad570000 - 0x00007ffcad760000 	C:\WINDOWS\SYSTEM32\urlmon.dll
0x00007ffc80970000 - 0x00007ffc80979000 	C:\WINDOWS\SYSTEM32\WSOCK32.dll
0x00007ffc569a0000 - 0x00007ffc57831000 	D:\Applications\Xilinx\Vivado\2019.2\lib\win64.o\gurobi65.dll
0x00007ffc57840000 - 0x00007ffc5843c200 	D:\Applications\Xilinx\Vivado\2019.2\lib\win64.o\libisl_iostreams.dll
0x00007ffc953b0000 - 0x00007ffc953e2000 	C:\WINDOWS\SYSTEM32\VCOMP140.DLL
0x00007ffcb3c30000 - 0x00007ffcb3c3d000 	D:\Applications\Xilinx\Vivado\2019.2\lib\win64.o\libboost_chrono.dll
0x00007ffc97cd0000 - 0x00007ffc97d83000 	C:\WINDOWS\WinSxS\amd64_microsoft.windows.common-controls_6595b64144ccf1df_5.82.22621.3527_none_b43b7f4b638cc64f\COMCTL32.dll
0x00007ffcb2810000 - 0x00007ffcb282f000 	C:\WINDOWS\SYSTEM32\dhcpcsvc.DLL
0x00007ffcac7d0000 - 0x00007ffcaca8e000 	C:\WINDOWS\SYSTEM32\iertutil.dll
0x00007ffcbb210000 - 0x00007ffcbb21c000 	C:\WINDOWS\SYSTEM32\netutils.dll
0x00007ffcb1940000 - 0x00007ffcb1968000 	C:\WINDOWS\SYSTEM32\srvcli.dll
0x00007ffca3390000 - 0x00007ffca33ab000 	D:\Applications\Xilinx\Vivado\2019.2\lib\win64.o\libboost_iostreams.dll
0x00007ffc90070000 - 0x00007ffc90095000 	D:\Applications\Xilinx\Vivado\2019.2\lib\win64.o\libisl_iosutils.dll
0x00007ffcbd250000 - 0x00007ffcbd281000 	C:\WINDOWS\System32\IMM32.DLL
0x00007ffcbc0a0000 - 0x00007ffcbc0b2000 	C:\WINDOWS\SYSTEM32\MSASN1.dll
0x00007ffcbb7b0000 - 0x00007ffcbb7c8000 	C:\WINDOWS\SYSTEM32\kernel.appcore.dll
0x00007ffc6bd20000 - 0x00007ffc6c237000 	D:\Applications\Xilinx\Vivado\2019.2\lib\win64.o\librdi_commontasks.dll
0x00007ffcb0a90000 - 0x00007ffcb0a9a000 	C:\WINDOWS\SYSTEM32\VERSION.dll
0x00000000673c0000 - 0x0000000067de5000 	D:\Applications\Xilinx\Vivado\2019.2\tps\win64\jre9.0.4\bin\server\jvm.dll
0x00007ffc68ba0000 - 0x00007ffc68e83000 	D:\Applications\Xilinx\Vivado\2019.2\lib\win64.o\librdi_sio.dll
0x00007ffcbef10000 - 0x00007ffcbef18000 	C:\WINDOWS\System32\PSAPI.DLL
0x00007ffc97c90000 - 0x00007ffc97cc4000 	C:\WINDOWS\SYSTEM32\WINMM.dll
0x00007ffcbb220000 - 0x00007ffcbb24d000 	C:\WINDOWS\SYSTEM32\IPHLPAPI.DLL
0x00007ffc7dac0000 - 0x00007ffc7dbaf000 	C:\WINDOWS\SYSTEM32\MSVCR120.dll
0x00007ffcbbc80000 - 0x00007ffcbbce9000 	C:\WINDOWS\SYSTEM32\MSWSOCK.DLL
0x00007ffcba6c0000 - 0x00007ffcbafb6000 	C:\WINDOWS\SYSTEM32\windows.storage.dll
0x00007ffcba580000 - 0x00007ffcba6be000 	C:\WINDOWS\SYSTEM32\wintypes.dll
0x00007ffc54250000 - 0x00007ffc56995000 	D:\Applications\Xilinx\Vivado\2019.2\lib\win64.o\librdi_tcltasks.dll
0x00007ffc7da40000 - 0x00007ffc7dabb000 	D:\Applications\Xilinx\Vivado\2019.2\lib\win64.o\librdi_boarddep.dll
0x00007ffc72890000 - 0x00007ffc729e2000 	D:\Applications\Xilinx\Vivado\2019.2\lib\win64.o\librdi_cd_client.dll
0x00007ffc53d90000 - 0x00007ffc54244000 	D:\Applications\Xilinx\Vivado\2019.2\lib\win64.o\librdi_bitstream.dll
0x00007ffc7bb90000 - 0x00007ffc7bd2d000 	D:\Applications\Xilinx\Vivado\2019.2\lib\win64.o\librdi_board.dll
0x00007ffc7baa0000 - 0x00007ffc7bb8f000 	D:\Applications\Xilinx\Vivado\2019.2\lib\win64.o\librdi_chipscope.dll
0x00007ffc722c0000 - 0x00007ffc72480000 	D:\Applications\Xilinx\Vivado\2019.2\lib\win64.o\librdi_chipscopeimpl.dll
0x00007ffc68870000 - 0x00007ffc68b94000 	D:\Applications\Xilinx\Vivado\2019.2\lib\win64.o\librdi_containers.dll
0x00007ffc51600000 - 0x00007ffc51cd9000 	D:\Applications\Xilinx\Vivado\2019.2\lib\win64.o\librdi_coregenipxact.dll
0x00007ffc522b0000 - 0x00007ffc53d8a000 	D:\Applications\Xilinx\Vivado\2019.2\lib\win64.o\librdi_constraints.dll
0x00007ffc51f60000 - 0x00007ffc522aa000 	D:\Applications\Xilinx\Vivado\2019.2\lib\win64.o\librdi_dlyest.dll
0x00007ffc51030000 - 0x00007ffc515fd000 	D:\Applications\Xilinx\Vivado\2019.2\lib\win64.o\librdi_drc.dll
0x00007ffc74390000 - 0x00007ffc74454000 	D:\Applications\Xilinx\Vivado\2019.2\lib\win64.o\librdi_dsp.dll
0x00007ffc4a940000 - 0x00007ffc4ec0b000 	D:\Applications\Xilinx\Vivado\2019.2\lib\win64.o\librdi_designutils.dll
0x00007ffc4a2d0000 - 0x00007ffc4a93b000 	D:\Applications\Xilinx\Vivado\2019.2\lib\win64.o\librdi_filemgmt.dll
0x00007ffc50d20000 - 0x00007ffc51030000 	D:\Applications\Xilinx\Vivado\2019.2\lib\win64.o\librdi_guitools.dll
0x00007ffc7b910000 - 0x00007ffc7b97a000 	D:\Applications\Xilinx\Vivado\2019.2\lib\win64.o\librdi_hdf.dll
0x00007ffc4ec10000 - 0x00007ffc50c00000 	D:\Applications\Xilinx\Vivado\2019.2\lib\win64.o\librdi_coregen.dll
0x00007ffc4a0b0000 - 0x00007ffc4a2d0000 	D:\Applications\Xilinx\Vivado\2019.2\lib\win64.o\librdi_hip_devdesign.dll
0x00007ffc6e810000 - 0x00007ffc6e958000 	D:\Applications\Xilinx\Vivado\2019.2\lib\win64.o\librdi_hip_perf_analysis.dll
0x00007ffc74ae0000 - 0x00007ffc74b54000 	D:\Applications\Xilinx\Vivado\2019.2\lib\win64.o\librdi_memoryarray.dll
0x00007ffc2d500000 - 0x00007ffc420ab000 	D:\Applications\Xilinx\Vivado\2019.2\lib\win64.o\librdi_device.dll
0x00007ffc483e0000 - 0x00007ffc49b4d000 	D:\Applications\Xilinx\Vivado\2019.2\lib\win64.o\librdi_implflow.dll
0x00007ffc47da0000 - 0x00007ffc483d1000 	D:\Applications\Xilinx\Vivado\2019.2\lib\win64.o\librdi_memdata.dll
0x00007ffc817e0000 - 0x00007ffc8182c000 	D:\Applications\Xilinx\Vivado\2019.2\lib\win64.o\librdi_pfi.dll
0x00007ffc2ac30000 - 0x00007ffc2d4f7000 	D:\Applications\Xilinx\Vivado\2019.2\lib\win64.o\librdi_place.dll
0x00007ffc448e0000 - 0x00007ffc44fc3000 	D:\Applications\Xilinx\Vivado\2019.2\lib\win64.o\librdi_netlist.dll
0x00007ffc49d90000 - 0x00007ffc4a0ab000 	D:\Applications\Xilinx\Vivado\2019.2\lib\win64.o\librdi_platform.dll
0x00007ffc43e30000 - 0x00007ffc44563000 	D:\Applications\Xilinx\Vivado\2019.2\lib\win64.o\librdi_psta.dll
0x00007ffc43620000 - 0x00007ffc43e2b000 	D:\Applications\Xilinx\Vivado\2019.2\lib\win64.o\librdi_power.dll
0x00007ffc42990000 - 0x00007ffc43051000 	D:\Applications\Xilinx\Vivado\2019.2\lib\win64.o\librdi_rsb.dll
0x00007ffc6ffe0000 - 0x00007ffc700e8000 	D:\Applications\Xilinx\Vivado\2019.2\lib\win64.o\librdi_runsbase.dll
0x00007ffc43060000 - 0x00007ffc4361a000 	D:\Applications\Xilinx\Vivado\2019.2\lib\win64.o\librdi_project.dll
0x00007ffc42560000 - 0x00007ffc42983000 	D:\Applications\Xilinx\Vivado\2019.2\lib\win64.o\librdi_runs.dll
0x00007ffc29da0000 - 0x00007ffc2ac2d000 	D:\Applications\Xilinx\Vivado\2019.2\lib\win64.o\librdi_timing.dll
0x00007ffc44660000 - 0x00007ffc448d5000 	D:\Applications\Xilinx\Vivado\2019.2\lib\win64.o\librdi_simdata.dll
0x00007ffc6ce30000 - 0x00007ffc6cfd0000 	D:\Applications\Xilinx\Vivado\2019.2\lib\win64.o\librdi_cd_protocol.dll
0x00007ffc51db0000 - 0x00007ffc51f51000 	D:\Applications\Xilinx\Vivado\2019.2\lib\win64.o\librdi_advchipscopeimpl.dll
0x00007ffc80b00000 - 0x00007ffc80b4c000 	D:\Applications\Xilinx\Vivado\2019.2\lib\win64.o\libboost_serialization.dll
0x00007ffc7d9f0000 - 0x00007ffc7da3a000 	D:\Applications\Xilinx\Vivado\2019.2\lib\win64.o\librdi_noc_frameworks.dll
0x00007ffc6bc40000 - 0x00007ffc6bd17000 	D:\Applications\Xilinx\Vivado\2019.2\lib\win64.o\librdi_ipconfig_readwrite.dll
0x00007ffc747b0000 - 0x00007ffc7484e000 	D:\Applications\Xilinx\Vivado\2019.2\lib\win64.o\libise.dll
0x00007ffc7b8c0000 - 0x00007ffc7b90a000 	D:\Applications\Xilinx\Vivado\2019.2\lib\win64.o\librdi_wavedata_SimpleApi.dll
0x00007ffc29780000 - 0x00007ffc29d9b000 	D:\Applications\Xilinx\Vivado\2019.2\lib\win64.o\librdi_wavedata.dll
0x00007ffc49ba0000 - 0x00007ffc49d84000 	D:\Applications\Xilinx\Vivado\2019.2\lib\win64.o\librdi_hip_config.dll
0x00007ffc286e0000 - 0x00007ffc28c2e000 	D:\Applications\Xilinx\Vivado\2019.2\lib\win64.o\librdi_xdm.dll
0x00007ffc28c30000 - 0x00007ffc29777000 	D:\Applications\Xilinx\Vivado\2019.2\lib\win64.o\libverific.dll

VM Arguments:
jvm_args: -Dsun.java2d.pmoffscreen=false -Dsun.java2d.xrender=false -Dsun.java2d.d3d=false -Dsun.awt.nopixfmt=true -Dsun.java2d.dpiaware=true -Dsun.java2d.uiScale.enabled=false -Xverify:none -Dswing.aatext=true -XX:-UsePerfData -Djdk.map.althashing.threshold=512 -XX:StringTableSize=4072 --add-opens=java.base/java.nio=ALL-UNNAMED --add-opens=java.desktop/sun.swing=ALL-UNNAMED --add-opens=java.desktop/javax.swing=ALL-UNNAMED --add-opens=java.desktop/javax.swing.tree=ALL-UNNAMED --add-opens=java.desktop/javax.swing.plaf.basic=ALL-UNNAMED --add-opens=java.desktop/javax.swing.plaf.synth=ALL-UNNAMED --add-opens=java.desktop/com.sun.awt=ALL-UNNAMED -XX:NewSize=60m -XX:MaxNewSize=60m -Xms128m -Xmx3072m -Xss5m 
java_command: <unknown>
java_class_path (initial): D:/Applications/Xilinx/Vivado/2019.2\lib\classes\alloy.jar;D:/Applications/Xilinx/Vivado/2019.2\lib\classes\autoesl-common.jar;D:/Applications/Xilinx/Vivado/2019.2\lib\classes\autoesl-models.jar;D:/Applications/Xilinx/Vivado/2019.2\lib\classes\autoesl-report.jar;D:/Applications/Xilinx/Vivado/2019.2\lib\classes\autopilot.scelaborator.jar;D:/Applications/Xilinx/Vivado/2019.2\lib\classes\autopilot.sourceprocessor.jar;D:/Applications/Xilinx/Vivado/2019.2\lib\classes\autopilot.tbprocessor.jar;D:/Applications/Xilinx/Vivado/2019.2\lib\classes\batik-anim.jar;D:/Applications/Xilinx/Vivado/2019.2\lib\classes\batik-awt-util.jar;D:/Applications/Xilinx/Vivado/2019.2\lib\classes\batik-bridge.jar;D:/Applications/Xilinx/Vivado/2019.2\lib\classes\batik-codec.jar;D:/Applications/Xilinx/Vivado/2019.2\lib\classes\batik-css.jar;D:/Applications/Xilinx/Vivado/2019.2\lib\classes\batik-dom.jar;D:/Applications/Xilinx/Vivado/2019.2\lib\classes\batik-ext.jar;D:/Applications/Xilinx/Vivado/2019.2\lib\classes\batik-gui-util.jar;D:/Applications/Xilinx/Vivado/2019.2\lib\classes\batik-gvt.jar;D:/Applications/Xilinx/Vivado/2019.2\lib\classes\batik-parser.jar;D:/Applications/Xilinx/Vivado/2019.2\lib\classes\batik-script.jar;D:/Applications/Xilinx/Vivado/2019.2\lib\classes\batik-svg-dom.jar;D:/Applications/Xilinx/Vivado/2019.2\lib\classes\batik-swing.jar;D:/Applications/Xilinx/Vivado/2019.2\lib\classes\batik-transcoder.jar;D:/Applications/Xilinx/Vivado/2019.2\lib\classes\batik-util.jar;D:/Applications/Xilinx/Vivado/2019.2\lib\classes\batik-xml.jar;D:/Applications/Xilinx/Vivado/2019.2\lib\classes\com.google.gson_2.7.0.v20170129-0911.jar;D:/Applications/Xilinx/Vivado/2019.2\lib\classes\com.google.guava_21.0.0.v20170206-1425.jar;D:/Applications/Xilinx/Vivado/2019.2\lib\classes\com.ibm.icu_4.4.2.v20110208.jar;D:/Applications/Xilinx/Vivado/2019.2\lib\classes\com.sigasi.hdt.connection_4.5.0.201909241521.jar;D:/Applications/Xilinx/Vivado/2019.2\lib\classes\com.sigasi.hdt.epl_4.5.0
Launcher Type: generic

Logging:
Log output configuration:
#0: stdout all=warning uptime,level,tags
#1: stderr all=off uptime,level,tags

Environment Variables:
PATH=D:/Applications/Xilinx/Vivado/2019.2/bin;D:/Applications/Xilinx/Vivado/2019.2/lib/win64.o;D:/Applications/Xilinx/Vivado/2019.2/tps/win64/jre9.0.4/bin/server;D:/Applications/Xilinx/Vivado/2019.2/tps/win64/jre9.0.4/bin;D:/Applications/Xilinx/Vivado/2019.2/ids_lite/ISE/bin/nt64;D:/Applications/Xilinx/Vivado/2019.2/ids_lite/ISE/lib/nt64;C:\Program Files (x86)\Common Files\Intel\Shared Libraries\redist\intel64\compiler;D:\Applications\VMware\VMware Workstation\bin\;C:\WINDOWS\system32;C:\WINDOWS;C:\WINDOWS\System32\Wbem;C:\WINDOWS\System32\WindowsPowerShell\v1.0\;C:\WINDOWS\System32\OpenSSH\;G:\Matlab\bin;D:\Applications\MATLAB R2022a\bin;D:\Applications\UltraEdit;C:\Program Files\IDM Computer Solutions\UltraCompare;D:\Applications\CMake\bin;C:\Program Files (x86)\NVIDIA Corporation\PhysX\Common;D:\Applications\EasyShare\x86\;D:\Applications\EasyShare\x64\;C:\Program Files\dotnet\;D:\Applications\nodejs\;C:\ProgramData\chocolatey\bin;C:\Python312\Scripts;D:\Applications\ffmpeg\bin;D:\Applications\Git\cmd;D:\Applications\Pandoc\;D:\Applications\python\Scripts\;D:\Applications\python\;D:\Applications\Python3.8.6\Scripts\;D:\Applications\Python3.8.6\;D:\Applications\anaconda;D:\Applications\anaconda\Library\mingw-w64\bin;D:\Applications\anaconda\Library\usr\bin;D:\Applications\anaconda\Library\bin;D:\Applications\anaconda\Scripts;C:\Users\Half Blood Prince\AppData\Local\Microsoft\WindowsApps;D:\Applications\Microsoft VS Code\bin;D:\App;ications\CodeBlocks\MinGW\bin;D:\Applications\compiler\MinGW\bin;D:\Applications\compiler\mingw64\bin;D:\Applications\PyCharm\PyCharm 2022.2.2\bin;;C:\Users\Half Blood Prince\AppData\Local\GitHubDesktop\bin;C:\Users\Half Blood Prince\.dotnet\tools;C:\Users\Half Blood Prince\AppData\Roaming\npm;D:\Applications\DataGrip\DataGrip 2023.3.4\bin;D:/Applications/Xilinx/Vivado/2019.2\tps\mingw\6.2.0\win64.o\nt\bin;D:/Applications/Xilinx/Vivado/2019.2\tps\mingw\6.2.0\win64.o\nt\libexec\gcc\x86_64-w64-mingw32\6.2.0;D:/Applications/Xilinx/Vivado/2019.
USERNAME=Half Blood Prince
OS=Windows_NT
PROCESSOR_IDENTIFIER=Intel64 Family 6 Model 142 Stepping 12, GenuineIntel



---------------  S Y S T E M  ---------------

OS: Windows 10 , 64 bit Build 22621 (10.0.22621.3527)

CPU:total 8 (initial active 8) (4 cores per cpu, 2 threads per core) family 6 model 142 stepping 12, cmov, cx8, fxsr, mmx, sse, sse2, sse3, ssse3, sse4.1, sse4.2, popcnt, avx, avx2, aes, clmul, erms, 3dnowpref, lzcnt, ht, tsc, tscinvbit, bmi1, bmi2, adx, fma

Memory: 4k page, physical 8221232k(1530508k free), swap 13201968k(4012972k free)

vm_info: Java HotSpot(TM) 64-Bit Server VM (9.0.4+11) for windows-amd64 JRE (9.0.4+11), built on Dec 20 2017 02:18:54 by "mach5one" with MS VC++ 12.0 (VS2013)

END.
