#
# A fatal error has been detected by the Java Runtime Environment:
#
#  EXCEPTION_ACCESS_VIOLATION (0xc0000005) at pc=0x00007ffc29961faa, pid=17296, tid=10304
#
# JRE version: Java(TM) SE Runtime Environment (9.0+11) (build 9.0.4+11)
# Java VM: Java HotSpot(TM) 64-Bit Server VM (9.0.4+11, mixed mode, tiered, compressed oops, g1 gc, windows-amd64)
# Problematic frame:
# C  0x00007ffc29961faa
#
# No core dump will be written. Minidumps are not enabled by default on client versions of Windows
#
# If you would like to submit a bug report, please visit:
#   http://bugreport.java.com/bugreport/crash.jsp
# The crash happened outside the Java Virtual Machine in native code.
# See problematic frame for where to report the bug.
#

---------------  S U M M A R Y ------------

Command Line: -Dsun.java2d.pmoffscreen=false -Dsun.java2d.xrender=false -Dsun.java2d.d3d=false -Dsun.awt.nopixfmt=true -Dsun.java2d.dpiaware=true -Dsun.java2d.uiScale.enabled=false -Xverify:none -Dswing.aatext=true -XX:-UsePerfData -Djdk.map.althashing.threshold=512 -XX:StringTableSize=4072 --add-opens=java.base/java.nio=ALL-UNNAMED --add-opens=java.desktop/sun.swing=ALL-UNNAMED --add-opens=java.desktop/javax.swing=ALL-UNNAMED --add-opens=java.desktop/javax.swing.tree=ALL-UNNAMED --add-opens=java.desktop/javax.swing.plaf.basic=ALL-UNNAMED --add-opens=java.desktop/javax.swing.plaf.synth=ALL-UNNAMED --add-opens=java.desktop/com.sun.awt=ALL-UNNAMED -XX:NewSize=60m -XX:MaxNewSize=60m -Xms128m -Xmx3072m -Xss5m 

Host: Intel(R) Core(TM) i5-10210U CPU @ 1.60GHz, 8 cores, 7G,  Windows 10 , 64 bit Build 22621 (10.0.22621.3527)
Time: Sun Jun 02 14:19:59 2024 ?D1¨²¡À¨º¡Á?¨º¡À?? elapsed time: 838 seconds (0d 0h 13m 58s)

---------------  T H R E A D  ---------------

Current thread (0x0000020573d0e800):  JavaThread "AWT-EventQueue-1" [_thread_in_native, id=10304, stack(0x0000001309600000,0x0000001309b00000)]

Stack: [0x0000001309600000,0x0000001309b00000],  sp=0x0000001309af9760,  free space=5093k
Native frames: (J=compiled Java code, j=interpreted, Vv=VM code, C=native code)
C  0x00007ffc29961faa
C  0x00007ffc29961ecf
C  0x00007ffc2998b340
C  0x00007ffc2998b020
C  0x00007ffc299e882b
C  0x00007ffc299ea243
C  0x00007ffc299c30a0
C  0x00007ffc299c311d
C  0x00007ffc299c31c1
C  0x00007ffc299e96b4
C  0x00007ffc299b9746
C  0x00007ffc299b9515
C  0x00007ffc299f5ccf
C  0x00000205088f10ba

Java frames: (J=compiled Java code, j=interpreted, Vv=VM code)
J 17057  ui.views.waveform.waveformi.WVExecutive_getGraphicsDataSize(J)J (0 bytes) @ 0x00000205088f1021 [0x00000205088f0fe0+0x0000000000000041]
J 17056 c1 ui.views.waveform.executive.a.gZe()Ljava/io/ByteArrayInputStream; (93 bytes) @ 0x0000020501e1172c [0x0000020501e11640+0x00000000000000ec]
J 17646 c1 ui.views.waveform.b.a.gYQ()V (142 bytes) @ 0x00000205028df9b4 [0x00000205028df8a0+0x0000000000000114]
J 17053 c1 ui.views.waveform.w.cZO()V (38 bytes) @ 0x0000020501dfcbec [0x0000020501dfc480+0x000000000000076c]
J 16398 c1 ui.views.waveform.c.b.j(Lui/frmwork/b/i;)V (603 bytes) @ 0x0000020501a037cc [0x00000205019fa120+0x00000000000096ac]
J 16397 c1 ui.views.waveform.w.a(Lui/frmwork/b/i;)V (17 bytes) @ 0x00000205017a6d14 [0x00000205017a6c40+0x00000000000000d4]
J 12552 c1 ui.frmwork.b.l.d(Lui/frmwork/b/i;)V (61 bytes) @ 0x000002050246419c [0x0000020502463940+0x000000000000085c]
J 12541 c1 ui.frmwork.G.i(JZ)V (471 bytes) @ 0x000002050244d8ac [0x00000205024490c0+0x00000000000047ec]
J 12542 c1 ui.frmwork.G.fireTclEvent(J)I (113 bytes) @ 0x00000205024524cc [0x0000020502451cc0+0x000000000000080c]
v  ~StubRoutines::call_stub
j  ui.views.waveform.waveformi.WVExecutive_scrollDown(JI)V+0
J 17785 c1 ui.views.waveform.c.b.e(Ljava/awt/event/MouseWheelEvent;)V (141 bytes) @ 0x000002050295fb1c [0x000002050295f3a0+0x000000000000077c]
J 18640 c1 ui.views.waveform.b.a.mouseWheelMoved(Ljava/awt/event/MouseWheelEvent;)V (25 bytes) @ 0x0000020502c4b744 [0x0000020502c4b580+0x00000000000001c4]
J 17788 c1 java.awt.AWTEventMulticaster.mouseWheelMoved(Ljava/awt/event/MouseWheelEvent;)V java.desktop@9.0.4 (27 bytes) @ 0x0000020502960bc4 [0x0000020502960800+0x00000000000003c4]
J 17718 c1 java.awt.Component.processMouseWheelEvent(Ljava/awt/event/MouseWheelEvent;)V java.desktop@9.0.4 (40 bytes) @ 0x00000205029364a4 [0x00000205029362c0+0x00000000000001e4]
J 12723 c2 java.awt.Container.processEvent(Ljava/awt/AWTEvent;)V java.desktop@9.0.4 (22 bytes) @ 0x0000020507cfe984 [0x0000020507cfe820+0x0000000000000164]
J 18571 c1 java.awt.Component.dispatchEventImpl(Ljava/awt/AWTEvent;)V java.desktop@9.0.4 (739 bytes) @ 0x0000020502c256f4 [0x0000020502c218c0+0x0000000000003e34]
J 18691 c2 java.awt.Container.dispatchEventImpl(Ljava/awt/AWTEvent;)V java.desktop@9.0.4 (129 bytes) @ 0x0000020508c0a194 [0x0000020508c0a040+0x0000000000000154]
J 16017 c2 java.awt.LightweightDispatcher.retargetMouseEvent(Ljava/awt/Component;ILjava/awt/event/MouseEvent;)V java.desktop@9.0.4 (350 bytes) @ 0x000002050821b484 [0x000002050821aee0+0x00000000000005a4]
J 17537 c2 java.awt.LightweightDispatcher.processMouseEvent(Ljava/awt/event/MouseEvent;)Z java.desktop@9.0.4 (265 bytes) @ 0x0000020508a07cb0 [0x0000020508a07740+0x0000000000000570]
J 18691 c2 java.awt.Container.dispatchEventImpl(Ljava/awt/AWTEvent;)V java.desktop@9.0.4 (129 bytes) @ 0x0000020508c0a0f4 [0x0000020508c0a040+0x00000000000000b4]
J 17512 c2 java.awt.Window.dispatchEventImpl(Ljava/awt/AWTEvent;)V java.desktop@9.0.4 (23 bytes) @ 0x00000205089e7a0c [0x00000205089e79c0+0x000000000000004c]
J 15048 c2 java.awt.EventQueue$3.run()Ljava/lang/Object; java.desktop@9.0.4 (5 bytes) @ 0x000002050824e73c [0x000002050824e580+0x00000000000001bc]
v  ~StubRoutines::call_stub
J 3820  java.security.AccessController.doPrivileged(Ljava/security/PrivilegedAction;Ljava/security/AccessControlContext;)Ljava/lang/Object; java.base@9.0.4 (0 bytes) @ 0x0000020507cf5946 [0x0000020507cf58e0+0x0000000000000066]
J 17200 c2 java.awt.EventQueue$4.run()Ljava/lang/Object; java.desktop@9.0.4 (5 bytes) @ 0x0000020508934b34 [0x00000205089348e0+0x0000000000000254]
v  ~StubRoutines::call_stub
J 3820  java.security.AccessController.doPrivileged(Ljava/security/PrivilegedAction;Ljava/security/AccessControlContext;)Ljava/lang/Object; java.base@9.0.4 (0 bytes) @ 0x0000020507cf5946 [0x0000020507cf58e0+0x0000000000000066]
J 15000 c2 ui.frmwork.b.d.dispatchEvent(Ljava/awt/AWTEvent;)V (34 bytes) @ 0x0000020508482d10 [0x00000205084828e0+0x0000000000000430]
J 16638 c2 java.awt.EventDispatchThread.pumpOneEventForFilters(I)V java.desktop@9.0.4 (218 bytes) @ 0x0000020508833898 [0x0000020508833600+0x0000000000000298]
j  java.awt.EventDispatchThread.pumpEventsForFilter(ILjava/awt/Conditional;Ljava/awt/EventFilter;)V+35 java.desktop@9.0.4
j  java.awt.EventDispatchThread.pumpEventsForHierarchy(ILjava/awt/Conditional;Ljava/awt/Component;)V+11 java.desktop@9.0.4
j  java.awt.EventDispatchThread.pumpEvents(ILjava/awt/Conditional;)V+4 java.desktop@9.0.4
j  java.awt.EventDispatchThread.pumpEvents(Ljava/awt/Conditional;)V+3 java.desktop@9.0.4
j  java.awt.EventDispatchThread.run()V+9 java.desktop@9.0.4
v  ~StubRoutines::call_stub

siginfo: EXCEPTION_ACCESS_VIOLATION (0xc0000005), reading address 0x0000000000006d30


Register to memory mapping:

RIP=0x00007ffc29961faa is an unknown value
RAX=0x0000020514d19468 is an unknown value
RBX=0x000002051b97ecd0 is an unknown value
RCX=0x0000020514d19468 is an unknown value
RDX=0x000002051b97ecd0 is an unknown value
RSP=0x0000001309af9760 is pointing into the stack for thread: 0x0000020573d0e800
RBP=0x0000000000020f3a is an unknown value
RSI=0x000002051cd8cc60 is an unknown value
RDI=0x0000001309af98e8 is pointing into the stack for thread: 0x0000020573d0e800
R8 =0x0000000000020f3a is an unknown value
R9 =0x000000000003242f is an unknown value
R10=0x0000000000006ce0 is an unknown value
R11=0x0000001309af9770 is pointing into the stack for thread: 0x0000020573d0e800
R12=0x000002051b97ecd0 is an unknown value
R13=0x0000000000000000 is an unknown value
R14=0x0000000000020f3a is an unknown value
R15=0x0000001309af9950 is pointing into the stack for thread: 0x0000020573d0e800


Registers:
RAX=0x0000020514d19468, RBX=0x000002051b97ecd0, RCX=0x0000020514d19468, RDX=0x000002051b97ecd0
RSP=0x0000001309af9760, RBP=0x0000000000020f3a, RSI=0x000002051cd8cc60, RDI=0x0000001309af98e8
R8 =0x0000000000020f3a, R9 =0x000000000003242f, R10=0x0000000000006ce0, R11=0x0000001309af9770
R12=0x000002051b97ecd0, R13=0x0000000000000000, R14=0x0000000000020f3a, R15=0x0000001309af9950
RIP=0x00007ffc29961faa, EFLAGS=0x0000000000010202

Top of Stack: (sp=0x0000001309af9760)
0x0000001309af9760:   0000000000000000 0000000000020f3a
0x0000001309af9770:   000002051cd8cc60 0000000000020f3a
0x0000001309af9780:   0000000000000320 0000001309af9950
0x0000001309af9790:   0000001309af98e8 00007ffc2996190b
0x0000001309af97a0:   fffffffffffffffe 00007ffc299610d7
0x0000001309af97b0:   0000001309af98e8 00007ffcbcf11ea7
0x0000001309af97c0:   0000000000000000 000000000000000f
0x0000001309af97d0:   000002051d18af88 00007ffc29961ecf
0x0000001309af97e0:   0000020518ba3210 000000000003242f
0x0000001309af97f0:   0000001309af98e8 0000000000000000
0x0000001309af9800:   000000000003242f 0000000000000320
0x0000001309af9810:   0000001309af9950 00007ffcbcf11d01
0x0000001309af9820:   0000001309af98e8 000000000000000f
0x0000001309af9830:   0000000065757200 fffffffffffffffe
0x0000001309af9840:   0000000000000000 000000000000000f
0x0000001309af9850:   00000065736c6100 00008300c56499b3 

Instructions: (pc=0x00007ffc29961faa)
0x00007ffc29961f8a:   24 28 48 8b 8c 24 a8 00 00 00 48 89 4c 24 20 4c
0x00007ffc29961f9a:   8b 8c 24 a0 00 00 00 4c 8b c5 48 8b d3 48 8b c8
0x00007ffc29961faa:   41 ff 52 50 48 8b 06 48 8b ce ff 50 50 48 8b f0
0x00007ffc29961fba:   33 db 38 9c 24 b8 00 00 00 74 42 8b d3 4c 8b 4f 



---------------  P R O C E S S  ---------------

Java Threads: ( => current thread )
  0x000002051a327000 JavaThread "Relaunch Simulation Thread" [_thread_blocked, id=21320, stack(0x000000130e400000,0x000000130e900000)]
  0x000002051a320800 JavaThread "Image Fetcher 0" daemon [_thread_blocked, id=15284, stack(0x0000001309b00000,0x000000130a000000)]
  0x000002051a329800 JavaThread "Monitor File Timestamp Swing Worker Thread" [_thread_blocked, id=21964, stack(0x000000130df00000,0x000000130e400000)]
  0x000002051a31f000 JavaThread "Timer-1" [_thread_blocked, id=16936, stack(0x000000130da00000,0x000000130df00000)]
  0x000002051a31e000 JavaThread "Monitor File Timestamp Swing Worker Thread" [_thread_blocked, id=13288, stack(0x000000130d500000,0x000000130da00000)]
  0x000002051a325000 JavaThread "Timer-0" [_thread_blocked, id=3968, stack(0x000000130b700000,0x000000130bc00000)]
  0x000002051a322000 JavaThread "SyntheticaAnimation 50" daemon [_thread_blocked, id=11404, stack(0x0000001308700000,0x0000001308c00000)]
  0x000002051a31a800 JavaThread "Update Runs Swing Worker Thread" [_thread_blocked, id=22132, stack(0x000000130d000000,0x000000130d500000)]
  0x000002051a321000 JavaThread "hw_ila_monitor" [_thread_blocked, id=14648, stack(0x000000130c600000,0x000000130cb00000)]
  0x000002051a31c800 JavaThread "Refresh Filesets Swing Worker Thread" [_thread_blocked, id=1816, stack(0x000000130c100000,0x000000130c600000)]
  0x0000020570d46800 JavaThread "SyntheticaAnimation 70" daemon [_thread_blocked, id=21208, stack(0x000000130bc00000,0x000000130c100000)]
  0x0000020570d48000 JavaThread "SyntheticaAnimation 25" daemon [_thread_blocked, id=16960, stack(0x000000130b200000,0x000000130b700000)]
  0x0000020570d46000 JavaThread "SyntheticaAnimation 50" daemon [_thread_blocked, id=4012, stack(0x000000130ad00000,0x000000130b200000)]
  0x0000020570d4b000 JavaThread "Monitor HEventQueue Thread" [_thread_blocked, id=14464, stack(0x000000130a800000,0x000000130ad00000)]
  0x0000020570d47800 JavaThread "SyntheticaCleanerThread" daemon [_thread_blocked, id=9176, stack(0x000000130a000000,0x000000130a500000)]
  0x0000020570d4a800 JavaThread "Batik CleanerThread" daemon [_thread_blocked, id=13372, stack(0x0000001308c00000,0x0000001309100000)]
=>0x0000020573d0e800 JavaThread "AWT-EventQueue-1" [_thread_in_native, id=10304, stack(0x0000001309600000,0x0000001309b00000)]
  0x0000020573dae000 JavaThread "Process Messages Thread" [_thread_blocked, id=4400, stack(0x0000001309100000,0x0000001309600000)]
  0x000002051500b000 JavaThread "Thread-1" [_thread_in_native, id=2520, stack(0x0000001301f00000,0x0000001303300000)]
  0x0000020514a53800 JavaThread "TimerQueue" daemon [_thread_blocked, id=20796, stack(0x0000001308200000,0x0000001308700000)]
  0x00000205736a9800 JavaThread "AWT-Windows" daemon [_thread_in_native, id=9728, stack(0x0000001307d00000,0x0000001308200000)]
  0x00000205736a9000 JavaThread "AWT-Shutdown" [_thread_blocked, id=19828, stack(0x0000001307800000,0x0000001307d00000)]
  0x0000020573135000 JavaThread "Java2D Disposer" daemon [_thread_blocked, id=5612, stack(0x0000001307300000,0x0000001307800000)]
  0x0000020572f07000 JavaThread "Service Thread" daemon [_thread_blocked, id=14476, stack(0x0000001306d00000,0x0000001307200000)]
  0x000002056d778000 JavaThread "Common-Cleaner" daemon [_thread_blocked, id=10780, stack(0x0000001306800000,0x0000001306d00000)]
  0x0000020570d49800 JavaThread "Sweeper thread" daemon [_thread_blocked, id=17388, stack(0x0000001306300000,0x0000001306800000)]
  0x000002056d49d000 JavaThread "C1 CompilerThread3" daemon [_thread_blocked, id=6224, stack(0x0000001306200000,0x0000001306300000)]
  0x000002056d49c800 JavaThread "C2 CompilerThread2" daemon [_thread_blocked, id=10908, stack(0x0000001306100000,0x0000001306200000)]
  0x0000020570d59000 JavaThread "C2 CompilerThread1" daemon [_thread_blocked, id=6740, stack(0x0000001306000000,0x0000001306100000)]
  0x0000020570d58800 JavaThread "C2 CompilerThread0" daemon [_thread_blocked, id=8968, stack(0x0000001305f00000,0x0000001306000000)]
  0x0000020572c22800 JavaThread "Attach Listener" daemon [_thread_blocked, id=8864, stack(0x0000001305a00000,0x0000001305f00000)]
  0x000002056d39f800 JavaThread "Signal Dispatcher" daemon [_thread_blocked, id=9372, stack(0x0000001305500000,0x0000001305a00000)]
  0x0000020572bea000 JavaThread "Finalizer" daemon [_thread_blocked, id=9636, stack(0x0000001305000000,0x0000001305500000)]
  0x0000020572be9800 JavaThread "Reference Handler" daemon [_thread_blocked, id=11512, stack(0x0000001304b00000,0x0000001305000000)]
  0x0000020571148000 JavaThread "main" [_thread_blocked, id=13424, stack(0x0000001303500000,0x0000001303600000)]

Other Threads:
  0x000002056d08f000 VMThread "VM Thread" [stack: 0x0000001304a00000,0x0000001304b00000] [id=19280]
  0x0000020572400800 WatcherThread [stack: 0x0000001307200000,0x0000001307300000] [id=8520]
  0x000002056ef6c000 GCTaskThread "GC Thread#0" [stack: 0x0000001303600000,0x0000001303700000] [id=12024]
  0x0000020572bd8800 GCTaskThread "GC Thread#1" [stack: 0x0000001303700000,0x0000001303800000] [id=10432]
  0x0000020571840800 GCTaskThread "GC Thread#2" [stack: 0x0000001303800000,0x0000001303900000] [id=22380]
  0x0000020571726800 GCTaskThread "GC Thread#3" [stack: 0x0000001303900000,0x0000001303a00000] [id=13488]
  0x000002057270a000 GCTaskThread "GC Thread#4" [stack: 0x0000001303a00000,0x0000001303b00000] [id=21388]
  0x0000020572d44800 GCTaskThread "GC Thread#5" [stack: 0x0000001303b00000,0x0000001303c00000] [id=15460]
  0x000002057114b800 GCTaskThread "GC Thread#6" [stack: 0x0000001303c00000,0x0000001303d00000] [id=8708]
  0x0000020572721800 GCTaskThread "GC Thread#7" [stack: 0x0000001303d00000,0x0000001303e00000] [id=21004]
  0x000002056fcfa000 ConcurrentGCThread "G1 Main Marker" [stack: 0x0000001304700000,0x0000001304800000] [id=11444]
  0x0000020572624800 ConcurrentGCThread "G1 Marker#0" [stack: 0x0000001304800000,0x0000001304900000] [id=20580]
  0x0000020572217000 ConcurrentGCThread "G1 Marker#1" [stack: 0x0000001304900000,0x0000001304a00000] [id=5604]
  0x0000020572208800 ConcurrentGCThread "G1 Refine#0" [stack: 0x0000001304500000,0x0000001304600000] [id=5164]
  0x0000020572204800 ConcurrentGCThread "G1 Refine#1" [stack: 0x0000001304400000,0x0000001304500000] [id=11100]
  0x0000020572203800 ConcurrentGCThread "G1 Refine#2" [stack: 0x0000001304300000,0x0000001304400000] [id=21996]
  0x0000020570f4c800 ConcurrentGCThread "G1 Refine#3" [stack: 0x0000001304200000,0x0000001304300000] [id=11992]
  0x000002057173b800 ConcurrentGCThread "G1 Refine#4" [stack: 0x0000001304100000,0x0000001304200000] [id=4428]
  0x000002057221f000 ConcurrentGCThread "G1 Refine#5" [stack: 0x0000001304000000,0x0000001304100000] [id=16952]
  0x0000020572023800 ConcurrentGCThread "G1 Refine#6" [stack: 0x0000001303f00000,0x0000001304000000] [id=5932]
  0x0000020572022800 ConcurrentGCThread "G1 Refine#7" [stack: 0x0000001303e00000,0x0000001303f00000] [id=12744]
  0x0000020571b2e000 ConcurrentGCThread "G1 Young RemSet Sampling" [stack: 0x0000001304600000,0x0000001304700000] [id=7080]

Threads with active compile tasks:

VM state:not at safepoint (normal execution)

VM Mutex/Monitor currently owned by a thread: None

Heap address: 0x0000000700000000, size: 3072 MB, Compressed Oops mode: Zero based, Oop shift amount: 3
Narrow klass base: 0x0000000000000000, Narrow klass shift: 3
Compressed class space size: 1073741824 Address: 0x00000007c0000000

Heap:
 garbage-first heap   total 223232K, used 128456K [0x0000000700000000, 0x00000007001006d0, 0x00000007c0000000)
  region size 1024K, 58 young (59392K), 1 survivors (1024K)
 Metaspace       used 81581K, capacity 87523K, committed 87676K, reserved 1124352K
  class space    used 11248K, capacity 12292K, committed 12412K, reserved 1048576K
Heap Regions: E=young(eden), S=young(survivor), O=old, HS=humongous(starts), HC=humongous(continues), CS=collection set, F=free, A=archive, TS=gc time stamp, AC=allocation context, TAMS=top-at-mark-start (previous, next)
|   0|0x0000000700000000, 0x00000007000faf50, 0x0000000700100000| 98%| O|  |TS  0|AC  0|TAMS 0x0000000700000000, 0x0000000700000000|
|   1|0x0000000700100000, 0x00000007001f29b8, 0x0000000700200000| 94%| O|  |TS  0|AC  0|TAMS 0x0000000700100000, 0x0000000700100000|
|   2|0x0000000700200000, 0x00000007002fca60, 0x0000000700300000| 98%| O|  |TS  0|AC  0|TAMS 0x0000000700200000, 0x0000000700200000|
|   3|0x0000000700300000, 0x00000007003e33c8, 0x0000000700400000| 88%| O|  |TS  0|AC  0|TAMS 0x0000000700300000, 0x0000000700300000|
|   4|0x0000000700400000, 0x0000000700500000, 0x0000000700500000|100%|HS|  |TS  0|AC  0|TAMS 0x0000000700400000, 0x0000000700400000|
|   5|0x0000000700500000, 0x0000000700600000, 0x0000000700600000|100%|HC|  |TS  0|AC  0|TAMS 0x0000000700500000, 0x0000000700500000|
|   6|0x0000000700600000, 0x0000000700700000, 0x0000000700700000|100%|HS|  |TS  0|AC  0|TAMS 0x0000000700600000, 0x0000000700600000|
|   7|0x0000000700700000, 0x00000007007ffe20, 0x0000000700800000| 99%| O|  |TS  0|AC  0|TAMS 0x0000000700700000, 0x0000000700700000|
|   8|0x0000000700800000, 0x00000007008c9158, 0x0000000700900000| 78%| O|  |TS  0|AC  0|TAMS 0x0000000700800000, 0x0000000700800000|
|   9|0x0000000700900000, 0x00000007009eb7c0, 0x0000000700a00000| 91%| O|  |TS  0|AC  0|TAMS 0x0000000700900000, 0x0000000700900000|
|  10|0x0000000700a00000, 0x0000000700b00000, 0x0000000700b00000|100%| O|  |TS  0|AC  0|TAMS 0x0000000700a00000, 0x0000000700a00000|
|  11|0x0000000700b00000, 0x0000000700bffff8, 0x0000000700c00000| 99%| O|  |TS  0|AC  0|TAMS 0x0000000700b00000, 0x0000000700b00000|
|  12|0x0000000700c00000, 0x0000000700cffff0, 0x0000000700d00000| 99%| O|  |TS  0|AC  0|TAMS 0x0000000700c00000, 0x0000000700c00000|
|  13|0x0000000700d00000, 0x0000000700dffff0, 0x0000000700e00000| 99%| O|  |TS  0|AC  0|TAMS 0x0000000700d00000, 0x0000000700d00000|
|  14|0x0000000700e00000, 0x0000000700effec0, 0x0000000700f00000| 99%| O|  |TS  0|AC  0|TAMS 0x0000000700e00000, 0x0000000700e00000|
|  15|0x0000000700f00000, 0x0000000700ffe958, 0x0000000701000000| 99%| O|  |TS  0|AC  0|TAMS 0x0000000700f00000, 0x0000000700f00000|
|  16|0x0000000701000000, 0x00000007010fd790, 0x0000000701100000| 99%| O|  |TS  0|AC  0|TAMS 0x0000000701000000, 0x0000000701000000|
|  17|0x0000000701100000, 0x00000007011fffe8, 0x0000000701200000| 99%| O|  |TS  0|AC  0|TAMS 0x0000000701100000, 0x0000000701100000|
|  18|0x0000000701200000, 0x00000007012ed4d0, 0x0000000701300000| 92%| O|  |TS  0|AC  0|TAMS 0x0000000701200000, 0x0000000701200000|
|  19|0x0000000701300000, 0x00000007013ffff8, 0x0000000701400000| 99%| O|  |TS  0|AC  0|TAMS 0x0000000701300000, 0x0000000701300000|
|  20|0x0000000701400000, 0x00000007014fffd8, 0x0000000701500000| 99%| O|  |TS  0|AC  0|TAMS 0x0000000701400000, 0x0000000701400000|
|  21|0x0000000701500000, 0x0000000701600000, 0x0000000701600000|100%|HS|  |TS  0|AC  0|TAMS 0x0000000701500000, 0x0000000701500000|
|  22|0x0000000701600000, 0x0000000701700000, 0x0000000701700000|100%|HC|  |TS  0|AC  0|TAMS 0x0000000701600000, 0x0000000701600000|
|  23|0x0000000701700000, 0x00000007017f1d08, 0x0000000701800000| 94%| O|  |TS  0|AC  0|TAMS 0x0000000701700000, 0x0000000701700000|
|  24|0x0000000701800000, 0x00000007018ffff8, 0x0000000701900000| 99%| O|  |TS  0|AC  0|TAMS 0x0000000701800000, 0x0000000701800000|
|  25|0x0000000701900000, 0x0000000701a00000, 0x0000000701a00000|100%| O|  |TS  0|AC  0|TAMS 0x0000000701900000, 0x0000000701900000|
|  26|0x0000000701a00000, 0x0000000701b00000, 0x0000000701b00000|100%|HS|  |TS  0|AC  0|TAMS 0x0000000701a00000, 0x0000000701a00000|
|  27|0x0000000701b00000, 0x0000000701c00000, 0x0000000701c00000|100%|HS|  |TS  0|AC  0|TAMS 0x0000000701b00000, 0x0000000701b00000|
|  28|0x0000000701c00000, 0x0000000701cfffe8, 0x0000000701d00000| 99%| O|  |TS  0|AC  0|TAMS 0x0000000701c00000, 0x0000000701c00000|
|  29|0x0000000701d00000, 0x0000000701dffff8, 0x0000000701e00000| 99%| O|  |TS  0|AC  0|TAMS 0x0000000701d00000, 0x0000000701d00000|
|  30|0x0000000701e00000, 0x0000000701effff0, 0x0000000701f00000| 99%| O|  |TS  0|AC  0|TAMS 0x0000000701e00000, 0x0000000701e00000|
|  31|0x0000000701f00000, 0x0000000701ffffe8, 0x0000000702000000| 99%| O|  |TS  0|AC  0|TAMS 0x0000000701f00000, 0x0000000701f00000|
|  32|0x0000000702000000, 0x00000007020ffff0, 0x0000000702100000| 99%| O|  |TS  0|AC  0|TAMS 0x0000000702000000, 0x0000000702000000|
|  33|0x0000000702100000, 0x0000000702200000, 0x0000000702200000|100%| O|  |TS  0|AC  0|TAMS 0x0000000702100000, 0x0000000702100000|
|  34|0x0000000702200000, 0x00000007022fff90, 0x0000000702300000| 99%| O|  |TS  0|AC  0|TAMS 0x0000000702200000, 0x0000000702200000|
|  35|0x0000000702300000, 0x00000007023fff50, 0x0000000702400000| 99%| O|  |TS  0|AC  0|TAMS 0x0000000702300000, 0x0000000702300000|
|  36|0x0000000702400000, 0x00000007024ffc40, 0x0000000702500000| 99%| O|  |TS  0|AC  0|TAMS 0x0000000702400000, 0x0000000702400000|
|  37|0x0000000702500000, 0x00000007025ffea8, 0x0000000702600000| 99%| O|  |TS  0|AC  0|TAMS 0x0000000702500000, 0x0000000702500000|
|  38|0x0000000702600000, 0x00000007026ffff0, 0x0000000702700000| 99%| O|  |TS  0|AC  0|TAMS 0x0000000702600000, 0x0000000702600000|
|  39|0x0000000702700000, 0x0000000702800000, 0x0000000702800000|100%| O|  |TS  0|AC  0|TAMS 0x0000000702700000, 0x0000000702700000|
|  40|0x0000000702800000, 0x00000007028fffe0, 0x0000000702900000| 99%| O|  |TS  0|AC  0|TAMS 0x0000000702800000, 0x0000000702800000|
|  41|0x0000000702900000, 0x00000007029ffff0, 0x0000000702a00000| 99%| O|  |TS  0|AC  0|TAMS 0x0000000702900000, 0x0000000702900000|
|  42|0x0000000702a00000, 0x0000000702afffd8, 0x0000000702b00000| 99%| O|  |TS  0|AC  0|TAMS 0x0000000702a00000, 0x0000000702a00000|
|  43|0x0000000702b00000, 0x0000000702c00000, 0x0000000702c00000|100%| O|  |TS  0|AC  0|TAMS 0x0000000702b00000, 0x0000000702b00000|
|  44|0x0000000702c00000, 0x0000000702cffff0, 0x0000000702d00000| 99%| O|  |TS  0|AC  0|TAMS 0x0000000702c00000, 0x0000000702c00000|
|  45|0x0000000702d00000, 0x0000000702dfffc0, 0x0000000702e00000| 99%| O|  |TS  0|AC  0|TAMS 0x0000000702d00000, 0x0000000702d00000|
|  46|0x0000000702e00000, 0x0000000702efb620, 0x0000000702f00000| 98%| O|  |TS  0|AC  0|TAMS 0x0000000702e00000, 0x0000000702e00000|
|  47|0x0000000702f00000, 0x0000000702ffffe8, 0x0000000703000000| 99%| O|  |TS  0|AC  0|TAMS 0x0000000702f00000, 0x0000000702f00000|
|  48|0x0000000703000000, 0x00000007030ffff8, 0x0000000703100000| 99%| O|  |TS  0|AC  0|TAMS 0x0000000703000000, 0x0000000703000000|
|  49|0x0000000703100000, 0x0000000703200000, 0x0000000703200000|100%| O|  |TS  0|AC  0|TAMS 0x0000000703100000, 0x0000000703100000|
|  50|0x0000000703200000, 0x00000007032ffff0, 0x0000000703300000| 99%| O|  |TS  0|AC  0|TAMS 0x0000000703200000, 0x0000000703200000|
|  51|0x0000000703300000, 0x00000007033fffe0, 0x0000000703400000| 99%| O|  |TS  0|AC  0|TAMS 0x0000000703300000, 0x0000000703300000|
|  52|0x0000000703400000, 0x00000007034ffff0, 0x0000000703500000| 99%| O|  |TS  0|AC  0|TAMS 0x0000000703400000, 0x0000000703400000|
|  53|0x0000000703500000, 0x00000007035fdf40, 0x0000000703600000| 99%| O|  |TS  0|AC  0|TAMS 0x0000000703500000, 0x0000000703500000|
|  54|0x0000000703600000, 0x00000007036ffea0, 0x0000000703700000| 99%| O|  |TS  0|AC  0|TAMS 0x0000000703600000, 0x0000000703600000|
|  55|0x0000000703700000, 0x00000007037d31f0, 0x0000000703800000| 82%| O|  |TS  0|AC  0|TAMS 0x0000000703700000, 0x0000000703700000|
|  56|0x0000000703800000, 0x00000007038ffd18, 0x0000000703900000| 99%| O|  |TS  0|AC  0|TAMS 0x0000000703800000, 0x0000000703800000|
|  57|0x0000000703900000, 0x00000007039fffd8, 0x0000000703a00000| 99%| O|  |TS  0|AC  0|TAMS 0x0000000703900000, 0x0000000703900000|
|  58|0x0000000703a00000, 0x0000000703ac1ae8, 0x0000000703b00000| 75%| O|  |TS  0|AC  0|TAMS 0x0000000703a00000, 0x0000000703a00000|
|  59|0x0000000703b00000, 0x0000000703b00000, 0x0000000703c00000|  0%| F|  |TS  0|AC  0|TAMS 0x0000000703b00000, 0x0000000703b00000|
|  60|0x0000000703c00000, 0x0000000703c00000, 0x0000000703d00000|  0%| F|  |TS  0|AC  0|TAMS 0x0000000703c00000, 0x0000000703c00000|
|  61|0x0000000703d00000, 0x0000000703e00000, 0x0000000703e00000|100%|HS|  |TS  0|AC  0|TAMS 0x0000000703d00000, 0x0000000703d00000|
|  62|0x0000000703e00000, 0x0000000703e00000, 0x0000000703f00000|  0%| F|  |TS  0|AC  0|TAMS 0x0000000703e00000, 0x0000000703e00000|
|  63|0x0000000703f00000, 0x0000000703f00000, 0x0000000704000000|  0%| F|  |TS  0|AC  0|TAMS 0x0000000703f00000, 0x0000000703f00000|
|  64|0x0000000704000000, 0x0000000704100000, 0x0000000704100000|100%|HS|  |TS  0|AC  0|TAMS 0x0000000704000000, 0x0000000704000000|
|  65|0x0000000704100000, 0x0000000704200000, 0x0000000704200000|100%|HC|  |TS  0|AC  0|TAMS 0x0000000704100000, 0x0000000704100000|
|  66|0x0000000704200000, 0x0000000704200000, 0x0000000704300000|  0%| F|  |TS  0|AC  0|TAMS 0x0000000704200000, 0x0000000704200000|
|  67|0x0000000704300000, 0x0000000704400000, 0x0000000704400000|100%|HS|  |TS  0|AC  0|TAMS 0x0000000704300000, 0x0000000704300000|
|  68|0x0000000704400000, 0x0000000704400000, 0x0000000704500000|  0%| F|  |TS  0|AC  0|TAMS 0x0000000704400000, 0x0000000704400000|
|  69|0x0000000704500000, 0x0000000704500000, 0x0000000704600000|  0%| F|  |TS  0|AC  0|TAMS 0x0000000704500000, 0x0000000704500000|
|  70|0x0000000704600000, 0x0000000704700000, 0x0000000704700000|100%|HS|  |TS  0|AC  0|TAMS 0x0000000704600000, 0x0000000704600000|
|  71|0x0000000704700000, 0x0000000704800000, 0x0000000704800000|100%|HC|  |TS  0|AC  0|TAMS 0x0000000704700000, 0x0000000704700000|
|  72|0x0000000704800000, 0x0000000704900000, 0x0000000704900000|100%|HC|  |TS  0|AC  0|TAMS 0x0000000704800000, 0x0000000704800000|
|  73|0x0000000704900000, 0x0000000704a00000, 0x0000000704a00000|100%|HC|  |TS  0|AC  0|TAMS 0x0000000704900000, 0x0000000704900000|
|  74|0x0000000704a00000, 0x0000000704b00000, 0x0000000704b00000|100%|HC|  |TS  0|AC  0|TAMS 0x0000000704a00000, 0x0000000704a00000|
|  75|0x0000000704b00000, 0x0000000704c00000, 0x0000000704c00000|100%|HC|  |TS  0|AC  0|TAMS 0x0000000704b00000, 0x0000000704b00000|
|  76|0x0000000704c00000, 0x0000000704d00000, 0x0000000704d00000|100%|HC|  |TS  0|AC  0|TAMS 0x0000000704c00000, 0x0000000704c00000|
|  77|0x0000000704d00000, 0x0000000704d00000, 0x0000000704e00000|  0%| F|  |TS  0|AC  0|TAMS 0x0000000704d00000, 0x0000000704d00000|
|  78|0x0000000704e00000, 0x0000000704e00000, 0x0000000704f00000|  0%| F|  |TS  0|AC  0|TAMS 0x0000000704e00000, 0x0000000704e00000|
|  79|0x0000000704f00000, 0x0000000704f00000, 0x0000000705000000|  0%| F|  |TS  0|AC  0|TAMS 0x0000000704f00000, 0x0000000704f00000|
|  80|0x0000000705000000, 0x0000000705000000, 0x0000000705100000|  0%| F|  |TS  0|AC  0|TAMS 0x0000000705000000, 0x0000000705000000|
|  81|0x0000000705100000, 0x0000000705100000, 0x0000000705200000|  0%| F|  |TS  0|AC  0|TAMS 0x0000000705100000, 0x0000000705100000|
|  82|0x0000000705200000, 0x0000000705200000, 0x0000000705300000|  0%| F|  |TS  0|AC  0|TAMS 0x0000000705200000, 0x0000000705200000|
|  83|0x0000000705300000, 0x0000000705300000, 0x0000000705400000|  0%| F|  |TS  0|AC  0|TAMS 0x0000000705300000, 0x0000000705300000|
|  84|0x0000000705400000, 0x0000000705400000, 0x0000000705500000|  0%| F|  |TS  0|AC  0|TAMS 0x0000000705400000, 0x0000000705400000|
|  85|0x0000000705500000, 0x0000000705500000, 0x0000000705600000|  0%| F|  |TS  0|AC  0|TAMS 0x0000000705500000, 0x0000000705500000|
|  86|0x0000000705600000, 0x0000000705600000, 0x0000000705700000|  0%| F|  |TS  0|AC  0|TAMS 0x0000000705600000, 0x0000000705600000|
|  87|0x0000000705700000, 0x0000000705700000, 0x0000000705800000|  0%| F|  |TS  0|AC  0|TAMS 0x0000000705700000, 0x0000000705700000|
|  88|0x0000000705800000, 0x0000000705800000, 0x0000000705900000|  0%| F|  |TS  0|AC  0|TAMS 0x0000000705800000, 0x0000000705800000|
|  89|0x0000000705900000, 0x0000000705900000, 0x0000000705a00000|  0%| F|  |TS  0|AC  0|TAMS 0x0000000705900000, 0x0000000705900000|
|  90|0x0000000705a00000, 0x0000000705a00000, 0x0000000705b00000|  0%| F|  |TS  0|AC  0|TAMS 0x0000000705a00000, 0x0000000705a00000|
|  91|0x0000000705b00000, 0x0000000705b00000, 0x0000000705c00000|  0%| F|  |TS  0|AC  0|TAMS 0x0000000705b00000, 0x0000000705b00000|
|  92|0x0000000705c00000, 0x0000000705c00000, 0x0000000705d00000|  0%| F|  |TS  0|AC  0|TAMS 0x0000000705c00000, 0x0000000705c00000|
|  93|0x0000000705d00000, 0x0000000705d00000, 0x0000000705e00000|  0%| F|  |TS  0|AC  0|TAMS 0x0000000705d00000, 0x0000000705d00000|
|  94|0x0000000705e00000, 0x0000000705e00000, 0x0000000705f00000|  0%| F|  |TS  0|AC  0|TAMS 0x0000000705e00000, 0x0000000705e00000|
|  95|0x0000000705f00000, 0x0000000705f00000, 0x0000000706000000|  0%| F|  |TS  0|AC  0|TAMS 0x0000000705f00000, 0x0000000705f00000|
|  96|0x0000000706000000, 0x0000000706000000, 0x0000000706100000|  0%| F|  |TS  0|AC  0|TAMS 0x0000000706000000, 0x0000000706000000|
|  97|0x0000000706100000, 0x0000000706100000, 0x0000000706200000|  0%| F|  |TS  0|AC  0|TAMS 0x0000000706100000, 0x0000000706100000|
|  98|0x0000000706200000, 0x0000000706200000, 0x0000000706300000|  0%| F|  |TS  0|AC  0|TAMS 0x0000000706200000, 0x0000000706200000|
|  99|0x0000000706300000, 0x0000000706300000, 0x0000000706400000|  0%| F|  |TS  0|AC  0|TAMS 0x0000000706300000, 0x0000000706300000|
| 100|0x0000000706400000, 0x0000000706400000, 0x0000000706500000|  0%| F|  |TS  0|AC  0|TAMS 0x0000000706400000, 0x0000000706400000|
| 101|0x0000000706500000, 0x0000000706500000, 0x0000000706600000|  0%| F|  |TS  0|AC  0|TAMS 0x0000000706500000, 0x0000000706500000|
| 102|0x0000000706600000, 0x0000000706600000, 0x0000000706700000|  0%| F|  |TS  0|AC  0|TAMS 0x0000000706600000, 0x0000000706600000|
| 103|0x0000000706700000, 0x0000000706700000, 0x0000000706800000|  0%| F|  |TS  0|AC  0|TAMS 0x0000000706700000, 0x0000000706700000|
| 104|0x0000000706800000, 0x0000000706800000, 0x0000000706900000|  0%| F|  |TS  0|AC  0|TAMS 0x0000000706800000, 0x0000000706800000|
| 105|0x0000000706900000, 0x0000000706900000, 0x0000000706a00000|  0%| F|  |TS  0|AC  0|TAMS 0x0000000706900000, 0x0000000706900000|
| 106|0x0000000706a00000, 0x0000000706a00000, 0x0000000706b00000|  0%| F|  |TS  0|AC  0|TAMS 0x0000000706a00000, 0x0000000706a00000|
| 107|0x0000000706b00000, 0x0000000706b00000, 0x0000000706c00000|  0%| F|  |TS  0|AC  0|TAMS 0x0000000706b00000, 0x0000000706b00000|
| 108|0x0000000706c00000, 0x0000000706c00000, 0x0000000706d00000|  0%| F|  |TS  0|AC  0|TAMS 0x0000000706c00000, 0x0000000706c00000|
| 109|0x0000000706d00000, 0x0000000706d00000, 0x0000000706e00000|  0%| F|  |TS  0|AC  0|TAMS 0x0000000706d00000, 0x0000000706d00000|
| 110|0x0000000706e00000, 0x0000000706e00000, 0x0000000706f00000|  0%| F|  |TS  0|AC  0|TAMS 0x0000000706e00000, 0x0000000706e00000|
| 111|0x0000000706f00000, 0x0000000706f00000, 0x0000000707000000|  0%| F|  |TS  0|AC  0|TAMS 0x0000000706f00000, 0x0000000706f00000|
| 112|0x0000000707000000, 0x0000000707000000, 0x0000000707100000|  0%| F|  |TS  0|AC  0|TAMS 0x0000000707000000, 0x0000000707000000|
| 113|0x0000000707100000, 0x0000000707100000, 0x0000000707200000|  0%| F|  |TS  0|AC  0|TAMS 0x0000000707100000, 0x0000000707100000|
| 114|0x0000000707200000, 0x0000000707200000, 0x0000000707300000|  0%| F|  |TS  0|AC  0|TAMS 0x0000000707200000, 0x0000000707200000|
| 115|0x0000000707300000, 0x0000000707300000, 0x0000000707400000|  0%| F|  |TS  0|AC  0|TAMS 0x0000000707300000, 0x0000000707300000|
| 116|0x0000000707400000, 0x0000000707400000, 0x0000000707500000|  0%| F|  |TS  0|AC  0|TAMS 0x0000000707400000, 0x0000000707400000|
| 117|0x0000000707500000, 0x0000000707500000, 0x0000000707600000|  0%| F|  |TS  0|AC  0|TAMS 0x0000000707500000, 0x0000000707500000|
| 118|0x0000000707600000, 0x0000000707600000, 0x0000000707700000|  0%| F|  |TS  0|AC  0|TAMS 0x0000000707600000, 0x0000000707600000|
| 119|0x0000000707700000, 0x0000000707700000, 0x0000000707800000|  0%| F|  |TS  0|AC  0|TAMS 0x0000000707700000, 0x0000000707700000|
| 120|0x0000000707800000, 0x0000000707800000, 0x0000000707900000|  0%| F|  |TS  0|AC  0|TAMS 0x0000000707800000, 0x0000000707800000|
| 121|0x0000000707900000, 0x0000000707900000, 0x0000000707a00000|  0%| F|  |TS  0|AC  0|TAMS 0x0000000707900000, 0x0000000707900000|
| 122|0x0000000707a00000, 0x0000000707a00000, 0x0000000707b00000|  0%| F|  |TS  0|AC  0|TAMS 0x0000000707a00000, 0x0000000707a00000|
| 123|0x0000000707b00000, 0x0000000707b00000, 0x0000000707c00000|  0%| F|  |TS  0|AC  0|TAMS 0x0000000707b00000, 0x0000000707b00000|
| 124|0x0000000707c00000, 0x0000000707c00000, 0x0000000707d00000|  0%| F|  |TS  0|AC  0|TAMS 0x0000000707c00000, 0x0000000707c00000|
| 125|0x0000000707d00000, 0x0000000707d00000, 0x0000000707e00000|  0%| F|  |TS  0|AC  0|TAMS 0x0000000707d00000, 0x0000000707d00000|
| 126|0x0000000707e00000, 0x0000000707e00000, 0x0000000707f00000|  0%| F|  |TS  0|AC  0|TAMS 0x0000000707e00000, 0x0000000707e00000|
| 127|0x0000000707f00000, 0x0000000707f00000, 0x0000000708000000|  0%| F|  |TS  0|AC  0|TAMS 0x0000000707f00000, 0x0000000707f00000|
| 128|0x0000000708000000, 0x0000000708000000, 0x0000000708100000|  0%| F|  |TS  0|AC  0|TAMS 0x0000000708000000, 0x0000000708000000|
| 129|0x0000000708100000, 0x0000000708100000, 0x0000000708200000|  0%| F|  |TS  0|AC  0|TAMS 0x0000000708100000, 0x0000000708100000|
| 130|0x0000000708200000, 0x0000000708200000, 0x0000000708300000|  0%| F|  |TS  0|AC  0|TAMS 0x0000000708200000, 0x0000000708200000|
| 131|0x0000000708300000, 0x0000000708300000, 0x0000000708400000|  0%| F|  |TS  0|AC  0|TAMS 0x0000000708300000, 0x0000000708300000|
| 132|0x0000000708400000, 0x0000000708400000, 0x0000000708500000|  0%| F|  |TS  0|AC  0|TAMS 0x0000000708400000, 0x0000000708400000|
| 133|0x0000000708500000, 0x0000000708500000, 0x0000000708600000|  0%| F|  |TS  0|AC  0|TAMS 0x0000000708500000, 0x0000000708500000|
| 134|0x0000000708600000, 0x0000000708600000, 0x0000000708700000|  0%| F|  |TS  0|AC  0|TAMS 0x0000000708600000, 0x0000000708600000|
| 135|0x0000000708700000, 0x0000000708700000, 0x0000000708800000|  0%| F|  |TS  0|AC  0|TAMS 0x0000000708700000, 0x0000000708700000|
| 136|0x0000000708800000, 0x0000000708800000, 0x0000000708900000|  0%| F|  |TS  0|AC  0|TAMS 0x0000000708800000, 0x0000000708800000|
| 137|0x0000000708900000, 0x0000000708900000, 0x0000000708a00000|  0%| F|  |TS  0|AC  0|TAMS 0x0000000708900000, 0x0000000708900000|
| 138|0x0000000708a00000, 0x0000000708a00000, 0x0000000708b00000|  0%| F|  |TS  0|AC  0|TAMS 0x0000000708a00000, 0x0000000708a00000|
| 139|0x0000000708b00000, 0x0000000708b00000, 0x0000000708c00000|  0%| F|  |TS  0|AC  0|TAMS 0x0000000708b00000, 0x0000000708b00000|
| 140|0x0000000708c00000, 0x0000000708c00000, 0x0000000708d00000|  0%| F|  |TS  0|AC  0|TAMS 0x0000000708c00000, 0x0000000708c00000|
| 141|0x0000000708d00000, 0x0000000708d00000, 0x0000000708e00000|  0%| F|  |TS  0|AC  0|TAMS 0x0000000708d00000, 0x0000000708d00000|
| 142|0x0000000708e00000, 0x0000000708e00000, 0x0000000708f00000|  0%| F|  |TS  0|AC  0|TAMS 0x0000000708e00000, 0x0000000708e00000|
| 143|0x0000000708f00000, 0x0000000708f00000, 0x0000000709000000|  0%| F|  |TS  0|AC  0|TAMS 0x0000000708f00000, 0x0000000708f00000|
| 144|0x0000000709000000, 0x0000000709000000, 0x0000000709100000|  0%| F|  |TS  0|AC  0|TAMS 0x0000000709000000, 0x0000000709000000|
| 145|0x0000000709100000, 0x0000000709100000, 0x0000000709200000|  0%| F|  |TS  0|AC  0|TAMS 0x0000000709100000, 0x0000000709100000|
| 146|0x0000000709200000, 0x0000000709200000, 0x0000000709300000|  0%| F|  |TS  0|AC  0|TAMS 0x0000000709200000, 0x0000000709200000|
| 147|0x0000000709300000, 0x0000000709300000, 0x0000000709400000|  0%| F|  |TS  0|AC  0|TAMS 0x0000000709300000, 0x0000000709300000|
| 148|0x0000000709400000, 0x0000000709400000, 0x0000000709500000|  0%| F|  |TS  0|AC  0|TAMS 0x0000000709400000, 0x0000000709400000|
| 149|0x0000000709500000, 0x0000000709500000, 0x0000000709600000|  0%| F|  |TS  0|AC  0|TAMS 0x0000000709500000, 0x0000000709500000|
| 150|0x0000000709600000, 0x0000000709600000, 0x0000000709700000|  0%| F|  |TS  0|AC  0|TAMS 0x0000000709600000, 0x0000000709600000|
| 151|0x0000000709700000, 0x0000000709700000, 0x0000000709800000|  0%| F|  |TS  0|AC  0|TAMS 0x0000000709700000, 0x0000000709700000|
| 152|0x0000000709800000, 0x0000000709800000, 0x0000000709900000|  0%| F|  |TS  0|AC  0|TAMS 0x0000000709800000, 0x0000000709800000|
| 153|0x0000000709900000, 0x0000000709900000, 0x0000000709a00000|  0%| F|  |TS  0|AC  0|TAMS 0x0000000709900000, 0x0000000709900000|
| 154|0x0000000709a00000, 0x0000000709a00000, 0x0000000709b00000|  0%| F|  |TS  0|AC  0|TAMS 0x0000000709a00000, 0x0000000709a00000|
| 155|0x0000000709b00000, 0x0000000709b00000, 0x0000000709c00000|  0%| F|  |TS  0|AC  0|TAMS 0x0000000709b00000, 0x0000000709b00000|
| 156|0x0000000709c00000, 0x0000000709c00000, 0x0000000709d00000|  0%| F|  |TS  0|AC  0|TAMS 0x0000000709c00000, 0x0000000709c00000|
| 157|0x0000000709d00000, 0x0000000709d00000, 0x0000000709e00000|  0%| F|  |TS  3|AC  0|TAMS 0x0000000709d00000, 0x0000000709d00000|
| 158|0x0000000709e00000, 0x0000000709e87a70, 0x0000000709f00000| 52%| S|CS|TS  3|AC  0|TAMS 0x0000000709e00000, 0x0000000709e00000|
| 159|0x0000000709f00000, 0x0000000709f00000, 0x000000070a000000|  0%| F|  |TS  3|AC  0|TAMS 0x0000000709f00000, 0x0000000709f00000|
| 160|0x000000070a000000, 0x000000070a000000, 0x000000070a100000|  0%| F|  |TS  3|AC  0|TAMS 0x000000070a000000, 0x000000070a000000|
| 161|0x000000070a100000, 0x000000070a19a7c8, 0x000000070a200000| 60%| E|  |TS  3|AC  0|TAMS 0x000000070a100000, 0x000000070a100000|
| 162|0x000000070a200000, 0x000000070a300000, 0x000000070a300000|100%| E|CS|TS  3|AC  0|TAMS 0x000000070a200000, 0x000000070a200000|
| 163|0x000000070a300000, 0x000000070a400000, 0x000000070a400000|100%| E|CS|TS  3|AC  0|TAMS 0x000000070a300000, 0x000000070a300000|
| 164|0x000000070a400000, 0x000000070a500000, 0x000000070a500000|100%| E|CS|TS  3|AC  0|TAMS 0x000000070a400000, 0x000000070a400000|
| 165|0x000000070a500000, 0x000000070a600000, 0x000000070a600000|100%| E|CS|TS  3|AC  0|TAMS 0x000000070a500000, 0x000000070a500000|
| 166|0x000000070a600000, 0x000000070a700000, 0x000000070a700000|100%| E|CS|TS  3|AC  0|TAMS 0x000000070a600000, 0x000000070a600000|
| 167|0x000000070a700000, 0x000000070a800000, 0x000000070a800000|100%| E|CS|TS  3|AC  0|TAMS 0x000000070a700000, 0x000000070a700000|
| 168|0x000000070a800000, 0x000000070a900000, 0x000000070a900000|100%| E|CS|TS  3|AC  0|TAMS 0x000000070a800000, 0x000000070a800000|
| 169|0x000000070a900000, 0x000000070aa00000, 0x000000070aa00000|100%| E|CS|TS  3|AC  0|TAMS 0x000000070a900000, 0x000000070a900000|
| 170|0x000000070aa00000, 0x000000070ab00000, 0x000000070ab00000|100%| E|CS|TS  3|AC  0|TAMS 0x000000070aa00000, 0x000000070aa00000|
| 171|0x000000070ab00000, 0x000000070ac00000, 0x000000070ac00000|100%| E|CS|TS  3|AC  0|TAMS 0x000000070ab00000, 0x000000070ab00000|
| 172|0x000000070ac00000, 0x000000070ad00000, 0x000000070ad00000|100%| E|CS|TS  3|AC  0|TAMS 0x000000070ac00000, 0x000000070ac00000|
| 173|0x000000070ad00000, 0x000000070ae00000, 0x000000070ae00000|100%| E|CS|TS  3|AC  0|TAMS 0x000000070ad00000, 0x000000070ad00000|
| 174|0x000000070ae00000, 0x000000070af00000, 0x000000070af00000|100%| E|CS|TS  3|AC  0|TAMS 0x000000070ae00000, 0x000000070ae00000|
| 175|0x000000070af00000, 0x000000070b000000, 0x000000070b000000|100%| E|CS|TS  3|AC  0|TAMS 0x000000070af00000, 0x000000070af00000|
| 176|0x000000070b000000, 0x000000070b100000, 0x000000070b100000|100%| E|CS|TS  3|AC  0|TAMS 0x000000070b000000, 0x000000070b000000|
| 177|0x000000070b100000, 0x000000070b200000, 0x000000070b200000|100%| E|CS|TS  3|AC  0|TAMS 0x000000070b100000, 0x000000070b100000|
| 178|0x000000070b200000, 0x000000070b300000, 0x000000070b300000|100%| E|CS|TS  3|AC  0|TAMS 0x000000070b200000, 0x000000070b200000|
| 179|0x000000070b300000, 0x000000070b400000, 0x000000070b400000|100%| E|CS|TS  3|AC  0|TAMS 0x000000070b300000, 0x000000070b300000|
| 180|0x000000070b400000, 0x000000070b500000, 0x000000070b500000|100%| E|CS|TS  3|AC  0|TAMS 0x000000070b400000, 0x000000070b400000|
| 181|0x000000070b500000, 0x000000070b600000, 0x000000070b600000|100%| E|CS|TS  3|AC  0|TAMS 0x000000070b500000, 0x000000070b500000|
| 182|0x000000070b600000, 0x000000070b700000, 0x000000070b700000|100%| E|CS|TS  3|AC  0|TAMS 0x000000070b600000, 0x000000070b600000|
| 183|0x000000070b700000, 0x000000070b800000, 0x000000070b800000|100%| E|CS|TS  3|AC  0|TAMS 0x000000070b700000, 0x000000070b700000|
| 184|0x000000070b800000, 0x000000070b900000, 0x000000070b900000|100%| E|CS|TS  3|AC  0|TAMS 0x000000070b800000, 0x000000070b800000|
| 185|0x000000070b900000, 0x000000070ba00000, 0x000000070ba00000|100%| E|CS|TS  3|AC  0|TAMS 0x000000070b900000, 0x000000070b900000|
| 186|0x000000070ba00000, 0x000000070bb00000, 0x000000070bb00000|100%| E|CS|TS  3|AC  0|TAMS 0x000000070ba00000, 0x000000070ba00000|
| 187|0x000000070bb00000, 0x000000070bc00000, 0x000000070bc00000|100%| E|CS|TS  3|AC  0|TAMS 0x000000070bb00000, 0x000000070bb00000|
| 188|0x000000070bc00000, 0x000000070bd00000, 0x000000070bd00000|100%| E|CS|TS  3|AC  0|TAMS 0x000000070bc00000, 0x000000070bc00000|
| 189|0x000000070bd00000, 0x000000070be00000, 0x000000070be00000|100%| E|CS|TS  3|AC  0|TAMS 0x000000070bd00000, 0x000000070bd00000|
| 190|0x000000070be00000, 0x000000070bf00000, 0x000000070bf00000|100%| E|CS|TS  3|AC  0|TAMS 0x000000070be00000, 0x000000070be00000|
| 191|0x000000070bf00000, 0x000000070c000000, 0x000000070c000000|100%| E|CS|TS  3|AC  0|TAMS 0x000000070bf00000, 0x000000070bf00000|
| 192|0x000000070c000000, 0x000000070c100000, 0x000000070c100000|100%| E|CS|TS  3|AC  0|TAMS 0x000000070c000000, 0x000000070c000000|
| 193|0x000000070c100000, 0x000000070c200000, 0x000000070c200000|100%| E|CS|TS  3|AC  0|TAMS 0x000000070c100000, 0x000000070c100000|
| 194|0x000000070c200000, 0x000000070c300000, 0x000000070c300000|100%| E|CS|TS  3|AC  0|TAMS 0x000000070c200000, 0x000000070c200000|
| 195|0x000000070c300000, 0x000000070c400000, 0x000000070c400000|100%| E|CS|TS  3|AC  0|TAMS 0x000000070c300000, 0x000000070c300000|
| 196|0x000000070c400000, 0x000000070c500000, 0x000000070c500000|100%| E|CS|TS  3|AC  0|TAMS 0x000000070c400000, 0x000000070c400000|
| 197|0x000000070c500000, 0x000000070c600000, 0x000000070c600000|100%| E|CS|TS  3|AC  0|TAMS 0x000000070c500000, 0x000000070c500000|
| 198|0x000000070c600000, 0x000000070c700000, 0x000000070c700000|100%| E|CS|TS  3|AC  0|TAMS 0x000000070c600000, 0x000000070c600000|
| 199|0x000000070c700000, 0x000000070c800000, 0x000000070c800000|100%| E|CS|TS  3|AC  0|TAMS 0x000000070c700000, 0x000000070c700000|
| 200|0x000000070c800000, 0x000000070c900000, 0x000000070c900000|100%| E|CS|TS  3|AC  0|TAMS 0x000000070c800000, 0x000000070c800000|
| 201|0x000000070c900000, 0x000000070ca00000, 0x000000070ca00000|100%| E|CS|TS  3|AC  0|TAMS 0x000000070c900000, 0x000000070c900000|
| 202|0x000000070ca00000, 0x000000070cb00000, 0x000000070cb00000|100%| E|CS|TS  3|AC  0|TAMS 0x000000070ca00000, 0x000000070ca00000|
| 203|0x000000070cb00000, 0x000000070cc00000, 0x000000070cc00000|100%| E|CS|TS  3|AC  0|TAMS 0x000000070cb00000, 0x000000070cb00000|
| 204|0x000000070cc00000, 0x000000070cd00000, 0x000000070cd00000|100%| E|CS|TS  3|AC  0|TAMS 0x000000070cc00000, 0x000000070cc00000|
| 205|0x000000070cd00000, 0x000000070ce00000, 0x000000070ce00000|100%| E|CS|TS  3|AC  0|TAMS 0x000000070cd00000, 0x000000070cd00000|
| 206|0x000000070ce00000, 0x000000070cf00000, 0x000000070cf00000|100%| E|CS|TS  3|AC  0|TAMS 0x000000070ce00000, 0x000000070ce00000|
| 207|0x000000070cf00000, 0x000000070d000000, 0x000000070d000000|100%| E|CS|TS  3|AC  0|TAMS 0x000000070cf00000, 0x000000070cf00000|
| 208|0x000000070d000000, 0x000000070d100000, 0x000000070d100000|100%| E|CS|TS  3|AC  0|TAMS 0x000000070d000000, 0x000000070d000000|
| 209|0x000000070d100000, 0x000000070d200000, 0x000000070d200000|100%| E|CS|TS  3|AC  0|TAMS 0x000000070d100000, 0x000000070d100000|
| 210|0x000000070d200000, 0x000000070d300000, 0x000000070d300000|100%| E|CS|TS  3|AC  0|TAMS 0x000000070d200000, 0x000000070d200000|
| 211|0x000000070d300000, 0x000000070d400000, 0x000000070d400000|100%| E|CS|TS  3|AC  0|TAMS 0x000000070d300000, 0x000000070d300000|
| 212|0x000000070d400000, 0x000000070d500000, 0x000000070d500000|100%| E|CS|TS  3|AC  0|TAMS 0x000000070d400000, 0x000000070d400000|
| 213|0x000000070d500000, 0x000000070d600000, 0x000000070d600000|100%| E|CS|TS  3|AC  0|TAMS 0x000000070d500000, 0x000000070d500000|
| 214|0x000000070d600000, 0x000000070d700000, 0x000000070d700000|100%| E|CS|TS  3|AC  0|TAMS 0x000000070d600000, 0x000000070d600000|
| 215|0x000000070d700000, 0x000000070d800000, 0x000000070d800000|100%| E|CS|TS  3|AC  0|TAMS 0x000000070d700000, 0x000000070d700000|
| 216|0x000000070d800000, 0x000000070d900000, 0x000000070d900000|100%| E|CS|TS  3|AC  0|TAMS 0x000000070d800000, 0x000000070d800000|
| 217|0x000000070d900000, 0x000000070da00000, 0x000000070da00000|100%| E|CS|TS  3|AC  0|TAMS 0x000000070d900000, 0x000000070d900000|

Card table byte_map: [0x000002057a910000,0x000002057af10000] byte_map_base: 0x0000020577110000

Marking Bits (Prev, Next): (CMBitMap*) 0x000002056fcf9978, (CMBitMap*) 0x000002056fcf9940
 Prev Bits: [0x000002050f000000, 0x0000020512000000)
 Next Bits: [0x000002057b510000, 0x000002057e510000)

Polling page: 0x00000205696c0000

CodeHeap 'non-profiled nmethods': size=120000Kb used=18642Kb max_used=18642Kb free=101357Kb
 bounds [0x0000020507ad0000, 0x0000020508d10000, 0x000002050f000000]
CodeHeap 'profiled nmethods': size=120000Kb used=41866Kb max_used=41866Kb free=78134Kb
 bounds [0x00000205005a0000, 0x0000020502eb0000, 0x0000020507ad0000]
CodeHeap 'non-nmethods': size=5760Kb used=1762Kb max_used=1808Kb free=3997Kb
 bounds [0x0000020500000000, 0x0000020500270000, 0x00000205005a0000]
 total_blobs=27935 nmethods=16246 adapters=1086
 compilation: enabled

Compilation events (10 events):
Event: 837.886 Thread 0x0000020570d58800 nmethod 19264 0x0000020508cfda10 code [0x0000020508cfdc60, 0x0000020508cfeca0]
Event: 837.891 Thread 0x0000020570d59000 nmethod 19266 0x0000020508cff190 code [0x0000020508cff3e0, 0x0000020508d000c0]
Event: 837.893 Thread 0x000002056d49c800 19267       4       com.jidesoft.plaf.basic.BasicStatusBarSeparatorUI::getPreferredSize (38 bytes)
Event: 837.895 Thread 0x000002056d49c800 nmethod 19267 0x0000020508d00810 code [0x0000020508d009c0, 0x0000020508d00ad8]
Event: 837.935 Thread 0x000002056d49d000 19268       3       java.awt.geom.RoundRectangle2D$Float::getX (6 bytes)
Event: 837.935 Thread 0x000002056d49d000 nmethod 19268 0x0000020502eac590 code [0x0000020502eac740, 0x0000020502eac898]
Event: 837.935 Thread 0x000002056d49d000 19269       3       java.awt.geom.RoundRectangle2D$Float::getY (6 bytes)
Event: 837.935 Thread 0x000002056d49d000 nmethod 19269 0x0000020502eac910 code [0x0000020502eacac0, 0x0000020502eacc18]
Event: 837.958 Thread 0x0000020570d58800 19270       4       javax.swing.JTree::getExpandedDescendants (136 bytes)
Event: 838.006 Thread 0x0000020570d58800 nmethod 19270 0x0000020508d00c10 code [0x0000020508d00e80, 0x0000020508d03998]

GC Heap History (10 events):
Event: 828.045 GC heap before
{Heap before GC invocations=287 (full 210):
 garbage-first heap   total 223232K, used 129314K [0x0000000700000000, 0x00000007001006d0, 0x00000007c0000000)
  region size 1024K, 60 young (61440K), 3 survivors (3072K)
 Metaspace       used 81357K, capacity 87331K, committed 87676K, reserved 1124352K
  class space    used 11248K, capacity 12292K, committed 12412K, reserved 1048576K
}
Event: 828.048 GC heap after
{Heap after GC invocations=288 (full 210):
 garbage-first heap   total 223232K, used 70970K [0x0000000700000000, 0x00000007001006d0, 0x00000007c0000000)
  region size 1024K, 3 young (3072K), 3 survivors (3072K)
 Metaspace       used 81357K, capacity 87331K, committed 87676K, reserved 1124352K
  class space    used 11248K, capacity 12292K, committed 12412K, reserved 1048576K
}
Event: 828.260 GC heap before
{Heap before GC invocations=288 (full 210):
 garbage-first heap   total 223232K, used 129338K [0x0000000700000000, 0x00000007001006d0, 0x00000007c0000000)
  region size 1024K, 60 young (61440K), 3 survivors (3072K)
 Metaspace       used 81382K, capacity 87331K, committed 87676K, reserved 1124352K
  class space    used 11248K, capacity 12292K, committed 12412K, reserved 1048576K
}
Event: 828.263 GC heap after
{Heap after GC invocations=289 (full 210):
 garbage-first heap   total 223232K, used 71049K [0x0000000700000000, 0x00000007001006d0, 0x00000007c0000000)
  region size 1024K, 3 young (3072K), 3 survivors (3072K)
 Metaspace       used 81382K, capacity 87331K, committed 87676K, reserved 1124352K
  class space    used 11248K, capacity 12292K, committed 12412K, reserved 1048576K
}
Event: 830.802 GC heap before
{Heap before GC invocations=289 (full 210):
 garbage-first heap   total 223232K, used 110985K [0x0000000700000000, 0x00000007001006d0, 0x00000007c0000000)
  region size 1024K, 43 young (44032K), 3 survivors (3072K)
 Metaspace       used 81424K, capacity 87395K, committed 87676K, reserved 1124352K
  class space    used 11248K, capacity 12292K, committed 12412K, reserved 1048576K
}
Event: 830.970 GC heap after
{Heap after GC invocations=290 (full 211):
 garbage-first heap   total 223232K, used 70569K [0x0000000700000000, 0x00000007001006d0, 0x00000007c0000000)
  region size 1024K, 0 young (0K), 0 survivors (0K)
 Metaspace       used 81424K, capacity 87395K, committed 87676K, reserved 1124352K
  class space    used 11248K, capacity 12292K, committed 12412K, reserved 1048576K
}
Event: 835.031 GC heap before
{Heap before GC invocations=290 (full 211):
 garbage-first heap   total 223232K, used 132009K [0x0000000700000000, 0x00000007001006d0, 0x00000007c0000000)
  region size 1024K, 60 young (61440K), 0 survivors (0K)
 Metaspace       used 81562K, capacity 87523K, committed 87676K, reserved 1124352K
  class space    used 11248K, capacity 12292K, committed 12412K, reserved 1048576K
}
Event: 835.033 GC heap after
{Heap after GC invocations=291 (full 211):
 garbage-first heap   total 223232K, used 71205K [0x0000000700000000, 0x00000007001006d0, 0x00000007c0000000)
  region size 1024K, 1 young (1024K), 1 survivors (1024K)
 Metaspace       used 81562K, capacity 87523K, committed 87676K, reserved 1124352K
  class space    used 11248K, capacity 12292K, committed 12412K, reserved 1048576K
}
Event: 836.240 GC heap before
{Heap before GC invocations=291 (full 211):
 garbage-first heap   total 223232K, used 131621K [0x0000000700000000, 0x00000007001006d0, 0x00000007c0000000)
  region size 1024K, 60 young (61440K), 1 survivors (1024K)
 Metaspace       used 81574K, capacity 87523K, committed 87676K, reserved 1124352K
  class space    used 11248K, capacity 12292K, committed 12412K, reserved 1048576K
}
Event: 836.242 GC heap after
{Heap after GC invocations=292 (full 211):
 garbage-first heap   total 223232K, used 71112K [0x0000000700000000, 0x00000007001006d0, 0x00000007c0000000)
  region size 1024K, 1 young (1024K), 1 survivors (1024K)
 Metaspace       used 81574K, capacity 87523K, committed 87676K, reserved 1124352K
  class space    used 11248K, capacity 12292K, committed 12412K, reserved 1048576K
}

Deoptimization events (10 events):
Event: 811.658 Thread 0x0000020573d0e800 Uncommon trap: reason=class_check action=maybe_recompile pc=0x0000020508a49e18 method=javax.swing.plaf.basic.BasicListUI.getHeight(II)I @ 38 c2
Event: 811.658 Thread 0x0000020573d0e800 Uncommon trap: reason=class_check action=maybe_recompile pc=0x00000205089cdf98 method=javax.swing.plaf.basic.BasicListUI.convertModelToRow(I)I @ 7 c2
Event: 811.658 Thread 0x0000020573d0e800 Uncommon trap: reason=class_check action=maybe_recompile pc=0x0000020508a49e18 method=javax.swing.plaf.basic.BasicListUI.getHeight(II)I @ 38 c2
Event: 811.875 Thread 0x0000020573d0e800 Uncommon trap: reason=unstable_if action=reinterpret pc=0x00000205087bd430 method=com.jidesoft.swing.JideSwingUtilities.getButtonState(Ljavax/swing/AbstractButton;)I @ 111 c2
Event: 813.235 Thread 0x0000020573d0e800 Uncommon trap: reason=unstable_if action=reinterpret pc=0x0000020507e1075c method=com.jidesoft.editor.SyntaxDocument.getLineStartOffset(I)I @ 22 c2
Event: 813.235 Thread 0x0000020573d0e800 Uncommon trap: reason=unstable_if action=reinterpret pc=0x000002050878afd0 method=com.jidesoft.editor.SyntaxDocument.getLineEndOffset(I)I @ 22 c2
Event: 828.087 Thread 0x0000020573d0e800 Uncommon trap: reason=unstable_if action=reinterpret pc=0x0000020508928218 method=javax.swing.JRootPane.isOptimizedDrawingEnabled()Z @ 7 c2
Event: 828.087 Thread 0x0000020573d0e800 Uncommon trap: reason=unstable_if action=reinterpret pc=0x00000205081a6388 method=javax.swing.JComponent._paintImmediately(IIII)V @ 213 c2
Event: 836.243 Thread 0x0000020573d0e800 Uncommon trap: reason=unstable_if action=reinterpret pc=0x00000205082a233c method=java.util.concurrent.locks.ReentrantLock$Sync.nonfairTryAcquire(I)Z @ 19 c2
Event: 836.990 Thread 0x0000020573d0e800 Uncommon trap: reason=class_check action=maybe_recompile pc=0x0000020508611950 method=javax.swing.AbstractButton.setEnabled(Z)V @ 21 c2

Classes redefined (0 events):
No events

Internal exceptions (10 events):
Event: 462.479 Thread 0x0000020573d0e800 Implicit null exception at 0x0000020508a2cca0 to 0x0000020508a2f115
Event: 469.900 Thread 0x0000020573d0e800 Exception <a 'java/lang/NoSuchMethodError'{0x000000070c4785c0}: java.lang.invoke.DirectMethodHandle$Holder.invokeStatic(Ljava/lang/Object;J)V> (0x000000070c4785c0) thrown at [t:/workspace/hotspot/src/share/vm/interpreter/linkResolver.cpp, line 731]
Event: 469.903 Thread 0x0000020573d0e800 Exception <a 'java/lang/NoSuchMethodError'{0x000000070c480230}: java.lang.invoke.DirectMethodHandle$Holder.invokeStatic(Ljava/lang/Object;Ljava/lang/Object;JLjava/lang/Object;)Ljava/lang/Object;> (0x000000070c480230) thrown at [t:/workspace/hotspot/src/sh
Event: 469.903 Thread 0x0000020573d0e800 Exception <a 'java/lang/NoSuchMethodError'{0x000000070c485f30}: java.lang.invoke.DirectMethodHandle$Holder.invokeStaticInit(Ljava/lang/Object;Ljava/lang/Object;JLjava/lang/Object;)Ljava/lang/Object;> (0x000000070c485f30) thrown at [t:/workspace/hotspot/sr
Event: 469.969 Thread 0x0000020573d0e800 Exception <a 'java/lang/NoSuchMethodError'{0x000000070bfe3908}: method resolution failed> (0x000000070bfe3908) thrown at [t:/workspace/hotspot/src/share/vm/prims/methodHandles.cpp, line 1256]
Event: 469.969 Thread 0x0000020573d0e800 Exception <a 'java/lang/NoSuchMethodError'{0x000000070bfe97f8}: java.lang.invoke.DelegatingMethodHandle$Holder.reinvoke_L(Ljava/lang/Object;Ljava/lang/Object;IILjava/lang/Object;Ljava/lang/Object;Ljava/lang/Object;Ljava/lang/Object;Ljava/lang/Object;Ljava
Event: 469.975 Thread 0x0000020573d0e800 Exception <a 'java/lang/NoSuchMethodError'{0x000000070bd081e8}: java.lang.invoke.DirectMethodHandle$Holder.invokeSpecial(Ljava/lang/Object;Ljava/lang/Object;IILjava/lang/Object;Ljava/lang/Object;Ljava/lang/Object;Ljava/lang/Object;Ljava/lang/Object;Ljava/
Event: 469.975 Thread 0x0000020573d0e800 Exception <a 'java/lang/NoSuchMethodError'{0x000000070bd0d458}: java.lang.invoke.DelegatingMethodHandle$Holder.reinvoke_L(Ljava/lang/Object;IILjava/lang/Object;Ljava/lang/Object;Ljava/lang/Object;Ljava/lang/Object;Ljava/lang/Object;Ljava/lang/Object;Ljava
Event: 469.980 Thread 0x0000020573d0e800 Exception <a 'java/lang/NoSuchMethodError'{0x000000070bddef70}: java.lang.invoke.DirectMethodHandle$Holder.invokeSpecial(Ljava/lang/Object;Ljava/lang/Object;Ljava/lang/Object;Ljava/lang/Object;Ljava/lang/Object;Ljava/lang/Object;Ljava/lang/Object;Ljava/la
Event: 807.600 Thread 0x0000020573d0e800 Exception <a 'java/lang/NoSuchMethodError'{0x000000070b4569c0}: java.lang.invoke.DirectMethodHandle$Holder.invokeStatic(Ljava/lang/Object;Ljava/lang/Object;I)V> (0x000000070b4569c0) thrown at [t:/workspace/hotspot/src/share/vm/interpreter/linkResolver.cpp

Events (10 events):
Event: 836.957 Executing VM operation: RevokeBias done
Event: 836.960 Executing VM operation: RevokeBias
Event: 836.960 Executing VM operation: RevokeBias done
Event: 836.990 Thread 0x0000020573d0e800 Uncommon trap: trap_request=0xffffffde fr.pc=0x0000020508611950 relative=0x0000000000000110
Event: 836.990 Thread 0x0000020573d0e800 DEOPT PACKING pc=0x0000020508611950 sp=0x0000001309af6e60
Event: 836.990 Thread 0x0000020573d0e800 DEOPT UNPACKING pc=0x000002050004df29 sp=0x0000001309af6d90 mode 2
Event: 837.018 Thread 0x000002051a328800 Thread added: 0x000002051a328800
Event: 837.023 Thread 0x000002051a328800 Thread exited: 0x000002051a328800
Event: 838.020 Thread 0x000002051a328000 Thread added: 0x000002051a328000
Event: 838.023 Thread 0x000002051a328000 Thread exited: 0x000002051a328000


Dynamic libraries:
0x00007ff6f8c90000 - 0x00007ff6f8cc0000 	D:\Applications\Xilinx\Vivado\2019.2\bin\unwrapped\win64.o\vivado.exe
0x00007ffcbf4b0000 - 0x00007ffcbf6c7000 	C:\WINDOWS\SYSTEM32\ntdll.dll
0x00007ffcbd440000 - 0x00007ffcbd504000 	C:\WINDOWS\System32\KERNEL32.DLL
0x00007ffcbc7d0000 - 0x00007ffcbcb77000 	C:\WINDOWS\System32\KERNELBASE.dll
0x00007ffcbcef0000 - 0x00007ffcbd001000 	C:\WINDOWS\System32\ucrtbase.dll
0x00007ffca8ae0000 - 0x00007ffca8b6d000 	C:\WINDOWS\SYSTEM32\MSVCP140.dll
0x00007ffcb4600000 - 0x00007ffcb4614000 	D:\Applications\Xilinx\Vivado\2019.2\lib\win64.o\libboost_signals.dll
0x00007ffc68e90000 - 0x00007ffc69dd3000 	D:\Applications\Xilinx\Vivado\2019.2\lib\win64.o\librdi_common.dll
0x00007ffca9550000 - 0x00007ffca956d000 	C:\WINDOWS\SYSTEM32\VCRUNTIME140.dll
0x00007ffcbd290000 - 0x00007ffcbd43e000 	C:\WINDOWS\System32\USER32.dll
0x00007ffca9540000 - 0x00007ffca954c000 	C:\WINDOWS\SYSTEM32\VCRUNTIME140_1.dll
0x00007ffcbcec0000 - 0x00007ffcbcee6000 	C:\WINDOWS\System32\win32u.dll
0x00007ffcbf420000 - 0x00007ffcbf449000 	C:\WINDOWS\System32\GDI32.dll
0x00007ffc6c520000 - 0x00007ffc6c88e000 	D:\Applications\Xilinx\Vivado\2019.2\lib\win64.o\libCOIN-all.dll
0x00007ffca5d00000 - 0x00007ffca5d14000 	D:\Applications\Xilinx\Vivado\2019.2\lib\win64.o\libboost_date_time.dll
0x00007ffcbd0c0000 - 0x00007ffcbd1d9000 	C:\WINDOWS\System32\gdi32full.dll
0x00007ffcbccf0000 - 0x00007ffcbcd8a000 	C:\WINDOWS\System32\msvcp_win.dll
0x00007ffca3cb0000 - 0x00007ffca3cd6000 	D:\Applications\Xilinx\Vivado\2019.2\lib\win64.o\libboost_filesystem.dll
0x00007ffcbdd90000 - 0x00007ffcbde42000 	C:\WINDOWS\System32\ADVAPI32.dll
0x00007ffc8c5a0000 - 0x00007ffc8c61f000 	D:\Applications\Xilinx\Vivado\2019.2\lib\win64.o\libboost_program_options.dll
0x00007ffcbe810000 - 0x00007ffcbe8b7000 	C:\WINDOWS\System32\msvcrt.dll
0x00007ffcbe8c0000 - 0x00007ffcbe968000 	C:\WINDOWS\System32\sechost.dll
0x00007ffc8c480000 - 0x00007ffc8c594000 	D:\Applications\Xilinx\Vivado\2019.2\lib\win64.o\libboost_regex.dll
0x00007ffcbd010000 - 0x00007ffcbd038000 	C:\WINDOWS\System32\bcrypt.dll
0x00007ffcb4f90000 - 0x00007ffcb4f9b000 	D:\Applications\Xilinx\Vivado\2019.2\lib\win64.o\libboost_system.dll
0x00007ffcbd960000 - 0x00007ffcbda75000 	C:\WINDOWS\System32\RPCRT4.dll
0x00007ffcbdf00000 - 0x00007ffcbe75c000 	C:\WINDOWS\System32\SHELL32.dll
0x00007ffc9ac80000 - 0x00007ffc9aca1000 	D:\Applications\Xilinx\Vivado\2019.2\lib\win64.o\libboost_thread.dll
0x00007ffcb4f20000 - 0x00007ffcb4f2f000 	D:\Applications\Xilinx\Vivado\2019.2\lib\win64.o\libboost_xilinx.dll
0x00007ffc84260000 - 0x00007ffc842e2000 	D:\Applications\Xilinx\Vivado\2019.2\lib\win64.o\libhdlpsolve.dll
0x00007ffc841b0000 - 0x00007ffc84255000 	D:\Applications\Xilinx\Vivado\2019.2\lib\win64.o\libhdxml.dll
0x00007ffc57840000 - 0x00007ffc5843c200 	D:\Applications\Xilinx\Vivado\2019.2\lib\win64.o\libisl_iostreams.dll
0x00007ffc99c40000 - 0x00007ffc99c6e000 	D:\Applications\Xilinx\Vivado\2019.2\lib\win64.o\libisl_sysinfo.dll
0x00007ffc8edc0000 - 0x00007ffc8ee25000 	D:\Applications\Xilinx\Vivado\2019.2\lib\win64.o\liblmx6.0.dll
0x00007ffcbee80000 - 0x00007ffcbeef1000 	C:\WINDOWS\System32\WS2_32.dll
0x00007ffca5be0000 - 0x00007ffca5bfa000 	D:\Applications\Xilinx\Vivado\2019.2\lib\win64.o\pthreadVC2.dll
0x00007ffca1e10000 - 0x00007ffca1fb1000 	D:\Applications\Xilinx\Vivado\2019.2\lib\win64.o\librdi_commonxillic.dll
0x00007ffc98140000 - 0x00007ffc98161000 	D:\Applications\Xilinx\Vivado\2019.2\lib\win64.o\librdizlib.dll
0x00007ffca5540000 - 0x00007ffca555c000 	D:\Applications\Xilinx\Vivado\2019.2\lib\win64.o\librdiconfig.dll
0x00000000682e0000 - 0x000000006840b000 	D:\Applications\Xilinx\Vivado\2019.2\lib\win64.o\tcl85t.dll
0x0000000012000000 - 0x0000000012270000 	D:\Applications\Xilinx\Vivado\2019.2\lib\win64.o\xerces-c_3_1.dll
0x00007ffcaad50000 - 0x00007ffcab244000 	C:\WINDOWS\SYSTEM32\WININET.dll
0x00007ffcaa6b0000 - 0x00007ffcaa6c9000 	C:\WINDOWS\SYSTEM32\NETAPI32.dll
0x00007ffcb2830000 - 0x00007ffcb2966000 	C:\WINDOWS\SYSTEM32\WINHTTP.dll
0x00007ffcad570000 - 0x00007ffcad760000 	C:\WINDOWS\SYSTEM32\urlmon.dll
0x00007ffcb3c30000 - 0x00007ffcb3c3d000 	D:\Applications\Xilinx\Vivado\2019.2\lib\win64.o\libboost_chrono.dll
0x00007ffc569a0000 - 0x00007ffc57831000 	D:\Applications\Xilinx\Vivado\2019.2\lib\win64.o\gurobi65.dll
0x00007ffc953b0000 - 0x00007ffc953e2000 	C:\WINDOWS\SYSTEM32\VCOMP140.DLL
0x00007ffc80970000 - 0x00007ffc80979000 	C:\WINDOWS\SYSTEM32\WSOCK32.dll
0x00007ffca3390000 - 0x00007ffca33ab000 	D:\Applications\Xilinx\Vivado\2019.2\lib\win64.o\libboost_iostreams.dll
0x00007ffc90070000 - 0x00007ffc90095000 	D:\Applications\Xilinx\Vivado\2019.2\lib\win64.o\libisl_iosutils.dll
0x00007ffc6c240000 - 0x00007ffc6c51b000 	D:\Applications\Xilinx\Vivado\2019.2\lib\win64.o\libXil_lmgr11.dll
0x00007ffcbd510000 - 0x00007ffcbd607000 	C:\WINDOWS\System32\COMDLG32.dll
0x00007ffcbf070000 - 0x00007ffcbf3f8000 	C:\WINDOWS\System32\combase.dll
0x00007ffcac7d0000 - 0x00007ffcaca8e000 	C:\WINDOWS\SYSTEM32\iertutil.dll
0x00007ffcb1940000 - 0x00007ffcb1968000 	C:\WINDOWS\SYSTEM32\srvcli.dll
0x00007ffcbd6a0000 - 0x00007ffcbd795000 	C:\WINDOWS\System32\shcore.dll
0x00007ffcbb210000 - 0x00007ffcbb21c000 	C:\WINDOWS\SYSTEM32\netutils.dll
0x00007ffcbdea0000 - 0x00007ffcbdefe000 	C:\WINDOWS\System32\SHLWAPI.dll
0x00007ffcbef90000 - 0x00007ffcbf067000 	C:\WINDOWS\System32\OLEAUT32.dll
0x00007ffcbda80000 - 0x00007ffcbdc25000 	C:\WINDOWS\System32\ole32.dll
0x00007ffcbce50000 - 0x00007ffcbcebb000 	C:\WINDOWS\System32\WINTRUST.dll
0x00007ffcbcb80000 - 0x00007ffcbcce8000 	C:\WINDOWS\System32\CRYPT32.dll
0x00007ffc97cd0000 - 0x00007ffc97d83000 	C:\WINDOWS\WinSxS\amd64_microsoft.windows.common-controls_6595b64144ccf1df_5.82.22621.3527_none_b43b7f4b638cc64f\COMCTL32.dll
0x00007ffcb2810000 - 0x00007ffcb282f000 	C:\WINDOWS\SYSTEM32\dhcpcsvc.DLL
0x00007ffcb3c90000 - 0x00007ffcb3ca6000 	D:\Applications\Xilinx\Vivado\2019.2\lib\win64.o\librdi_commonmain.dll
0x00007ffcb95f0000 - 0x00007ffcb95fa000 	D:\Applications\Xilinx\Vivado\2019.2\lib\win64.o\librdi_commonversion.dll
0x00007ffcbd250000 - 0x00007ffcbd281000 	C:\WINDOWS\System32\IMM32.DLL
0x00007ffcbc0a0000 - 0x00007ffcbc0b2000 	C:\WINDOWS\SYSTEM32\MSASN1.dll
0x00007ffcbb7b0000 - 0x00007ffcbb7c8000 	C:\WINDOWS\SYSTEM32\kernel.appcore.dll
0x00007ffc6bd20000 - 0x00007ffc6c237000 	D:\Applications\Xilinx\Vivado\2019.2\lib\win64.o\librdi_commontasks.dll
0x00007ffcb0a90000 - 0x00007ffcb0a9a000 	C:\WINDOWS\SYSTEM32\VERSION.dll
0x00007ffc68ba0000 - 0x00007ffc68e83000 	D:\Applications\Xilinx\Vivado\2019.2\lib\win64.o\librdi_sio.dll
0x00007ffcbb220000 - 0x00007ffcbb24d000 	C:\WINDOWS\SYSTEM32\IPHLPAPI.DLL
0x00000000673c0000 - 0x0000000067de5000 	D:\Applications\Xilinx\Vivado\2019.2\tps\win64\jre9.0.4\bin\server\jvm.dll
0x00007ffcbef10000 - 0x00007ffcbef18000 	C:\WINDOWS\System32\PSAPI.DLL
0x00007ffc97c90000 - 0x00007ffc97cc4000 	C:\WINDOWS\SYSTEM32\WINMM.dll
0x00007ffc7dac0000 - 0x00007ffc7dbaf000 	C:\WINDOWS\SYSTEM32\MSVCR120.dll
0x00007ffcbbc80000 - 0x00007ffcbbce9000 	C:\WINDOWS\SYSTEM32\MSWSOCK.DLL
0x00007ffcba6c0000 - 0x00007ffcbafb6000 	C:\WINDOWS\SYSTEM32\windows.storage.dll
0x00007ffcba580000 - 0x00007ffcba6be000 	C:\WINDOWS\SYSTEM32\wintypes.dll
0x00007ffc54250000 - 0x00007ffc56995000 	D:\Applications\Xilinx\Vivado\2019.2\lib\win64.o\librdi_tcltasks.dll
0x00007ffc7da40000 - 0x00007ffc7dabb000 	D:\Applications\Xilinx\Vivado\2019.2\lib\win64.o\librdi_boarddep.dll
0x00007ffc53d90000 - 0x00007ffc54244000 	D:\Applications\Xilinx\Vivado\2019.2\lib\win64.o\librdi_bitstream.dll
0x00007ffc72890000 - 0x00007ffc729e2000 	D:\Applications\Xilinx\Vivado\2019.2\lib\win64.o\librdi_cd_client.dll
0x00007ffc7bb90000 - 0x00007ffc7bd2d000 	D:\Applications\Xilinx\Vivado\2019.2\lib\win64.o\librdi_board.dll
0x00007ffc722c0000 - 0x00007ffc72480000 	D:\Applications\Xilinx\Vivado\2019.2\lib\win64.o\librdi_chipscopeimpl.dll
0x00007ffc7baa0000 - 0x00007ffc7bb8f000 	D:\Applications\Xilinx\Vivado\2019.2\lib\win64.o\librdi_chipscope.dll
0x00007ffc68870000 - 0x00007ffc68b94000 	D:\Applications\Xilinx\Vivado\2019.2\lib\win64.o\librdi_containers.dll
0x00007ffc522b0000 - 0x00007ffc53d8a000 	D:\Applications\Xilinx\Vivado\2019.2\lib\win64.o\librdi_constraints.dll
0x00007ffc4a940000 - 0x00007ffc4ec0b000 	D:\Applications\Xilinx\Vivado\2019.2\lib\win64.o\librdi_designutils.dll
0x00007ffc51f60000 - 0x00007ffc522aa000 	D:\Applications\Xilinx\Vivado\2019.2\lib\win64.o\librdi_dlyest.dll
0x00007ffc51030000 - 0x00007ffc515fd000 	D:\Applications\Xilinx\Vivado\2019.2\lib\win64.o\librdi_drc.dll
0x00007ffc4ec10000 - 0x00007ffc50c00000 	D:\Applications\Xilinx\Vivado\2019.2\lib\win64.o\librdi_coregen.dll
0x00007ffc51600000 - 0x00007ffc51cd9000 	D:\Applications\Xilinx\Vivado\2019.2\lib\win64.o\librdi_coregenipxact.dll
0x00007ffc74390000 - 0x00007ffc74454000 	D:\Applications\Xilinx\Vivado\2019.2\lib\win64.o\librdi_dsp.dll
0x00007ffc7b910000 - 0x00007ffc7b97a000 	D:\Applications\Xilinx\Vivado\2019.2\lib\win64.o\librdi_hdf.dll
0x00007ffc50d20000 - 0x00007ffc51030000 	D:\Applications\Xilinx\Vivado\2019.2\lib\win64.o\librdi_guitools.dll
0x00007ffc6e810000 - 0x00007ffc6e958000 	D:\Applications\Xilinx\Vivado\2019.2\lib\win64.o\librdi_hip_perf_analysis.dll
0x00007ffc4a0b0000 - 0x00007ffc4a2d0000 	D:\Applications\Xilinx\Vivado\2019.2\lib\win64.o\librdi_hip_devdesign.dll
0x00007ffc4a2d0000 - 0x00007ffc4a93b000 	D:\Applications\Xilinx\Vivado\2019.2\lib\win64.o\librdi_filemgmt.dll
0x00007ffc2d500000 - 0x00007ffc420ab000 	D:\Applications\Xilinx\Vivado\2019.2\lib\win64.o\librdi_device.dll
0x00007ffc47da0000 - 0x00007ffc483d1000 	D:\Applications\Xilinx\Vivado\2019.2\lib\win64.o\librdi_memdata.dll
0x00007ffc74ae0000 - 0x00007ffc74b54000 	D:\Applications\Xilinx\Vivado\2019.2\lib\win64.o\librdi_memoryarray.dll
0x00007ffc483e0000 - 0x00007ffc49b4d000 	D:\Applications\Xilinx\Vivado\2019.2\lib\win64.o\librdi_implflow.dll
0x00007ffc817e0000 - 0x00007ffc8182c000 	D:\Applications\Xilinx\Vivado\2019.2\lib\win64.o\librdi_pfi.dll
0x00007ffc448e0000 - 0x00007ffc44fc3000 	D:\Applications\Xilinx\Vivado\2019.2\lib\win64.o\librdi_netlist.dll
0x00007ffc44fd0000 - 0x00007ffc47d9b000 	D:\Applications\Xilinx\Vivado\2019.2\lib\win64.o\librdi_mig.dll
0x00007ffc43620000 - 0x00007ffc43e2b000 	D:\Applications\Xilinx\Vivado\2019.2\lib\win64.o\librdi_power.dll
0x00007ffc49d90000 - 0x00007ffc4a0ab000 	D:\Applications\Xilinx\Vivado\2019.2\lib\win64.o\librdi_platform.dll
0x00007ffc43060000 - 0x00007ffc4361a000 	D:\Applications\Xilinx\Vivado\2019.2\lib\win64.o\librdi_project.dll
0x00007ffc42990000 - 0x00007ffc43051000 	D:\Applications\Xilinx\Vivado\2019.2\lib\win64.o\librdi_rsb.dll
0x00007ffc2ac30000 - 0x00007ffc2d4f7000 	D:\Applications\Xilinx\Vivado\2019.2\lib\win64.o\librdi_place.dll
0x00007ffc6ffe0000 - 0x00007ffc700e8000 	D:\Applications\Xilinx\Vivado\2019.2\lib\win64.o\librdi_runsbase.dll
0x00007ffc42560000 - 0x00007ffc42983000 	D:\Applications\Xilinx\Vivado\2019.2\lib\win64.o\librdi_runs.dll
0x00007ffc43e30000 - 0x00007ffc44563000 	D:\Applications\Xilinx\Vivado\2019.2\lib\win64.o\librdi_psta.dll
0x00007ffc44660000 - 0x00007ffc448d5000 	D:\Applications\Xilinx\Vivado\2019.2\lib\win64.o\librdi_simdata.dll
0x00007ffc6ce30000 - 0x00007ffc6cfd0000 	D:\Applications\Xilinx\Vivado\2019.2\lib\win64.o\librdi_cd_protocol.dll
0x00007ffc80b00000 - 0x00007ffc80b4c000 	D:\Applications\Xilinx\Vivado\2019.2\lib\win64.o\libboost_serialization.dll
0x00007ffc51db0000 - 0x00007ffc51f51000 	D:\Applications\Xilinx\Vivado\2019.2\lib\win64.o\librdi_advchipscopeimpl.dll
0x00007ffc6bc40000 - 0x00007ffc6bd17000 	D:\Applications\Xilinx\Vivado\2019.2\lib\win64.o\librdi_ipconfig_readwrite.dll
0x00007ffc7d9f0000 - 0x00007ffc7da3a000 	D:\Applications\Xilinx\Vivado\2019.2\lib\win64.o\librdi_noc_frameworks.dll
0x00007ffc29da0000 - 0x00007ffc2ac2d000 	D:\Applications\Xilinx\Vivado\2019.2\lib\win64.o\librdi_timing.dll
0x00007ffc28c30000 - 0x00007ffc29777000 	D:\Applications\Xilinx\Vivado\2019.2\lib\win64.o\libverific.dll
0x00007ffc747b0000 - 0x00007ffc7484e000 	D:\Applications\Xilinx\Vivado\2019.2\lib\win64.o\libise.dll
0x00007ffc49ba0000 - 0x00007ffc49d84000 	D:\Applications\Xilinx\Vivado\2019.2\lib\win64.o\librdi_hip_config.dll
0x00007ffc286e0000 - 0x00007ffc28c2e000 	D:\Applications\Xilinx\Vivado\2019.2\lib\win64.o\librdi_xdm.dll
0x00007ffc7b8c0000 - 0x00007ffc7b90a000 	D:\Applications\Xilinx\Vivado\2019.2\lib\win64.o\librdi_wavedata_SimpleApi.dll

VM Arguments:
jvm_args: -Dsun.java2d.pmoffscreen=false -Dsun.java2d.xrender=false -Dsun.java2d.d3d=false -Dsun.awt.nopixfmt=true -Dsun.java2d.dpiaware=true -Dsun.java2d.uiScale.enabled=false -Xverify:none -Dswing.aatext=true -XX:-UsePerfData -Djdk.map.althashing.threshold=512 -XX:StringTableSize=4072 --add-opens=java.base/java.nio=ALL-UNNAMED --add-opens=java.desktop/sun.swing=ALL-UNNAMED --add-opens=java.desktop/javax.swing=ALL-UNNAMED --add-opens=java.desktop/javax.swing.tree=ALL-UNNAMED --add-opens=java.desktop/javax.swing.plaf.basic=ALL-UNNAMED --add-opens=java.desktop/javax.swing.plaf.synth=ALL-UNNAMED --add-opens=java.desktop/com.sun.awt=ALL-UNNAMED -XX:NewSize=60m -XX:MaxNewSize=60m -Xms128m -Xmx3072m -Xss5m 
java_command: <unknown>
java_class_path (initial): D:/Applications/Xilinx/Vivado/2019.2\lib\classes\alloy.jar;D:/Applications/Xilinx/Vivado/2019.2\lib\classes\autoesl-common.jar;D:/Applications/Xilinx/Vivado/2019.2\lib\classes\autoesl-models.jar;D:/Applications/Xilinx/Vivado/2019.2\lib\classes\autoesl-report.jar;D:/Applications/Xilinx/Vivado/2019.2\lib\classes\autopilot.scelaborator.jar;D:/Applications/Xilinx/Vivado/2019.2\lib\classes\autopilot.sourceprocessor.jar;D:/Applications/Xilinx/Vivado/2019.2\lib\classes\autopilot.tbprocessor.jar;D:/Applications/Xilinx/Vivado/2019.2\lib\classes\batik-anim.jar;D:/Applications/Xilinx/Vivado/2019.2\lib\classes\batik-awt-util.jar;D:/Applications/Xilinx/Vivado/2019.2\lib\classes\batik-bridge.jar;D:/Applications/Xilinx/Vivado/2019.2\lib\classes\batik-codec.jar;D:/Applications/Xilinx/Vivado/2019.2\lib\classes\batik-css.jar;D:/Applications/Xilinx/Vivado/2019.2\lib\classes\batik-dom.jar;D:/Applications/Xilinx/Vivado/2019.2\lib\classes\batik-ext.jar;D:/Applications/Xilinx/Vivado/2019.2\lib\classes\batik-gui-util.jar;D:/Applications/Xilinx/Vivado/2019.2\lib\classes\batik-gvt.jar;D:/Applications/Xilinx/Vivado/2019.2\lib\classes\batik-parser.jar;D:/Applications/Xilinx/Vivado/2019.2\lib\classes\batik-script.jar;D:/Applications/Xilinx/Vivado/2019.2\lib\classes\batik-svg-dom.jar;D:/Applications/Xilinx/Vivado/2019.2\lib\classes\batik-swing.jar;D:/Applications/Xilinx/Vivado/2019.2\lib\classes\batik-transcoder.jar;D:/Applications/Xilinx/Vivado/2019.2\lib\classes\batik-util.jar;D:/Applications/Xilinx/Vivado/2019.2\lib\classes\batik-xml.jar;D:/Applications/Xilinx/Vivado/2019.2\lib\classes\com.google.gson_2.7.0.v20170129-0911.jar;D:/Applications/Xilinx/Vivado/2019.2\lib\classes\com.google.guava_21.0.0.v20170206-1425.jar;D:/Applications/Xilinx/Vivado/2019.2\lib\classes\com.ibm.icu_4.4.2.v20110208.jar;D:/Applications/Xilinx/Vivado/2019.2\lib\classes\com.sigasi.hdt.connection_4.5.0.201909241521.jar;D:/Applications/Xilinx/Vivado/2019.2\lib\classes\com.sigasi.hdt.epl_4.5.0
Launcher Type: generic

Logging:
Log output configuration:
#0: stdout all=warning uptime,level,tags
#1: stderr all=off uptime,level,tags

Environment Variables:
PATH=D:/Applications/Xilinx/Vivado/2019.2/bin;D:/Applications/Xilinx/Vivado/2019.2/lib/win64.o;D:/Applications/Xilinx/Vivado/2019.2/tps/win64/jre9.0.4/bin/server;D:/Applications/Xilinx/Vivado/2019.2/tps/win64/jre9.0.4/bin;D:/Applications/Xilinx/Vivado/2019.2/ids_lite/ISE/bin/nt64;D:/Applications/Xilinx/Vivado/2019.2/ids_lite/ISE/lib/nt64;C:\Program Files (x86)\Common Files\Intel\Shared Libraries\redist\intel64\compiler;D:\Applications\VMware\VMware Workstation\bin\;C:\WINDOWS\system32;C:\WINDOWS;C:\WINDOWS\System32\Wbem;C:\WINDOWS\System32\WindowsPowerShell\v1.0\;C:\WINDOWS\System32\OpenSSH\;G:\Matlab\bin;D:\Applications\MATLAB R2022a\bin;D:\Applications\UltraEdit;C:\Program Files\IDM Computer Solutions\UltraCompare;D:\Applications\CMake\bin;C:\Program Files (x86)\NVIDIA Corporation\PhysX\Common;D:\Applications\EasyShare\x86\;D:\Applications\EasyShare\x64\;C:\Program Files\dotnet\;D:\Applications\nodejs\;C:\ProgramData\chocolatey\bin;C:\Python312\Scripts;D:\Applications\ffmpeg\bin;D:\Applications\Git\cmd;D:\Applications\Pandoc\;D:\Applications\python\Scripts\;D:\Applications\python\;D:\Applications\Python3.8.6\Scripts\;D:\Applications\Python3.8.6\;D:\Applications\anaconda;D:\Applications\anaconda\Library\mingw-w64\bin;D:\Applications\anaconda\Library\usr\bin;D:\Applications\anaconda\Library\bin;D:\Applications\anaconda\Scripts;C:\Users\Half Blood Prince\AppData\Local\Microsoft\WindowsApps;D:\Applications\Microsoft VS Code\bin;D:\App;ications\CodeBlocks\MinGW\bin;D:\Applications\compiler\MinGW\bin;D:\Applications\compiler\mingw64\bin;D:\Applications\PyCharm\PyCharm 2022.2.2\bin;;C:\Users\Half Blood Prince\AppData\Local\GitHubDesktop\bin;C:\Users\Half Blood Prince\.dotnet\tools;C:\Users\Half Blood Prince\AppData\Roaming\npm;D:\Applications\DataGrip\DataGrip 2023.3.4\bin;D:/Applications/Xilinx/Vivado/2019.2\tps\mingw\6.2.0\win64.o\nt\bin;D:/Applications/Xilinx/Vivado/2019.2\tps\mingw\6.2.0\win64.o\nt\libexec\gcc\x86_64-w64-mingw32\6.2.0;D:/Applications/Xilinx/Vivado/2019.
USERNAME=Half Blood Prince
OS=Windows_NT
PROCESSOR_IDENTIFIER=Intel64 Family 6 Model 142 Stepping 12, GenuineIntel



---------------  S Y S T E M  ---------------

OS: Windows 10 , 64 bit Build 22621 (10.0.22621.3527)

CPU:total 8 (initial active 8) (4 cores per cpu, 2 threads per core) family 6 model 142 stepping 12, cmov, cx8, fxsr, mmx, sse, sse2, sse3, ssse3, sse4.1, sse4.2, popcnt, avx, avx2, aes, clmul, erms, 3dnowpref, lzcnt, ht, tsc, tscinvbit, bmi1, bmi2, adx, fma

Memory: 4k page, physical 8221232k(1111372k free), swap 14262804k(2257956k free)

vm_info: Java HotSpot(TM) 64-Bit Server VM (9.0.4+11) for windows-amd64 JRE (9.0.4+11), built on Dec 20 2017 02:18:54 by "mach5one" with MS VC++ 12.0 (VS2013)

END.
